INFO - 2024-07-31 04:41:07 --> Session: Class initialized using 'CodeIgniter\Session\Handlers\FileHandler' driver.
INFO - 2024-07-31 04:41:10 --> Session: Class initialized using 'CodeIgniter\Session\Handlers\FileHandler' driver.
INFO - 2024-07-31 04:43:43 --> Session: Class initialized using 'CodeIgniter\Session\Handlers\FileHandler' driver.
CRITICAL - 2024-07-31 04:43:43 --> Undefined array key "id"
in APPPATH\Controllers\Event\EventController.php on line 30.
 1 APPPATH\Controllers\Event\EventController.php(30): CodeIgniter\Debug\Exceptions->errorHandler(2, 'Undefined array key "id"', 'C:\\xampp\\htdocs\\oloogy\\backend\\app\\Controllers\\Event\\EventController.php', 30)
 2 SYSTEMPATH\CodeIgniter.php(932): Core\Controllers\Event\EventController->event()
 3 SYSTEMPATH\CodeIgniter.php(497): CodeIgniter\CodeIgniter->runController(Object(Core\Controllers\Event\EventController))
 4 SYSTEMPATH\CodeIgniter.php(366): CodeIgniter\CodeIgniter->handleRequest(null, Object(Config\Cache), false)
 5 FCPATH\index.php(101): CodeIgniter\CodeIgniter->run()
INFO - 2024-07-31 04:45:00 --> Session: Class initialized using 'CodeIgniter\Session\Handlers\FileHandler' driver.
CRITICAL - 2024-07-31 04:45:00 --> Undefined variable $id
in APPPATH\Controllers\Event\EventController.php on line 30.
 1 APPPATH\Controllers\Event\EventController.php(30): CodeIgniter\Debug\Exceptions->errorHandler(2, 'Undefined variable $id', 'C:\\xampp\\htdocs\\oloogy\\backend\\app\\Controllers\\Event\\EventController.php', 30)
 2 SYSTEMPATH\CodeIgniter.php(932): Core\Controllers\Event\EventController->event()
 3 SYSTEMPATH\CodeIgniter.php(497): CodeIgniter\CodeIgniter->runController(Object(Core\Controllers\Event\EventController))
 4 SYSTEMPATH\CodeIgniter.php(366): CodeIgniter\CodeIgniter->handleRequest(null, Object(Config\Cache), false)
 5 FCPATH\index.php(101): CodeIgniter\CodeIgniter->run()
INFO - 2024-07-31 04:45:15 --> Session: Class initialized using 'CodeIgniter\Session\Handlers\FileHandler' driver.
CRITICAL - 2024-07-31 04:45:15 --> Undefined array key "id"
in APPPATH\Controllers\Event\EventController.php on line 30.
 1 APPPATH\Controllers\Event\EventController.php(30): CodeIgniter\Debug\Exceptions->errorHandler(2, 'Undefined array key "id"', 'C:\\xampp\\htdocs\\oloogy\\backend\\app\\Controllers\\Event\\EventController.php', 30)
 2 SYSTEMPATH\CodeIgniter.php(932): Core\Controllers\Event\EventController->event()
 3 SYSTEMPATH\CodeIgniter.php(497): CodeIgniter\CodeIgniter->runController(Object(Core\Controllers\Event\EventController))
 4 SYSTEMPATH\CodeIgniter.php(366): CodeIgniter\CodeIgniter->handleRequest(null, Object(Config\Cache), false)
 5 FCPATH\index.php(101): CodeIgniter\CodeIgniter->run()
INFO - 2024-07-31 04:45:16 --> Session: Class initialized using 'CodeIgniter\Session\Handlers\FileHandler' driver.
CRITICAL - 2024-07-31 04:45:16 --> Undefined array key "id"
in APPPATH\Controllers\Event\EventController.php on line 30.
 1 APPPATH\Controllers\Event\EventController.php(30): CodeIgniter\Debug\Exceptions->errorHandler(2, 'Undefined array key "id"', 'C:\\xampp\\htdocs\\oloogy\\backend\\app\\Controllers\\Event\\EventController.php', 30)
 2 SYSTEMPATH\CodeIgniter.php(932): Core\Controllers\Event\EventController->event()
 3 SYSTEMPATH\CodeIgniter.php(497): CodeIgniter\CodeIgniter->runController(Object(Core\Controllers\Event\EventController))
 4 SYSTEMPATH\CodeIgniter.php(366): CodeIgniter\CodeIgniter->handleRequest(null, Object(Config\Cache), false)
 5 FCPATH\index.php(101): CodeIgniter\CodeIgniter->run()
INFO - 2024-07-31 04:45:16 --> Session: Class initialized using 'CodeIgniter\Session\Handlers\FileHandler' driver.
CRITICAL - 2024-07-31 04:45:16 --> Undefined array key "id"
in APPPATH\Controllers\Event\EventController.php on line 30.
 1 APPPATH\Controllers\Event\EventController.php(30): CodeIgniter\Debug\Exceptions->errorHandler(2, 'Undefined array key "id"', 'C:\\xampp\\htdocs\\oloogy\\backend\\app\\Controllers\\Event\\EventController.php', 30)
 2 SYSTEMPATH\CodeIgniter.php(932): Core\Controllers\Event\EventController->event()
 3 SYSTEMPATH\CodeIgniter.php(497): CodeIgniter\CodeIgniter->runController(Object(Core\Controllers\Event\EventController))
 4 SYSTEMPATH\CodeIgniter.php(366): CodeIgniter\CodeIgniter->handleRequest(null, Object(Config\Cache), false)
 5 FCPATH\index.php(101): CodeIgniter\CodeIgniter->run()
INFO - 2024-07-31 04:45:51 --> Session: Class initialized using 'CodeIgniter\Session\Handlers\FileHandler' driver.
CRITICAL - 2024-07-31 04:45:51 --> Undefined array key "id"
in APPPATH\Controllers\Event\EventController.php on line 30.
 1 APPPATH\Controllers\Event\EventController.php(30): CodeIgniter\Debug\Exceptions->errorHandler(2, 'Undefined array key "id"', 'C:\\xampp\\htdocs\\oloogy\\backend\\app\\Controllers\\Event\\EventController.php', 30)
 2 SYSTEMPATH\CodeIgniter.php(932): Core\Controllers\Event\EventController->event()
 3 SYSTEMPATH\CodeIgniter.php(497): CodeIgniter\CodeIgniter->runController(Object(Core\Controllers\Event\EventController))
 4 SYSTEMPATH\CodeIgniter.php(366): CodeIgniter\CodeIgniter->handleRequest(null, Object(Config\Cache), false)
 5 FCPATH\index.php(101): CodeIgniter\CodeIgniter->run()
INFO - 2024-07-31 04:48:49 --> Session: Class initialized using 'CodeIgniter\Session\Handlers\FileHandler' driver.
INFO - 2024-07-31 04:51:37 --> Session: Class initialized using 'CodeIgniter\Session\Handlers\FileHandler' driver.
CRITICAL - 2024-07-31 04:51:37 --> Undefined array key "id"
in APPPATH\Controllers\Event\EventController.php on line 30.
 1 APPPATH\Controllers\Event\EventController.php(30): CodeIgniter\Debug\Exceptions->errorHandler(2, 'Undefined array key "id"', 'C:\\xampp\\htdocs\\oloogy\\backend\\app\\Controllers\\Event\\EventController.php', 30)
 2 SYSTEMPATH\CodeIgniter.php(932): Core\Controllers\Event\EventController->event()
 3 SYSTEMPATH\CodeIgniter.php(497): CodeIgniter\CodeIgniter->runController(Object(Core\Controllers\Event\EventController))
 4 SYSTEMPATH\CodeIgniter.php(366): CodeIgniter\CodeIgniter->handleRequest(null, Object(Config\Cache), false)
 5 FCPATH\index.php(101): CodeIgniter\CodeIgniter->run()
INFO - 2024-07-31 05:06:17 --> Session: Class initialized using 'CodeIgniter\Session\Handlers\FileHandler' driver.
INFO - 2024-07-31 05:06:31 --> Session: Class initialized using 'CodeIgniter\Session\Handlers\FileHandler' driver.
INFO - 2024-07-31 05:06:34 --> Session: Class initialized using 'CodeIgniter\Session\Handlers\FileHandler' driver.
INFO - 2024-07-31 05:09:48 --> Session: Class initialized using 'CodeIgniter\Session\Handlers\FileHandler' driver.
CRITICAL - 2024-07-31 05:09:48 --> Undefined variable $Data
in APPPATH\Views\pages\event.php on line 94.
 1 APPPATH\Views\pages\event.php(94): CodeIgniter\Debug\Exceptions->errorHandler(2, 'Undefined variable $Data', 'C:\\xampp\\htdocs\\oloogy\\backend\\app\\Views\\pages\\event.php', 94)
 2 SYSTEMPATH\View\View.php(224): include('C:\\xampp\\htdocs\\oloogy\\backend\\app\\Views\\pages\\event.php')
 3 SYSTEMPATH\View\View.php(227): CodeIgniter\View\View->CodeIgniter\View\{closure}()
 4 SYSTEMPATH\Common.php(1180): CodeIgniter\View\View->render('pages/event', [], true)
 5 APPPATH\Controllers\Home.php(142): view('pages/event')
 6 SYSTEMPATH\CodeIgniter.php(932): Core\Controllers\Home->event()
 7 SYSTEMPATH\CodeIgniter.php(497): CodeIgniter\CodeIgniter->runController(Object(Core\Controllers\Home))
 8 SYSTEMPATH\CodeIgniter.php(366): CodeIgniter\CodeIgniter->handleRequest(null, Object(Config\Cache), false)
 9 FCPATH\index.php(101): CodeIgniter\CodeIgniter->run()
INFO - 2024-07-31 05:09:54 --> Session: Class initialized using 'CodeIgniter\Session\Handlers\FileHandler' driver.
CRITICAL - 2024-07-31 05:09:54 --> Undefined variable $Data
in APPPATH\Views\pages\event.php on line 94.
 1 APPPATH\Views\pages\event.php(94): CodeIgniter\Debug\Exceptions->errorHandler(2, 'Undefined variable $Data', 'C:\\xampp\\htdocs\\oloogy\\backend\\app\\Views\\pages\\event.php', 94)
 2 SYSTEMPATH\View\View.php(224): include('C:\\xampp\\htdocs\\oloogy\\backend\\app\\Views\\pages\\event.php')
 3 SYSTEMPATH\View\View.php(227): CodeIgniter\View\View->CodeIgniter\View\{closure}()
 4 SYSTEMPATH\Common.php(1180): CodeIgniter\View\View->render('pages/event', [], true)
 5 APPPATH\Controllers\Home.php(142): view('pages/event')
 6 SYSTEMPATH\CodeIgniter.php(932): Core\Controllers\Home->event()
 7 SYSTEMPATH\CodeIgniter.php(497): CodeIgniter\CodeIgniter->runController(Object(Core\Controllers\Home))
 8 SYSTEMPATH\CodeIgniter.php(366): CodeIgniter\CodeIgniter->handleRequest(null, Object(Config\Cache), false)
 9 FCPATH\index.php(101): CodeIgniter\CodeIgniter->run()
INFO - 2024-07-31 05:10:14 --> Session: Class initialized using 'CodeIgniter\Session\Handlers\FileHandler' driver.
CRITICAL - 2024-07-31 05:10:14 --> Undefined variable $reqData
in APPPATH\Views\pages\event.php on line 94.
 1 APPPATH\Views\pages\event.php(94): CodeIgniter\Debug\Exceptions->errorHandler(2, 'Undefined variable $reqData', 'C:\\xampp\\htdocs\\oloogy\\backend\\app\\Views\\pages\\event.php', 94)
 2 SYSTEMPATH\View\View.php(224): include('C:\\xampp\\htdocs\\oloogy\\backend\\app\\Views\\pages\\event.php')
 3 SYSTEMPATH\View\View.php(227): CodeIgniter\View\View->CodeIgniter\View\{closure}()
 4 SYSTEMPATH\Common.php(1180): CodeIgniter\View\View->render('pages/event', [], true)
 5 APPPATH\Controllers\Home.php(142): view('pages/event')
 6 SYSTEMPATH\CodeIgniter.php(932): Core\Controllers\Home->event()
 7 SYSTEMPATH\CodeIgniter.php(497): CodeIgniter\CodeIgniter->runController(Object(Core\Controllers\Home))
 8 SYSTEMPATH\CodeIgniter.php(366): CodeIgniter\CodeIgniter->handleRequest(null, Object(Config\Cache), false)
 9 FCPATH\index.php(101): CodeIgniter\CodeIgniter->run()
INFO - 2024-07-31 05:11:39 --> Session: Class initialized using 'CodeIgniter\Session\Handlers\FileHandler' driver.
CRITICAL - 2024-07-31 05:11:39 --> Undefined variable $reqData
in APPPATH\Views\pages\event.php on line 91.
 1 APPPATH\Views\pages\event.php(91): CodeIgniter\Debug\Exceptions->errorHandler(2, 'Undefined variable $reqData', 'C:\\xampp\\htdocs\\oloogy\\backend\\app\\Views\\pages\\event.php', 91)
 2 SYSTEMPATH\View\View.php(224): include('C:\\xampp\\htdocs\\oloogy\\backend\\app\\Views\\pages\\event.php')
 3 SYSTEMPATH\View\View.php(227): CodeIgniter\View\View->CodeIgniter\View\{closure}()
 4 SYSTEMPATH\Common.php(1180): CodeIgniter\View\View->render('pages/event', [], true)
 5 APPPATH\Controllers\Home.php(142): view('pages/event')
 6 SYSTEMPATH\CodeIgniter.php(932): Core\Controllers\Home->event()
 7 SYSTEMPATH\CodeIgniter.php(497): CodeIgniter\CodeIgniter->runController(Object(Core\Controllers\Home))
 8 SYSTEMPATH\CodeIgniter.php(366): CodeIgniter\CodeIgniter->handleRequest(null, Object(Config\Cache), false)
 9 FCPATH\index.php(101): CodeIgniter\CodeIgniter->run()
INFO - 2024-07-31 05:11:50 --> Session: Class initialized using 'CodeIgniter\Session\Handlers\FileHandler' driver.
CRITICAL - 2024-07-31 05:11:51 --> Undefined variable $reqData
in APPPATH\Views\pages\event.php on line 94.
 1 APPPATH\Views\pages\event.php(94): CodeIgniter\Debug\Exceptions->errorHandler(2, 'Undefined variable $reqData', 'C:\\xampp\\htdocs\\oloogy\\backend\\app\\Views\\pages\\event.php', 94)
 2 SYSTEMPATH\View\View.php(224): include('C:\\xampp\\htdocs\\oloogy\\backend\\app\\Views\\pages\\event.php')
 3 SYSTEMPATH\View\View.php(227): CodeIgniter\View\View->CodeIgniter\View\{closure}()
 4 SYSTEMPATH\Common.php(1180): CodeIgniter\View\View->render('pages/event', [], true)
 5 APPPATH\Controllers\Home.php(142): view('pages/event')
 6 SYSTEMPATH\CodeIgniter.php(932): Core\Controllers\Home->event()
 7 SYSTEMPATH\CodeIgniter.php(497): CodeIgniter\CodeIgniter->runController(Object(Core\Controllers\Home))
 8 SYSTEMPATH\CodeIgniter.php(366): CodeIgniter\CodeIgniter->handleRequest(null, Object(Config\Cache), false)
 9 FCPATH\index.php(101): CodeIgniter\CodeIgniter->run()
INFO - 2024-07-31 05:13:04 --> Session: Class initialized using 'CodeIgniter\Session\Handlers\FileHandler' driver.
CRITICAL - 2024-07-31 05:13:04 --> Undefined array key "id"
in APPPATH\Controllers\Event\EventController.php on line 30.
 1 APPPATH\Controllers\Event\EventController.php(30): CodeIgniter\Debug\Exceptions->errorHandler(2, 'Undefined array key "id"', 'C:\\xampp\\htdocs\\oloogy\\backend\\app\\Controllers\\Event\\EventController.php', 30)
 2 SYSTEMPATH\CodeIgniter.php(932): Core\Controllers\Event\EventController->event()
 3 SYSTEMPATH\CodeIgniter.php(497): CodeIgniter\CodeIgniter->runController(Object(Core\Controllers\Event\EventController))
 4 SYSTEMPATH\CodeIgniter.php(366): CodeIgniter\CodeIgniter->handleRequest(null, Object(Config\Cache), false)
 5 FCPATH\index.php(101): CodeIgniter\CodeIgniter->run()
INFO - 2024-07-31 05:13:05 --> Session: Class initialized using 'CodeIgniter\Session\Handlers\FileHandler' driver.
CRITICAL - 2024-07-31 05:13:05 --> Undefined array key "id"
in APPPATH\Controllers\Event\EventController.php on line 30.
 1 APPPATH\Controllers\Event\EventController.php(30): CodeIgniter\Debug\Exceptions->errorHandler(2, 'Undefined array key "id"', 'C:\\xampp\\htdocs\\oloogy\\backend\\app\\Controllers\\Event\\EventController.php', 30)
 2 SYSTEMPATH\CodeIgniter.php(932): Core\Controllers\Event\EventController->event()
 3 SYSTEMPATH\CodeIgniter.php(497): CodeIgniter\CodeIgniter->runController(Object(Core\Controllers\Event\EventController))
 4 SYSTEMPATH\CodeIgniter.php(366): CodeIgniter\CodeIgniter->handleRequest(null, Object(Config\Cache), false)
 5 FCPATH\index.php(101): CodeIgniter\CodeIgniter->run()
INFO - 2024-07-31 05:13:14 --> Session: Class initialized using 'CodeIgniter\Session\Handlers\FileHandler' driver.
INFO - 2024-07-31 05:22:55 --> Session: Class initialized using 'CodeIgniter\Session\Handlers\FileHandler' driver.
INFO - 2024-07-31 05:23:01 --> Session: Class initialized using 'CodeIgniter\Session\Handlers\FileHandler' driver.
INFO - 2024-07-31 05:27:08 --> Session: Class initialized using 'CodeIgniter\Session\Handlers\FileHandler' driver.
INFO - 2024-07-31 05:27:20 --> Session: Class initialized using 'CodeIgniter\Session\Handlers\FileHandler' driver.
CRITICAL - 2024-07-31 05:41:25 --> Unclosed '{' on line 14
in APPPATH\Controllers\Event\EventController.php on line 35.
 1 SYSTEMPATH\Autoloader\Autoloader.php(289): CodeIgniter\Autoloader\Autoloader->includeFile('C:\\xampp\\htdocs\\oloogy\\backend\\app\\Controllers\\Event\\EventController.php')
 2 SYSTEMPATH\Autoloader\Autoloader.php(267): CodeIgniter\Autoloader\Autoloader->loadInNamespace('Core\\Controllers\\Event\\EventController')
 3 [internal function]: CodeIgniter\Autoloader\Autoloader->loadClass('Core\\Controllers\\Event\\EventController')
 4 SYSTEMPATH\CodeIgniter.php(890): class_exists('\\Core\\Controllers\\Event\\EventController', true)
 5 SYSTEMPATH\CodeIgniter.php(484): CodeIgniter\CodeIgniter->startController()
 6 SYSTEMPATH\CodeIgniter.php(366): CodeIgniter\CodeIgniter->handleRequest(null, Object(Config\Cache), false)
 7 FCPATH\index.php(101): CodeIgniter\CodeIgniter->run()
INFO - 2024-07-31 05:41:36 --> Session: Class initialized using 'CodeIgniter\Session\Handlers\FileHandler' driver.
ERROR - 2024-07-31 05:41:36 --> mysqli_sql_exception: Unknown column 'created_at' in 'order clause' in C:\xampp\htdocs\oloogy\backend\system\Database\MySQLi\Connection.php:295
Stack trace:
#0 C:\xampp\htdocs\oloogy\backend\system\Database\MySQLi\Connection.php(295): mysqli->query('SELECT *\nFROM `...', 0)
#1 C:\xampp\htdocs\oloogy\backend\system\Database\BaseConnection.php(692): CodeIgniter\Database\MySQLi\Connection->execute('SELECT *\nFROM `...')
#2 C:\xampp\htdocs\oloogy\backend\system\Database\BaseConnection.php(606): CodeIgniter\Database\BaseConnection->simpleQuery('SELECT *\nFROM `...')
#3 C:\xampp\htdocs\oloogy\backend\system\Database\BaseBuilder.php(1616): CodeIgniter\Database\BaseConnection->query('SELECT *\nFROM `...', Array, false)
#4 C:\xampp\htdocs\oloogy\backend\system\Model.php(241): CodeIgniter\Database\BaseBuilder->get()
#5 C:\xampp\htdocs\oloogy\backend\system\BaseModel.php(618): CodeIgniter\Model->doFindAll(0, 0)
#6 C:\xampp\htdocs\oloogy\backend\app\Infrastructure\Persistence\DMLPersistence.php(107): CodeIgniter\BaseModel->findAll()
#7 C:\xampp\htdocs\oloogy\backend\app\Controllers\Event\EventController.php(30): App\Infrastructure\Persistence\Event\SQLEvent_detailsRepository->findAll()
#8 C:\xampp\htdocs\oloogy\backend\system\CodeIgniter.php(932): Core\Controllers\Event\EventController->event()
#9 C:\xampp\htdocs\oloogy\backend\system\CodeIgniter.php(497): CodeIgniter\CodeIgniter->runController(Object(Core\Controllers\Event\EventController))
#10 C:\xampp\htdocs\oloogy\backend\system\CodeIgniter.php(366): CodeIgniter\CodeIgniter->handleRequest(NULL, Object(Config\Cache), false)
#11 C:\xampp\htdocs\oloogy\backend\index.php(101): CodeIgniter\CodeIgniter->run()
#12 {main}
CRITICAL - 2024-07-31 05:41:36 --> Unknown column 'created_at' in 'order clause'
in SYSTEMPATH\Database\MySQLi\Connection.php on line 295.
 1 SYSTEMPATH\Database\MySQLi\Connection.php(295): mysqli->query('SELECT *
FROM `event_details`
ORDER BY `created_at` DESC', 0)
 2 SYSTEMPATH\Database\BaseConnection.php(692): CodeIgniter\Database\MySQLi\Connection->execute('SELECT *
FROM `event_details`
ORDER BY `created_at` DESC')
 3 SYSTEMPATH\Database\BaseConnection.php(606): CodeIgniter\Database\BaseConnection->simpleQuery('SELECT *
FROM `event_details`
ORDER BY `created_at` DESC')
 4 SYSTEMPATH\Database\BaseBuilder.php(1616): CodeIgniter\Database\BaseConnection->query('SELECT *
FROM `event_details`
ORDER BY `created_at` DESC', [], false)
 5 SYSTEMPATH\Model.php(241): CodeIgniter\Database\BaseBuilder->get()
 6 SYSTEMPATH\BaseModel.php(618): CodeIgniter\Model->doFindAll(0, 0)
 7 APPPATH\Infrastructure\Persistence\DMLPersistence.php(107): CodeIgniter\BaseModel->findAll()
 8 APPPATH\Controllers\Event\EventController.php(30): App\Infrastructure\Persistence\Event\SQLEvent_detailsRepository->findAll()
 9 SYSTEMPATH\CodeIgniter.php(932): Core\Controllers\Event\EventController->event()
10 SYSTEMPATH\CodeIgniter.php(497): CodeIgniter\CodeIgniter->runController(Object(Core\Controllers\Event\EventController))
11 SYSTEMPATH\CodeIgniter.php(366): CodeIgniter\CodeIgniter->handleRequest(null, Object(Config\Cache), false)
12 FCPATH\index.php(101): CodeIgniter\CodeIgniter->run()
INFO - 2024-07-31 05:43:25 --> Session: Class initialized using 'CodeIgniter\Session\Handlers\FileHandler' driver.
CRITICAL - 2024-07-31 05:43:26 --> Undefined array key "event_title"
in APPPATH\Views\pages\event.php on line 96.
 1 APPPATH\Views\pages\event.php(96): CodeIgniter\Debug\Exceptions->errorHandler(2, 'Undefined array key "event_title"', 'C:\\xampp\\htdocs\\oloogy\\backend\\app\\Views\\pages\\event.php', 96)
 2 SYSTEMPATH\View\View.php(224): include('C:\\xampp\\htdocs\\oloogy\\backend\\app\\Views\\pages\\event.php')
 3 SYSTEMPATH\View\View.php(227): CodeIgniter\View\View->CodeIgniter\View\{closure}()
 4 SYSTEMPATH\Common.php(1180): CodeIgniter\View\View->render('pages/event', [], true)
 5 APPPATH\Controllers\Event\EventController.php(32): view('pages/event', [...])
 6 SYSTEMPATH\CodeIgniter.php(932): Core\Controllers\Event\EventController->event()
 7 SYSTEMPATH\CodeIgniter.php(497): CodeIgniter\CodeIgniter->runController(Object(Core\Controllers\Event\EventController))
 8 SYSTEMPATH\CodeIgniter.php(366): CodeIgniter\CodeIgniter->handleRequest(null, Object(Config\Cache), false)
 9 FCPATH\index.php(101): CodeIgniter\CodeIgniter->run()
INFO - 2024-07-31 05:44:46 --> Session: Class initialized using 'CodeIgniter\Session\Handlers\FileHandler' driver.
CRITICAL - 2024-07-31 05:44:46 --> Undefined array key "eventData"
in APPPATH\Views\pages\event.php on line 94.
 1 APPPATH\Views\pages\event.php(94): CodeIgniter\Debug\Exceptions->errorHandler(2, 'Undefined array key "eventData"', 'C:\\xampp\\htdocs\\oloogy\\backend\\app\\Views\\pages\\event.php', 94)
 2 SYSTEMPATH\View\View.php(224): include('C:\\xampp\\htdocs\\oloogy\\backend\\app\\Views\\pages\\event.php')
 3 SYSTEMPATH\View\View.php(227): CodeIgniter\View\View->CodeIgniter\View\{closure}()
 4 SYSTEMPATH\Common.php(1180): CodeIgniter\View\View->render('pages/event', [], true)
 5 APPPATH\Controllers\Event\EventController.php(32): view('pages/event', [...])
 6 SYSTEMPATH\CodeIgniter.php(932): Core\Controllers\Event\EventController->event()
 7 SYSTEMPATH\CodeIgniter.php(497): CodeIgniter\CodeIgniter->runController(Object(Core\Controllers\Event\EventController))
 8 SYSTEMPATH\CodeIgniter.php(366): CodeIgniter\CodeIgniter->handleRequest(null, Object(Config\Cache), false)
 9 FCPATH\index.php(101): CodeIgniter\CodeIgniter->run()
INFO - 2024-07-31 05:45:23 --> Session: Class initialized using 'CodeIgniter\Session\Handlers\FileHandler' driver.
INFO - 2024-07-31 05:47:23 --> Session: Class initialized using 'CodeIgniter\Session\Handlers\FileHandler' driver.
INFO - 2024-07-31 05:47:54 --> Session: Class initialized using 'CodeIgniter\Session\Handlers\FileHandler' driver.
INFO - 2024-07-31 05:48:12 --> Session: Class initialized using 'CodeIgniter\Session\Handlers\FileHandler' driver.
INFO - 2024-07-31 05:48:46 --> Session: Class initialized using 'CodeIgniter\Session\Handlers\FileHandler' driver.
INFO - 2024-07-31 05:49:59 --> Session: Class initialized using 'CodeIgniter\Session\Handlers\FileHandler' driver.
INFO - 2024-07-31 05:57:06 --> Session: Class initialized using 'CodeIgniter\Session\Handlers\FileHandler' driver.
INFO - 2024-07-31 05:58:16 --> Session: Class initialized using 'CodeIgniter\Session\Handlers\FileHandler' driver.
INFO - 2024-07-31 05:59:35 --> Session: Class initialized using 'CodeIgniter\Session\Handlers\FileHandler' driver.
INFO - 2024-07-31 06:00:02 --> Session: Class initialized using 'CodeIgniter\Session\Handlers\FileHandler' driver.
INFO - 2024-07-31 06:00:47 --> Session: Class initialized using 'CodeIgniter\Session\Handlers\FileHandler' driver.
INFO - 2024-07-31 06:01:12 --> Session: Class initialized using 'CodeIgniter\Session\Handlers\FileHandler' driver.
INFO - 2024-07-31 06:01:21 --> Session: Class initialized using 'CodeIgniter\Session\Handlers\FileHandler' driver.
INFO - 2024-07-31 06:01:36 --> Session: Class initialized using 'CodeIgniter\Session\Handlers\FileHandler' driver.
INFO - 2024-07-31 06:01:47 --> Session: Class initialized using 'CodeIgniter\Session\Handlers\FileHandler' driver.
INFO - 2024-07-31 06:01:47 --> Session: Class initialized using 'CodeIgniter\Session\Handlers\FileHandler' driver.
CRITICAL - 2024-07-31 06:01:47 --> Trying to access array offset on value of type null
in APPPATH\Controllers\Gallery\GalleryController.php on line 108.
 1 APPPATH\Controllers\Gallery\GalleryController.php(108): CodeIgniter\Debug\Exceptions->errorHandler(2, 'Trying to access array offset on value of type null', 'C:\\xampp\\htdocs\\oloogy\\backend\\app\\Controllers\\Gallery\\GalleryController.php', 108)
 2 SYSTEMPATH\CodeIgniter.php(932): Core\Controllers\Gallery\GalleryController->gallery('assets', 'img', 'ri_linkedin-fill.png')
 3 SYSTEMPATH\CodeIgniter.php(497): CodeIgniter\CodeIgniter->runController(Object(Core\Controllers\Gallery\GalleryController))
 4 SYSTEMPATH\CodeIgniter.php(366): CodeIgniter\CodeIgniter->handleRequest(null, Object(Config\Cache), false)
 5 FCPATH\index.php(101): CodeIgniter\CodeIgniter->run()
INFO - 2024-07-31 06:01:47 --> Session: Class initialized using 'CodeIgniter\Session\Handlers\FileHandler' driver.
CRITICAL - 2024-07-31 06:01:48 --> Trying to access array offset on value of type null
in APPPATH\Controllers\Gallery\GalleryController.php on line 108.
 1 APPPATH\Controllers\Gallery\GalleryController.php(108): CodeIgniter\Debug\Exceptions->errorHandler(2, 'Trying to access array offset on value of type null', 'C:\\xampp\\htdocs\\oloogy\\backend\\app\\Controllers\\Gallery\\GalleryController.php', 108)
 2 SYSTEMPATH\CodeIgniter.php(932): Core\Controllers\Gallery\GalleryController->gallery('assets', 'img', 'lol.png')
 3 SYSTEMPATH\CodeIgniter.php(497): CodeIgniter\CodeIgniter->runController(Object(Core\Controllers\Gallery\GalleryController))
 4 SYSTEMPATH\CodeIgniter.php(366): CodeIgniter\CodeIgniter->handleRequest(null, Object(Config\Cache), false)
 5 FCPATH\index.php(101): CodeIgniter\CodeIgniter->run()
INFO - 2024-07-31 06:01:48 --> Session: Class initialized using 'CodeIgniter\Session\Handlers\FileHandler' driver.
CRITICAL - 2024-07-31 06:01:48 --> Trying to access array offset on value of type null
in APPPATH\Controllers\Gallery\GalleryController.php on line 108.
 1 APPPATH\Controllers\Gallery\GalleryController.php(108): CodeIgniter\Debug\Exceptions->errorHandler(2, 'Trying to access array offset on value of type null', 'C:\\xampp\\htdocs\\oloogy\\backend\\app\\Controllers\\Gallery\\GalleryController.php', 108)
 2 SYSTEMPATH\CodeIgniter.php(932): Core\Controllers\Gallery\GalleryController->gallery('assets', 'img', 'ri_facebook-fill.png')
 3 SYSTEMPATH\CodeIgniter.php(497): CodeIgniter\CodeIgniter->runController(Object(Core\Controllers\Gallery\GalleryController))
 4 SYSTEMPATH\CodeIgniter.php(366): CodeIgniter\CodeIgniter->handleRequest(null, Object(Config\Cache), false)
 5 FCPATH\index.php(101): CodeIgniter\CodeIgniter->run()
INFO - 2024-07-31 06:01:48 --> Session: Class initialized using 'CodeIgniter\Session\Handlers\FileHandler' driver.
CRITICAL - 2024-07-31 06:01:48 --> Trying to access array offset on value of type null
in APPPATH\Controllers\Gallery\GalleryController.php on line 108.
 1 APPPATH\Controllers\Gallery\GalleryController.php(108): CodeIgniter\Debug\Exceptions->errorHandler(2, 'Trying to access array offset on value of type null', 'C:\\xampp\\htdocs\\oloogy\\backend\\app\\Controllers\\Gallery\\GalleryController.php', 108)
 2 SYSTEMPATH\CodeIgniter.php(932): Core\Controllers\Gallery\GalleryController->gallery('assets', 'img', 'mobolo.png')
 3 SYSTEMPATH\CodeIgniter.php(497): CodeIgniter\CodeIgniter->runController(Object(Core\Controllers\Gallery\GalleryController))
 4 SYSTEMPATH\CodeIgniter.php(366): CodeIgniter\CodeIgniter->handleRequest(null, Object(Config\Cache), false)
 5 FCPATH\index.php(101): CodeIgniter\CodeIgniter->run()
INFO - 2024-07-31 06:01:48 --> Session: Class initialized using 'CodeIgniter\Session\Handlers\FileHandler' driver.
CRITICAL - 2024-07-31 06:01:48 --> Trying to access array offset on value of type null
in APPPATH\Controllers\Gallery\GalleryController.php on line 108.
 1 APPPATH\Controllers\Gallery\GalleryController.php(108): CodeIgniter\Debug\Exceptions->errorHandler(2, 'Trying to access array offset on value of type null', 'C:\\xampp\\htdocs\\oloogy\\backend\\app\\Controllers\\Gallery\\GalleryController.php', 108)
 2 SYSTEMPATH\CodeIgniter.php(932): Core\Controllers\Gallery\GalleryController->gallery('assets', 'img', 'Vector.png')
 3 SYSTEMPATH\CodeIgniter.php(497): CodeIgniter\CodeIgniter->runController(Object(Core\Controllers\Gallery\GalleryController))
 4 SYSTEMPATH\CodeIgniter.php(366): CodeIgniter\CodeIgniter->handleRequest(null, Object(Config\Cache), false)
 5 FCPATH\index.php(101): CodeIgniter\CodeIgniter->run()
INFO - 2024-07-31 06:01:51 --> Session: Class initialized using 'CodeIgniter\Session\Handlers\FileHandler' driver.
INFO - 2024-07-31 06:01:53 --> Session: Class initialized using 'CodeIgniter\Session\Handlers\FileHandler' driver.
INFO - 2024-07-31 06:01:54 --> Session: Class initialized using 'CodeIgniter\Session\Handlers\FileHandler' driver.
CRITICAL - 2024-07-31 06:01:54 --> Trying to access array offset on value of type null
in APPPATH\Controllers\Gallery\GalleryController.php on line 108.
 1 APPPATH\Controllers\Gallery\GalleryController.php(108): CodeIgniter\Debug\Exceptions->errorHandler(2, 'Trying to access array offset on value of type null', 'C:\\xampp\\htdocs\\oloogy\\backend\\app\\Controllers\\Gallery\\GalleryController.php', 108)
 2 SYSTEMPATH\CodeIgniter.php(932): Core\Controllers\Gallery\GalleryController->gallery('assets', 'img', 'mobolo.png')
 3 SYSTEMPATH\CodeIgniter.php(497): CodeIgniter\CodeIgniter->runController(Object(Core\Controllers\Gallery\GalleryController))
 4 SYSTEMPATH\CodeIgniter.php(366): CodeIgniter\CodeIgniter->handleRequest(null, Object(Config\Cache), false)
 5 FCPATH\index.php(101): CodeIgniter\CodeIgniter->run()
INFO - 2024-07-31 06:01:54 --> Session: Class initialized using 'CodeIgniter\Session\Handlers\FileHandler' driver.
CRITICAL - 2024-07-31 06:01:54 --> Trying to access array offset on value of type null
in APPPATH\Controllers\Gallery\GalleryController.php on line 108.
 1 APPPATH\Controllers\Gallery\GalleryController.php(108): CodeIgniter\Debug\Exceptions->errorHandler(2, 'Trying to access array offset on value of type null', 'C:\\xampp\\htdocs\\oloogy\\backend\\app\\Controllers\\Gallery\\GalleryController.php', 108)
 2 SYSTEMPATH\CodeIgniter.php(932): Core\Controllers\Gallery\GalleryController->gallery('assets', 'img', 'ri_facebook-fill.png')
 3 SYSTEMPATH\CodeIgniter.php(497): CodeIgniter\CodeIgniter->runController(Object(Core\Controllers\Gallery\GalleryController))
 4 SYSTEMPATH\CodeIgniter.php(366): CodeIgniter\CodeIgniter->handleRequest(null, Object(Config\Cache), false)
 5 FCPATH\index.php(101): CodeIgniter\CodeIgniter->run()
INFO - 2024-07-31 06:01:54 --> Session: Class initialized using 'CodeIgniter\Session\Handlers\FileHandler' driver.
CRITICAL - 2024-07-31 06:01:54 --> Trying to access array offset on value of type null
in APPPATH\Controllers\Gallery\GalleryController.php on line 108.
 1 APPPATH\Controllers\Gallery\GalleryController.php(108): CodeIgniter\Debug\Exceptions->errorHandler(2, 'Trying to access array offset on value of type null', 'C:\\xampp\\htdocs\\oloogy\\backend\\app\\Controllers\\Gallery\\GalleryController.php', 108)
 2 SYSTEMPATH\CodeIgniter.php(932): Core\Controllers\Gallery\GalleryController->gallery('assets', 'img', 'ri_linkedin-fill.png')
 3 SYSTEMPATH\CodeIgniter.php(497): CodeIgniter\CodeIgniter->runController(Object(Core\Controllers\Gallery\GalleryController))
 4 SYSTEMPATH\CodeIgniter.php(366): CodeIgniter\CodeIgniter->handleRequest(null, Object(Config\Cache), false)
 5 FCPATH\index.php(101): CodeIgniter\CodeIgniter->run()
INFO - 2024-07-31 06:01:54 --> Session: Class initialized using 'CodeIgniter\Session\Handlers\FileHandler' driver.
CRITICAL - 2024-07-31 06:01:54 --> Trying to access array offset on value of type null
in APPPATH\Controllers\Gallery\GalleryController.php on line 108.
 1 APPPATH\Controllers\Gallery\GalleryController.php(108): CodeIgniter\Debug\Exceptions->errorHandler(2, 'Trying to access array offset on value of type null', 'C:\\xampp\\htdocs\\oloogy\\backend\\app\\Controllers\\Gallery\\GalleryController.php', 108)
 2 SYSTEMPATH\CodeIgniter.php(932): Core\Controllers\Gallery\GalleryController->gallery('assets', 'img', 'Vector.png')
 3 SYSTEMPATH\CodeIgniter.php(497): CodeIgniter\CodeIgniter->runController(Object(Core\Controllers\Gallery\GalleryController))
 4 SYSTEMPATH\CodeIgniter.php(366): CodeIgniter\CodeIgniter->handleRequest(null, Object(Config\Cache), false)
 5 FCPATH\index.php(101): CodeIgniter\CodeIgniter->run()
INFO - 2024-07-31 06:01:54 --> Session: Class initialized using 'CodeIgniter\Session\Handlers\FileHandler' driver.
CRITICAL - 2024-07-31 06:01:54 --> Trying to access array offset on value of type null
in APPPATH\Controllers\Gallery\GalleryController.php on line 108.
 1 APPPATH\Controllers\Gallery\GalleryController.php(108): CodeIgniter\Debug\Exceptions->errorHandler(2, 'Trying to access array offset on value of type null', 'C:\\xampp\\htdocs\\oloogy\\backend\\app\\Controllers\\Gallery\\GalleryController.php', 108)
 2 SYSTEMPATH\CodeIgniter.php(932): Core\Controllers\Gallery\GalleryController->gallery('assets', 'img', 'lol.png')
 3 SYSTEMPATH\CodeIgniter.php(497): CodeIgniter\CodeIgniter->runController(Object(Core\Controllers\Gallery\GalleryController))
 4 SYSTEMPATH\CodeIgniter.php(366): CodeIgniter\CodeIgniter->handleRequest(null, Object(Config\Cache), false)
 5 FCPATH\index.php(101): CodeIgniter\CodeIgniter->run()
INFO - 2024-07-31 06:01:59 --> Session: Class initialized using 'CodeIgniter\Session\Handlers\FileHandler' driver.
INFO - 2024-07-31 06:04:32 --> Session: Class initialized using 'CodeIgniter\Session\Handlers\FileHandler' driver.
INFO - 2024-07-31 06:04:34 --> Session: Class initialized using 'CodeIgniter\Session\Handlers\FileHandler' driver.
INFO - 2024-07-31 06:12:12 --> Session: Class initialized using 'CodeIgniter\Session\Handlers\FileHandler' driver.
INFO - 2024-07-31 06:16:10 --> Session: Class initialized using 'CodeIgniter\Session\Handlers\FileHandler' driver.
INFO - 2024-07-31 06:51:15 --> Session: Class initialized using 'CodeIgniter\Session\Handlers\FileHandler' driver.
INFO - 2024-07-31 07:09:18 --> Session: Class initialized using 'CodeIgniter\Session\Handlers\FileHandler' driver.
ERROR - 2024-07-31 07:09:18 --> mysqli_sql_exception: Unknown column 'event_title' in 'field list' in C:\xampp\htdocs\oloogy\backend\system\Database\MySQLi\Connection.php:295
Stack trace:
#0 C:\xampp\htdocs\oloogy\backend\system\Database\MySQLi\Connection.php(295): mysqli->query('INSERT INTO `ev...', 0)
#1 C:\xampp\htdocs\oloogy\backend\system\Database\BaseConnection.php(692): CodeIgniter\Database\MySQLi\Connection->execute('INSERT INTO `ev...')
#2 C:\xampp\htdocs\oloogy\backend\system\Database\BaseConnection.php(606): CodeIgniter\Database\BaseConnection->simpleQuery('INSERT INTO `ev...')
#3 C:\xampp\htdocs\oloogy\backend\system\Database\BaseBuilder.php(2308): CodeIgniter\Database\BaseConnection->query('INSERT INTO `ev...', Array, false)
#4 C:\xampp\htdocs\oloogy\backend\system\Model.php(330): CodeIgniter\Database\BaseBuilder->insert()
#5 C:\xampp\htdocs\oloogy\backend\system\BaseModel.php(782): CodeIgniter\Model->doInsert(Array)
#6 C:\xampp\htdocs\oloogy\backend\system\Model.php(730): CodeIgniter\BaseModel->insert(Array, true)
#7 C:\xampp\htdocs\oloogy\backend\app\Infrastructure\Persistence\DMLPersistence.php(66): CodeIgniter\Model->insert(Object(App\Domain\Event\Event))
#8 C:\xampp\htdocs\oloogy\backend\app\Controllers\Event\EventController.php(46): App\Infrastructure\Persistence\Event\SQLEventRepository->insert(Object(App\Domain\Event\Event))
#9 C:\xampp\htdocs\oloogy\backend\system\CodeIgniter.php(932): Core\Controllers\Event\EventController->save()
#10 C:\xampp\htdocs\oloogy\backend\system\CodeIgniter.php(497): CodeIgniter\CodeIgniter->runController(Object(Core\Controllers\Event\EventController))
#11 C:\xampp\htdocs\oloogy\backend\system\CodeIgniter.php(366): CodeIgniter\CodeIgniter->handleRequest(NULL, Object(Config\Cache), false)
#12 C:\xampp\htdocs\oloogy\backend\index.php(101): CodeIgniter\CodeIgniter->run()
#13 {main}
CRITICAL - 2024-07-31 07:09:19 --> Unknown column 'event_title' in 'field list'
in SYSTEMPATH\Database\MySQLi\Connection.php on line 295.
 1 SYSTEMPATH\Database\MySQLi\Connection.php(295): mysqli->query('INSERT INTO `event` (`event_title`) VALUES (\'art\')', 0)
 2 SYSTEMPATH\Database\BaseConnection.php(692): CodeIgniter\Database\MySQLi\Connection->execute('INSERT INTO `event` (`event_title`) VALUES (\'art\')')
 3 SYSTEMPATH\Database\BaseConnection.php(606): CodeIgniter\Database\BaseConnection->simpleQuery('INSERT INTO `event` (`event_title`) VALUES (\'art\')')
 4 SYSTEMPATH\Database\BaseBuilder.php(2308): CodeIgniter\Database\BaseConnection->query('INSERT INTO `event` (`event_title`) VALUES (:event_title:)', [...], false)
 5 SYSTEMPATH\Model.php(330): CodeIgniter\Database\BaseBuilder->insert()
 6 SYSTEMPATH\BaseModel.php(782): CodeIgniter\Model->doInsert([...])
 7 SYSTEMPATH\Model.php(730): CodeIgniter\BaseModel->insert([...], true)
 8 APPPATH\Infrastructure\Persistence\DMLPersistence.php(66): CodeIgniter\Model->insert(Object(App\Domain\Event\Event))
 9 APPPATH\Controllers\Event\EventController.php(46): App\Infrastructure\Persistence\Event\SQLEventRepository->insert(Object(App\Domain\Event\Event))
10 SYSTEMPATH\CodeIgniter.php(932): Core\Controllers\Event\EventController->save()
11 SYSTEMPATH\CodeIgniter.php(497): CodeIgniter\CodeIgniter->runController(Object(Core\Controllers\Event\EventController))
12 SYSTEMPATH\CodeIgniter.php(366): CodeIgniter\CodeIgniter->handleRequest(null, Object(Config\Cache), false)
13 FCPATH\index.php(101): CodeIgniter\CodeIgniter->run()
INFO - 2024-07-31 07:25:43 --> Session: Class initialized using 'CodeIgniter\Session\Handlers\FileHandler' driver.
INFO - 2024-07-31 07:34:43 --> Session: Class initialized using 'CodeIgniter\Session\Handlers\FileHandler' driver.
CRITICAL - 2024-07-31 07:34:43 --> Undefined array key "id"
in APPPATH\Controllers\Event\EventController.php on line 53.
 1 APPPATH\Controllers\Event\EventController.php(53): CodeIgniter\Debug\Exceptions->errorHandler(2, 'Undefined array key "id"', 'C:\\xampp\\htdocs\\oloogy\\backend\\app\\Controllers\\Event\\EventController.php', 53)
 2 SYSTEMPATH\CodeIgniter.php(932): Core\Controllers\Event\EventController->save()
 3 SYSTEMPATH\CodeIgniter.php(497): CodeIgniter\CodeIgniter->runController(Object(Core\Controllers\Event\EventController))
 4 SYSTEMPATH\CodeIgniter.php(366): CodeIgniter\CodeIgniter->handleRequest(null, Object(Config\Cache), false)
 5 FCPATH\index.php(101): CodeIgniter\CodeIgniter->run()
INFO - 2024-07-31 07:35:07 --> Session: Class initialized using 'CodeIgniter\Session\Handlers\FileHandler' driver.
CRITICAL - 2024-07-31 07:35:07 --> Trying to access array offset on value of type int
in APPPATH\Controllers\Event\EventController.php on line 53.
 1 APPPATH\Controllers\Event\EventController.php(53): CodeIgniter\Debug\Exceptions->errorHandler(2, 'Trying to access array offset on value of type int', 'C:\\xampp\\htdocs\\oloogy\\backend\\app\\Controllers\\Event\\EventController.php', 53)
 2 SYSTEMPATH\CodeIgniter.php(932): Core\Controllers\Event\EventController->save()
 3 SYSTEMPATH\CodeIgniter.php(497): CodeIgniter\CodeIgniter->runController(Object(Core\Controllers\Event\EventController))
 4 SYSTEMPATH\CodeIgniter.php(366): CodeIgniter\CodeIgniter->handleRequest(null, Object(Config\Cache), false)
 5 FCPATH\index.php(101): CodeIgniter\CodeIgniter->run()
INFO - 2024-07-31 07:35:14 --> Session: Class initialized using 'CodeIgniter\Session\Handlers\FileHandler' driver.
INFO - 2024-07-31 07:45:44 --> Session: Class initialized using 'CodeIgniter\Session\Handlers\FileHandler' driver.
ERROR - 2024-07-31 07:45:44 --> mysqli_sql_exception: Column 'category_fk_id' cannot be null in C:\xampp\htdocs\oloogy\backend\system\Database\MySQLi\Connection.php:295
Stack trace:
#0 C:\xampp\htdocs\oloogy\backend\system\Database\MySQLi\Connection.php(295): mysqli->query('INSERT INTO `ev...', 0)
#1 C:\xampp\htdocs\oloogy\backend\system\Database\BaseConnection.php(692): CodeIgniter\Database\MySQLi\Connection->execute('INSERT INTO `ev...')
#2 C:\xampp\htdocs\oloogy\backend\system\Database\BaseConnection.php(606): CodeIgniter\Database\BaseConnection->simpleQuery('INSERT INTO `ev...')
#3 C:\xampp\htdocs\oloogy\backend\system\Database\BaseBuilder.php(2308): CodeIgniter\Database\BaseConnection->query('INSERT INTO `ev...', Array, false)
#4 C:\xampp\htdocs\oloogy\backend\system\Model.php(330): CodeIgniter\Database\BaseBuilder->insert()
#5 C:\xampp\htdocs\oloogy\backend\system\BaseModel.php(782): CodeIgniter\Model->doInsert(Array)
#6 C:\xampp\htdocs\oloogy\backend\system\Model.php(730): CodeIgniter\BaseModel->insert(Array, true)
#7 C:\xampp\htdocs\oloogy\backend\app\Infrastructure\Persistence\DMLPersistence.php(66): CodeIgniter\Model->insert(Object(App\Domain\Event\Event))
#8 C:\xampp\htdocs\oloogy\backend\app\Controllers\Event\EventController.php(59): App\Infrastructure\Persistence\Event\SQLEventRepository->insert(Object(App\Domain\Event\Event))
#9 C:\xampp\htdocs\oloogy\backend\system\CodeIgniter.php(932): Core\Controllers\Event\EventController->save()
#10 C:\xampp\htdocs\oloogy\backend\system\CodeIgniter.php(497): CodeIgniter\CodeIgniter->runController(Object(Core\Controllers\Event\EventController))
#11 C:\xampp\htdocs\oloogy\backend\system\CodeIgniter.php(366): CodeIgniter\CodeIgniter->handleRequest(NULL, Object(Config\Cache), false)
#12 C:\xampp\htdocs\oloogy\backend\index.php(101): CodeIgniter\CodeIgniter->run()
#13 {main}
CRITICAL - 2024-07-31 07:45:44 --> Column 'category_fk_id' cannot be null
in SYSTEMPATH\Database\MySQLi\Connection.php on line 295.
 1 SYSTEMPATH\Database\MySQLi\Connection.php(295): mysqli->query('INSERT INTO `event` (`event_type`, `category_fk_id`) VALUES (NULL, NULL)', 0)
 2 SYSTEMPATH\Database\BaseConnection.php(692): CodeIgniter\Database\MySQLi\Connection->execute('INSERT INTO `event` (`event_type`, `category_fk_id`) VALUES (NULL, NULL)')
 3 SYSTEMPATH\Database\BaseConnection.php(606): CodeIgniter\Database\BaseConnection->simpleQuery('INSERT INTO `event` (`event_type`, `category_fk_id`) VALUES (NULL, NULL)')
 4 SYSTEMPATH\Database\BaseBuilder.php(2308): CodeIgniter\Database\BaseConnection->query('INSERT INTO `event` (`event_type`, `category_fk_id`) VALUES (:event_type:, :category_fk_id:)', [...], false)
 5 SYSTEMPATH\Model.php(330): CodeIgniter\Database\BaseBuilder->insert()
 6 SYSTEMPATH\BaseModel.php(782): CodeIgniter\Model->doInsert([...])
 7 SYSTEMPATH\Model.php(730): CodeIgniter\BaseModel->insert([...], true)
 8 APPPATH\Infrastructure\Persistence\DMLPersistence.php(66): CodeIgniter\Model->insert(Object(App\Domain\Event\Event))
 9 APPPATH\Controllers\Event\EventController.php(59): App\Infrastructure\Persistence\Event\SQLEventRepository->insert(Object(App\Domain\Event\Event))
10 SYSTEMPATH\CodeIgniter.php(932): Core\Controllers\Event\EventController->save()
11 SYSTEMPATH\CodeIgniter.php(497): CodeIgniter\CodeIgniter->runController(Object(Core\Controllers\Event\EventController))
12 SYSTEMPATH\CodeIgniter.php(366): CodeIgniter\CodeIgniter->handleRequest(null, Object(Config\Cache), false)
13 FCPATH\index.php(101): CodeIgniter\CodeIgniter->run()
INFO - 2024-07-31 07:46:26 --> Session: Class initialized using 'CodeIgniter\Session\Handlers\FileHandler' driver.
INFO - 2024-07-31 07:47:06 --> Session: Class initialized using 'CodeIgniter\Session\Handlers\FileHandler' driver.
ERROR - 2024-07-31 07:47:06 --> mysqli_sql_exception: Column 'category_fk_id' cannot be null in C:\xampp\htdocs\oloogy\backend\system\Database\MySQLi\Connection.php:295
Stack trace:
#0 C:\xampp\htdocs\oloogy\backend\system\Database\MySQLi\Connection.php(295): mysqli->query('INSERT INTO `ev...', 0)
#1 C:\xampp\htdocs\oloogy\backend\system\Database\BaseConnection.php(692): CodeIgniter\Database\MySQLi\Connection->execute('INSERT INTO `ev...')
#2 C:\xampp\htdocs\oloogy\backend\system\Database\BaseConnection.php(606): CodeIgniter\Database\BaseConnection->simpleQuery('INSERT INTO `ev...')
#3 C:\xampp\htdocs\oloogy\backend\system\Database\BaseBuilder.php(2308): CodeIgniter\Database\BaseConnection->query('INSERT INTO `ev...', Array, false)
#4 C:\xampp\htdocs\oloogy\backend\system\Model.php(330): CodeIgniter\Database\BaseBuilder->insert()
#5 C:\xampp\htdocs\oloogy\backend\system\BaseModel.php(782): CodeIgniter\Model->doInsert(Array)
#6 C:\xampp\htdocs\oloogy\backend\system\Model.php(730): CodeIgniter\BaseModel->insert(Array, true)
#7 C:\xampp\htdocs\oloogy\backend\app\Infrastructure\Persistence\DMLPersistence.php(66): CodeIgniter\Model->insert(Object(App\Domain\Event\Event))
#8 C:\xampp\htdocs\oloogy\backend\app\Controllers\Event\EventController.php(59): App\Infrastructure\Persistence\Event\SQLEventRepository->insert(Object(App\Domain\Event\Event))
#9 C:\xampp\htdocs\oloogy\backend\system\CodeIgniter.php(932): Core\Controllers\Event\EventController->save()
#10 C:\xampp\htdocs\oloogy\backend\system\CodeIgniter.php(497): CodeIgniter\CodeIgniter->runController(Object(Core\Controllers\Event\EventController))
#11 C:\xampp\htdocs\oloogy\backend\system\CodeIgniter.php(366): CodeIgniter\CodeIgniter->handleRequest(NULL, Object(Config\Cache), false)
#12 C:\xampp\htdocs\oloogy\backend\index.php(101): CodeIgniter\CodeIgniter->run()
#13 {main}
CRITICAL - 2024-07-31 07:47:06 --> Column 'category_fk_id' cannot be null
in SYSTEMPATH\Database\MySQLi\Connection.php on line 295.
 1 SYSTEMPATH\Database\MySQLi\Connection.php(295): mysqli->query('INSERT INTO `event` (`event_type`, `category_fk_id`) VALUES (NULL, NULL)', 0)
 2 SYSTEMPATH\Database\BaseConnection.php(692): CodeIgniter\Database\MySQLi\Connection->execute('INSERT INTO `event` (`event_type`, `category_fk_id`) VALUES (NULL, NULL)')
 3 SYSTEMPATH\Database\BaseConnection.php(606): CodeIgniter\Database\BaseConnection->simpleQuery('INSERT INTO `event` (`event_type`, `category_fk_id`) VALUES (NULL, NULL)')
 4 SYSTEMPATH\Database\BaseBuilder.php(2308): CodeIgniter\Database\BaseConnection->query('INSERT INTO `event` (`event_type`, `category_fk_id`) VALUES (:event_type:, :category_fk_id:)', [...], false)
 5 SYSTEMPATH\Model.php(330): CodeIgniter\Database\BaseBuilder->insert()
 6 SYSTEMPATH\BaseModel.php(782): CodeIgniter\Model->doInsert([...])
 7 SYSTEMPATH\Model.php(730): CodeIgniter\BaseModel->insert([...], true)
 8 APPPATH\Infrastructure\Persistence\DMLPersistence.php(66): CodeIgniter\Model->insert(Object(App\Domain\Event\Event))
 9 APPPATH\Controllers\Event\EventController.php(59): App\Infrastructure\Persistence\Event\SQLEventRepository->insert(Object(App\Domain\Event\Event))
10 SYSTEMPATH\CodeIgniter.php(932): Core\Controllers\Event\EventController->save()
11 SYSTEMPATH\CodeIgniter.php(497): CodeIgniter\CodeIgniter->runController(Object(Core\Controllers\Event\EventController))
12 SYSTEMPATH\CodeIgniter.php(366): CodeIgniter\CodeIgniter->handleRequest(null, Object(Config\Cache), false)
13 FCPATH\index.php(101): CodeIgniter\CodeIgniter->run()
INFO - 2024-07-31 07:47:36 --> Session: Class initialized using 'CodeIgniter\Session\Handlers\FileHandler' driver.
ERROR - 2024-07-31 07:47:36 --> mysqli_sql_exception: Column 'category_fk_id' cannot be null in C:\xampp\htdocs\oloogy\backend\system\Database\MySQLi\Connection.php:295
Stack trace:
#0 C:\xampp\htdocs\oloogy\backend\system\Database\MySQLi\Connection.php(295): mysqli->query('INSERT INTO `ev...', 0)
#1 C:\xampp\htdocs\oloogy\backend\system\Database\BaseConnection.php(692): CodeIgniter\Database\MySQLi\Connection->execute('INSERT INTO `ev...')
#2 C:\xampp\htdocs\oloogy\backend\system\Database\BaseConnection.php(606): CodeIgniter\Database\BaseConnection->simpleQuery('INSERT INTO `ev...')
#3 C:\xampp\htdocs\oloogy\backend\system\Database\BaseBuilder.php(2308): CodeIgniter\Database\BaseConnection->query('INSERT INTO `ev...', Array, false)
#4 C:\xampp\htdocs\oloogy\backend\system\Model.php(330): CodeIgniter\Database\BaseBuilder->insert()
#5 C:\xampp\htdocs\oloogy\backend\system\BaseModel.php(782): CodeIgniter\Model->doInsert(Array)
#6 C:\xampp\htdocs\oloogy\backend\system\Model.php(730): CodeIgniter\BaseModel->insert(Array, true)
#7 C:\xampp\htdocs\oloogy\backend\app\Infrastructure\Persistence\DMLPersistence.php(66): CodeIgniter\Model->insert(Object(App\Domain\Event\Event))
#8 C:\xampp\htdocs\oloogy\backend\app\Controllers\Event\EventController.php(59): App\Infrastructure\Persistence\Event\SQLEventRepository->insert(Object(App\Domain\Event\Event))
#9 C:\xampp\htdocs\oloogy\backend\system\CodeIgniter.php(932): Core\Controllers\Event\EventController->save()
#10 C:\xampp\htdocs\oloogy\backend\system\CodeIgniter.php(497): CodeIgniter\CodeIgniter->runController(Object(Core\Controllers\Event\EventController))
#11 C:\xampp\htdocs\oloogy\backend\system\CodeIgniter.php(366): CodeIgniter\CodeIgniter->handleRequest(NULL, Object(Config\Cache), false)
#12 C:\xampp\htdocs\oloogy\backend\index.php(101): CodeIgniter\CodeIgniter->run()
#13 {main}
CRITICAL - 2024-07-31 07:47:36 --> Column 'category_fk_id' cannot be null
in SYSTEMPATH\Database\MySQLi\Connection.php on line 295.
 1 SYSTEMPATH\Database\MySQLi\Connection.php(295): mysqli->query('INSERT INTO `event` (`event_type`, `category_fk_id`) VALUES (NULL, NULL)', 0)
 2 SYSTEMPATH\Database\BaseConnection.php(692): CodeIgniter\Database\MySQLi\Connection->execute('INSERT INTO `event` (`event_type`, `category_fk_id`) VALUES (NULL, NULL)')
 3 SYSTEMPATH\Database\BaseConnection.php(606): CodeIgniter\Database\BaseConnection->simpleQuery('INSERT INTO `event` (`event_type`, `category_fk_id`) VALUES (NULL, NULL)')
 4 SYSTEMPATH\Database\BaseBuilder.php(2308): CodeIgniter\Database\BaseConnection->query('INSERT INTO `event` (`event_type`, `category_fk_id`) VALUES (:event_type:, :category_fk_id:)', [...], false)
 5 SYSTEMPATH\Model.php(330): CodeIgniter\Database\BaseBuilder->insert()
 6 SYSTEMPATH\BaseModel.php(782): CodeIgniter\Model->doInsert([...])
 7 SYSTEMPATH\Model.php(730): CodeIgniter\BaseModel->insert([...], true)
 8 APPPATH\Infrastructure\Persistence\DMLPersistence.php(66): CodeIgniter\Model->insert(Object(App\Domain\Event\Event))
 9 APPPATH\Controllers\Event\EventController.php(59): App\Infrastructure\Persistence\Event\SQLEventRepository->insert(Object(App\Domain\Event\Event))
10 SYSTEMPATH\CodeIgniter.php(932): Core\Controllers\Event\EventController->save()
11 SYSTEMPATH\CodeIgniter.php(497): CodeIgniter\CodeIgniter->runController(Object(Core\Controllers\Event\EventController))
12 SYSTEMPATH\CodeIgniter.php(366): CodeIgniter\CodeIgniter->handleRequest(null, Object(Config\Cache), false)
13 FCPATH\index.php(101): CodeIgniter\CodeIgniter->run()
INFO - 2024-07-31 07:50:09 --> Session: Class initialized using 'CodeIgniter\Session\Handlers\FileHandler' driver.
ERROR - 2024-07-31 07:50:09 --> mysqli_sql_exception: Column 'category_fk_id' cannot be null in C:\xampp\htdocs\oloogy\backend\system\Database\MySQLi\Connection.php:295
Stack trace:
#0 C:\xampp\htdocs\oloogy\backend\system\Database\MySQLi\Connection.php(295): mysqli->query('INSERT INTO `ev...', 0)
#1 C:\xampp\htdocs\oloogy\backend\system\Database\BaseConnection.php(692): CodeIgniter\Database\MySQLi\Connection->execute('INSERT INTO `ev...')
#2 C:\xampp\htdocs\oloogy\backend\system\Database\BaseConnection.php(606): CodeIgniter\Database\BaseConnection->simpleQuery('INSERT INTO `ev...')
#3 C:\xampp\htdocs\oloogy\backend\system\Database\BaseBuilder.php(2308): CodeIgniter\Database\BaseConnection->query('INSERT INTO `ev...', Array, false)
#4 C:\xampp\htdocs\oloogy\backend\system\Model.php(330): CodeIgniter\Database\BaseBuilder->insert()
#5 C:\xampp\htdocs\oloogy\backend\system\BaseModel.php(782): CodeIgniter\Model->doInsert(Array)
#6 C:\xampp\htdocs\oloogy\backend\system\Model.php(730): CodeIgniter\BaseModel->insert(Array, true)
#7 C:\xampp\htdocs\oloogy\backend\app\Infrastructure\Persistence\DMLPersistence.php(66): CodeIgniter\Model->insert(Object(App\Domain\Event\Event))
#8 C:\xampp\htdocs\oloogy\backend\app\Controllers\Event\EventController.php(59): App\Infrastructure\Persistence\Event\SQLEventRepository->insert(Object(App\Domain\Event\Event))
#9 C:\xampp\htdocs\oloogy\backend\system\CodeIgniter.php(932): Core\Controllers\Event\EventController->save()
#10 C:\xampp\htdocs\oloogy\backend\system\CodeIgniter.php(497): CodeIgniter\CodeIgniter->runController(Object(Core\Controllers\Event\EventController))
#11 C:\xampp\htdocs\oloogy\backend\system\CodeIgniter.php(366): CodeIgniter\CodeIgniter->handleRequest(NULL, Object(Config\Cache), false)
#12 C:\xampp\htdocs\oloogy\backend\index.php(101): CodeIgniter\CodeIgniter->run()
#13 {main}
CRITICAL - 2024-07-31 07:50:09 --> Column 'category_fk_id' cannot be null
in SYSTEMPATH\Database\MySQLi\Connection.php on line 295.
 1 SYSTEMPATH\Database\MySQLi\Connection.php(295): mysqli->query('INSERT INTO `event` (`event_type`, `category_fk_id`) VALUES (NULL, NULL)', 0)
 2 SYSTEMPATH\Database\BaseConnection.php(692): CodeIgniter\Database\MySQLi\Connection->execute('INSERT INTO `event` (`event_type`, `category_fk_id`) VALUES (NULL, NULL)')
 3 SYSTEMPATH\Database\BaseConnection.php(606): CodeIgniter\Database\BaseConnection->simpleQuery('INSERT INTO `event` (`event_type`, `category_fk_id`) VALUES (NULL, NULL)')
 4 SYSTEMPATH\Database\BaseBuilder.php(2308): CodeIgniter\Database\BaseConnection->query('INSERT INTO `event` (`event_type`, `category_fk_id`) VALUES (:event_type:, :category_fk_id:)', [...], false)
 5 SYSTEMPATH\Model.php(330): CodeIgniter\Database\BaseBuilder->insert()
 6 SYSTEMPATH\BaseModel.php(782): CodeIgniter\Model->doInsert([...])
 7 SYSTEMPATH\Model.php(730): CodeIgniter\BaseModel->insert([...], true)
 8 APPPATH\Infrastructure\Persistence\DMLPersistence.php(66): CodeIgniter\Model->insert(Object(App\Domain\Event\Event))
 9 APPPATH\Controllers\Event\EventController.php(59): App\Infrastructure\Persistence\Event\SQLEventRepository->insert(Object(App\Domain\Event\Event))
10 SYSTEMPATH\CodeIgniter.php(932): Core\Controllers\Event\EventController->save()
11 SYSTEMPATH\CodeIgniter.php(497): CodeIgniter\CodeIgniter->runController(Object(Core\Controllers\Event\EventController))
12 SYSTEMPATH\CodeIgniter.php(366): CodeIgniter\CodeIgniter->handleRequest(null, Object(Config\Cache), false)
13 FCPATH\index.php(101): CodeIgniter\CodeIgniter->run()
INFO - 2024-07-31 07:55:15 --> Session: Class initialized using 'CodeIgniter\Session\Handlers\FileHandler' driver.
INFO - 2024-07-31 07:55:54 --> Session: Class initialized using 'CodeIgniter\Session\Handlers\FileHandler' driver.
INFO - 2024-07-31 07:56:08 --> Session: Class initialized using 'CodeIgniter\Session\Handlers\FileHandler' driver.
INFO - 2024-07-31 07:57:31 --> Session: Class initialized using 'CodeIgniter\Session\Handlers\FileHandler' driver.
CRITICAL - 2024-07-31 07:57:32 --> There is no data to insert.
in SYSTEMPATH\BaseModel.php on line 762.
 1 SYSTEMPATH\BaseModel.php(762): CodeIgniter\Database\Exceptions\DataException::forEmptyDataset('insert')
 2 SYSTEMPATH\Model.php(730): CodeIgniter\BaseModel->insert([], true)
 3 APPPATH\Infrastructure\Persistence\DMLPersistence.php(66): CodeIgniter\Model->insert(Object(App\Domain\Event\Event_details))
 4 APPPATH\Controllers\Event\EventController.php(59): App\Infrastructure\Persistence\Event\SQLEventRepository->insert(Object(App\Domain\Event\Event_details))
 5 SYSTEMPATH\CodeIgniter.php(932): Core\Controllers\Event\EventController->save()
 6 SYSTEMPATH\CodeIgniter.php(497): CodeIgniter\CodeIgniter->runController(Object(Core\Controllers\Event\EventController))
 7 SYSTEMPATH\CodeIgniter.php(366): CodeIgniter\CodeIgniter->handleRequest(null, Object(Config\Cache), false)
 8 FCPATH\index.php(101): CodeIgniter\CodeIgniter->run()
INFO - 2024-07-31 07:58:26 --> Session: Class initialized using 'CodeIgniter\Session\Handlers\FileHandler' driver.
CRITICAL - 2024-07-31 07:58:26 --> There is no data to insert.
in SYSTEMPATH\BaseModel.php on line 762.
 1 SYSTEMPATH\BaseModel.php(762): CodeIgniter\Database\Exceptions\DataException::forEmptyDataset('insert')
 2 SYSTEMPATH\Model.php(730): CodeIgniter\BaseModel->insert([], true)
 3 APPPATH\Infrastructure\Persistence\DMLPersistence.php(66): CodeIgniter\Model->insert(Object(App\Domain\Event\Event_details))
 4 APPPATH\Controllers\Event\EventController.php(59): App\Infrastructure\Persistence\Event\SQLEventRepository->insert(Object(App\Domain\Event\Event_details))
 5 SYSTEMPATH\CodeIgniter.php(932): Core\Controllers\Event\EventController->save()
 6 SYSTEMPATH\CodeIgniter.php(497): CodeIgniter\CodeIgniter->runController(Object(Core\Controllers\Event\EventController))
 7 SYSTEMPATH\CodeIgniter.php(366): CodeIgniter\CodeIgniter->handleRequest(null, Object(Config\Cache), false)
 8 FCPATH\index.php(101): CodeIgniter\CodeIgniter->run()
INFO - 2024-07-31 07:58:47 --> Session: Class initialized using 'CodeIgniter\Session\Handlers\FileHandler' driver.
INFO - 2024-07-31 09:31:24 --> Session: Class initialized using 'CodeIgniter\Session\Handlers\FileHandler' driver.
CRITICAL - 2024-07-31 09:31:24 --> There is no data to insert.
in SYSTEMPATH\BaseModel.php on line 762.
 1 SYSTEMPATH\BaseModel.php(762): CodeIgniter\Database\Exceptions\DataException::forEmptyDataset('insert')
 2 SYSTEMPATH\Model.php(730): CodeIgniter\BaseModel->insert([], true)
 3 APPPATH\Infrastructure\Persistence\DMLPersistence.php(66): CodeIgniter\Model->insert(Object(App\Domain\Event\Event_details))
 4 APPPATH\Controllers\Event\EventController.php(59): App\Infrastructure\Persistence\Event\SQLEventRepository->insert(Object(App\Domain\Event\Event_details))
 5 SYSTEMPATH\CodeIgniter.php(932): Core\Controllers\Event\EventController->save()
 6 SYSTEMPATH\CodeIgniter.php(497): CodeIgniter\CodeIgniter->runController(Object(Core\Controllers\Event\EventController))
 7 SYSTEMPATH\CodeIgniter.php(366): CodeIgniter\CodeIgniter->handleRequest(null, Object(Config\Cache), false)
 8 FCPATH\index.php(101): CodeIgniter\CodeIgniter->run()
INFO - 2024-07-31 09:32:07 --> Session: Class initialized using 'CodeIgniter\Session\Handlers\FileHandler' driver.
ERROR - 2024-07-31 09:32:07 --> mysqli_sql_exception: Column 'status' cannot be null in C:\xampp\htdocs\oloogy\backend\system\Database\MySQLi\Connection.php:295
Stack trace:
#0 C:\xampp\htdocs\oloogy\backend\system\Database\MySQLi\Connection.php(295): mysqli->query('INSERT INTO `ev...', 0)
#1 C:\xampp\htdocs\oloogy\backend\system\Database\BaseConnection.php(692): CodeIgniter\Database\MySQLi\Connection->execute('INSERT INTO `ev...')
#2 C:\xampp\htdocs\oloogy\backend\system\Database\BaseConnection.php(606): CodeIgniter\Database\BaseConnection->simpleQuery('INSERT INTO `ev...')
#3 C:\xampp\htdocs\oloogy\backend\system\Database\BaseBuilder.php(2308): CodeIgniter\Database\BaseConnection->query('INSERT INTO `ev...', Array, false)
#4 C:\xampp\htdocs\oloogy\backend\system\Model.php(330): CodeIgniter\Database\BaseBuilder->insert()
#5 C:\xampp\htdocs\oloogy\backend\system\BaseModel.php(782): CodeIgniter\Model->doInsert(Array)
#6 C:\xampp\htdocs\oloogy\backend\system\Model.php(730): CodeIgniter\BaseModel->insert(Array, true)
#7 C:\xampp\htdocs\oloogy\backend\app\Infrastructure\Persistence\DMLPersistence.php(66): CodeIgniter\Model->insert(Object(App\Domain\Event\Event_details))
#8 C:\xampp\htdocs\oloogy\backend\app\Controllers\Event\EventController.php(59): App\Infrastructure\Persistence\Event\SQLEvent_detailsRepository->insert(Object(App\Domain\Event\Event_details))
#9 C:\xampp\htdocs\oloogy\backend\system\CodeIgniter.php(932): Core\Controllers\Event\EventController->save()
#10 C:\xampp\htdocs\oloogy\backend\system\CodeIgniter.php(497): CodeIgniter\CodeIgniter->runController(Object(Core\Controllers\Event\EventController))
#11 C:\xampp\htdocs\oloogy\backend\system\CodeIgniter.php(366): CodeIgniter\CodeIgniter->handleRequest(NULL, Object(Config\Cache), false)
#12 C:\xampp\htdocs\oloogy\backend\index.php(101): CodeIgniter\CodeIgniter->run()
#13 {main}
CRITICAL - 2024-07-31 09:32:07 --> Column 'status' cannot be null
in SYSTEMPATH\Database\MySQLi\Connection.php on line 295.
 1 SYSTEMPATH\Database\MySQLi\Connection.php(295): mysqli->query('INSERT INTO `event_details` (`event_fk_id`, `event_name`, `description`, `event_image`, `event_date`, `starting_time`, `ending_time`, `reg_link`, `registration_amount`, `venue`, `address`, `status`) VALUES (17, \'Art Exhibition\', \'An exhibition showcasing contemporary art by emerging artists.\', \'https://example.com/image.jpg\', \'2024-08-15\', \'10:00:00\', \'18:00:00\', \'https://example.com/register\', 25, \'Art Gallery\', \'123 Art Street, Creativity City, CA 90001\', NULL)', 0)
 2 SYSTEMPATH\Database\BaseConnection.php(692): CodeIgniter\Database\MySQLi\Connection->execute('INSERT INTO `event_details` (`event_fk_id`, `event_name`, `description`, `event_image`, `event_date`, `starting_time`, `ending_time`, `reg_link`, `registration_amount`, `venue`, `address`, `status`) VALUES (17, \'Art Exhibition\', \'An exhibition showcasing contemporary art by emerging artists.\', \'https://example.com/image.jpg\', \'2024-08-15\', \'10:00:00\', \'18:00:00\', \'https://example.com/register\', 25, \'Art Gallery\', \'123 Art Street, Creativity City, CA 90001\', NULL)')
 3 SYSTEMPATH\Database\BaseConnection.php(606): CodeIgniter\Database\BaseConnection->simpleQuery('INSERT INTO `event_details` (`event_fk_id`, `event_name`, `description`, `event_image`, `event_date`, `starting_time`, `ending_time`, `reg_link`, `registration_amount`, `venue`, `address`, `status`) VALUES (17, \'Art Exhibition\', \'An exhibition showcasing contemporary art by emerging artists.\', \'https://example.com/image.jpg\', \'2024-08-15\', \'10:00:00\', \'18:00:00\', \'https://example.com/register\', 25, \'Art Gallery\', \'123 Art Street, Creativity City, CA 90001\', NULL)')
 4 SYSTEMPATH\Database\BaseBuilder.php(2308): CodeIgniter\Database\BaseConnection->query('INSERT INTO `event_details` (`event_fk_id`, `event_name`, `description`, `event_image`, `event_date`, `starting_time`, `ending_time`, `reg_link`, `registration_amount`, `venue`, `address`, `status`) VALUES (:event_fk_id:, :event_name:, :description:, :event_image:, :event_date:, :starting_time:, :ending_time:, :reg_link:, :registration_amount:, :venue:, :address:, :status:)', [...], false)
 5 SYSTEMPATH\Model.php(330): CodeIgniter\Database\BaseBuilder->insert()
 6 SYSTEMPATH\BaseModel.php(782): CodeIgniter\Model->doInsert([...])
 7 SYSTEMPATH\Model.php(730): CodeIgniter\BaseModel->insert([...], true)
 8 APPPATH\Infrastructure\Persistence\DMLPersistence.php(66): CodeIgniter\Model->insert(Object(App\Domain\Event\Event_details))
 9 APPPATH\Controllers\Event\EventController.php(59): App\Infrastructure\Persistence\Event\SQLEvent_detailsRepository->insert(Object(App\Domain\Event\Event_details))
10 SYSTEMPATH\CodeIgniter.php(932): Core\Controllers\Event\EventController->save()
11 SYSTEMPATH\CodeIgniter.php(497): CodeIgniter\CodeIgniter->runController(Object(Core\Controllers\Event\EventController))
12 SYSTEMPATH\CodeIgniter.php(366): CodeIgniter\CodeIgniter->handleRequest(null, Object(Config\Cache), false)
13 FCPATH\index.php(101): CodeIgniter\CodeIgniter->run()
INFO - 2024-07-31 09:32:38 --> Session: Class initialized using 'CodeIgniter\Session\Handlers\FileHandler' driver.
INFO - 2024-07-31 09:36:02 --> Session: Class initialized using 'CodeIgniter\Session\Handlers\FileHandler' driver.
INFO - 2024-07-31 09:37:14 --> Session: Class initialized using 'CodeIgniter\Session\Handlers\FileHandler' driver.
INFO - 2024-07-31 09:46:24 --> Session: Class initialized using 'CodeIgniter\Session\Handlers\FileHandler' driver.
INFO - 2024-07-31 09:46:34 --> Session: Class initialized using 'CodeIgniter\Session\Handlers\FileHandler' driver.
INFO - 2024-07-31 09:46:43 --> Session: Class initialized using 'CodeIgniter\Session\Handlers\FileHandler' driver.
INFO - 2024-07-31 09:51:09 --> Session: Class initialized using 'CodeIgniter\Session\Handlers\FileHandler' driver.
CRITICAL - 2024-07-31 09:51:09 --> Attempt to read property "rows" on int
in APPPATH\Infrastructure\Persistence\DMLPersistence.php on line 381.
 1 APPPATH\Infrastructure\Persistence\DMLPersistence.php(381): CodeIgniter\Debug\Exceptions->errorHandler(2, 'Attempt to read property "rows" on int', 'C:\\xampp\\htdocs\\oloogy\\backend\\app\\Infrastructure\\Persistence\\DMLPersistence.php', 381)
 2 APPPATH\Infrastructure\Persistence\DMLPersistence.php(73): App\Infrastructure\Persistence\Event\SQLCategoryRepository->paginationQuery(1, [])
 3 APPPATH\Controllers\Event\EventController.php(70): App\Infrastructure\Persistence\Event\SQLCategoryRepository->findAllPagination(1, true)
 4 SYSTEMPATH\CodeIgniter.php(932): Core\Controllers\Event\EventController->getList('1')
 5 SYSTEMPATH\CodeIgniter.php(497): CodeIgniter\CodeIgniter->runController(Object(Core\Controllers\Event\EventController))
 6 SYSTEMPATH\CodeIgniter.php(366): CodeIgniter\CodeIgniter->handleRequest(null, Object(Config\Cache), false)
 7 FCPATH\index.php(101): CodeIgniter\CodeIgniter->run()
INFO - 2024-07-31 10:04:38 --> Session: Class initialized using 'CodeIgniter\Session\Handlers\FileHandler' driver.
INFO - 2024-07-31 10:05:52 --> Session: Class initialized using 'CodeIgniter\Session\Handlers\FileHandler' driver.
INFO - 2024-07-31 10:08:15 --> Session: Class initialized using 'CodeIgniter\Session\Handlers\FileHandler' driver.
INFO - 2024-07-31 10:16:19 --> Session: Class initialized using 'CodeIgniter\Session\Handlers\FileHandler' driver.
INFO - 2024-07-31 10:17:00 --> Session: Class initialized using 'CodeIgniter\Session\Handlers\FileHandler' driver.
INFO - 2024-07-31 10:18:10 --> Session: Class initialized using 'CodeIgniter\Session\Handlers\FileHandler' driver.
INFO - 2024-07-31 10:58:19 --> Session: Class initialized using 'CodeIgniter\Session\Handlers\FileHandler' driver.
INFO - 2024-07-31 10:58:23 --> Session: Class initialized using 'CodeIgniter\Session\Handlers\FileHandler' driver.
INFO - 2024-07-31 10:58:24 --> Session: Class initialized using 'CodeIgniter\Session\Handlers\FileHandler' driver.
CRITICAL - 2024-07-31 10:58:24 --> Trying to access array offset on value of type null
in APPPATH\Controllers\Gallery\GalleryController.php on line 108.
 1 APPPATH\Controllers\Gallery\GalleryController.php(108): CodeIgniter\Debug\Exceptions->errorHandler(2, 'Trying to access array offset on value of type null', 'C:\\xampp\\htdocs\\oloogy\\backend\\app\\Controllers\\Gallery\\GalleryController.php', 108)
 2 SYSTEMPATH\CodeIgniter.php(932): Core\Controllers\Gallery\GalleryController->gallery('assets', 'img', 'ri_facebook-fill.png')
 3 SYSTEMPATH\CodeIgniter.php(497): CodeIgniter\CodeIgniter->runController(Object(Core\Controllers\Gallery\GalleryController))
 4 SYSTEMPATH\CodeIgniter.php(366): CodeIgniter\CodeIgniter->handleRequest(null, Object(Config\Cache), false)
 5 FCPATH\index.php(101): CodeIgniter\CodeIgniter->run()
INFO - 2024-07-31 10:58:24 --> Session: Class initialized using 'CodeIgniter\Session\Handlers\FileHandler' driver.
CRITICAL - 2024-07-31 10:58:24 --> Trying to access array offset on value of type null
in APPPATH\Controllers\Gallery\GalleryController.php on line 108.
 1 APPPATH\Controllers\Gallery\GalleryController.php(108): CodeIgniter\Debug\Exceptions->errorHandler(2, 'Trying to access array offset on value of type null', 'C:\\xampp\\htdocs\\oloogy\\backend\\app\\Controllers\\Gallery\\GalleryController.php', 108)
 2 SYSTEMPATH\CodeIgniter.php(932): Core\Controllers\Gallery\GalleryController->gallery('assets', 'img', 'ri_linkedin-fill.png')
 3 SYSTEMPATH\CodeIgniter.php(497): CodeIgniter\CodeIgniter->runController(Object(Core\Controllers\Gallery\GalleryController))
 4 SYSTEMPATH\CodeIgniter.php(366): CodeIgniter\CodeIgniter->handleRequest(null, Object(Config\Cache), false)
 5 FCPATH\index.php(101): CodeIgniter\CodeIgniter->run()
INFO - 2024-07-31 10:58:24 --> Session: Class initialized using 'CodeIgniter\Session\Handlers\FileHandler' driver.
CRITICAL - 2024-07-31 10:58:24 --> Trying to access array offset on value of type null
in APPPATH\Controllers\Gallery\GalleryController.php on line 108.
 1 APPPATH\Controllers\Gallery\GalleryController.php(108): CodeIgniter\Debug\Exceptions->errorHandler(2, 'Trying to access array offset on value of type null', 'C:\\xampp\\htdocs\\oloogy\\backend\\app\\Controllers\\Gallery\\GalleryController.php', 108)
 2 SYSTEMPATH\CodeIgniter.php(932): Core\Controllers\Gallery\GalleryController->gallery('assets', 'img', 'Vector.png')
 3 SYSTEMPATH\CodeIgniter.php(497): CodeIgniter\CodeIgniter->runController(Object(Core\Controllers\Gallery\GalleryController))
 4 SYSTEMPATH\CodeIgniter.php(366): CodeIgniter\CodeIgniter->handleRequest(null, Object(Config\Cache), false)
 5 FCPATH\index.php(101): CodeIgniter\CodeIgniter->run()
INFO - 2024-07-31 10:58:24 --> Session: Class initialized using 'CodeIgniter\Session\Handlers\FileHandler' driver.
CRITICAL - 2024-07-31 10:58:24 --> Trying to access array offset on value of type null
in APPPATH\Controllers\Gallery\GalleryController.php on line 108.
 1 APPPATH\Controllers\Gallery\GalleryController.php(108): CodeIgniter\Debug\Exceptions->errorHandler(2, 'Trying to access array offset on value of type null', 'C:\\xampp\\htdocs\\oloogy\\backend\\app\\Controllers\\Gallery\\GalleryController.php', 108)
 2 SYSTEMPATH\CodeIgniter.php(932): Core\Controllers\Gallery\GalleryController->gallery('assets', 'img', 'lol.png')
 3 SYSTEMPATH\CodeIgniter.php(497): CodeIgniter\CodeIgniter->runController(Object(Core\Controllers\Gallery\GalleryController))
 4 SYSTEMPATH\CodeIgniter.php(366): CodeIgniter\CodeIgniter->handleRequest(null, Object(Config\Cache), false)
 5 FCPATH\index.php(101): CodeIgniter\CodeIgniter->run()
INFO - 2024-07-31 10:58:24 --> Session: Class initialized using 'CodeIgniter\Session\Handlers\FileHandler' driver.
CRITICAL - 2024-07-31 10:58:24 --> Trying to access array offset on value of type null
in APPPATH\Controllers\Gallery\GalleryController.php on line 108.
 1 APPPATH\Controllers\Gallery\GalleryController.php(108): CodeIgniter\Debug\Exceptions->errorHandler(2, 'Trying to access array offset on value of type null', 'C:\\xampp\\htdocs\\oloogy\\backend\\app\\Controllers\\Gallery\\GalleryController.php', 108)
 2 SYSTEMPATH\CodeIgniter.php(932): Core\Controllers\Gallery\GalleryController->gallery('assets', 'img', 'mobolo.png')
 3 SYSTEMPATH\CodeIgniter.php(497): CodeIgniter\CodeIgniter->runController(Object(Core\Controllers\Gallery\GalleryController))
 4 SYSTEMPATH\CodeIgniter.php(366): CodeIgniter\CodeIgniter->handleRequest(null, Object(Config\Cache), false)
 5 FCPATH\index.php(101): CodeIgniter\CodeIgniter->run()
INFO - 2024-07-31 10:58:33 --> Session: Class initialized using 'CodeIgniter\Session\Handlers\FileHandler' driver.
INFO - 2024-07-31 10:58:38 --> Session: Class initialized using 'CodeIgniter\Session\Handlers\FileHandler' driver.
INFO - 2024-07-31 10:58:38 --> Session: Class initialized using 'CodeIgniter\Session\Handlers\FileHandler' driver.
CRITICAL - 2024-07-31 10:58:39 --> Trying to access array offset on value of type null
in APPPATH\Controllers\Gallery\GalleryController.php on line 108.
 1 APPPATH\Controllers\Gallery\GalleryController.php(108): CodeIgniter\Debug\Exceptions->errorHandler(2, 'Trying to access array offset on value of type null', 'C:\\xampp\\htdocs\\oloogy\\backend\\app\\Controllers\\Gallery\\GalleryController.php', 108)
 2 SYSTEMPATH\CodeIgniter.php(932): Core\Controllers\Gallery\GalleryController->gallery('assets', 'img', 'ri_facebook-fill.png')
 3 SYSTEMPATH\CodeIgniter.php(497): CodeIgniter\CodeIgniter->runController(Object(Core\Controllers\Gallery\GalleryController))
 4 SYSTEMPATH\CodeIgniter.php(366): CodeIgniter\CodeIgniter->handleRequest(null, Object(Config\Cache), false)
 5 FCPATH\index.php(101): CodeIgniter\CodeIgniter->run()
INFO - 2024-07-31 10:58:39 --> Session: Class initialized using 'CodeIgniter\Session\Handlers\FileHandler' driver.
CRITICAL - 2024-07-31 10:58:39 --> Trying to access array offset on value of type null
in APPPATH\Controllers\Gallery\GalleryController.php on line 108.
 1 APPPATH\Controllers\Gallery\GalleryController.php(108): CodeIgniter\Debug\Exceptions->errorHandler(2, 'Trying to access array offset on value of type null', 'C:\\xampp\\htdocs\\oloogy\\backend\\app\\Controllers\\Gallery\\GalleryController.php', 108)
 2 SYSTEMPATH\CodeIgniter.php(932): Core\Controllers\Gallery\GalleryController->gallery('assets', 'img', 'Vector.png')
 3 SYSTEMPATH\CodeIgniter.php(497): CodeIgniter\CodeIgniter->runController(Object(Core\Controllers\Gallery\GalleryController))
 4 SYSTEMPATH\CodeIgniter.php(366): CodeIgniter\CodeIgniter->handleRequest(null, Object(Config\Cache), false)
 5 FCPATH\index.php(101): CodeIgniter\CodeIgniter->run()
INFO - 2024-07-31 10:58:39 --> Session: Class initialized using 'CodeIgniter\Session\Handlers\FileHandler' driver.
CRITICAL - 2024-07-31 10:58:39 --> Trying to access array offset on value of type null
in APPPATH\Controllers\Gallery\GalleryController.php on line 108.
 1 APPPATH\Controllers\Gallery\GalleryController.php(108): CodeIgniter\Debug\Exceptions->errorHandler(2, 'Trying to access array offset on value of type null', 'C:\\xampp\\htdocs\\oloogy\\backend\\app\\Controllers\\Gallery\\GalleryController.php', 108)
 2 SYSTEMPATH\CodeIgniter.php(932): Core\Controllers\Gallery\GalleryController->gallery('assets', 'img', 'ri_linkedin-fill.png')
 3 SYSTEMPATH\CodeIgniter.php(497): CodeIgniter\CodeIgniter->runController(Object(Core\Controllers\Gallery\GalleryController))
 4 SYSTEMPATH\CodeIgniter.php(366): CodeIgniter\CodeIgniter->handleRequest(null, Object(Config\Cache), false)
 5 FCPATH\index.php(101): CodeIgniter\CodeIgniter->run()
INFO - 2024-07-31 10:58:39 --> Session: Class initialized using 'CodeIgniter\Session\Handlers\FileHandler' driver.
CRITICAL - 2024-07-31 10:58:39 --> Trying to access array offset on value of type null
in APPPATH\Controllers\Gallery\GalleryController.php on line 108.
 1 APPPATH\Controllers\Gallery\GalleryController.php(108): CodeIgniter\Debug\Exceptions->errorHandler(2, 'Trying to access array offset on value of type null', 'C:\\xampp\\htdocs\\oloogy\\backend\\app\\Controllers\\Gallery\\GalleryController.php', 108)
 2 SYSTEMPATH\CodeIgniter.php(932): Core\Controllers\Gallery\GalleryController->gallery('assets', 'img', 'mobolo.png')
 3 SYSTEMPATH\CodeIgniter.php(497): CodeIgniter\CodeIgniter->runController(Object(Core\Controllers\Gallery\GalleryController))
 4 SYSTEMPATH\CodeIgniter.php(366): CodeIgniter\CodeIgniter->handleRequest(null, Object(Config\Cache), false)
 5 FCPATH\index.php(101): CodeIgniter\CodeIgniter->run()
INFO - 2024-07-31 10:58:39 --> Session: Class initialized using 'CodeIgniter\Session\Handlers\FileHandler' driver.
CRITICAL - 2024-07-31 10:58:39 --> Trying to access array offset on value of type null
in APPPATH\Controllers\Gallery\GalleryController.php on line 108.
 1 APPPATH\Controllers\Gallery\GalleryController.php(108): CodeIgniter\Debug\Exceptions->errorHandler(2, 'Trying to access array offset on value of type null', 'C:\\xampp\\htdocs\\oloogy\\backend\\app\\Controllers\\Gallery\\GalleryController.php', 108)
 2 SYSTEMPATH\CodeIgniter.php(932): Core\Controllers\Gallery\GalleryController->gallery('assets', 'img', 'lol.png')
 3 SYSTEMPATH\CodeIgniter.php(497): CodeIgniter\CodeIgniter->runController(Object(Core\Controllers\Gallery\GalleryController))
 4 SYSTEMPATH\CodeIgniter.php(366): CodeIgniter\CodeIgniter->handleRequest(null, Object(Config\Cache), false)
 5 FCPATH\index.php(101): CodeIgniter\CodeIgniter->run()
INFO - 2024-07-31 11:01:31 --> Session: Class initialized using 'CodeIgniter\Session\Handlers\FileHandler' driver.
INFO - 2024-07-31 11:01:34 --> Session: Class initialized using 'CodeIgniter\Session\Handlers\FileHandler' driver.
CRITICAL - 2024-07-31 11:01:34 --> Undefined variable $api
in APPPATH\Views\pages\admin-login.php on line 147.
 1 APPPATH\Views\pages\admin-login.php(147): CodeIgniter\Debug\Exceptions->errorHandler(2, 'Undefined variable $api', 'C:\\xampp\\htdocs\\oloogy\\backend\\app\\Views\\pages\\admin-login.php', 147)
 2 SYSTEMPATH\View\View.php(224): include('C:\\xampp\\htdocs\\oloogy\\backend\\app\\Views\\pages\\admin-login.php')
 3 SYSTEMPATH\View\View.php(227): CodeIgniter\View\View->CodeIgniter\View\{closure}()
 4 SYSTEMPATH\Common.php(1180): CodeIgniter\View\View->render('pages/admin-login', [], true)
 5 APPPATH\Controllers\Home.php(58): view('pages/admin-login')
 6 SYSTEMPATH\CodeIgniter.php(932): Core\Controllers\Home->admin_login()
 7 SYSTEMPATH\CodeIgniter.php(497): CodeIgniter\CodeIgniter->runController(Object(Core\Controllers\Home))
 8 SYSTEMPATH\CodeIgniter.php(366): CodeIgniter\CodeIgniter->handleRequest(null, Object(Config\Cache), false)
 9 FCPATH\index.php(101): CodeIgniter\CodeIgniter->run()
INFO - 2024-07-31 11:01:37 --> Session: Class initialized using 'CodeIgniter\Session\Handlers\FileHandler' driver.
INFO - 2024-07-31 11:01:50 --> Session: Class initialized using 'CodeIgniter\Session\Handlers\FileHandler' driver.
INFO - 2024-07-31 11:01:56 --> Session: Class initialized using 'CodeIgniter\Session\Handlers\FileHandler' driver.
INFO - 2024-07-31 11:01:58 --> Session: Class initialized using 'CodeIgniter\Session\Handlers\FileHandler' driver.
INFO - 2024-07-31 11:01:58 --> Session: Class initialized using 'CodeIgniter\Session\Handlers\FileHandler' driver.
CRITICAL - 2024-07-31 11:01:59 --> Trying to access array offset on value of type null
in APPPATH\Controllers\Gallery\GalleryController.php on line 108.
 1 APPPATH\Controllers\Gallery\GalleryController.php(108): CodeIgniter\Debug\Exceptions->errorHandler(2, 'Trying to access array offset on value of type null', 'C:\\xampp\\htdocs\\oloogy\\backend\\app\\Controllers\\Gallery\\GalleryController.php', 108)
 2 SYSTEMPATH\CodeIgniter.php(932): Core\Controllers\Gallery\GalleryController->gallery('assets', 'img', 'ri_facebook-fill.png')
 3 SYSTEMPATH\CodeIgniter.php(497): CodeIgniter\CodeIgniter->runController(Object(Core\Controllers\Gallery\GalleryController))
 4 SYSTEMPATH\CodeIgniter.php(366): CodeIgniter\CodeIgniter->handleRequest(null, Object(Config\Cache), false)
 5 FCPATH\index.php(101): CodeIgniter\CodeIgniter->run()
INFO - 2024-07-31 11:01:59 --> Session: Class initialized using 'CodeIgniter\Session\Handlers\FileHandler' driver.
CRITICAL - 2024-07-31 11:01:59 --> Trying to access array offset on value of type null
in APPPATH\Controllers\Gallery\GalleryController.php on line 108.
 1 APPPATH\Controllers\Gallery\GalleryController.php(108): CodeIgniter\Debug\Exceptions->errorHandler(2, 'Trying to access array offset on value of type null', 'C:\\xampp\\htdocs\\oloogy\\backend\\app\\Controllers\\Gallery\\GalleryController.php', 108)
 2 SYSTEMPATH\CodeIgniter.php(932): Core\Controllers\Gallery\GalleryController->gallery('assets', 'img', 'ri_linkedin-fill.png')
 3 SYSTEMPATH\CodeIgniter.php(497): CodeIgniter\CodeIgniter->runController(Object(Core\Controllers\Gallery\GalleryController))
 4 SYSTEMPATH\CodeIgniter.php(366): CodeIgniter\CodeIgniter->handleRequest(null, Object(Config\Cache), false)
 5 FCPATH\index.php(101): CodeIgniter\CodeIgniter->run()
INFO - 2024-07-31 11:01:59 --> Session: Class initialized using 'CodeIgniter\Session\Handlers\FileHandler' driver.
CRITICAL - 2024-07-31 11:01:59 --> Trying to access array offset on value of type null
in APPPATH\Controllers\Gallery\GalleryController.php on line 108.
 1 APPPATH\Controllers\Gallery\GalleryController.php(108): CodeIgniter\Debug\Exceptions->errorHandler(2, 'Trying to access array offset on value of type null', 'C:\\xampp\\htdocs\\oloogy\\backend\\app\\Controllers\\Gallery\\GalleryController.php', 108)
 2 SYSTEMPATH\CodeIgniter.php(932): Core\Controllers\Gallery\GalleryController->gallery('assets', 'img', 'Vector.png')
 3 SYSTEMPATH\CodeIgniter.php(497): CodeIgniter\CodeIgniter->runController(Object(Core\Controllers\Gallery\GalleryController))
 4 SYSTEMPATH\CodeIgniter.php(366): CodeIgniter\CodeIgniter->handleRequest(null, Object(Config\Cache), false)
 5 FCPATH\index.php(101): CodeIgniter\CodeIgniter->run()
INFO - 2024-07-31 11:01:59 --> Session: Class initialized using 'CodeIgniter\Session\Handlers\FileHandler' driver.
CRITICAL - 2024-07-31 11:01:59 --> Trying to access array offset on value of type null
in APPPATH\Controllers\Gallery\GalleryController.php on line 108.
 1 APPPATH\Controllers\Gallery\GalleryController.php(108): CodeIgniter\Debug\Exceptions->errorHandler(2, 'Trying to access array offset on value of type null', 'C:\\xampp\\htdocs\\oloogy\\backend\\app\\Controllers\\Gallery\\GalleryController.php', 108)
 2 SYSTEMPATH\CodeIgniter.php(932): Core\Controllers\Gallery\GalleryController->gallery('assets', 'img', 'lol.png')
 3 SYSTEMPATH\CodeIgniter.php(497): CodeIgniter\CodeIgniter->runController(Object(Core\Controllers\Gallery\GalleryController))
 4 SYSTEMPATH\CodeIgniter.php(366): CodeIgniter\CodeIgniter->handleRequest(null, Object(Config\Cache), false)
 5 FCPATH\index.php(101): CodeIgniter\CodeIgniter->run()
INFO - 2024-07-31 11:01:59 --> Session: Class initialized using 'CodeIgniter\Session\Handlers\FileHandler' driver.
CRITICAL - 2024-07-31 11:01:59 --> Trying to access array offset on value of type null
in APPPATH\Controllers\Gallery\GalleryController.php on line 108.
 1 APPPATH\Controllers\Gallery\GalleryController.php(108): CodeIgniter\Debug\Exceptions->errorHandler(2, 'Trying to access array offset on value of type null', 'C:\\xampp\\htdocs\\oloogy\\backend\\app\\Controllers\\Gallery\\GalleryController.php', 108)
 2 SYSTEMPATH\CodeIgniter.php(932): Core\Controllers\Gallery\GalleryController->gallery('assets', 'img', 'mobolo.png')
 3 SYSTEMPATH\CodeIgniter.php(497): CodeIgniter\CodeIgniter->runController(Object(Core\Controllers\Gallery\GalleryController))
 4 SYSTEMPATH\CodeIgniter.php(366): CodeIgniter\CodeIgniter->handleRequest(null, Object(Config\Cache), false)
 5 FCPATH\index.php(101): CodeIgniter\CodeIgniter->run()
INFO - 2024-07-31 11:02:59 --> Session: Class initialized using 'CodeIgniter\Session\Handlers\FileHandler' driver.
ERROR - 2024-07-31 11:03:00 --> mysqli_sql_exception: Unknown column 'created_at' in 'order clause' in C:\xampp\htdocs\oloogy\backend\system\Database\MySQLi\Connection.php:295
Stack trace:
#0 C:\xampp\htdocs\oloogy\backend\system\Database\MySQLi\Connection.php(295): mysqli->query('SELECT *\nFROM `...', 0)
#1 C:\xampp\htdocs\oloogy\backend\system\Database\BaseConnection.php(692): CodeIgniter\Database\MySQLi\Connection->execute('SELECT *\nFROM `...')
#2 C:\xampp\htdocs\oloogy\backend\system\Database\BaseConnection.php(606): CodeIgniter\Database\BaseConnection->simpleQuery('SELECT *\nFROM `...')
#3 C:\xampp\htdocs\oloogy\backend\system\Database\BaseBuilder.php(1616): CodeIgniter\Database\BaseConnection->query('SELECT *\nFROM `...', Array, false)
#4 C:\xampp\htdocs\oloogy\backend\system\Model.php(241): CodeIgniter\Database\BaseBuilder->get()
#5 C:\xampp\htdocs\oloogy\backend\system\BaseModel.php(618): CodeIgniter\Model->doFindAll(0, 0)
#6 C:\xampp\htdocs\oloogy\backend\app\Infrastructure\Persistence\DMLPersistence.php(107): CodeIgniter\BaseModel->findAll()
#7 C:\xampp\htdocs\oloogy\backend\app\Controllers\Event\EventController.php(33): App\Infrastructure\Persistence\Event\SQLEventRepository->findAll()
#8 C:\xampp\htdocs\oloogy\backend\system\CodeIgniter.php(932): Core\Controllers\Event\EventController->event()
#9 C:\xampp\htdocs\oloogy\backend\system\CodeIgniter.php(497): CodeIgniter\CodeIgniter->runController(Object(Core\Controllers\Event\EventController))
#10 C:\xampp\htdocs\oloogy\backend\system\CodeIgniter.php(366): CodeIgniter\CodeIgniter->handleRequest(NULL, Object(Config\Cache), false)
#11 C:\xampp\htdocs\oloogy\backend\index.php(101): CodeIgniter\CodeIgniter->run()
#12 {main}
CRITICAL - 2024-07-31 11:03:00 --> Unknown column 'created_at' in 'order clause'
in SYSTEMPATH\Database\MySQLi\Connection.php on line 295.
 1 SYSTEMPATH\Database\MySQLi\Connection.php(295): mysqli->query('SELECT *
FROM `event`
ORDER BY `created_at` DESC', 0)
 2 SYSTEMPATH\Database\BaseConnection.php(692): CodeIgniter\Database\MySQLi\Connection->execute('SELECT *
FROM `event`
ORDER BY `created_at` DESC')
 3 SYSTEMPATH\Database\BaseConnection.php(606): CodeIgniter\Database\BaseConnection->simpleQuery('SELECT *
FROM `event`
ORDER BY `created_at` DESC')
 4 SYSTEMPATH\Database\BaseBuilder.php(1616): CodeIgniter\Database\BaseConnection->query('SELECT *
FROM `event`
ORDER BY `created_at` DESC', [], false)
 5 SYSTEMPATH\Model.php(241): CodeIgniter\Database\BaseBuilder->get()
 6 SYSTEMPATH\BaseModel.php(618): CodeIgniter\Model->doFindAll(0, 0)
 7 APPPATH\Infrastructure\Persistence\DMLPersistence.php(107): CodeIgniter\BaseModel->findAll()
 8 APPPATH\Controllers\Event\EventController.php(33): App\Infrastructure\Persistence\Event\SQLEventRepository->findAll()
 9 SYSTEMPATH\CodeIgniter.php(932): Core\Controllers\Event\EventController->event()
10 SYSTEMPATH\CodeIgniter.php(497): CodeIgniter\CodeIgniter->runController(Object(Core\Controllers\Event\EventController))
11 SYSTEMPATH\CodeIgniter.php(366): CodeIgniter\CodeIgniter->handleRequest(null, Object(Config\Cache), false)
12 FCPATH\index.php(101): CodeIgniter\CodeIgniter->run()
INFO - 2024-07-31 11:04:11 --> Session: Class initialized using 'CodeIgniter\Session\Handlers\FileHandler' driver.
INFO - 2024-07-31 11:04:14 --> Session: Class initialized using 'CodeIgniter\Session\Handlers\FileHandler' driver.
INFO - 2024-07-31 11:04:45 --> Session: Class initialized using 'CodeIgniter\Session\Handlers\FileHandler' driver.
INFO - 2024-07-31 11:05:24 --> Session: Class initialized using 'CodeIgniter\Session\Handlers\FileHandler' driver.
ERROR - 2024-07-31 11:05:24 --> mysqli_sql_exception: Unknown column 'created_at' in 'order clause' in C:\xampp\htdocs\oloogy\backend\system\Database\MySQLi\Connection.php:295
Stack trace:
#0 C:\xampp\htdocs\oloogy\backend\system\Database\MySQLi\Connection.php(295): mysqli->query('SELECT *\nFROM `...', 0)
#1 C:\xampp\htdocs\oloogy\backend\system\Database\BaseConnection.php(692): CodeIgniter\Database\MySQLi\Connection->execute('SELECT *\nFROM `...')
#2 C:\xampp\htdocs\oloogy\backend\system\Database\BaseConnection.php(606): CodeIgniter\Database\BaseConnection->simpleQuery('SELECT *\nFROM `...')
#3 C:\xampp\htdocs\oloogy\backend\system\Database\BaseBuilder.php(1616): CodeIgniter\Database\BaseConnection->query('SELECT *\nFROM `...', Array, false)
#4 C:\xampp\htdocs\oloogy\backend\system\Model.php(241): CodeIgniter\Database\BaseBuilder->get()
#5 C:\xampp\htdocs\oloogy\backend\system\BaseModel.php(618): CodeIgniter\Model->doFindAll(0, 0)
#6 C:\xampp\htdocs\oloogy\backend\app\Infrastructure\Persistence\DMLPersistence.php(107): CodeIgniter\BaseModel->findAll()
#7 C:\xampp\htdocs\oloogy\backend\app\Controllers\Event\EventController.php(33): App\Infrastructure\Persistence\Event\SQLEventRepository->findAll()
#8 C:\xampp\htdocs\oloogy\backend\system\CodeIgniter.php(932): Core\Controllers\Event\EventController->event()
#9 C:\xampp\htdocs\oloogy\backend\system\CodeIgniter.php(497): CodeIgniter\CodeIgniter->runController(Object(Core\Controllers\Event\EventController))
#10 C:\xampp\htdocs\oloogy\backend\system\CodeIgniter.php(366): CodeIgniter\CodeIgniter->handleRequest(NULL, Object(Config\Cache), false)
#11 C:\xampp\htdocs\oloogy\backend\index.php(101): CodeIgniter\CodeIgniter->run()
#12 {main}
CRITICAL - 2024-07-31 11:05:24 --> Unknown column 'created_at' in 'order clause'
in SYSTEMPATH\Database\MySQLi\Connection.php on line 295.
 1 SYSTEMPATH\Database\MySQLi\Connection.php(295): mysqli->query('SELECT *
FROM `event`
ORDER BY `created_at` DESC', 0)
 2 SYSTEMPATH\Database\BaseConnection.php(692): CodeIgniter\Database\MySQLi\Connection->execute('SELECT *
FROM `event`
ORDER BY `created_at` DESC')
 3 SYSTEMPATH\Database\BaseConnection.php(606): CodeIgniter\Database\BaseConnection->simpleQuery('SELECT *
FROM `event`
ORDER BY `created_at` DESC')
 4 SYSTEMPATH\Database\BaseBuilder.php(1616): CodeIgniter\Database\BaseConnection->query('SELECT *
FROM `event`
ORDER BY `created_at` DESC', [], false)
 5 SYSTEMPATH\Model.php(241): CodeIgniter\Database\BaseBuilder->get()
 6 SYSTEMPATH\BaseModel.php(618): CodeIgniter\Model->doFindAll(0, 0)
 7 APPPATH\Infrastructure\Persistence\DMLPersistence.php(107): CodeIgniter\BaseModel->findAll()
 8 APPPATH\Controllers\Event\EventController.php(33): App\Infrastructure\Persistence\Event\SQLEventRepository->findAll()
 9 SYSTEMPATH\CodeIgniter.php(932): Core\Controllers\Event\EventController->event()
10 SYSTEMPATH\CodeIgniter.php(497): CodeIgniter\CodeIgniter->runController(Object(Core\Controllers\Event\EventController))
11 SYSTEMPATH\CodeIgniter.php(366): CodeIgniter\CodeIgniter->handleRequest(null, Object(Config\Cache), false)
12 FCPATH\index.php(101): CodeIgniter\CodeIgniter->run()
INFO - 2024-07-31 11:05:28 --> Session: Class initialized using 'CodeIgniter\Session\Handlers\FileHandler' driver.
INFO - 2024-07-31 11:05:30 --> Session: Class initialized using 'CodeIgniter\Session\Handlers\FileHandler' driver.
ERROR - 2024-07-31 11:05:30 --> mysqli_sql_exception: Unknown column 'created_at' in 'order clause' in C:\xampp\htdocs\oloogy\backend\system\Database\MySQLi\Connection.php:295
Stack trace:
#0 C:\xampp\htdocs\oloogy\backend\system\Database\MySQLi\Connection.php(295): mysqli->query('SELECT *\nFROM `...', 0)
#1 C:\xampp\htdocs\oloogy\backend\system\Database\BaseConnection.php(692): CodeIgniter\Database\MySQLi\Connection->execute('SELECT *\nFROM `...')
#2 C:\xampp\htdocs\oloogy\backend\system\Database\BaseConnection.php(606): CodeIgniter\Database\BaseConnection->simpleQuery('SELECT *\nFROM `...')
#3 C:\xampp\htdocs\oloogy\backend\system\Database\BaseBuilder.php(1616): CodeIgniter\Database\BaseConnection->query('SELECT *\nFROM `...', Array, false)
#4 C:\xampp\htdocs\oloogy\backend\system\Model.php(241): CodeIgniter\Database\BaseBuilder->get()
#5 C:\xampp\htdocs\oloogy\backend\system\BaseModel.php(618): CodeIgniter\Model->doFindAll(0, 0)
#6 C:\xampp\htdocs\oloogy\backend\app\Infrastructure\Persistence\DMLPersistence.php(107): CodeIgniter\BaseModel->findAll()
#7 C:\xampp\htdocs\oloogy\backend\app\Controllers\Event\EventController.php(33): App\Infrastructure\Persistence\Event\SQLEventRepository->findAll()
#8 C:\xampp\htdocs\oloogy\backend\system\CodeIgniter.php(932): Core\Controllers\Event\EventController->event()
#9 C:\xampp\htdocs\oloogy\backend\system\CodeIgniter.php(497): CodeIgniter\CodeIgniter->runController(Object(Core\Controllers\Event\EventController))
#10 C:\xampp\htdocs\oloogy\backend\system\CodeIgniter.php(366): CodeIgniter\CodeIgniter->handleRequest(NULL, Object(Config\Cache), false)
#11 C:\xampp\htdocs\oloogy\backend\index.php(101): CodeIgniter\CodeIgniter->run()
#12 {main}
CRITICAL - 2024-07-31 11:05:30 --> Unknown column 'created_at' in 'order clause'
in SYSTEMPATH\Database\MySQLi\Connection.php on line 295.
 1 SYSTEMPATH\Database\MySQLi\Connection.php(295): mysqli->query('SELECT *
FROM `event`
ORDER BY `created_at` DESC', 0)
 2 SYSTEMPATH\Database\BaseConnection.php(692): CodeIgniter\Database\MySQLi\Connection->execute('SELECT *
FROM `event`
ORDER BY `created_at` DESC')
 3 SYSTEMPATH\Database\BaseConnection.php(606): CodeIgniter\Database\BaseConnection->simpleQuery('SELECT *
FROM `event`
ORDER BY `created_at` DESC')
 4 SYSTEMPATH\Database\BaseBuilder.php(1616): CodeIgniter\Database\BaseConnection->query('SELECT *
FROM `event`
ORDER BY `created_at` DESC', [], false)
 5 SYSTEMPATH\Model.php(241): CodeIgniter\Database\BaseBuilder->get()
 6 SYSTEMPATH\BaseModel.php(618): CodeIgniter\Model->doFindAll(0, 0)
 7 APPPATH\Infrastructure\Persistence\DMLPersistence.php(107): CodeIgniter\BaseModel->findAll()
 8 APPPATH\Controllers\Event\EventController.php(33): App\Infrastructure\Persistence\Event\SQLEventRepository->findAll()
 9 SYSTEMPATH\CodeIgniter.php(932): Core\Controllers\Event\EventController->event()
10 SYSTEMPATH\CodeIgniter.php(497): CodeIgniter\CodeIgniter->runController(Object(Core\Controllers\Event\EventController))
11 SYSTEMPATH\CodeIgniter.php(366): CodeIgniter\CodeIgniter->handleRequest(null, Object(Config\Cache), false)
12 FCPATH\index.php(101): CodeIgniter\CodeIgniter->run()
INFO - 2024-07-31 11:06:02 --> Session: Class initialized using 'CodeIgniter\Session\Handlers\FileHandler' driver.
INFO - 2024-07-31 11:06:04 --> Session: Class initialized using 'CodeIgniter\Session\Handlers\FileHandler' driver.
INFO - 2024-07-31 11:06:36 --> Session: Class initialized using 'CodeIgniter\Session\Handlers\FileHandler' driver.
CRITICAL - 2024-07-31 11:06:36 --> Undefined array key "eventdetailsData"
in APPPATH\Views\pages\event.php on line 104.
 1 APPPATH\Views\pages\event.php(104): CodeIgniter\Debug\Exceptions->errorHandler(2, 'Undefined array key "eventdetailsData"', 'C:\\xampp\\htdocs\\oloogy\\backend\\app\\Views\\pages\\event.php', 104)
 2 SYSTEMPATH\View\View.php(224): include('C:\\xampp\\htdocs\\oloogy\\backend\\app\\Views\\pages\\event.php')
 3 SYSTEMPATH\View\View.php(227): CodeIgniter\View\View->CodeIgniter\View\{closure}()
 4 SYSTEMPATH\Common.php(1180): CodeIgniter\View\View->render('pages/event', [], true)
 5 APPPATH\Controllers\Event\EventController.php(35): view('pages/event', [...])
 6 SYSTEMPATH\CodeIgniter.php(932): Core\Controllers\Event\EventController->event()
 7 SYSTEMPATH\CodeIgniter.php(497): CodeIgniter\CodeIgniter->runController(Object(Core\Controllers\Event\EventController))
 8 SYSTEMPATH\CodeIgniter.php(366): CodeIgniter\CodeIgniter->handleRequest(null, Object(Config\Cache), false)
 9 FCPATH\index.php(101): CodeIgniter\CodeIgniter->run()
INFO - 2024-07-31 11:07:11 --> Session: Class initialized using 'CodeIgniter\Session\Handlers\FileHandler' driver.
CRITICAL - 2024-07-31 11:07:11 --> Undefined array key "eventdetailsData"
in APPPATH\Views\pages\event.php on line 104.
 1 APPPATH\Views\pages\event.php(104): CodeIgniter\Debug\Exceptions->errorHandler(2, 'Undefined array key "eventdetailsData"', 'C:\\xampp\\htdocs\\oloogy\\backend\\app\\Views\\pages\\event.php', 104)
 2 SYSTEMPATH\View\View.php(224): include('C:\\xampp\\htdocs\\oloogy\\backend\\app\\Views\\pages\\event.php')
 3 SYSTEMPATH\View\View.php(227): CodeIgniter\View\View->CodeIgniter\View\{closure}()
 4 SYSTEMPATH\Common.php(1180): CodeIgniter\View\View->render('pages/event', [], true)
 5 APPPATH\Controllers\Event\EventController.php(35): view('pages/event', [...])
 6 SYSTEMPATH\CodeIgniter.php(932): Core\Controllers\Event\EventController->event()
 7 SYSTEMPATH\CodeIgniter.php(497): CodeIgniter\CodeIgniter->runController(Object(Core\Controllers\Event\EventController))
 8 SYSTEMPATH\CodeIgniter.php(366): CodeIgniter\CodeIgniter->handleRequest(null, Object(Config\Cache), false)
 9 FCPATH\index.php(101): CodeIgniter\CodeIgniter->run()
INFO - 2024-07-31 11:07:18 --> Session: Class initialized using 'CodeIgniter\Session\Handlers\FileHandler' driver.
INFO - 2024-07-31 12:20:52 --> Session: Class initialized using 'CodeIgniter\Session\Handlers\FileHandler' driver.
INFO - 2024-07-31 12:21:35 --> Session: Class initialized using 'CodeIgniter\Session\Handlers\FileHandler' driver.
INFO - 2024-07-31 12:24:59 --> Session: Class initialized using 'CodeIgniter\Session\Handlers\FileHandler' driver.
INFO - 2024-07-31 12:26:35 --> Session: Class initialized using 'CodeIgniter\Session\Handlers\FileHandler' driver.
INFO - 2024-07-31 12:27:43 --> Session: Class initialized using 'CodeIgniter\Session\Handlers\FileHandler' driver.
INFO - 2024-07-31 12:28:46 --> Session: Class initialized using 'CodeIgniter\Session\Handlers\FileHandler' driver.
CRITICAL - 2024-07-31 12:28:46 --> Cannot access offset of type string on string
in APPPATH\Controllers\Event\EventController.php on line 54.
 1 SYSTEMPATH\CodeIgniter.php(932): Core\Controllers\Event\EventController->save()
 2 SYSTEMPATH\CodeIgniter.php(497): CodeIgniter\CodeIgniter->runController(Object(Core\Controllers\Event\EventController))
 3 SYSTEMPATH\CodeIgniter.php(366): CodeIgniter\CodeIgniter->handleRequest(null, Object(Config\Cache), false)
 4 FCPATH\index.php(101): CodeIgniter\CodeIgniter->run()
INFO - 2024-07-31 12:28:56 --> Session: Class initialized using 'CodeIgniter\Session\Handlers\FileHandler' driver.
INFO - 2024-07-31 12:33:33 --> Session: Class initialized using 'CodeIgniter\Session\Handlers\FileHandler' driver.
INFO - 2024-07-31 13:23:23 --> Session: Class initialized using 'CodeIgniter\Session\Handlers\FileHandler' driver.
INFO - 2024-07-31 13:29:24 --> Session: Class initialized using 'CodeIgniter\Session\Handlers\FileHandler' driver.
CRITICAL - 2024-07-31 13:29:25 --> Undefined variable $api
in APPPATH\Views\pages\admin-dashboard.php on line 687.
 1 APPPATH\Views\pages\admin-dashboard.php(687): CodeIgniter\Debug\Exceptions->errorHandler(2, 'Undefined variable $api', 'C:\\xampp\\htdocs\\oloogy\\backend\\app\\Views\\pages\\admin-dashboard.php', 687)
 2 SYSTEMPATH\View\View.php(224): include('C:\\xampp\\htdocs\\oloogy\\backend\\app\\Views\\pages\\admin-dashboard.php')
 3 SYSTEMPATH\View\View.php(227): CodeIgniter\View\View->CodeIgniter\View\{closure}()
 4 SYSTEMPATH\Common.php(1180): CodeIgniter\View\View->render('pages/admin-dashboard', [], true)
 5 APPPATH\Controllers\Home.php(52): view('pages/admin-dashboard')
 6 SYSTEMPATH\CodeIgniter.php(932): Core\Controllers\Home->admin_dashboard()
 7 SYSTEMPATH\CodeIgniter.php(497): CodeIgniter\CodeIgniter->runController(Object(Core\Controllers\Home))
 8 SYSTEMPATH\CodeIgniter.php(366): CodeIgniter\CodeIgniter->handleRequest(null, Object(Config\Cache), false)
 9 FCPATH\index.php(101): CodeIgniter\CodeIgniter->run()
