INFO - 2024-06-13 04:22:05 --> Session: Class initialized using 'CodeIgniter\Session\Handlers\FileHandler' driver.
INFO - 2024-06-13 04:22:18 --> Session: Class initialized using 'CodeIgniter\Session\Handlers\FileHandler' driver.
INFO - 2024-06-13 04:27:45 --> Session: Class initialized using 'CodeIgniter\Session\Handlers\FileHandler' driver.
INFO - 2024-06-13 04:28:06 --> Session: Class initialized using 'CodeIgniter\Session\Handlers\FileHandler' driver.
INFO - 2024-06-13 04:29:09 --> Session: Class initialized using 'CodeIgniter\Session\Handlers\FileHandler' driver.
INFO - 2024-06-13 04:29:13 --> Session: Class initialized using 'CodeIgniter\Session\Handlers\FileHandler' driver.
INFO - 2024-06-13 04:30:41 --> Session: Class initialized using 'CodeIgniter\Session\Handlers\FileHandler' driver.
INFO - 2024-06-13 04:30:49 --> Session: Class initialized using 'CodeIgniter\Session\Handlers\FileHandler' driver.
INFO - 2024-06-13 04:31:02 --> Session: Class initialized using 'CodeIgniter\Session\Handlers\FileHandler' driver.
INFO - 2024-06-13 04:31:07 --> Session: Class initialized using 'CodeIgniter\Session\Handlers\FileHandler' driver.
INFO - 2024-06-13 04:31:22 --> Session: Class initialized using 'CodeIgniter\Session\Handlers\FileHandler' driver.
INFO - 2024-06-13 04:36:57 --> Session: Class initialized using 'CodeIgniter\Session\Handlers\FileHandler' driver.
INFO - 2024-06-13 04:38:37 --> Session: Class initialized using 'CodeIgniter\Session\Handlers\FileHandler' driver.
INFO - 2024-06-13 04:42:27 --> Session: Class initialized using 'CodeIgniter\Session\Handlers\FileHandler' driver.
INFO - 2024-06-13 04:42:37 --> Session: Class initialized using 'CodeIgniter\Session\Handlers\FileHandler' driver.
INFO - 2024-06-13 04:47:47 --> Session: Class initialized using 'CodeIgniter\Session\Handlers\FileHandler' driver.
INFO - 2024-06-13 04:50:28 --> Session: Class initialized using 'CodeIgniter\Session\Handlers\FileHandler' driver.
INFO - 2024-06-13 05:00:15 --> Session: Class initialized using 'CodeIgniter\Session\Handlers\FileHandler' driver.
INFO - 2024-06-13 05:00:39 --> Session: Class initialized using 'CodeIgniter\Session\Handlers\FileHandler' driver.
INFO - 2024-06-13 05:00:53 --> Session: Class initialized using 'CodeIgniter\Session\Handlers\FileHandler' driver.
INFO - 2024-06-13 05:05:46 --> Session: Class initialized using 'CodeIgniter\Session\Handlers\FileHandler' driver.
CRITICAL - 2024-06-13 05:05:46 --> Trying to access array offset on value of type int
in SYSTEMPATH\Validation\Validation.php on line 717.
 1 SYSTEMPATH\Validation\Validation.php(717): CodeIgniter\Debug\Exceptions->errorHandler(2, 'Trying to access array offset on value of type int', 'C:\\xampp\\htdocs\\iaoi\\iaoi_full\\backend\\system\\Validation\\Validation.php', 717)
 2 SYSTEMPATH\Validation\Validation.php(141): CodeIgniter\Validation\Validation->fillPlaceholders([...], [...])
 3 SYSTEMPATH\Controller.php(140): CodeIgniter\Validation\Validation->run()
 4 APPPATH\Controllers\Become_a_member.php(73): CodeIgniter\Controller->validate([...])
 5 SYSTEMPATH\CodeIgniter.php(932): Core\Controllers\Become_a_member->member_req()
 6 SYSTEMPATH\CodeIgniter.php(497): CodeIgniter\CodeIgniter->runController(Object(Core\Controllers\Become_a_member))
 7 SYSTEMPATH\CodeIgniter.php(366): CodeIgniter\CodeIgniter->handleRequest(null, Object(Config\Cache), false)
 8 FCPATH\index.php(101): CodeIgniter\CodeIgniter->run()
INFO - 2024-06-13 05:06:17 --> Session: Class initialized using 'CodeIgniter\Session\Handlers\FileHandler' driver.
INFO - 2024-06-13 05:07:35 --> Session: Class initialized using 'CodeIgniter\Session\Handlers\FileHandler' driver.
ERROR - 2024-06-13 05:07:35 --> mysqli_sql_exception: Duplicate entry 'bb@gmail.com' for key 'email_id_unique' in C:\xampp\htdocs\iaoi\iaoi_full\backend\system\Database\MySQLi\Connection.php:295
Stack trace:
#0 C:\xampp\htdocs\iaoi\iaoi_full\backend\system\Database\MySQLi\Connection.php(295): mysqli->query('INSERT INTO `me...', 0)
#1 C:\xampp\htdocs\iaoi\iaoi_full\backend\system\Database\BaseConnection.php(692): CodeIgniter\Database\MySQLi\Connection->execute('INSERT INTO `me...')
#2 C:\xampp\htdocs\iaoi\iaoi_full\backend\system\Database\BaseConnection.php(606): CodeIgniter\Database\BaseConnection->simpleQuery('INSERT INTO `me...')
#3 C:\xampp\htdocs\iaoi\iaoi_full\backend\system\Database\BaseBuilder.php(2308): CodeIgniter\Database\BaseConnection->query('INSERT INTO `me...', Array, false)
#4 C:\xampp\htdocs\iaoi\iaoi_full\backend\system\Model.php(330): CodeIgniter\Database\BaseBuilder->insert()
#5 C:\xampp\htdocs\iaoi\iaoi_full\backend\system\BaseModel.php(782): CodeIgniter\Model->doInsert(Array)
#6 C:\xampp\htdocs\iaoi\iaoi_full\backend\system\Model.php(730): CodeIgniter\BaseModel->insert(Array, true)
#7 C:\xampp\htdocs\iaoi\iaoi_full\backend\app\Infrastructure\Persistence\DMLPersistence.php(66): CodeIgniter\Model->insert(Object(App\Domain\Member\Member_request))
#8 C:\xampp\htdocs\iaoi\iaoi_full\backend\Module\Master\Controllers\Member\Member_requestController.php(31): App\Infrastructure\Persistence\Member\SQLMember_requestRepository->insert(Object(App\Domain\Member\Member_request))
#9 C:\xampp\htdocs\iaoi\iaoi_full\backend\system\CodeIgniter.php(932): App\Controllers\Member\Member_requestController->memberSave()
#10 C:\xampp\htdocs\iaoi\iaoi_full\backend\system\CodeIgniter.php(497): CodeIgniter\CodeIgniter->runController(Object(App\Controllers\Member\Member_requestController))
#11 C:\xampp\htdocs\iaoi\iaoi_full\backend\system\CodeIgniter.php(366): CodeIgniter\CodeIgniter->handleRequest(NULL, Object(Config\Cache), false)
#12 C:\xampp\htdocs\iaoi\iaoi_full\backend\index.php(101): CodeIgniter\CodeIgniter->run()
#13 {main}
CRITICAL - 2024-06-13 05:07:35 --> Duplicate entry 'bb@gmail.com' for key 'email_id_unique'
in SYSTEMPATH\Database\MySQLi\Connection.php on line 295.
 1 SYSTEMPATH\Database\MySQLi\Connection.php(295): mysqli->query('INSERT INTO `member_request` (`first_name`, `last_name`, `email_id`, `address`, `country`, `state`, `city`, `pincode`, `field`, `reg_no`, `dob`, `college_name`, `mobile_no`, `status`, `created_at`, `updated_at`) VALUES (\'judha\', \'francis\', \'bb@gmail.com\', \'rdrwqFC\', \'vrev\', \'vrev\', \'gfv\', \'13142\', \'student\', \'21345\', \'2024-06-06\', \'ponjesly\', \'6381108620\', 2, \'2024-06-13 05:07:35\', \'2024-06-13 05:07:35\')', 0)
 2 SYSTEMPATH\Database\BaseConnection.php(692): CodeIgniter\Database\MySQLi\Connection->execute('INSERT INTO `member_request` (`first_name`, `last_name`, `email_id`, `address`, `country`, `state`, `city`, `pincode`, `field`, `reg_no`, `dob`, `college_name`, `mobile_no`, `status`, `created_at`, `updated_at`) VALUES (\'judha\', \'francis\', \'bb@gmail.com\', \'rdrwqFC\', \'vrev\', \'vrev\', \'gfv\', \'13142\', \'student\', \'21345\', \'2024-06-06\', \'ponjesly\', \'6381108620\', 2, \'2024-06-13 05:07:35\', \'2024-06-13 05:07:35\')')
 3 SYSTEMPATH\Database\BaseConnection.php(606): CodeIgniter\Database\BaseConnection->simpleQuery('INSERT INTO `member_request` (`first_name`, `last_name`, `email_id`, `address`, `country`, `state`, `city`, `pincode`, `field`, `reg_no`, `dob`, `college_name`, `mobile_no`, `status`, `created_at`, `updated_at`) VALUES (\'judha\', \'francis\', \'bb@gmail.com\', \'rdrwqFC\', \'vrev\', \'vrev\', \'gfv\', \'13142\', \'student\', \'21345\', \'2024-06-06\', \'ponjesly\', \'6381108620\', 2, \'2024-06-13 05:07:35\', \'2024-06-13 05:07:35\')')
 4 SYSTEMPATH\Database\BaseBuilder.php(2308): CodeIgniter\Database\BaseConnection->query('INSERT INTO `member_request` (`first_name`, `last_name`, `email_id`, `address`, `country`, `state`, `city`, `pincode`, `field`, `reg_no`, `dob`, `college_name`, `mobile_no`, `status`, `created_at`, `updated_at`) VALUES (:first_name:, :last_name:, :email_id:, :address:, :country:, :state:, :city:, :pincode:, :field:, :reg_no:, :dob:, :college_name:, :mobile_no:, :status:, :created_at:, :updated_at:)', [...], false)
 5 SYSTEMPATH\Model.php(330): CodeIgniter\Database\BaseBuilder->insert()
 6 SYSTEMPATH\BaseModel.php(782): CodeIgniter\Model->doInsert([...])
 7 SYSTEMPATH\Model.php(730): CodeIgniter\BaseModel->insert([...], true)
 8 APPPATH\Infrastructure\Persistence\DMLPersistence.php(66): CodeIgniter\Model->insert(Object(App\Domain\Member\Member_request))
 9 FCPATH\Module\Master\Controllers\Member\Member_requestController.php(31): App\Infrastructure\Persistence\Member\SQLMember_requestRepository->insert(Object(App\Domain\Member\Member_request))
10 SYSTEMPATH\CodeIgniter.php(932): App\Controllers\Member\Member_requestController->memberSave()
11 SYSTEMPATH\CodeIgniter.php(497): CodeIgniter\CodeIgniter->runController(Object(App\Controllers\Member\Member_requestController))
12 SYSTEMPATH\CodeIgniter.php(366): CodeIgniter\CodeIgniter->handleRequest(null, Object(Config\Cache), false)
13 FCPATH\index.php(101): CodeIgniter\CodeIgniter->run()
INFO - 2024-06-13 05:07:48 --> Session: Class initialized using 'CodeIgniter\Session\Handlers\FileHandler' driver.
INFO - 2024-06-13 05:10:59 --> Session: Class initialized using 'CodeIgniter\Session\Handlers\FileHandler' driver.
INFO - 2024-06-13 05:13:31 --> Session: Class initialized using 'CodeIgniter\Session\Handlers\FileHandler' driver.
INFO - 2024-06-13 05:14:16 --> Session: Class initialized using 'CodeIgniter\Session\Handlers\FileHandler' driver.
INFO - 2024-06-13 05:14:31 --> Session: Class initialized using 'CodeIgniter\Session\Handlers\FileHandler' driver.
INFO - 2024-06-13 05:15:29 --> Session: Class initialized using 'CodeIgniter\Session\Handlers\FileHandler' driver.
INFO - 2024-06-13 05:16:40 --> Session: Class initialized using 'CodeIgniter\Session\Handlers\FileHandler' driver.
ERROR - 2024-06-13 05:16:40 --> mysqli_sql_exception: Duplicate entry 'h@gmail.com' for key 'email_id_unique' in C:\xampp\htdocs\iaoi\iaoi_full\backend\system\Database\MySQLi\Connection.php:295
Stack trace:
#0 C:\xampp\htdocs\iaoi\iaoi_full\backend\system\Database\MySQLi\Connection.php(295): mysqli->query('INSERT INTO `me...', 0)
#1 C:\xampp\htdocs\iaoi\iaoi_full\backend\system\Database\BaseConnection.php(692): CodeIgniter\Database\MySQLi\Connection->execute('INSERT INTO `me...')
#2 C:\xampp\htdocs\iaoi\iaoi_full\backend\system\Database\BaseConnection.php(606): CodeIgniter\Database\BaseConnection->simpleQuery('INSERT INTO `me...')
#3 C:\xampp\htdocs\iaoi\iaoi_full\backend\system\Database\BaseBuilder.php(2308): CodeIgniter\Database\BaseConnection->query('INSERT INTO `me...', Array, false)
#4 C:\xampp\htdocs\iaoi\iaoi_full\backend\system\Model.php(330): CodeIgniter\Database\BaseBuilder->insert()
#5 C:\xampp\htdocs\iaoi\iaoi_full\backend\system\BaseModel.php(782): CodeIgniter\Model->doInsert(Array)
#6 C:\xampp\htdocs\iaoi\iaoi_full\backend\system\Model.php(730): CodeIgniter\BaseModel->insert(Array, true)
#7 C:\xampp\htdocs\iaoi\iaoi_full\backend\app\Infrastructure\Persistence\DMLPersistence.php(66): CodeIgniter\Model->insert(Object(App\Domain\Member\Member_request))
#8 C:\xampp\htdocs\iaoi\iaoi_full\backend\Module\Master\Controllers\Member\Member_requestController.php(31): App\Infrastructure\Persistence\Member\SQLMember_requestRepository->insert(Object(App\Domain\Member\Member_request))
#9 C:\xampp\htdocs\iaoi\iaoi_full\backend\system\CodeIgniter.php(932): App\Controllers\Member\Member_requestController->memberSave()
#10 C:\xampp\htdocs\iaoi\iaoi_full\backend\system\CodeIgniter.php(497): CodeIgniter\CodeIgniter->runController(Object(App\Controllers\Member\Member_requestController))
#11 C:\xampp\htdocs\iaoi\iaoi_full\backend\system\CodeIgniter.php(366): CodeIgniter\CodeIgniter->handleRequest(NULL, Object(Config\Cache), false)
#12 C:\xampp\htdocs\iaoi\iaoi_full\backend\index.php(101): CodeIgniter\CodeIgniter->run()
#13 {main}
CRITICAL - 2024-06-13 05:16:40 --> Duplicate entry 'h@gmail.com' for key 'email_id_unique'
in SYSTEMPATH\Database\MySQLi\Connection.php on line 295.
 1 SYSTEMPATH\Database\MySQLi\Connection.php(295): mysqli->query('INSERT INTO `member_request` (`first_name`, `last_name`, `email_id`, `address`, `country`, `state`, `city`, `pincode`, `field`, `reg_no`, `dob`, `college_name`, `mobile_no`, `status`, `created_at`, `updated_at`) VALUES (\'ssds\', \'francis\', \'h@gmail.com\', \'edfc\', \'vrev\', \'Tamilnadu\', \'gfv\', \'13142\', \'student\', \'21345\', \'2024-06-15\', \'ponjesly\', \'6381108620\', 2, \'2024-06-13 05:16:40\', \'2024-06-13 05:16:40\')', 0)
 2 SYSTEMPATH\Database\BaseConnection.php(692): CodeIgniter\Database\MySQLi\Connection->execute('INSERT INTO `member_request` (`first_name`, `last_name`, `email_id`, `address`, `country`, `state`, `city`, `pincode`, `field`, `reg_no`, `dob`, `college_name`, `mobile_no`, `status`, `created_at`, `updated_at`) VALUES (\'ssds\', \'francis\', \'h@gmail.com\', \'edfc\', \'vrev\', \'Tamilnadu\', \'gfv\', \'13142\', \'student\', \'21345\', \'2024-06-15\', \'ponjesly\', \'6381108620\', 2, \'2024-06-13 05:16:40\', \'2024-06-13 05:16:40\')')
 3 SYSTEMPATH\Database\BaseConnection.php(606): CodeIgniter\Database\BaseConnection->simpleQuery('INSERT INTO `member_request` (`first_name`, `last_name`, `email_id`, `address`, `country`, `state`, `city`, `pincode`, `field`, `reg_no`, `dob`, `college_name`, `mobile_no`, `status`, `created_at`, `updated_at`) VALUES (\'ssds\', \'francis\', \'h@gmail.com\', \'edfc\', \'vrev\', \'Tamilnadu\', \'gfv\', \'13142\', \'student\', \'21345\', \'2024-06-15\', \'ponjesly\', \'6381108620\', 2, \'2024-06-13 05:16:40\', \'2024-06-13 05:16:40\')')
 4 SYSTEMPATH\Database\BaseBuilder.php(2308): CodeIgniter\Database\BaseConnection->query('INSERT INTO `member_request` (`first_name`, `last_name`, `email_id`, `address`, `country`, `state`, `city`, `pincode`, `field`, `reg_no`, `dob`, `college_name`, `mobile_no`, `status`, `created_at`, `updated_at`) VALUES (:first_name:, :last_name:, :email_id:, :address:, :country:, :state:, :city:, :pincode:, :field:, :reg_no:, :dob:, :college_name:, :mobile_no:, :status:, :created_at:, :updated_at:)', [...], false)
 5 SYSTEMPATH\Model.php(330): CodeIgniter\Database\BaseBuilder->insert()
 6 SYSTEMPATH\BaseModel.php(782): CodeIgniter\Model->doInsert([...])
 7 SYSTEMPATH\Model.php(730): CodeIgniter\BaseModel->insert([...], true)
 8 APPPATH\Infrastructure\Persistence\DMLPersistence.php(66): CodeIgniter\Model->insert(Object(App\Domain\Member\Member_request))
 9 FCPATH\Module\Master\Controllers\Member\Member_requestController.php(31): App\Infrastructure\Persistence\Member\SQLMember_requestRepository->insert(Object(App\Domain\Member\Member_request))
10 SYSTEMPATH\CodeIgniter.php(932): App\Controllers\Member\Member_requestController->memberSave()
11 SYSTEMPATH\CodeIgniter.php(497): CodeIgniter\CodeIgniter->runController(Object(App\Controllers\Member\Member_requestController))
12 SYSTEMPATH\CodeIgniter.php(366): CodeIgniter\CodeIgniter->handleRequest(null, Object(Config\Cache), false)
13 FCPATH\index.php(101): CodeIgniter\CodeIgniter->run()
INFO - 2024-06-13 05:16:51 --> Session: Class initialized using 'CodeIgniter\Session\Handlers\FileHandler' driver.
INFO - 2024-06-13 05:21:58 --> Session: Class initialized using 'CodeIgniter\Session\Handlers\FileHandler' driver.
INFO - 2024-06-13 05:22:06 --> Session: Class initialized using 'CodeIgniter\Session\Handlers\FileHandler' driver.
INFO - 2024-06-13 05:22:54 --> Session: Class initialized using 'CodeIgniter\Session\Handlers\FileHandler' driver.
INFO - 2024-06-13 05:24:40 --> Session: Class initialized using 'CodeIgniter\Session\Handlers\FileHandler' driver.
INFO - 2024-06-13 05:28:00 --> Session: Class initialized using 'CodeIgniter\Session\Handlers\FileHandler' driver.
INFO - 2024-06-13 05:28:09 --> Session: Class initialized using 'CodeIgniter\Session\Handlers\FileHandler' driver.
INFO - 2024-06-13 05:31:12 --> Session: Class initialized using 'CodeIgniter\Session\Handlers\FileHandler' driver.
INFO - 2024-06-13 05:31:18 --> Session: Class initialized using 'CodeIgniter\Session\Handlers\FileHandler' driver.
INFO - 2024-06-13 05:31:28 --> Session: Class initialized using 'CodeIgniter\Session\Handlers\FileHandler' driver.
INFO - 2024-06-13 05:31:29 --> Session: Class initialized using 'CodeIgniter\Session\Handlers\FileHandler' driver.
CRITICAL - 2024-06-13 05:31:29 --> Trying to access array offset on value of type null
in APPPATH\Controllers\Events\E_learning_materialController.php on line 30.
 1 APPPATH\Controllers\Events\E_learning_materialController.php(30): CodeIgniter\Debug\Exceptions->errorHandler(2, 'Trying to access array offset on value of type null', 'C:\\xampp\\htdocs\\iaoi\\iaoi_full\\backend\\app\\Controllers\\Events\\E_learning_materialController.php', 30)
 2 SYSTEMPATH\CodeIgniter.php(932): Core\Controllers\Events\E_learning_materialController->index('assets', 'img', 'menu_wrapper_img.jpg')
 3 SYSTEMPATH\CodeIgniter.php(497): CodeIgniter\CodeIgniter->runController(Object(Core\Controllers\Events\E_learning_materialController))
 4 SYSTEMPATH\CodeIgniter.php(366): CodeIgniter\CodeIgniter->handleRequest(null, Object(Config\Cache), false)
 5 FCPATH\index.php(101): CodeIgniter\CodeIgniter->run()
INFO - 2024-06-13 05:31:29 --> Session: Class initialized using 'CodeIgniter\Session\Handlers\FileHandler' driver.
CRITICAL - 2024-06-13 05:31:29 --> Trying to access array offset on value of type null
in APPPATH\Controllers\Events\E_learning_materialController.php on line 30.
 1 APPPATH\Controllers\Events\E_learning_materialController.php(30): CodeIgniter\Debug\Exceptions->errorHandler(2, 'Trying to access array offset on value of type null', 'C:\\xampp\\htdocs\\iaoi\\iaoi_full\\backend\\app\\Controllers\\Events\\E_learning_materialController.php', 30)
 2 SYSTEMPATH\CodeIgniter.php(932): Core\Controllers\Events\E_learning_materialController->index('assets', 'js', 'app.min.js')
 3 SYSTEMPATH\CodeIgniter.php(497): CodeIgniter\CodeIgniter->runController(Object(Core\Controllers\Events\E_learning_materialController))
 4 SYSTEMPATH\CodeIgniter.php(366): CodeIgniter\CodeIgniter->handleRequest(null, Object(Config\Cache), false)
 5 FCPATH\index.php(101): CodeIgniter\CodeIgniter->run()
INFO - 2024-06-13 05:31:29 --> Session: Class initialized using 'CodeIgniter\Session\Handlers\FileHandler' driver.
CRITICAL - 2024-06-13 05:31:29 --> Trying to access array offset on value of type null
in APPPATH\Controllers\Events\E_learning_materialController.php on line 30.
 1 APPPATH\Controllers\Events\E_learning_materialController.php(30): CodeIgniter\Debug\Exceptions->errorHandler(2, 'Trying to access array offset on value of type null', 'C:\\xampp\\htdocs\\iaoi\\iaoi_full\\backend\\app\\Controllers\\Events\\E_learning_materialController.php', 30)
 2 SYSTEMPATH\CodeIgniter.php(932): Core\Controllers\Events\E_learning_materialController->index('assets', 'js', 'main.js')
 3 SYSTEMPATH\CodeIgniter.php(497): CodeIgniter\CodeIgniter->runController(Object(Core\Controllers\Events\E_learning_materialController))
 4 SYSTEMPATH\CodeIgniter.php(366): CodeIgniter\CodeIgniter->handleRequest(null, Object(Config\Cache), false)
 5 FCPATH\index.php(101): CodeIgniter\CodeIgniter->run()
INFO - 2024-06-13 05:31:29 --> Session: Class initialized using 'CodeIgniter\Session\Handlers\FileHandler' driver.
CRITICAL - 2024-06-13 05:31:29 --> Trying to access array offset on value of type null
in APPPATH\Controllers\Events\E_learning_materialController.php on line 30.
 1 APPPATH\Controllers\Events\E_learning_materialController.php(30): CodeIgniter\Debug\Exceptions->errorHandler(2, 'Trying to access array offset on value of type null', 'C:\\xampp\\htdocs\\iaoi\\iaoi_full\\backend\\app\\Controllers\\Events\\E_learning_materialController.php', 30)
 2 SYSTEMPATH\CodeIgniter.php(932): Core\Controllers\Events\E_learning_materialController->index('assets', 'img', 'IAOI Logo _ PNG-1.png')
 3 SYSTEMPATH\CodeIgniter.php(497): CodeIgniter\CodeIgniter->runController(Object(Core\Controllers\Events\E_learning_materialController))
 4 SYSTEMPATH\CodeIgniter.php(366): CodeIgniter\CodeIgniter->handleRequest(null, Object(Config\Cache), false)
 5 FCPATH\index.php(101): CodeIgniter\CodeIgniter->run()
INFO - 2024-06-13 05:31:29 --> Session: Class initialized using 'CodeIgniter\Session\Handlers\FileHandler' driver.
CRITICAL - 2024-06-13 05:31:29 --> Trying to access array offset on value of type null
in APPPATH\Controllers\Events\E_learning_materialController.php on line 30.
 1 APPPATH\Controllers\Events\E_learning_materialController.php(30): CodeIgniter\Debug\Exceptions->errorHandler(2, 'Trying to access array offset on value of type null', 'C:\\xampp\\htdocs\\iaoi\\iaoi_full\\backend\\app\\Controllers\\Events\\E_learning_materialController.php', 30)
 2 SYSTEMPATH\CodeIgniter.php(932): Core\Controllers\Events\E_learning_materialController->index('assets', 'js', 'vendor', 'jquery-3.6.0.min.js')
 3 SYSTEMPATH\CodeIgniter.php(497): CodeIgniter\CodeIgniter->runController(Object(Core\Controllers\Events\E_learning_materialController))
 4 SYSTEMPATH\CodeIgniter.php(366): CodeIgniter\CodeIgniter->handleRequest(null, Object(Config\Cache), false)
 5 FCPATH\index.php(101): CodeIgniter\CodeIgniter->run()
INFO - 2024-06-13 05:31:35 --> Session: Class initialized using 'CodeIgniter\Session\Handlers\FileHandler' driver.
CRITICAL - 2024-06-13 05:31:36 --> Undefined variable $memData
in APPPATH\Controllers\Events\E_learningController.php on line 65.
 1 APPPATH\Controllers\Events\E_learningController.php(65): CodeIgniter\Debug\Exceptions->errorHandler(2, 'Undefined variable $memData', 'C:\\xampp\\htdocs\\iaoi\\iaoi_full\\backend\\app\\Controllers\\Events\\E_learningController.php', 65)
 2 SYSTEMPATH\CodeIgniter.php(932): Core\Controllers\Events\E_learningController->speaker('5')
 3 SYSTEMPATH\CodeIgniter.php(497): CodeIgniter\CodeIgniter->runController(Object(Core\Controllers\Events\E_learningController))
 4 SYSTEMPATH\CodeIgniter.php(366): CodeIgniter\CodeIgniter->handleRequest(null, Object(Config\Cache), false)
 5 FCPATH\index.php(101): CodeIgniter\CodeIgniter->run()
INFO - 2024-06-13 05:31:38 --> Session: Class initialized using 'CodeIgniter\Session\Handlers\FileHandler' driver.
INFO - 2024-06-13 05:31:39 --> Session: Class initialized using 'CodeIgniter\Session\Handlers\FileHandler' driver.
CRITICAL - 2024-06-13 05:31:39 --> Trying to access array offset on value of type null
in APPPATH\Controllers\Events\E_learning_materialController.php on line 30.
 1 APPPATH\Controllers\Events\E_learning_materialController.php(30): CodeIgniter\Debug\Exceptions->errorHandler(2, 'Trying to access array offset on value of type null', 'C:\\xampp\\htdocs\\iaoi\\iaoi_full\\backend\\app\\Controllers\\Events\\E_learning_materialController.php', 30)
 2 SYSTEMPATH\CodeIgniter.php(932): Core\Controllers\Events\E_learning_materialController->index('assets', 'js', 'app.min.js')
 3 SYSTEMPATH\CodeIgniter.php(497): CodeIgniter\CodeIgniter->runController(Object(Core\Controllers\Events\E_learning_materialController))
 4 SYSTEMPATH\CodeIgniter.php(366): CodeIgniter\CodeIgniter->handleRequest(null, Object(Config\Cache), false)
 5 FCPATH\index.php(101): CodeIgniter\CodeIgniter->run()
INFO - 2024-06-13 05:31:39 --> Session: Class initialized using 'CodeIgniter\Session\Handlers\FileHandler' driver.
CRITICAL - 2024-06-13 05:31:39 --> Trying to access array offset on value of type null
in APPPATH\Controllers\Events\E_learning_materialController.php on line 30.
 1 APPPATH\Controllers\Events\E_learning_materialController.php(30): CodeIgniter\Debug\Exceptions->errorHandler(2, 'Trying to access array offset on value of type null', 'C:\\xampp\\htdocs\\iaoi\\iaoi_full\\backend\\app\\Controllers\\Events\\E_learning_materialController.php', 30)
 2 SYSTEMPATH\CodeIgniter.php(932): Core\Controllers\Events\E_learning_materialController->index('assets', 'js', 'main.js')
 3 SYSTEMPATH\CodeIgniter.php(497): CodeIgniter\CodeIgniter->runController(Object(Core\Controllers\Events\E_learning_materialController))
 4 SYSTEMPATH\CodeIgniter.php(366): CodeIgniter\CodeIgniter->handleRequest(null, Object(Config\Cache), false)
 5 FCPATH\index.php(101): CodeIgniter\CodeIgniter->run()
INFO - 2024-06-13 05:31:39 --> Session: Class initialized using 'CodeIgniter\Session\Handlers\FileHandler' driver.
CRITICAL - 2024-06-13 05:31:39 --> Trying to access array offset on value of type null
in APPPATH\Controllers\Events\E_learning_materialController.php on line 30.
 1 APPPATH\Controllers\Events\E_learning_materialController.php(30): CodeIgniter\Debug\Exceptions->errorHandler(2, 'Trying to access array offset on value of type null', 'C:\\xampp\\htdocs\\iaoi\\iaoi_full\\backend\\app\\Controllers\\Events\\E_learning_materialController.php', 30)
 2 SYSTEMPATH\CodeIgniter.php(932): Core\Controllers\Events\E_learning_materialController->index('assets', 'img', 'IAOI Logo _ PNG-1.png')
 3 SYSTEMPATH\CodeIgniter.php(497): CodeIgniter\CodeIgniter->runController(Object(Core\Controllers\Events\E_learning_materialController))
 4 SYSTEMPATH\CodeIgniter.php(366): CodeIgniter\CodeIgniter->handleRequest(null, Object(Config\Cache), false)
 5 FCPATH\index.php(101): CodeIgniter\CodeIgniter->run()
INFO - 2024-06-13 05:31:39 --> Session: Class initialized using 'CodeIgniter\Session\Handlers\FileHandler' driver.
CRITICAL - 2024-06-13 05:31:39 --> Trying to access array offset on value of type null
in APPPATH\Controllers\Events\E_learning_materialController.php on line 30.
 1 APPPATH\Controllers\Events\E_learning_materialController.php(30): CodeIgniter\Debug\Exceptions->errorHandler(2, 'Trying to access array offset on value of type null', 'C:\\xampp\\htdocs\\iaoi\\iaoi_full\\backend\\app\\Controllers\\Events\\E_learning_materialController.php', 30)
 2 SYSTEMPATH\CodeIgniter.php(932): Core\Controllers\Events\E_learning_materialController->index('assets', 'js', 'vendor', 'jquery-3.6.0.min.js')
 3 SYSTEMPATH\CodeIgniter.php(497): CodeIgniter\CodeIgniter->runController(Object(Core\Controllers\Events\E_learning_materialController))
 4 SYSTEMPATH\CodeIgniter.php(366): CodeIgniter\CodeIgniter->handleRequest(null, Object(Config\Cache), false)
 5 FCPATH\index.php(101): CodeIgniter\CodeIgniter->run()
INFO - 2024-06-13 05:31:39 --> Session: Class initialized using 'CodeIgniter\Session\Handlers\FileHandler' driver.
CRITICAL - 2024-06-13 05:31:39 --> Trying to access array offset on value of type null
in APPPATH\Controllers\Events\E_learning_materialController.php on line 30.
 1 APPPATH\Controllers\Events\E_learning_materialController.php(30): CodeIgniter\Debug\Exceptions->errorHandler(2, 'Trying to access array offset on value of type null', 'C:\\xampp\\htdocs\\iaoi\\iaoi_full\\backend\\app\\Controllers\\Events\\E_learning_materialController.php', 30)
 2 SYSTEMPATH\CodeIgniter.php(932): Core\Controllers\Events\E_learning_materialController->index('assets', 'img', 'menu_wrapper_img.jpg')
 3 SYSTEMPATH\CodeIgniter.php(497): CodeIgniter\CodeIgniter->runController(Object(Core\Controllers\Events\E_learning_materialController))
 4 SYSTEMPATH\CodeIgniter.php(366): CodeIgniter\CodeIgniter->handleRequest(null, Object(Config\Cache), false)
 5 FCPATH\index.php(101): CodeIgniter\CodeIgniter->run()
INFO - 2024-06-13 05:36:43 --> Session: Class initialized using 'CodeIgniter\Session\Handlers\FileHandler' driver.
INFO - 2024-06-13 05:36:47 --> Session: Class initialized using 'CodeIgniter\Session\Handlers\FileHandler' driver.
INFO - 2024-06-13 05:36:48 --> Session: Class initialized using 'CodeIgniter\Session\Handlers\FileHandler' driver.
CRITICAL - 2024-06-13 05:36:48 --> Trying to access array offset on value of type null
in APPPATH\Controllers\Events\E_learning_materialController.php on line 30.
 1 APPPATH\Controllers\Events\E_learning_materialController.php(30): CodeIgniter\Debug\Exceptions->errorHandler(2, 'Trying to access array offset on value of type null', 'C:\\xampp\\htdocs\\iaoi\\iaoi_full\\backend\\app\\Controllers\\Events\\E_learning_materialController.php', 30)
 2 SYSTEMPATH\CodeIgniter.php(932): Core\Controllers\Events\E_learning_materialController->index('assets', 'img', 'menu_wrapper_img.jpg')
 3 SYSTEMPATH\CodeIgniter.php(497): CodeIgniter\CodeIgniter->runController(Object(Core\Controllers\Events\E_learning_materialController))
 4 SYSTEMPATH\CodeIgniter.php(366): CodeIgniter\CodeIgniter->handleRequest(null, Object(Config\Cache), false)
 5 FCPATH\index.php(101): CodeIgniter\CodeIgniter->run()
INFO - 2024-06-13 05:36:48 --> Session: Class initialized using 'CodeIgniter\Session\Handlers\FileHandler' driver.
CRITICAL - 2024-06-13 05:36:48 --> Trying to access array offset on value of type null
in APPPATH\Controllers\Events\E_learning_materialController.php on line 30.
 1 APPPATH\Controllers\Events\E_learning_materialController.php(30): CodeIgniter\Debug\Exceptions->errorHandler(2, 'Trying to access array offset on value of type null', 'C:\\xampp\\htdocs\\iaoi\\iaoi_full\\backend\\app\\Controllers\\Events\\E_learning_materialController.php', 30)
 2 SYSTEMPATH\CodeIgniter.php(932): Core\Controllers\Events\E_learning_materialController->index('assets', 'img', 'IAOI Logo _ PNG-1.png')
 3 SYSTEMPATH\CodeIgniter.php(497): CodeIgniter\CodeIgniter->runController(Object(Core\Controllers\Events\E_learning_materialController))
 4 SYSTEMPATH\CodeIgniter.php(366): CodeIgniter\CodeIgniter->handleRequest(null, Object(Config\Cache), false)
 5 FCPATH\index.php(101): CodeIgniter\CodeIgniter->run()
INFO - 2024-06-13 05:36:48 --> Session: Class initialized using 'CodeIgniter\Session\Handlers\FileHandler' driver.
CRITICAL - 2024-06-13 05:36:48 --> Trying to access array offset on value of type null
in APPPATH\Controllers\Events\E_learning_materialController.php on line 30.
 1 APPPATH\Controllers\Events\E_learning_materialController.php(30): CodeIgniter\Debug\Exceptions->errorHandler(2, 'Trying to access array offset on value of type null', 'C:\\xampp\\htdocs\\iaoi\\iaoi_full\\backend\\app\\Controllers\\Events\\E_learning_materialController.php', 30)
 2 SYSTEMPATH\CodeIgniter.php(932): Core\Controllers\Events\E_learning_materialController->index('assets', 'js', 'main.js')
 3 SYSTEMPATH\CodeIgniter.php(497): CodeIgniter\CodeIgniter->runController(Object(Core\Controllers\Events\E_learning_materialController))
 4 SYSTEMPATH\CodeIgniter.php(366): CodeIgniter\CodeIgniter->handleRequest(null, Object(Config\Cache), false)
 5 FCPATH\index.php(101): CodeIgniter\CodeIgniter->run()
INFO - 2024-06-13 05:36:48 --> Session: Class initialized using 'CodeIgniter\Session\Handlers\FileHandler' driver.
CRITICAL - 2024-06-13 05:36:48 --> Trying to access array offset on value of type null
in APPPATH\Controllers\Events\E_learning_materialController.php on line 30.
 1 APPPATH\Controllers\Events\E_learning_materialController.php(30): CodeIgniter\Debug\Exceptions->errorHandler(2, 'Trying to access array offset on value of type null', 'C:\\xampp\\htdocs\\iaoi\\iaoi_full\\backend\\app\\Controllers\\Events\\E_learning_materialController.php', 30)
 2 SYSTEMPATH\CodeIgniter.php(932): Core\Controllers\Events\E_learning_materialController->index('assets', 'js', 'app.min.js')
 3 SYSTEMPATH\CodeIgniter.php(497): CodeIgniter\CodeIgniter->runController(Object(Core\Controllers\Events\E_learning_materialController))
 4 SYSTEMPATH\CodeIgniter.php(366): CodeIgniter\CodeIgniter->handleRequest(null, Object(Config\Cache), false)
 5 FCPATH\index.php(101): CodeIgniter\CodeIgniter->run()
INFO - 2024-06-13 05:36:48 --> Session: Class initialized using 'CodeIgniter\Session\Handlers\FileHandler' driver.
CRITICAL - 2024-06-13 05:36:48 --> Trying to access array offset on value of type null
in APPPATH\Controllers\Events\E_learning_materialController.php on line 30.
 1 APPPATH\Controllers\Events\E_learning_materialController.php(30): CodeIgniter\Debug\Exceptions->errorHandler(2, 'Trying to access array offset on value of type null', 'C:\\xampp\\htdocs\\iaoi\\iaoi_full\\backend\\app\\Controllers\\Events\\E_learning_materialController.php', 30)
 2 SYSTEMPATH\CodeIgniter.php(932): Core\Controllers\Events\E_learning_materialController->index('assets', 'js', 'vendor', 'jquery-3.6.0.min.js')
 3 SYSTEMPATH\CodeIgniter.php(497): CodeIgniter\CodeIgniter->runController(Object(Core\Controllers\Events\E_learning_materialController))
 4 SYSTEMPATH\CodeIgniter.php(366): CodeIgniter\CodeIgniter->handleRequest(null, Object(Config\Cache), false)
 5 FCPATH\index.php(101): CodeIgniter\CodeIgniter->run()
INFO - 2024-06-13 05:37:25 --> Session: Class initialized using 'CodeIgniter\Session\Handlers\FileHandler' driver.
INFO - 2024-06-13 05:37:26 --> Session: Class initialized using 'CodeIgniter\Session\Handlers\FileHandler' driver.
CRITICAL - 2024-06-13 05:37:26 --> Trying to access array offset on value of type null
in APPPATH\Views\pages\videoplayer.php on line 9.
 1 APPPATH\Views\pages\videoplayer.php(9): CodeIgniter\Debug\Exceptions->errorHandler(2, 'Trying to access array offset on value of type null', 'C:\\xampp\\htdocs\\iaoi\\iaoi_full\\backend\\app\\Views\\pages\\videoplayer.php', 9)
 2 SYSTEMPATH\View\View.php(224): include('C:\\xampp\\htdocs\\iaoi\\iaoi_full\\backend\\app\\Views\\pages\\videoplayer.php')
 3 SYSTEMPATH\View\View.php(227): CodeIgniter\View\View->CodeIgniter\View\{closure}()
 4 SYSTEMPATH\Common.php(1180): CodeIgniter\View\View->render('pages/videoplayer', [], true)
 5 APPPATH\Helpers\View_helper.php(7): view('pages/videoplayer', [...])
 6 APPPATH\Controllers\Events\E_learning_materialController.php(36): renderPage('videoplayer', [...])
 7 SYSTEMPATH\CodeIgniter.php(932): Core\Controllers\Events\E_learning_materialController->videoCourseMaterial('assets', 'img', 'menu_wrapper_img.jpg')
 8 SYSTEMPATH\CodeIgniter.php(497): CodeIgniter\CodeIgniter->runController(Object(Core\Controllers\Events\E_learning_materialController))
 9 SYSTEMPATH\CodeIgniter.php(366): CodeIgniter\CodeIgniter->handleRequest(null, Object(Config\Cache), false)
10 FCPATH\index.php(101): CodeIgniter\CodeIgniter->run()
INFO - 2024-06-13 05:37:26 --> Session: Class initialized using 'CodeIgniter\Session\Handlers\FileHandler' driver.
CRITICAL - 2024-06-13 05:37:26 --> Trying to access array offset on value of type null
in APPPATH\Views\pages\videoplayer.php on line 9.
 1 APPPATH\Views\pages\videoplayer.php(9): CodeIgniter\Debug\Exceptions->errorHandler(2, 'Trying to access array offset on value of type null', 'C:\\xampp\\htdocs\\iaoi\\iaoi_full\\backend\\app\\Views\\pages\\videoplayer.php', 9)
 2 SYSTEMPATH\View\View.php(224): include('C:\\xampp\\htdocs\\iaoi\\iaoi_full\\backend\\app\\Views\\pages\\videoplayer.php')
 3 SYSTEMPATH\View\View.php(227): CodeIgniter\View\View->CodeIgniter\View\{closure}()
 4 SYSTEMPATH\Common.php(1180): CodeIgniter\View\View->render('pages/videoplayer', [], true)
 5 APPPATH\Helpers\View_helper.php(7): view('pages/videoplayer', [...])
 6 APPPATH\Controllers\Events\E_learning_materialController.php(36): renderPage('videoplayer', [...])
 7 SYSTEMPATH\CodeIgniter.php(932): Core\Controllers\Events\E_learning_materialController->videoCourseMaterial('assets', 'js', 'app.min.js')
 8 SYSTEMPATH\CodeIgniter.php(497): CodeIgniter\CodeIgniter->runController(Object(Core\Controllers\Events\E_learning_materialController))
 9 SYSTEMPATH\CodeIgniter.php(366): CodeIgniter\CodeIgniter->handleRequest(null, Object(Config\Cache), false)
10 FCPATH\index.php(101): CodeIgniter\CodeIgniter->run()
INFO - 2024-06-13 05:37:26 --> Session: Class initialized using 'CodeIgniter\Session\Handlers\FileHandler' driver.
CRITICAL - 2024-06-13 05:37:26 --> Trying to access array offset on value of type null
in APPPATH\Views\pages\videoplayer.php on line 9.
 1 APPPATH\Views\pages\videoplayer.php(9): CodeIgniter\Debug\Exceptions->errorHandler(2, 'Trying to access array offset on value of type null', 'C:\\xampp\\htdocs\\iaoi\\iaoi_full\\backend\\app\\Views\\pages\\videoplayer.php', 9)
 2 SYSTEMPATH\View\View.php(224): include('C:\\xampp\\htdocs\\iaoi\\iaoi_full\\backend\\app\\Views\\pages\\videoplayer.php')
 3 SYSTEMPATH\View\View.php(227): CodeIgniter\View\View->CodeIgniter\View\{closure}()
 4 SYSTEMPATH\Common.php(1180): CodeIgniter\View\View->render('pages/videoplayer', [], true)
 5 APPPATH\Helpers\View_helper.php(7): view('pages/videoplayer', [...])
 6 APPPATH\Controllers\Events\E_learning_materialController.php(36): renderPage('videoplayer', [...])
 7 SYSTEMPATH\CodeIgniter.php(932): Core\Controllers\Events\E_learning_materialController->videoCourseMaterial('assets', 'js', 'main.js')
 8 SYSTEMPATH\CodeIgniter.php(497): CodeIgniter\CodeIgniter->runController(Object(Core\Controllers\Events\E_learning_materialController))
 9 SYSTEMPATH\CodeIgniter.php(366): CodeIgniter\CodeIgniter->handleRequest(null, Object(Config\Cache), false)
10 FCPATH\index.php(101): CodeIgniter\CodeIgniter->run()
INFO - 2024-06-13 05:37:26 --> Session: Class initialized using 'CodeIgniter\Session\Handlers\FileHandler' driver.
CRITICAL - 2024-06-13 05:37:26 --> Trying to access array offset on value of type null
in APPPATH\Views\pages\videoplayer.php on line 9.
 1 APPPATH\Views\pages\videoplayer.php(9): CodeIgniter\Debug\Exceptions->errorHandler(2, 'Trying to access array offset on value of type null', 'C:\\xampp\\htdocs\\iaoi\\iaoi_full\\backend\\app\\Views\\pages\\videoplayer.php', 9)
 2 SYSTEMPATH\View\View.php(224): include('C:\\xampp\\htdocs\\iaoi\\iaoi_full\\backend\\app\\Views\\pages\\videoplayer.php')
 3 SYSTEMPATH\View\View.php(227): CodeIgniter\View\View->CodeIgniter\View\{closure}()
 4 SYSTEMPATH\Common.php(1180): CodeIgniter\View\View->render('pages/videoplayer', [], true)
 5 APPPATH\Helpers\View_helper.php(7): view('pages/videoplayer', [...])
 6 APPPATH\Controllers\Events\E_learning_materialController.php(36): renderPage('videoplayer', [...])
 7 SYSTEMPATH\CodeIgniter.php(932): Core\Controllers\Events\E_learning_materialController->videoCourseMaterial('assets', 'js', 'vendor', 'jquery-3.6.0.min.js')
 8 SYSTEMPATH\CodeIgniter.php(497): CodeIgniter\CodeIgniter->runController(Object(Core\Controllers\Events\E_learning_materialController))
 9 SYSTEMPATH\CodeIgniter.php(366): CodeIgniter\CodeIgniter->handleRequest(null, Object(Config\Cache), false)
10 FCPATH\index.php(101): CodeIgniter\CodeIgniter->run()
INFO - 2024-06-13 05:37:26 --> Session: Class initialized using 'CodeIgniter\Session\Handlers\FileHandler' driver.
CRITICAL - 2024-06-13 05:37:26 --> Trying to access array offset on value of type null
in APPPATH\Views\pages\videoplayer.php on line 9.
 1 APPPATH\Views\pages\videoplayer.php(9): CodeIgniter\Debug\Exceptions->errorHandler(2, 'Trying to access array offset on value of type null', 'C:\\xampp\\htdocs\\iaoi\\iaoi_full\\backend\\app\\Views\\pages\\videoplayer.php', 9)
 2 SYSTEMPATH\View\View.php(224): include('C:\\xampp\\htdocs\\iaoi\\iaoi_full\\backend\\app\\Views\\pages\\videoplayer.php')
 3 SYSTEMPATH\View\View.php(227): CodeIgniter\View\View->CodeIgniter\View\{closure}()
 4 SYSTEMPATH\Common.php(1180): CodeIgniter\View\View->render('pages/videoplayer', [], true)
 5 APPPATH\Helpers\View_helper.php(7): view('pages/videoplayer', [...])
 6 APPPATH\Controllers\Events\E_learning_materialController.php(36): renderPage('videoplayer', [...])
 7 SYSTEMPATH\CodeIgniter.php(932): Core\Controllers\Events\E_learning_materialController->videoCourseMaterial('assets', 'img', 'IAOI Logo _ PNG-1.png')
 8 SYSTEMPATH\CodeIgniter.php(497): CodeIgniter\CodeIgniter->runController(Object(Core\Controllers\Events\E_learning_materialController))
 9 SYSTEMPATH\CodeIgniter.php(366): CodeIgniter\CodeIgniter->handleRequest(null, Object(Config\Cache), false)
10 FCPATH\index.php(101): CodeIgniter\CodeIgniter->run()
INFO - 2024-06-13 05:37:30 --> Session: Class initialized using 'CodeIgniter\Session\Handlers\FileHandler' driver.
INFO - 2024-06-13 05:37:30 --> Session: Class initialized using 'CodeIgniter\Session\Handlers\FileHandler' driver.
CRITICAL - 2024-06-13 05:37:30 --> Trying to access array offset on value of type null
in APPPATH\Controllers\Events\E_learning_materialController.php on line 30.
 1 APPPATH\Controllers\Events\E_learning_materialController.php(30): CodeIgniter\Debug\Exceptions->errorHandler(2, 'Trying to access array offset on value of type null', 'C:\\xampp\\htdocs\\iaoi\\iaoi_full\\backend\\app\\Controllers\\Events\\E_learning_materialController.php', 30)
 2 SYSTEMPATH\CodeIgniter.php(932): Core\Controllers\Events\E_learning_materialController->index('assets', 'js', 'vendor', 'jquery-3.6.0.min.js')
 3 SYSTEMPATH\CodeIgniter.php(497): CodeIgniter\CodeIgniter->runController(Object(Core\Controllers\Events\E_learning_materialController))
 4 SYSTEMPATH\CodeIgniter.php(366): CodeIgniter\CodeIgniter->handleRequest(null, Object(Config\Cache), false)
 5 FCPATH\index.php(101): CodeIgniter\CodeIgniter->run()
INFO - 2024-06-13 05:37:31 --> Session: Class initialized using 'CodeIgniter\Session\Handlers\FileHandler' driver.
CRITICAL - 2024-06-13 05:37:31 --> Trying to access array offset on value of type null
in APPPATH\Controllers\Events\E_learning_materialController.php on line 30.
 1 APPPATH\Controllers\Events\E_learning_materialController.php(30): CodeIgniter\Debug\Exceptions->errorHandler(2, 'Trying to access array offset on value of type null', 'C:\\xampp\\htdocs\\iaoi\\iaoi_full\\backend\\app\\Controllers\\Events\\E_learning_materialController.php', 30)
 2 SYSTEMPATH\CodeIgniter.php(932): Core\Controllers\Events\E_learning_materialController->index('assets', 'img', 'IAOI Logo _ PNG-1.png')
 3 SYSTEMPATH\CodeIgniter.php(497): CodeIgniter\CodeIgniter->runController(Object(Core\Controllers\Events\E_learning_materialController))
 4 SYSTEMPATH\CodeIgniter.php(366): CodeIgniter\CodeIgniter->handleRequest(null, Object(Config\Cache), false)
 5 FCPATH\index.php(101): CodeIgniter\CodeIgniter->run()
INFO - 2024-06-13 05:37:31 --> Session: Class initialized using 'CodeIgniter\Session\Handlers\FileHandler' driver.
CRITICAL - 2024-06-13 05:37:31 --> Trying to access array offset on value of type null
in APPPATH\Controllers\Events\E_learning_materialController.php on line 30.
 1 APPPATH\Controllers\Events\E_learning_materialController.php(30): CodeIgniter\Debug\Exceptions->errorHandler(2, 'Trying to access array offset on value of type null', 'C:\\xampp\\htdocs\\iaoi\\iaoi_full\\backend\\app\\Controllers\\Events\\E_learning_materialController.php', 30)
 2 SYSTEMPATH\CodeIgniter.php(932): Core\Controllers\Events\E_learning_materialController->index('assets', 'js', 'app.min.js')
 3 SYSTEMPATH\CodeIgniter.php(497): CodeIgniter\CodeIgniter->runController(Object(Core\Controllers\Events\E_learning_materialController))
 4 SYSTEMPATH\CodeIgniter.php(366): CodeIgniter\CodeIgniter->handleRequest(null, Object(Config\Cache), false)
 5 FCPATH\index.php(101): CodeIgniter\CodeIgniter->run()
INFO - 2024-06-13 05:37:31 --> Session: Class initialized using 'CodeIgniter\Session\Handlers\FileHandler' driver.
CRITICAL - 2024-06-13 05:37:31 --> Trying to access array offset on value of type null
in APPPATH\Controllers\Events\E_learning_materialController.php on line 30.
 1 APPPATH\Controllers\Events\E_learning_materialController.php(30): CodeIgniter\Debug\Exceptions->errorHandler(2, 'Trying to access array offset on value of type null', 'C:\\xampp\\htdocs\\iaoi\\iaoi_full\\backend\\app\\Controllers\\Events\\E_learning_materialController.php', 30)
 2 SYSTEMPATH\CodeIgniter.php(932): Core\Controllers\Events\E_learning_materialController->index('assets', 'js', 'main.js')
 3 SYSTEMPATH\CodeIgniter.php(497): CodeIgniter\CodeIgniter->runController(Object(Core\Controllers\Events\E_learning_materialController))
 4 SYSTEMPATH\CodeIgniter.php(366): CodeIgniter\CodeIgniter->handleRequest(null, Object(Config\Cache), false)
 5 FCPATH\index.php(101): CodeIgniter\CodeIgniter->run()
INFO - 2024-06-13 05:37:31 --> Session: Class initialized using 'CodeIgniter\Session\Handlers\FileHandler' driver.
CRITICAL - 2024-06-13 05:37:31 --> Trying to access array offset on value of type null
in APPPATH\Controllers\Events\E_learning_materialController.php on line 30.
 1 APPPATH\Controllers\Events\E_learning_materialController.php(30): CodeIgniter\Debug\Exceptions->errorHandler(2, 'Trying to access array offset on value of type null', 'C:\\xampp\\htdocs\\iaoi\\iaoi_full\\backend\\app\\Controllers\\Events\\E_learning_materialController.php', 30)
 2 SYSTEMPATH\CodeIgniter.php(932): Core\Controllers\Events\E_learning_materialController->index('assets', 'img', 'menu_wrapper_img.jpg')
 3 SYSTEMPATH\CodeIgniter.php(497): CodeIgniter\CodeIgniter->runController(Object(Core\Controllers\Events\E_learning_materialController))
 4 SYSTEMPATH\CodeIgniter.php(366): CodeIgniter\CodeIgniter->handleRequest(null, Object(Config\Cache), false)
 5 FCPATH\index.php(101): CodeIgniter\CodeIgniter->run()
INFO - 2024-06-13 05:37:39 --> Session: Class initialized using 'CodeIgniter\Session\Handlers\FileHandler' driver.
INFO - 2024-06-13 05:37:40 --> Session: Class initialized using 'CodeIgniter\Session\Handlers\FileHandler' driver.
CRITICAL - 2024-06-13 05:37:40 --> Undefined variable $memData
in APPPATH\Controllers\Events\E_learningController.php on line 65.
 1 APPPATH\Controllers\Events\E_learningController.php(65): CodeIgniter\Debug\Exceptions->errorHandler(2, 'Undefined variable $memData', 'C:\\xampp\\htdocs\\iaoi\\iaoi_full\\backend\\app\\Controllers\\Events\\E_learningController.php', 65)
 2 SYSTEMPATH\CodeIgniter.php(932): Core\Controllers\Events\E_learningController->speaker('assets', 'img', 'menu_wrapper_img.jpg')
 3 SYSTEMPATH\CodeIgniter.php(497): CodeIgniter\CodeIgniter->runController(Object(Core\Controllers\Events\E_learningController))
 4 SYSTEMPATH\CodeIgniter.php(366): CodeIgniter\CodeIgniter->handleRequest(null, Object(Config\Cache), false)
 5 FCPATH\index.php(101): CodeIgniter\CodeIgniter->run()
INFO - 2024-06-13 05:37:40 --> Session: Class initialized using 'CodeIgniter\Session\Handlers\FileHandler' driver.
CRITICAL - 2024-06-13 05:37:40 --> Undefined variable $memData
in APPPATH\Controllers\Events\E_learningController.php on line 65.
 1 APPPATH\Controllers\Events\E_learningController.php(65): CodeIgniter\Debug\Exceptions->errorHandler(2, 'Undefined variable $memData', 'C:\\xampp\\htdocs\\iaoi\\iaoi_full\\backend\\app\\Controllers\\Events\\E_learningController.php', 65)
 2 SYSTEMPATH\CodeIgniter.php(932): Core\Controllers\Events\E_learningController->speaker('assets', 'js', 'main.js')
 3 SYSTEMPATH\CodeIgniter.php(497): CodeIgniter\CodeIgniter->runController(Object(Core\Controllers\Events\E_learningController))
 4 SYSTEMPATH\CodeIgniter.php(366): CodeIgniter\CodeIgniter->handleRequest(null, Object(Config\Cache), false)
 5 FCPATH\index.php(101): CodeIgniter\CodeIgniter->run()
INFO - 2024-06-13 05:37:40 --> Session: Class initialized using 'CodeIgniter\Session\Handlers\FileHandler' driver.
CRITICAL - 2024-06-13 05:37:40 --> Undefined variable $memData
in APPPATH\Controllers\Events\E_learningController.php on line 65.
 1 APPPATH\Controllers\Events\E_learningController.php(65): CodeIgniter\Debug\Exceptions->errorHandler(2, 'Undefined variable $memData', 'C:\\xampp\\htdocs\\iaoi\\iaoi_full\\backend\\app\\Controllers\\Events\\E_learningController.php', 65)
 2 SYSTEMPATH\CodeIgniter.php(932): Core\Controllers\Events\E_learningController->speaker('assets', 'js', 'app.min.js')
 3 SYSTEMPATH\CodeIgniter.php(497): CodeIgniter\CodeIgniter->runController(Object(Core\Controllers\Events\E_learningController))
 4 SYSTEMPATH\CodeIgniter.php(366): CodeIgniter\CodeIgniter->handleRequest(null, Object(Config\Cache), false)
 5 FCPATH\index.php(101): CodeIgniter\CodeIgniter->run()
INFO - 2024-06-13 05:37:40 --> Session: Class initialized using 'CodeIgniter\Session\Handlers\FileHandler' driver.
CRITICAL - 2024-06-13 05:37:40 --> Undefined variable $memData
in APPPATH\Controllers\Events\E_learningController.php on line 65.
 1 APPPATH\Controllers\Events\E_learningController.php(65): CodeIgniter\Debug\Exceptions->errorHandler(2, 'Undefined variable $memData', 'C:\\xampp\\htdocs\\iaoi\\iaoi_full\\backend\\app\\Controllers\\Events\\E_learningController.php', 65)
 2 SYSTEMPATH\CodeIgniter.php(932): Core\Controllers\Events\E_learningController->speaker('assets', 'js', 'vendor', 'jquery-3.6.0.min.js')
 3 SYSTEMPATH\CodeIgniter.php(497): CodeIgniter\CodeIgniter->runController(Object(Core\Controllers\Events\E_learningController))
 4 SYSTEMPATH\CodeIgniter.php(366): CodeIgniter\CodeIgniter->handleRequest(null, Object(Config\Cache), false)
 5 FCPATH\index.php(101): CodeIgniter\CodeIgniter->run()
INFO - 2024-06-13 05:37:40 --> Session: Class initialized using 'CodeIgniter\Session\Handlers\FileHandler' driver.
CRITICAL - 2024-06-13 05:37:40 --> Undefined variable $memData
in APPPATH\Controllers\Events\E_learningController.php on line 65.
 1 APPPATH\Controllers\Events\E_learningController.php(65): CodeIgniter\Debug\Exceptions->errorHandler(2, 'Undefined variable $memData', 'C:\\xampp\\htdocs\\iaoi\\iaoi_full\\backend\\app\\Controllers\\Events\\E_learningController.php', 65)
 2 SYSTEMPATH\CodeIgniter.php(932): Core\Controllers\Events\E_learningController->speaker('assets', 'img', 'IAOI Logo _ PNG-1.png')
 3 SYSTEMPATH\CodeIgniter.php(497): CodeIgniter\CodeIgniter->runController(Object(Core\Controllers\Events\E_learningController))
 4 SYSTEMPATH\CodeIgniter.php(366): CodeIgniter\CodeIgniter->handleRequest(null, Object(Config\Cache), false)
 5 FCPATH\index.php(101): CodeIgniter\CodeIgniter->run()
INFO - 2024-06-13 05:37:51 --> Session: Class initialized using 'CodeIgniter\Session\Handlers\FileHandler' driver.
INFO - 2024-06-13 05:37:51 --> Session: Class initialized using 'CodeIgniter\Session\Handlers\FileHandler' driver.
CRITICAL - 2024-06-13 05:37:51 --> Trying to access array offset on value of type null
in APPPATH\Controllers\Events\E_learning_materialController.php on line 30.
 1 APPPATH\Controllers\Events\E_learning_materialController.php(30): CodeIgniter\Debug\Exceptions->errorHandler(2, 'Trying to access array offset on value of type null', 'C:\\xampp\\htdocs\\iaoi\\iaoi_full\\backend\\app\\Controllers\\Events\\E_learning_materialController.php', 30)
 2 SYSTEMPATH\CodeIgniter.php(932): Core\Controllers\Events\E_learning_materialController->index('assets', 'js', 'vendor', 'jquery-3.6.0.min.js')
 3 SYSTEMPATH\CodeIgniter.php(497): CodeIgniter\CodeIgniter->runController(Object(Core\Controllers\Events\E_learning_materialController))
 4 SYSTEMPATH\CodeIgniter.php(366): CodeIgniter\CodeIgniter->handleRequest(null, Object(Config\Cache), false)
 5 FCPATH\index.php(101): CodeIgniter\CodeIgniter->run()
INFO - 2024-06-13 05:37:51 --> Session: Class initialized using 'CodeIgniter\Session\Handlers\FileHandler' driver.
CRITICAL - 2024-06-13 05:37:51 --> Trying to access array offset on value of type null
in APPPATH\Controllers\Events\E_learning_materialController.php on line 30.
 1 APPPATH\Controllers\Events\E_learning_materialController.php(30): CodeIgniter\Debug\Exceptions->errorHandler(2, 'Trying to access array offset on value of type null', 'C:\\xampp\\htdocs\\iaoi\\iaoi_full\\backend\\app\\Controllers\\Events\\E_learning_materialController.php', 30)
 2 SYSTEMPATH\CodeIgniter.php(932): Core\Controllers\Events\E_learning_materialController->index('assets', 'img', 'IAOI Logo _ PNG-1.png')
 3 SYSTEMPATH\CodeIgniter.php(497): CodeIgniter\CodeIgniter->runController(Object(Core\Controllers\Events\E_learning_materialController))
 4 SYSTEMPATH\CodeIgniter.php(366): CodeIgniter\CodeIgniter->handleRequest(null, Object(Config\Cache), false)
 5 FCPATH\index.php(101): CodeIgniter\CodeIgniter->run()
INFO - 2024-06-13 05:37:51 --> Session: Class initialized using 'CodeIgniter\Session\Handlers\FileHandler' driver.
CRITICAL - 2024-06-13 05:37:51 --> Trying to access array offset on value of type null
in APPPATH\Controllers\Events\E_learning_materialController.php on line 30.
 1 APPPATH\Controllers\Events\E_learning_materialController.php(30): CodeIgniter\Debug\Exceptions->errorHandler(2, 'Trying to access array offset on value of type null', 'C:\\xampp\\htdocs\\iaoi\\iaoi_full\\backend\\app\\Controllers\\Events\\E_learning_materialController.php', 30)
 2 SYSTEMPATH\CodeIgniter.php(932): Core\Controllers\Events\E_learning_materialController->index('assets', 'js', 'main.js')
 3 SYSTEMPATH\CodeIgniter.php(497): CodeIgniter\CodeIgniter->runController(Object(Core\Controllers\Events\E_learning_materialController))
 4 SYSTEMPATH\CodeIgniter.php(366): CodeIgniter\CodeIgniter->handleRequest(null, Object(Config\Cache), false)
 5 FCPATH\index.php(101): CodeIgniter\CodeIgniter->run()
INFO - 2024-06-13 05:37:51 --> Session: Class initialized using 'CodeIgniter\Session\Handlers\FileHandler' driver.
CRITICAL - 2024-06-13 05:37:51 --> Trying to access array offset on value of type null
in APPPATH\Controllers\Events\E_learning_materialController.php on line 30.
 1 APPPATH\Controllers\Events\E_learning_materialController.php(30): CodeIgniter\Debug\Exceptions->errorHandler(2, 'Trying to access array offset on value of type null', 'C:\\xampp\\htdocs\\iaoi\\iaoi_full\\backend\\app\\Controllers\\Events\\E_learning_materialController.php', 30)
 2 SYSTEMPATH\CodeIgniter.php(932): Core\Controllers\Events\E_learning_materialController->index('assets', 'js', 'app.min.js')
 3 SYSTEMPATH\CodeIgniter.php(497): CodeIgniter\CodeIgniter->runController(Object(Core\Controllers\Events\E_learning_materialController))
 4 SYSTEMPATH\CodeIgniter.php(366): CodeIgniter\CodeIgniter->handleRequest(null, Object(Config\Cache), false)
 5 FCPATH\index.php(101): CodeIgniter\CodeIgniter->run()
INFO - 2024-06-13 05:37:51 --> Session: Class initialized using 'CodeIgniter\Session\Handlers\FileHandler' driver.
CRITICAL - 2024-06-13 05:37:52 --> Trying to access array offset on value of type null
in APPPATH\Controllers\Events\E_learning_materialController.php on line 30.
 1 APPPATH\Controllers\Events\E_learning_materialController.php(30): CodeIgniter\Debug\Exceptions->errorHandler(2, 'Trying to access array offset on value of type null', 'C:\\xampp\\htdocs\\iaoi\\iaoi_full\\backend\\app\\Controllers\\Events\\E_learning_materialController.php', 30)
 2 SYSTEMPATH\CodeIgniter.php(932): Core\Controllers\Events\E_learning_materialController->index('assets', 'img', 'menu_wrapper_img.jpg')
 3 SYSTEMPATH\CodeIgniter.php(497): CodeIgniter\CodeIgniter->runController(Object(Core\Controllers\Events\E_learning_materialController))
 4 SYSTEMPATH\CodeIgniter.php(366): CodeIgniter\CodeIgniter->handleRequest(null, Object(Config\Cache), false)
 5 FCPATH\index.php(101): CodeIgniter\CodeIgniter->run()
INFO - 2024-06-13 05:37:55 --> Session: Class initialized using 'CodeIgniter\Session\Handlers\FileHandler' driver.
INFO - 2024-06-13 05:37:56 --> Session: Class initialized using 'CodeIgniter\Session\Handlers\FileHandler' driver.
CRITICAL - 2024-06-13 05:37:56 --> Undefined variable $memData
in APPPATH\Controllers\Events\E_learningController.php on line 65.
 1 APPPATH\Controllers\Events\E_learningController.php(65): CodeIgniter\Debug\Exceptions->errorHandler(2, 'Undefined variable $memData', 'C:\\xampp\\htdocs\\iaoi\\iaoi_full\\backend\\app\\Controllers\\Events\\E_learningController.php', 65)
 2 SYSTEMPATH\CodeIgniter.php(932): Core\Controllers\Events\E_learningController->speaker('assets', 'js', 'vendor', 'jquery-3.6.0.min.js')
 3 SYSTEMPATH\CodeIgniter.php(497): CodeIgniter\CodeIgniter->runController(Object(Core\Controllers\Events\E_learningController))
 4 SYSTEMPATH\CodeIgniter.php(366): CodeIgniter\CodeIgniter->handleRequest(null, Object(Config\Cache), false)
 5 FCPATH\index.php(101): CodeIgniter\CodeIgniter->run()
INFO - 2024-06-13 05:37:56 --> Session: Class initialized using 'CodeIgniter\Session\Handlers\FileHandler' driver.
CRITICAL - 2024-06-13 05:37:56 --> Undefined variable $memData
in APPPATH\Controllers\Events\E_learningController.php on line 65.
 1 APPPATH\Controllers\Events\E_learningController.php(65): CodeIgniter\Debug\Exceptions->errorHandler(2, 'Undefined variable $memData', 'C:\\xampp\\htdocs\\iaoi\\iaoi_full\\backend\\app\\Controllers\\Events\\E_learningController.php', 65)
 2 SYSTEMPATH\CodeIgniter.php(932): Core\Controllers\Events\E_learningController->speaker('assets', 'js', 'app.min.js')
 3 SYSTEMPATH\CodeIgniter.php(497): CodeIgniter\CodeIgniter->runController(Object(Core\Controllers\Events\E_learningController))
 4 SYSTEMPATH\CodeIgniter.php(366): CodeIgniter\CodeIgniter->handleRequest(null, Object(Config\Cache), false)
 5 FCPATH\index.php(101): CodeIgniter\CodeIgniter->run()
INFO - 2024-06-13 05:37:56 --> Session: Class initialized using 'CodeIgniter\Session\Handlers\FileHandler' driver.
CRITICAL - 2024-06-13 05:37:56 --> Undefined variable $memData
in APPPATH\Controllers\Events\E_learningController.php on line 65.
 1 APPPATH\Controllers\Events\E_learningController.php(65): CodeIgniter\Debug\Exceptions->errorHandler(2, 'Undefined variable $memData', 'C:\\xampp\\htdocs\\iaoi\\iaoi_full\\backend\\app\\Controllers\\Events\\E_learningController.php', 65)
 2 SYSTEMPATH\CodeIgniter.php(932): Core\Controllers\Events\E_learningController->speaker('assets', 'js', 'main.js')
 3 SYSTEMPATH\CodeIgniter.php(497): CodeIgniter\CodeIgniter->runController(Object(Core\Controllers\Events\E_learningController))
 4 SYSTEMPATH\CodeIgniter.php(366): CodeIgniter\CodeIgniter->handleRequest(null, Object(Config\Cache), false)
 5 FCPATH\index.php(101): CodeIgniter\CodeIgniter->run()
INFO - 2024-06-13 05:37:56 --> Session: Class initialized using 'CodeIgniter\Session\Handlers\FileHandler' driver.
CRITICAL - 2024-06-13 05:37:56 --> Undefined variable $memData
in APPPATH\Controllers\Events\E_learningController.php on line 65.
 1 APPPATH\Controllers\Events\E_learningController.php(65): CodeIgniter\Debug\Exceptions->errorHandler(2, 'Undefined variable $memData', 'C:\\xampp\\htdocs\\iaoi\\iaoi_full\\backend\\app\\Controllers\\Events\\E_learningController.php', 65)
 2 SYSTEMPATH\CodeIgniter.php(932): Core\Controllers\Events\E_learningController->speaker('assets', 'img', 'IAOI Logo _ PNG-1.png')
 3 SYSTEMPATH\CodeIgniter.php(497): CodeIgniter\CodeIgniter->runController(Object(Core\Controllers\Events\E_learningController))
 4 SYSTEMPATH\CodeIgniter.php(366): CodeIgniter\CodeIgniter->handleRequest(null, Object(Config\Cache), false)
 5 FCPATH\index.php(101): CodeIgniter\CodeIgniter->run()
INFO - 2024-06-13 05:37:56 --> Session: Class initialized using 'CodeIgniter\Session\Handlers\FileHandler' driver.
CRITICAL - 2024-06-13 05:37:56 --> Undefined variable $memData
in APPPATH\Controllers\Events\E_learningController.php on line 65.
 1 APPPATH\Controllers\Events\E_learningController.php(65): CodeIgniter\Debug\Exceptions->errorHandler(2, 'Undefined variable $memData', 'C:\\xampp\\htdocs\\iaoi\\iaoi_full\\backend\\app\\Controllers\\Events\\E_learningController.php', 65)
 2 SYSTEMPATH\CodeIgniter.php(932): Core\Controllers\Events\E_learningController->speaker('assets', 'img', 'menu_wrapper_img.jpg')
 3 SYSTEMPATH\CodeIgniter.php(497): CodeIgniter\CodeIgniter->runController(Object(Core\Controllers\Events\E_learningController))
 4 SYSTEMPATH\CodeIgniter.php(366): CodeIgniter\CodeIgniter->handleRequest(null, Object(Config\Cache), false)
 5 FCPATH\index.php(101): CodeIgniter\CodeIgniter->run()
INFO - 2024-06-13 05:38:01 --> Session: Class initialized using 'CodeIgniter\Session\Handlers\FileHandler' driver.
INFO - 2024-06-13 05:38:01 --> Session: Class initialized using 'CodeIgniter\Session\Handlers\FileHandler' driver.
CRITICAL - 2024-06-13 05:38:01 --> Trying to access array offset on value of type null
in APPPATH\Controllers\Events\E_learning_materialController.php on line 30.
 1 APPPATH\Controllers\Events\E_learning_materialController.php(30): CodeIgniter\Debug\Exceptions->errorHandler(2, 'Trying to access array offset on value of type null', 'C:\\xampp\\htdocs\\iaoi\\iaoi_full\\backend\\app\\Controllers\\Events\\E_learning_materialController.php', 30)
 2 SYSTEMPATH\CodeIgniter.php(932): Core\Controllers\Events\E_learning_materialController->index('assets', 'js', 'app.min.js')
 3 SYSTEMPATH\CodeIgniter.php(497): CodeIgniter\CodeIgniter->runController(Object(Core\Controllers\Events\E_learning_materialController))
 4 SYSTEMPATH\CodeIgniter.php(366): CodeIgniter\CodeIgniter->handleRequest(null, Object(Config\Cache), false)
 5 FCPATH\index.php(101): CodeIgniter\CodeIgniter->run()
INFO - 2024-06-13 05:38:01 --> Session: Class initialized using 'CodeIgniter\Session\Handlers\FileHandler' driver.
CRITICAL - 2024-06-13 05:38:01 --> Trying to access array offset on value of type null
in APPPATH\Controllers\Events\E_learning_materialController.php on line 30.
 1 APPPATH\Controllers\Events\E_learning_materialController.php(30): CodeIgniter\Debug\Exceptions->errorHandler(2, 'Trying to access array offset on value of type null', 'C:\\xampp\\htdocs\\iaoi\\iaoi_full\\backend\\app\\Controllers\\Events\\E_learning_materialController.php', 30)
 2 SYSTEMPATH\CodeIgniter.php(932): Core\Controllers\Events\E_learning_materialController->index('assets', 'img', 'IAOI Logo _ PNG-1.png')
 3 SYSTEMPATH\CodeIgniter.php(497): CodeIgniter\CodeIgniter->runController(Object(Core\Controllers\Events\E_learning_materialController))
 4 SYSTEMPATH\CodeIgniter.php(366): CodeIgniter\CodeIgniter->handleRequest(null, Object(Config\Cache), false)
 5 FCPATH\index.php(101): CodeIgniter\CodeIgniter->run()
INFO - 2024-06-13 05:38:01 --> Session: Class initialized using 'CodeIgniter\Session\Handlers\FileHandler' driver.
CRITICAL - 2024-06-13 05:38:01 --> Trying to access array offset on value of type null
in APPPATH\Controllers\Events\E_learning_materialController.php on line 30.
 1 APPPATH\Controllers\Events\E_learning_materialController.php(30): CodeIgniter\Debug\Exceptions->errorHandler(2, 'Trying to access array offset on value of type null', 'C:\\xampp\\htdocs\\iaoi\\iaoi_full\\backend\\app\\Controllers\\Events\\E_learning_materialController.php', 30)
 2 SYSTEMPATH\CodeIgniter.php(932): Core\Controllers\Events\E_learning_materialController->index('assets', 'js', 'vendor', 'jquery-3.6.0.min.js')
 3 SYSTEMPATH\CodeIgniter.php(497): CodeIgniter\CodeIgniter->runController(Object(Core\Controllers\Events\E_learning_materialController))
 4 SYSTEMPATH\CodeIgniter.php(366): CodeIgniter\CodeIgniter->handleRequest(null, Object(Config\Cache), false)
 5 FCPATH\index.php(101): CodeIgniter\CodeIgniter->run()
INFO - 2024-06-13 05:38:01 --> Session: Class initialized using 'CodeIgniter\Session\Handlers\FileHandler' driver.
CRITICAL - 2024-06-13 05:38:02 --> Trying to access array offset on value of type null
in APPPATH\Controllers\Events\E_learning_materialController.php on line 30.
 1 APPPATH\Controllers\Events\E_learning_materialController.php(30): CodeIgniter\Debug\Exceptions->errorHandler(2, 'Trying to access array offset on value of type null', 'C:\\xampp\\htdocs\\iaoi\\iaoi_full\\backend\\app\\Controllers\\Events\\E_learning_materialController.php', 30)
 2 SYSTEMPATH\CodeIgniter.php(932): Core\Controllers\Events\E_learning_materialController->index('assets', 'js', 'main.js')
 3 SYSTEMPATH\CodeIgniter.php(497): CodeIgniter\CodeIgniter->runController(Object(Core\Controllers\Events\E_learning_materialController))
 4 SYSTEMPATH\CodeIgniter.php(366): CodeIgniter\CodeIgniter->handleRequest(null, Object(Config\Cache), false)
 5 FCPATH\index.php(101): CodeIgniter\CodeIgniter->run()
INFO - 2024-06-13 05:38:02 --> Session: Class initialized using 'CodeIgniter\Session\Handlers\FileHandler' driver.
CRITICAL - 2024-06-13 05:38:02 --> Trying to access array offset on value of type null
in APPPATH\Controllers\Events\E_learning_materialController.php on line 30.
 1 APPPATH\Controllers\Events\E_learning_materialController.php(30): CodeIgniter\Debug\Exceptions->errorHandler(2, 'Trying to access array offset on value of type null', 'C:\\xampp\\htdocs\\iaoi\\iaoi_full\\backend\\app\\Controllers\\Events\\E_learning_materialController.php', 30)
 2 SYSTEMPATH\CodeIgniter.php(932): Core\Controllers\Events\E_learning_materialController->index('assets', 'img', 'menu_wrapper_img.jpg')
 3 SYSTEMPATH\CodeIgniter.php(497): CodeIgniter\CodeIgniter->runController(Object(Core\Controllers\Events\E_learning_materialController))
 4 SYSTEMPATH\CodeIgniter.php(366): CodeIgniter\CodeIgniter->handleRequest(null, Object(Config\Cache), false)
 5 FCPATH\index.php(101): CodeIgniter\CodeIgniter->run()
INFO - 2024-06-13 05:38:34 --> Session: Class initialized using 'CodeIgniter\Session\Handlers\FileHandler' driver.
INFO - 2024-06-13 05:38:34 --> Session: Class initialized using 'CodeIgniter\Session\Handlers\FileHandler' driver.
CRITICAL - 2024-06-13 05:38:34 --> Trying to access array offset on value of type null
in APPPATH\Controllers\Events\E_learning_materialController.php on line 30.
 1 APPPATH\Controllers\Events\E_learning_materialController.php(30): CodeIgniter\Debug\Exceptions->errorHandler(2, 'Trying to access array offset on value of type null', 'C:\\xampp\\htdocs\\iaoi\\iaoi_full\\backend\\app\\Controllers\\Events\\E_learning_materialController.php', 30)
 2 SYSTEMPATH\CodeIgniter.php(932): Core\Controllers\Events\E_learning_materialController->index('assets', 'img', 'IAOI Logo _ PNG-1.png')
 3 SYSTEMPATH\CodeIgniter.php(497): CodeIgniter\CodeIgniter->runController(Object(Core\Controllers\Events\E_learning_materialController))
 4 SYSTEMPATH\CodeIgniter.php(366): CodeIgniter\CodeIgniter->handleRequest(null, Object(Config\Cache), false)
 5 FCPATH\index.php(101): CodeIgniter\CodeIgniter->run()
INFO - 2024-06-13 05:38:35 --> Session: Class initialized using 'CodeIgniter\Session\Handlers\FileHandler' driver.
CRITICAL - 2024-06-13 05:38:35 --> Trying to access array offset on value of type null
in APPPATH\Controllers\Events\E_learning_materialController.php on line 30.
 1 APPPATH\Controllers\Events\E_learning_materialController.php(30): CodeIgniter\Debug\Exceptions->errorHandler(2, 'Trying to access array offset on value of type null', 'C:\\xampp\\htdocs\\iaoi\\iaoi_full\\backend\\app\\Controllers\\Events\\E_learning_materialController.php', 30)
 2 SYSTEMPATH\CodeIgniter.php(932): Core\Controllers\Events\E_learning_materialController->index('assets', 'js', 'vendor', 'jquery-3.6.0.min.js')
 3 SYSTEMPATH\CodeIgniter.php(497): CodeIgniter\CodeIgniter->runController(Object(Core\Controllers\Events\E_learning_materialController))
 4 SYSTEMPATH\CodeIgniter.php(366): CodeIgniter\CodeIgniter->handleRequest(null, Object(Config\Cache), false)
 5 FCPATH\index.php(101): CodeIgniter\CodeIgniter->run()
INFO - 2024-06-13 05:38:35 --> Session: Class initialized using 'CodeIgniter\Session\Handlers\FileHandler' driver.
CRITICAL - 2024-06-13 05:38:35 --> Trying to access array offset on value of type null
in APPPATH\Controllers\Events\E_learning_materialController.php on line 30.
 1 APPPATH\Controllers\Events\E_learning_materialController.php(30): CodeIgniter\Debug\Exceptions->errorHandler(2, 'Trying to access array offset on value of type null', 'C:\\xampp\\htdocs\\iaoi\\iaoi_full\\backend\\app\\Controllers\\Events\\E_learning_materialController.php', 30)
 2 SYSTEMPATH\CodeIgniter.php(932): Core\Controllers\Events\E_learning_materialController->index('assets', 'js', 'main.js')
 3 SYSTEMPATH\CodeIgniter.php(497): CodeIgniter\CodeIgniter->runController(Object(Core\Controllers\Events\E_learning_materialController))
 4 SYSTEMPATH\CodeIgniter.php(366): CodeIgniter\CodeIgniter->handleRequest(null, Object(Config\Cache), false)
 5 FCPATH\index.php(101): CodeIgniter\CodeIgniter->run()
INFO - 2024-06-13 05:38:35 --> Session: Class initialized using 'CodeIgniter\Session\Handlers\FileHandler' driver.
CRITICAL - 2024-06-13 05:38:35 --> Trying to access array offset on value of type null
in APPPATH\Controllers\Events\E_learning_materialController.php on line 30.
 1 APPPATH\Controllers\Events\E_learning_materialController.php(30): CodeIgniter\Debug\Exceptions->errorHandler(2, 'Trying to access array offset on value of type null', 'C:\\xampp\\htdocs\\iaoi\\iaoi_full\\backend\\app\\Controllers\\Events\\E_learning_materialController.php', 30)
 2 SYSTEMPATH\CodeIgniter.php(932): Core\Controllers\Events\E_learning_materialController->index('assets', 'img', 'menu_wrapper_img.jpg')
 3 SYSTEMPATH\CodeIgniter.php(497): CodeIgniter\CodeIgniter->runController(Object(Core\Controllers\Events\E_learning_materialController))
 4 SYSTEMPATH\CodeIgniter.php(366): CodeIgniter\CodeIgniter->handleRequest(null, Object(Config\Cache), false)
 5 FCPATH\index.php(101): CodeIgniter\CodeIgniter->run()
INFO - 2024-06-13 05:38:35 --> Session: Class initialized using 'CodeIgniter\Session\Handlers\FileHandler' driver.
CRITICAL - 2024-06-13 05:38:35 --> Trying to access array offset on value of type null
in APPPATH\Controllers\Events\E_learning_materialController.php on line 30.
 1 APPPATH\Controllers\Events\E_learning_materialController.php(30): CodeIgniter\Debug\Exceptions->errorHandler(2, 'Trying to access array offset on value of type null', 'C:\\xampp\\htdocs\\iaoi\\iaoi_full\\backend\\app\\Controllers\\Events\\E_learning_materialController.php', 30)
 2 SYSTEMPATH\CodeIgniter.php(932): Core\Controllers\Events\E_learning_materialController->index('assets', 'js', 'app.min.js')
 3 SYSTEMPATH\CodeIgniter.php(497): CodeIgniter\CodeIgniter->runController(Object(Core\Controllers\Events\E_learning_materialController))
 4 SYSTEMPATH\CodeIgniter.php(366): CodeIgniter\CodeIgniter->handleRequest(null, Object(Config\Cache), false)
 5 FCPATH\index.php(101): CodeIgniter\CodeIgniter->run()
INFO - 2024-06-13 05:38:37 --> Session: Class initialized using 'CodeIgniter\Session\Handlers\FileHandler' driver.
INFO - 2024-06-13 05:38:37 --> Session: Class initialized using 'CodeIgniter\Session\Handlers\FileHandler' driver.
CRITICAL - 2024-06-13 05:38:37 --> Undefined variable $memData
in APPPATH\Controllers\Events\E_learningController.php on line 65.
 1 APPPATH\Controllers\Events\E_learningController.php(65): CodeIgniter\Debug\Exceptions->errorHandler(2, 'Undefined variable $memData', 'C:\\xampp\\htdocs\\iaoi\\iaoi_full\\backend\\app\\Controllers\\Events\\E_learningController.php', 65)
 2 SYSTEMPATH\CodeIgniter.php(932): Core\Controllers\Events\E_learningController->speaker('assets', 'img', 'IAOI Logo _ PNG-1.png')
 3 SYSTEMPATH\CodeIgniter.php(497): CodeIgniter\CodeIgniter->runController(Object(Core\Controllers\Events\E_learningController))
 4 SYSTEMPATH\CodeIgniter.php(366): CodeIgniter\CodeIgniter->handleRequest(null, Object(Config\Cache), false)
 5 FCPATH\index.php(101): CodeIgniter\CodeIgniter->run()
INFO - 2024-06-13 05:38:37 --> Session: Class initialized using 'CodeIgniter\Session\Handlers\FileHandler' driver.
CRITICAL - 2024-06-13 05:38:37 --> Undefined variable $memData
in APPPATH\Controllers\Events\E_learningController.php on line 65.
 1 APPPATH\Controllers\Events\E_learningController.php(65): CodeIgniter\Debug\Exceptions->errorHandler(2, 'Undefined variable $memData', 'C:\\xampp\\htdocs\\iaoi\\iaoi_full\\backend\\app\\Controllers\\Events\\E_learningController.php', 65)
 2 SYSTEMPATH\CodeIgniter.php(932): Core\Controllers\Events\E_learningController->speaker('assets', 'js', 'main.js')
 3 SYSTEMPATH\CodeIgniter.php(497): CodeIgniter\CodeIgniter->runController(Object(Core\Controllers\Events\E_learningController))
 4 SYSTEMPATH\CodeIgniter.php(366): CodeIgniter\CodeIgniter->handleRequest(null, Object(Config\Cache), false)
 5 FCPATH\index.php(101): CodeIgniter\CodeIgniter->run()
INFO - 2024-06-13 05:38:37 --> Session: Class initialized using 'CodeIgniter\Session\Handlers\FileHandler' driver.
CRITICAL - 2024-06-13 05:38:37 --> Undefined variable $memData
in APPPATH\Controllers\Events\E_learningController.php on line 65.
 1 APPPATH\Controllers\Events\E_learningController.php(65): CodeIgniter\Debug\Exceptions->errorHandler(2, 'Undefined variable $memData', 'C:\\xampp\\htdocs\\iaoi\\iaoi_full\\backend\\app\\Controllers\\Events\\E_learningController.php', 65)
 2 SYSTEMPATH\CodeIgniter.php(932): Core\Controllers\Events\E_learningController->speaker('assets', 'js', 'app.min.js')
 3 SYSTEMPATH\CodeIgniter.php(497): CodeIgniter\CodeIgniter->runController(Object(Core\Controllers\Events\E_learningController))
 4 SYSTEMPATH\CodeIgniter.php(366): CodeIgniter\CodeIgniter->handleRequest(null, Object(Config\Cache), false)
 5 FCPATH\index.php(101): CodeIgniter\CodeIgniter->run()
INFO - 2024-06-13 05:38:37 --> Session: Class initialized using 'CodeIgniter\Session\Handlers\FileHandler' driver.
CRITICAL - 2024-06-13 05:38:38 --> Undefined variable $memData
in APPPATH\Controllers\Events\E_learningController.php on line 65.
 1 APPPATH\Controllers\Events\E_learningController.php(65): CodeIgniter\Debug\Exceptions->errorHandler(2, 'Undefined variable $memData', 'C:\\xampp\\htdocs\\iaoi\\iaoi_full\\backend\\app\\Controllers\\Events\\E_learningController.php', 65)
 2 SYSTEMPATH\CodeIgniter.php(932): Core\Controllers\Events\E_learningController->speaker('assets', 'js', 'vendor', 'jquery-3.6.0.min.js')
 3 SYSTEMPATH\CodeIgniter.php(497): CodeIgniter\CodeIgniter->runController(Object(Core\Controllers\Events\E_learningController))
 4 SYSTEMPATH\CodeIgniter.php(366): CodeIgniter\CodeIgniter->handleRequest(null, Object(Config\Cache), false)
 5 FCPATH\index.php(101): CodeIgniter\CodeIgniter->run()
INFO - 2024-06-13 05:38:38 --> Session: Class initialized using 'CodeIgniter\Session\Handlers\FileHandler' driver.
CRITICAL - 2024-06-13 05:38:38 --> Undefined variable $memData
in APPPATH\Controllers\Events\E_learningController.php on line 65.
 1 APPPATH\Controllers\Events\E_learningController.php(65): CodeIgniter\Debug\Exceptions->errorHandler(2, 'Undefined variable $memData', 'C:\\xampp\\htdocs\\iaoi\\iaoi_full\\backend\\app\\Controllers\\Events\\E_learningController.php', 65)
 2 SYSTEMPATH\CodeIgniter.php(932): Core\Controllers\Events\E_learningController->speaker('assets', 'img', 'menu_wrapper_img.jpg')
 3 SYSTEMPATH\CodeIgniter.php(497): CodeIgniter\CodeIgniter->runController(Object(Core\Controllers\Events\E_learningController))
 4 SYSTEMPATH\CodeIgniter.php(366): CodeIgniter\CodeIgniter->handleRequest(null, Object(Config\Cache), false)
 5 FCPATH\index.php(101): CodeIgniter\CodeIgniter->run()
INFO - 2024-06-13 05:38:52 --> Session: Class initialized using 'CodeIgniter\Session\Handlers\FileHandler' driver.
INFO - 2024-06-13 05:39:23 --> Session: Class initialized using 'CodeIgniter\Session\Handlers\FileHandler' driver.
INFO - 2024-06-13 05:40:05 --> Session: Class initialized using 'CodeIgniter\Session\Handlers\FileHandler' driver.
INFO - 2024-06-13 05:45:16 --> Session: Class initialized using 'CodeIgniter\Session\Handlers\FileHandler' driver.
INFO - 2024-06-13 05:47:10 --> Session: Class initialized using 'CodeIgniter\Session\Handlers\FileHandler' driver.
INFO - 2024-06-13 06:42:30 --> Session: Class initialized using 'CodeIgniter\Session\Handlers\FileHandler' driver.
INFO - 2024-06-13 06:42:38 --> Session: Class initialized using 'CodeIgniter\Session\Handlers\FileHandler' driver.
INFO - 2024-06-13 07:23:31 --> Session: Class initialized using 'CodeIgniter\Session\Handlers\FileHandler' driver.
INFO - 2024-06-13 07:23:31 --> Session: Class initialized using 'CodeIgniter\Session\Handlers\FileHandler' driver.
INFO - 2024-06-13 07:23:58 --> Session: Class initialized using 'CodeIgniter\Session\Handlers\FileHandler' driver.
INFO - 2024-06-13 07:33:17 --> Session: Class initialized using 'CodeIgniter\Session\Handlers\FileHandler' driver.
INFO - 2024-06-13 07:44:29 --> Session: Class initialized using 'CodeIgniter\Session\Handlers\FileHandler' driver.
INFO - 2024-06-13 07:52:51 --> Session: Class initialized using 'CodeIgniter\Session\Handlers\FileHandler' driver.
INFO - 2024-06-13 07:55:05 --> Session: Class initialized using 'CodeIgniter\Session\Handlers\FileHandler' driver.
INFO - 2024-06-13 07:56:20 --> Session: Class initialized using 'CodeIgniter\Session\Handlers\FileHandler' driver.
INFO - 2024-06-13 07:57:52 --> Session: Class initialized using 'CodeIgniter\Session\Handlers\FileHandler' driver.
INFO - 2024-06-13 07:58:43 --> Session: Class initialized using 'CodeIgniter\Session\Handlers\FileHandler' driver.
INFO - 2024-06-13 07:58:53 --> Session: Class initialized using 'CodeIgniter\Session\Handlers\FileHandler' driver.
INFO - 2024-06-13 08:11:50 --> Session: Class initialized using 'CodeIgniter\Session\Handlers\FileHandler' driver.
INFO - 2024-06-13 08:15:24 --> Session: Class initialized using 'CodeIgniter\Session\Handlers\FileHandler' driver.
INFO - 2024-06-13 08:15:27 --> Session: Class initialized using 'CodeIgniter\Session\Handlers\FileHandler' driver.
INFO - 2024-06-13 08:16:26 --> Session: Class initialized using 'CodeIgniter\Session\Handlers\FileHandler' driver.
INFO - 2024-06-13 08:17:19 --> Session: Class initialized using 'CodeIgniter\Session\Handlers\FileHandler' driver.
INFO - 2024-06-13 08:18:59 --> Session: Class initialized using 'CodeIgniter\Session\Handlers\FileHandler' driver.
INFO - 2024-06-13 08:19:07 --> Session: Class initialized using 'CodeIgniter\Session\Handlers\FileHandler' driver.
INFO - 2024-06-13 08:21:27 --> Session: Class initialized using 'CodeIgniter\Session\Handlers\FileHandler' driver.
INFO - 2024-06-13 08:22:04 --> Session: Class initialized using 'CodeIgniter\Session\Handlers\FileHandler' driver.
INFO - 2024-06-13 08:22:36 --> Session: Class initialized using 'CodeIgniter\Session\Handlers\FileHandler' driver.
INFO - 2024-06-13 08:25:52 --> Session: Class initialized using 'CodeIgniter\Session\Handlers\FileHandler' driver.
INFO - 2024-06-13 09:21:14 --> Session: Class initialized using 'CodeIgniter\Session\Handlers\FileHandler' driver.
INFO - 2024-06-13 09:21:24 --> Session: Class initialized using 'CodeIgniter\Session\Handlers\FileHandler' driver.
INFO - 2024-06-13 09:22:09 --> Session: Class initialized using 'CodeIgniter\Session\Handlers\FileHandler' driver.
INFO - 2024-06-13 09:26:23 --> Session: Class initialized using 'CodeIgniter\Session\Handlers\FileHandler' driver.
INFO - 2024-06-13 09:27:49 --> Session: Class initialized using 'CodeIgniter\Session\Handlers\FileHandler' driver.
INFO - 2024-06-13 09:32:44 --> Session: Class initialized using 'CodeIgniter\Session\Handlers\FileHandler' driver.
INFO - 2024-06-13 09:32:47 --> Session: Class initialized using 'CodeIgniter\Session\Handlers\FileHandler' driver.
INFO - 2024-06-13 09:35:42 --> Session: Class initialized using 'CodeIgniter\Session\Handlers\FileHandler' driver.
INFO - 2024-06-13 09:37:22 --> Session: Class initialized using 'CodeIgniter\Session\Handlers\FileHandler' driver.
INFO - 2024-06-13 09:37:24 --> Session: Class initialized using 'CodeIgniter\Session\Handlers\FileHandler' driver.
INFO - 2024-06-13 09:37:52 --> Session: Class initialized using 'CodeIgniter\Session\Handlers\FileHandler' driver.
INFO - 2024-06-13 09:40:19 --> Session: Class initialized using 'CodeIgniter\Session\Handlers\FileHandler' driver.
INFO - 2024-06-13 09:43:03 --> Session: Class initialized using 'CodeIgniter\Session\Handlers\FileHandler' driver.
INFO - 2024-06-13 09:43:06 --> Session: Class initialized using 'CodeIgniter\Session\Handlers\FileHandler' driver.
INFO - 2024-06-13 09:43:38 --> Session: Class initialized using 'CodeIgniter\Session\Handlers\FileHandler' driver.
INFO - 2024-06-13 09:43:40 --> Session: Class initialized using 'CodeIgniter\Session\Handlers\FileHandler' driver.
INFO - 2024-06-13 09:44:32 --> Session: Class initialized using 'CodeIgniter\Session\Handlers\FileHandler' driver.
INFO - 2024-06-13 09:46:22 --> Session: Class initialized using 'CodeIgniter\Session\Handlers\FileHandler' driver.
INFO - 2024-06-13 09:47:10 --> Session: Class initialized using 'CodeIgniter\Session\Handlers\FileHandler' driver.
INFO - 2024-06-13 09:48:02 --> Session: Class initialized using 'CodeIgniter\Session\Handlers\FileHandler' driver.
INFO - 2024-06-13 09:48:04 --> Session: Class initialized using 'CodeIgniter\Session\Handlers\FileHandler' driver.
INFO - 2024-06-13 09:49:03 --> Session: Class initialized using 'CodeIgniter\Session\Handlers\FileHandler' driver.
INFO - 2024-06-13 09:49:46 --> Session: Class initialized using 'CodeIgniter\Session\Handlers\FileHandler' driver.
INFO - 2024-06-13 09:50:35 --> Session: Class initialized using 'CodeIgniter\Session\Handlers\FileHandler' driver.
INFO - 2024-06-13 09:50:37 --> Session: Class initialized using 'CodeIgniter\Session\Handlers\FileHandler' driver.
INFO - 2024-06-13 09:51:27 --> Session: Class initialized using 'CodeIgniter\Session\Handlers\FileHandler' driver.
INFO - 2024-06-13 09:57:02 --> Session: Class initialized using 'CodeIgniter\Session\Handlers\FileHandler' driver.
INFO - 2024-06-13 10:06:47 --> Session: Class initialized using 'CodeIgniter\Session\Handlers\FileHandler' driver.
INFO - 2024-06-13 10:06:59 --> Session: Class initialized using 'CodeIgniter\Session\Handlers\FileHandler' driver.
INFO - 2024-06-13 10:07:45 --> Session: Class initialized using 'CodeIgniter\Session\Handlers\FileHandler' driver.
INFO - 2024-06-13 10:11:31 --> Session: Class initialized using 'CodeIgniter\Session\Handlers\FileHandler' driver.
INFO - 2024-06-13 10:11:33 --> Session: Class initialized using 'CodeIgniter\Session\Handlers\FileHandler' driver.
INFO - 2024-06-13 10:11:37 --> Session: Class initialized using 'CodeIgniter\Session\Handlers\FileHandler' driver.
INFO - 2024-06-13 10:11:40 --> Session: Class initialized using 'CodeIgniter\Session\Handlers\FileHandler' driver.
INFO - 2024-06-13 10:11:40 --> Session: Class initialized using 'CodeIgniter\Session\Handlers\FileHandler' driver.
INFO - 2024-06-13 10:11:44 --> Session: Class initialized using 'CodeIgniter\Session\Handlers\FileHandler' driver.
INFO - 2024-06-13 10:15:43 --> Session: Class initialized using 'CodeIgniter\Session\Handlers\FileHandler' driver.
INFO - 2024-06-13 10:21:02 --> Session: Class initialized using 'CodeIgniter\Session\Handlers\FileHandler' driver.
INFO - 2024-06-13 10:21:05 --> Session: Class initialized using 'CodeIgniter\Session\Handlers\FileHandler' driver.
INFO - 2024-06-13 10:21:09 --> Session: Class initialized using 'CodeIgniter\Session\Handlers\FileHandler' driver.
INFO - 2024-06-13 10:21:11 --> Session: Class initialized using 'CodeIgniter\Session\Handlers\FileHandler' driver.
INFO - 2024-06-13 10:21:13 --> Session: Class initialized using 'CodeIgniter\Session\Handlers\FileHandler' driver.
INFO - 2024-06-13 10:21:17 --> Session: Class initialized using 'CodeIgniter\Session\Handlers\FileHandler' driver.
INFO - 2024-06-13 10:21:20 --> Session: Class initialized using 'CodeIgniter\Session\Handlers\FileHandler' driver.
INFO - 2024-06-13 10:21:25 --> Session: Class initialized using 'CodeIgniter\Session\Handlers\FileHandler' driver.
INFO - 2024-06-13 10:21:31 --> Session: Class initialized using 'CodeIgniter\Session\Handlers\FileHandler' driver.
INFO - 2024-06-13 10:21:35 --> Session: Class initialized using 'CodeIgniter\Session\Handlers\FileHandler' driver.
INFO - 2024-06-13 10:24:58 --> Session: Class initialized using 'CodeIgniter\Session\Handlers\FileHandler' driver.
INFO - 2024-06-13 10:25:01 --> Session: Class initialized using 'CodeIgniter\Session\Handlers\FileHandler' driver.
INFO - 2024-06-13 10:25:16 --> Session: Class initialized using 'CodeIgniter\Session\Handlers\FileHandler' driver.
INFO - 2024-06-13 10:25:22 --> Session: Class initialized using 'CodeIgniter\Session\Handlers\FileHandler' driver.
INFO - 2024-06-13 10:25:22 --> Session: Class initialized using 'CodeIgniter\Session\Handlers\FileHandler' driver.
INFO - 2024-06-13 10:25:24 --> Session: Class initialized using 'CodeIgniter\Session\Handlers\FileHandler' driver.
INFO - 2024-06-13 10:25:26 --> Session: Class initialized using 'CodeIgniter\Session\Handlers\FileHandler' driver.
INFO - 2024-06-13 10:25:28 --> Session: Class initialized using 'CodeIgniter\Session\Handlers\FileHandler' driver.
INFO - 2024-06-13 10:27:10 --> Session: Class initialized using 'CodeIgniter\Session\Handlers\FileHandler' driver.
INFO - 2024-06-13 10:27:12 --> Session: Class initialized using 'CodeIgniter\Session\Handlers\FileHandler' driver.
INFO - 2024-06-13 10:27:16 --> Session: Class initialized using 'CodeIgniter\Session\Handlers\FileHandler' driver.
INFO - 2024-06-13 10:27:20 --> Session: Class initialized using 'CodeIgniter\Session\Handlers\FileHandler' driver.
INFO - 2024-06-13 10:28:44 --> Session: Class initialized using 'CodeIgniter\Session\Handlers\FileHandler' driver.
INFO - 2024-06-13 10:28:47 --> Session: Class initialized using 'CodeIgniter\Session\Handlers\FileHandler' driver.
INFO - 2024-06-13 10:28:52 --> Session: Class initialized using 'CodeIgniter\Session\Handlers\FileHandler' driver.
INFO - 2024-06-13 10:28:54 --> Session: Class initialized using 'CodeIgniter\Session\Handlers\FileHandler' driver.
INFO - 2024-06-13 10:28:55 --> Session: Class initialized using 'CodeIgniter\Session\Handlers\FileHandler' driver.
INFO - 2024-06-13 10:28:56 --> Session: Class initialized using 'CodeIgniter\Session\Handlers\FileHandler' driver.
INFO - 2024-06-13 10:28:56 --> Session: Class initialized using 'CodeIgniter\Session\Handlers\FileHandler' driver.
INFO - 2024-06-13 10:28:57 --> Session: Class initialized using 'CodeIgniter\Session\Handlers\FileHandler' driver.
INFO - 2024-06-13 10:29:29 --> Session: Class initialized using 'CodeIgniter\Session\Handlers\FileHandler' driver.
INFO - 2024-06-13 10:29:33 --> Session: Class initialized using 'CodeIgniter\Session\Handlers\FileHandler' driver.
INFO - 2024-06-13 10:29:41 --> Session: Class initialized using 'CodeIgniter\Session\Handlers\FileHandler' driver.
INFO - 2024-06-13 10:31:52 --> Session: Class initialized using 'CodeIgniter\Session\Handlers\FileHandler' driver.
INFO - 2024-06-13 10:32:47 --> Session: Class initialized using 'CodeIgniter\Session\Handlers\FileHandler' driver.
INFO - 2024-06-13 10:36:08 --> Session: Class initialized using 'CodeIgniter\Session\Handlers\FileHandler' driver.
INFO - 2024-06-13 10:36:11 --> Session: Class initialized using 'CodeIgniter\Session\Handlers\FileHandler' driver.
INFO - 2024-06-13 10:36:13 --> Session: Class initialized using 'CodeIgniter\Session\Handlers\FileHandler' driver.
INFO - 2024-06-13 10:36:15 --> Session: Class initialized using 'CodeIgniter\Session\Handlers\FileHandler' driver.
INFO - 2024-06-13 10:36:52 --> Session: Class initialized using 'CodeIgniter\Session\Handlers\FileHandler' driver.
INFO - 2024-06-13 10:36:55 --> Session: Class initialized using 'CodeIgniter\Session\Handlers\FileHandler' driver.
INFO - 2024-06-13 10:36:56 --> Session: Class initialized using 'CodeIgniter\Session\Handlers\FileHandler' driver.
INFO - 2024-06-13 10:40:02 --> Session: Class initialized using 'CodeIgniter\Session\Handlers\FileHandler' driver.
INFO - 2024-06-13 10:40:07 --> Session: Class initialized using 'CodeIgniter\Session\Handlers\FileHandler' driver.
INFO - 2024-06-13 10:40:29 --> Session: Class initialized using 'CodeIgniter\Session\Handlers\FileHandler' driver.
INFO - 2024-06-13 10:40:31 --> Session: Class initialized using 'CodeIgniter\Session\Handlers\FileHandler' driver.
INFO - 2024-06-13 10:40:33 --> Session: Class initialized using 'CodeIgniter\Session\Handlers\FileHandler' driver.
INFO - 2024-06-13 10:43:49 --> Session: Class initialized using 'CodeIgniter\Session\Handlers\FileHandler' driver.
INFO - 2024-06-13 10:43:54 --> Session: Class initialized using 'CodeIgniter\Session\Handlers\FileHandler' driver.
INFO - 2024-06-13 10:44:08 --> Session: Class initialized using 'CodeIgniter\Session\Handlers\FileHandler' driver.
INFO - 2024-06-13 10:44:10 --> Session: Class initialized using 'CodeIgniter\Session\Handlers\FileHandler' driver.
INFO - 2024-06-13 10:44:49 --> Session: Class initialized using 'CodeIgniter\Session\Handlers\FileHandler' driver.
INFO - 2024-06-13 10:44:52 --> Session: Class initialized using 'CodeIgniter\Session\Handlers\FileHandler' driver.
INFO - 2024-06-13 10:44:53 --> Session: Class initialized using 'CodeIgniter\Session\Handlers\FileHandler' driver.
INFO - 2024-06-13 10:44:55 --> Session: Class initialized using 'CodeIgniter\Session\Handlers\FileHandler' driver.
INFO - 2024-06-13 10:45:05 --> Session: Class initialized using 'CodeIgniter\Session\Handlers\FileHandler' driver.
INFO - 2024-06-13 10:45:16 --> Session: Class initialized using 'CodeIgniter\Session\Handlers\FileHandler' driver.
INFO - 2024-06-13 10:45:28 --> Session: Class initialized using 'CodeIgniter\Session\Handlers\FileHandler' driver.
INFO - 2024-06-13 10:46:21 --> Session: Class initialized using 'CodeIgniter\Session\Handlers\FileHandler' driver.
INFO - 2024-06-13 10:48:59 --> Session: Class initialized using 'CodeIgniter\Session\Handlers\FileHandler' driver.
INFO - 2024-06-13 10:49:03 --> Session: Class initialized using 'CodeIgniter\Session\Handlers\FileHandler' driver.
INFO - 2024-06-13 10:49:41 --> Session: Class initialized using 'CodeIgniter\Session\Handlers\FileHandler' driver.
INFO - 2024-06-13 10:50:22 --> Session: Class initialized using 'CodeIgniter\Session\Handlers\FileHandler' driver.
INFO - 2024-06-13 10:53:07 --> Session: Class initialized using 'CodeIgniter\Session\Handlers\FileHandler' driver.
INFO - 2024-06-13 10:53:10 --> Session: Class initialized using 'CodeIgniter\Session\Handlers\FileHandler' driver.
INFO - 2024-06-13 10:58:38 --> Session: Class initialized using 'CodeIgniter\Session\Handlers\FileHandler' driver.
INFO - 2024-06-13 10:58:53 --> Session: Class initialized using 'CodeIgniter\Session\Handlers\FileHandler' driver.
INFO - 2024-06-13 10:59:10 --> Session: Class initialized using 'CodeIgniter\Session\Handlers\FileHandler' driver.
INFO - 2024-06-13 11:08:18 --> Session: Class initialized using 'CodeIgniter\Session\Handlers\FileHandler' driver.
INFO - 2024-06-13 11:13:49 --> Session: Class initialized using 'CodeIgniter\Session\Handlers\FileHandler' driver.
INFO - 2024-06-13 11:16:10 --> Session: Class initialized using 'CodeIgniter\Session\Handlers\FileHandler' driver.
INFO - 2024-06-13 11:18:10 --> Session: Class initialized using 'CodeIgniter\Session\Handlers\FileHandler' driver.
INFO - 2024-06-13 11:18:47 --> Session: Class initialized using 'CodeIgniter\Session\Handlers\FileHandler' driver.
INFO - 2024-06-13 11:18:48 --> Session: Class initialized using 'CodeIgniter\Session\Handlers\FileHandler' driver.
INFO - 2024-06-13 11:21:14 --> Session: Class initialized using 'CodeIgniter\Session\Handlers\FileHandler' driver.
INFO - 2024-06-13 11:26:02 --> Session: Class initialized using 'CodeIgniter\Session\Handlers\FileHandler' driver.
INFO - 2024-06-13 11:26:11 --> Session: Class initialized using 'CodeIgniter\Session\Handlers\FileHandler' driver.
INFO - 2024-06-13 11:26:16 --> Session: Class initialized using 'CodeIgniter\Session\Handlers\FileHandler' driver.
INFO - 2024-06-13 11:26:43 --> Session: Class initialized using 'CodeIgniter\Session\Handlers\FileHandler' driver.
INFO - 2024-06-13 11:40:58 --> Session: Class initialized using 'CodeIgniter\Session\Handlers\FileHandler' driver.
INFO - 2024-06-13 11:42:52 --> Session: Class initialized using 'CodeIgniter\Session\Handlers\FileHandler' driver.
INFO - 2024-06-13 11:42:55 --> Session: Class initialized using 'CodeIgniter\Session\Handlers\FileHandler' driver.
INFO - 2024-06-13 11:43:00 --> Session: Class initialized using 'CodeIgniter\Session\Handlers\FileHandler' driver.
INFO - 2024-06-13 11:48:35 --> Session: Class initialized using 'CodeIgniter\Session\Handlers\FileHandler' driver.
INFO - 2024-06-13 11:49:48 --> Session: Class initialized using 'CodeIgniter\Session\Handlers\FileHandler' driver.
INFO - 2024-06-13 11:51:25 --> Session: Class initialized using 'CodeIgniter\Session\Handlers\FileHandler' driver.
INFO - 2024-06-13 11:51:33 --> Session: Class initialized using 'CodeIgniter\Session\Handlers\FileHandler' driver.
INFO - 2024-06-13 11:52:19 --> Session: Class initialized using 'CodeIgniter\Session\Handlers\FileHandler' driver.
INFO - 2024-06-13 11:53:47 --> Session: Class initialized using 'CodeIgniter\Session\Handlers\FileHandler' driver.
INFO - 2024-06-13 11:53:53 --> Session: Class initialized using 'CodeIgniter\Session\Handlers\FileHandler' driver.
INFO - 2024-06-13 11:54:15 --> Session: Class initialized using 'CodeIgniter\Session\Handlers\FileHandler' driver.
INFO - 2024-06-13 11:54:22 --> Session: Class initialized using 'CodeIgniter\Session\Handlers\FileHandler' driver.
INFO - 2024-06-13 11:54:28 --> Session: Class initialized using 'CodeIgniter\Session\Handlers\FileHandler' driver.
INFO - 2024-06-13 11:54:34 --> Session: Class initialized using 'CodeIgniter\Session\Handlers\FileHandler' driver.
INFO - 2024-06-13 11:55:39 --> Session: Class initialized using 'CodeIgniter\Session\Handlers\FileHandler' driver.
INFO - 2024-06-13 11:55:55 --> Session: Class initialized using 'CodeIgniter\Session\Handlers\FileHandler' driver.
INFO - 2024-06-13 12:54:53 --> Session: Class initialized using 'CodeIgniter\Session\Handlers\FileHandler' driver.
INFO - 2024-06-13 12:59:49 --> Session: Class initialized using 'CodeIgniter\Session\Handlers\FileHandler' driver.
INFO - 2024-06-13 13:00:12 --> Session: Class initialized using 'CodeIgniter\Session\Handlers\FileHandler' driver.
INFO - 2024-06-13 13:00:14 --> Session: Class initialized using 'CodeIgniter\Session\Handlers\FileHandler' driver.
INFO - 2024-06-13 13:03:02 --> Session: Class initialized using 'CodeIgniter\Session\Handlers\FileHandler' driver.
INFO - 2024-06-13 13:06:44 --> Session: Class initialized using 'CodeIgniter\Session\Handlers\FileHandler' driver.
INFO - 2024-06-13 13:09:41 --> Session: Class initialized using 'CodeIgniter\Session\Handlers\FileHandler' driver.
INFO - 2024-06-13 13:11:01 --> Session: Class initialized using 'CodeIgniter\Session\Handlers\FileHandler' driver.
INFO - 2024-06-13 13:11:04 --> Session: Class initialized using 'CodeIgniter\Session\Handlers\FileHandler' driver.
INFO - 2024-06-13 13:11:39 --> Session: Class initialized using 'CodeIgniter\Session\Handlers\FileHandler' driver.
INFO - 2024-06-13 13:11:50 --> Session: Class initialized using 'CodeIgniter\Session\Handlers\FileHandler' driver.
INFO - 2024-06-13 13:11:58 --> Session: Class initialized using 'CodeIgniter\Session\Handlers\FileHandler' driver.
INFO - 2024-06-13 13:12:09 --> Session: Class initialized using 'CodeIgniter\Session\Handlers\FileHandler' driver.
CRITICAL - 2024-06-13 13:12:09 --> Undefined variable $memberReqData
in APPPATH\Controllers\Become_a_member.php on line 155.
 1 APPPATH\Controllers\Become_a_member.php(155): CodeIgniter\Debug\Exceptions->errorHandler(2, 'Undefined variable $memberReqData', 'C:\\xampp\\htdocs\\iaoi\\iaoi_full\\backend\\app\\Controllers\\Become_a_member.php', 155)
 2 SYSTEMPATH\CodeIgniter.php(932): Core\Controllers\Become_a_member->profile_edit()
 3 SYSTEMPATH\CodeIgniter.php(497): CodeIgniter\CodeIgniter->runController(Object(Core\Controllers\Become_a_member))
 4 SYSTEMPATH\CodeIgniter.php(366): CodeIgniter\CodeIgniter->handleRequest(null, Object(Config\Cache), false)
 5 FCPATH\index.php(101): CodeIgniter\CodeIgniter->run()
INFO - 2024-06-13 13:14:11 --> Session: Class initialized using 'CodeIgniter\Session\Handlers\FileHandler' driver.
INFO - 2024-06-13 13:14:20 --> Session: Class initialized using 'CodeIgniter\Session\Handlers\FileHandler' driver.
INFO - 2024-06-13 13:14:25 --> Session: Class initialized using 'CodeIgniter\Session\Handlers\FileHandler' driver.
INFO - 2024-06-13 13:14:31 --> Session: Class initialized using 'CodeIgniter\Session\Handlers\FileHandler' driver.
