INFO - 2024-08-05 06:19:55 --> Session: Class initialized using 'CodeIgniter\Session\Handlers\FileHandler' driver.
INFO - 2024-08-05 06:20:10 --> Session: Class initialized using 'CodeIgniter\Session\Handlers\FileHandler' driver.
INFO - 2024-08-05 06:49:27 --> Session: Class initialized using 'CodeIgniter\Session\Handlers\FileHandler' driver.
INFO - 2024-08-05 06:52:44 --> Session: Class initialized using 'CodeIgniter\Session\Handlers\FileHandler' driver.
INFO - 2024-08-05 06:54:30 --> Session: Class initialized using 'CodeIgniter\Session\Handlers\FileHandler' driver.
INFO - 2024-08-05 06:54:30 --> Session: Class initialized using 'CodeIgniter\Session\Handlers\FileHandler' driver.
CRITICAL - 2024-08-05 06:54:30 --> Trying to access array offset on value of type null
in APPPATH\Views\pages\blog_details.php on line 12.
 1 APPPATH\Views\pages\blog_details.php(12): CodeIgniter\Debug\Exceptions->errorHandler(2, 'Trying to access array offset on value of type null', 'C:\\xampp\\htdocs\\oloogy_backend\\app\\Views\\pages\\blog_details.php', 12)
 2 SYSTEMPATH\View\View.php(224): include('C:\\xampp\\htdocs\\oloogy_backend\\app\\Views\\pages\\blog_details.php')
 3 SYSTEMPATH\View\View.php(227): CodeIgniter\View\View->CodeIgniter\View\{closure}()
 4 SYSTEMPATH\Common.php(1180): CodeIgniter\View\View->render('pages/blog_details', [], true)
 5 APPPATH\Controllers\Blog\BlogController.php(37): view('pages/blog_details', [...])
 6 SYSTEMPATH\CodeIgniter.php(932): Core\Controllers\Blog\BlogController->blog_details('assets', 'img', 'ri_facebook-fill.png')
 7 SYSTEMPATH\CodeIgniter.php(497): CodeIgniter\CodeIgniter->runController(Object(Core\Controllers\Blog\BlogController))
 8 SYSTEMPATH\CodeIgniter.php(366): CodeIgniter\CodeIgniter->handleRequest(null, Object(Config\Cache), false)
 9 FCPATH\index.php(101): CodeIgniter\CodeIgniter->run()
INFO - 2024-08-05 06:54:30 --> Session: Class initialized using 'CodeIgniter\Session\Handlers\FileHandler' driver.
CRITICAL - 2024-08-05 06:54:30 --> Trying to access array offset on value of type null
in APPPATH\Views\pages\blog_details.php on line 12.
 1 APPPATH\Views\pages\blog_details.php(12): CodeIgniter\Debug\Exceptions->errorHandler(2, 'Trying to access array offset on value of type null', 'C:\\xampp\\htdocs\\oloogy_backend\\app\\Views\\pages\\blog_details.php', 12)
 2 SYSTEMPATH\View\View.php(224): include('C:\\xampp\\htdocs\\oloogy_backend\\app\\Views\\pages\\blog_details.php')
 3 SYSTEMPATH\View\View.php(227): CodeIgniter\View\View->CodeIgniter\View\{closure}()
 4 SYSTEMPATH\Common.php(1180): CodeIgniter\View\View->render('pages/blog_details', [], true)
 5 APPPATH\Controllers\Blog\BlogController.php(37): view('pages/blog_details', [...])
 6 SYSTEMPATH\CodeIgniter.php(932): Core\Controllers\Blog\BlogController->blog_details('assets', 'img', 'ri_linkedin-fill.png')
 7 SYSTEMPATH\CodeIgniter.php(497): CodeIgniter\CodeIgniter->runController(Object(Core\Controllers\Blog\BlogController))
 8 SYSTEMPATH\CodeIgniter.php(366): CodeIgniter\CodeIgniter->handleRequest(null, Object(Config\Cache), false)
 9 FCPATH\index.php(101): CodeIgniter\CodeIgniter->run()
INFO - 2024-08-05 06:54:30 --> Session: Class initialized using 'CodeIgniter\Session\Handlers\FileHandler' driver.
CRITICAL - 2024-08-05 06:54:30 --> Trying to access array offset on value of type null
in APPPATH\Views\pages\blog_details.php on line 12.
 1 APPPATH\Views\pages\blog_details.php(12): CodeIgniter\Debug\Exceptions->errorHandler(2, 'Trying to access array offset on value of type null', 'C:\\xampp\\htdocs\\oloogy_backend\\app\\Views\\pages\\blog_details.php', 12)
 2 SYSTEMPATH\View\View.php(224): include('C:\\xampp\\htdocs\\oloogy_backend\\app\\Views\\pages\\blog_details.php')
 3 SYSTEMPATH\View\View.php(227): CodeIgniter\View\View->CodeIgniter\View\{closure}()
 4 SYSTEMPATH\Common.php(1180): CodeIgniter\View\View->render('pages/blog_details', [], true)
 5 APPPATH\Controllers\Blog\BlogController.php(37): view('pages/blog_details', [...])
 6 SYSTEMPATH\CodeIgniter.php(932): Core\Controllers\Blog\BlogController->blog_details('assets', 'img', 'Vector.png')
 7 SYSTEMPATH\CodeIgniter.php(497): CodeIgniter\CodeIgniter->runController(Object(Core\Controllers\Blog\BlogController))
 8 SYSTEMPATH\CodeIgniter.php(366): CodeIgniter\CodeIgniter->handleRequest(null, Object(Config\Cache), false)
 9 FCPATH\index.php(101): CodeIgniter\CodeIgniter->run()
INFO - 2024-08-05 06:54:45 --> Session: Class initialized using 'CodeIgniter\Session\Handlers\FileHandler' driver.
INFO - 2024-08-05 06:55:15 --> Session: Class initialized using 'CodeIgniter\Session\Handlers\FileHandler' driver.
INFO - 2024-08-05 06:55:15 --> Session: Class initialized using 'CodeIgniter\Session\Handlers\FileHandler' driver.
CRITICAL - 2024-08-05 06:55:15 --> Trying to access array offset on value of type null
in APPPATH\Views\pages\blog_details.php on line 12.
 1 APPPATH\Views\pages\blog_details.php(12): CodeIgniter\Debug\Exceptions->errorHandler(2, 'Trying to access array offset on value of type null', 'C:\\xampp\\htdocs\\oloogy_backend\\app\\Views\\pages\\blog_details.php', 12)
 2 SYSTEMPATH\View\View.php(224): include('C:\\xampp\\htdocs\\oloogy_backend\\app\\Views\\pages\\blog_details.php')
 3 SYSTEMPATH\View\View.php(227): CodeIgniter\View\View->CodeIgniter\View\{closure}()
 4 SYSTEMPATH\Common.php(1180): CodeIgniter\View\View->render('pages/blog_details', [], true)
 5 APPPATH\Controllers\Blog\BlogController.php(37): view('pages/blog_details', [...])
 6 SYSTEMPATH\CodeIgniter.php(932): Core\Controllers\Blog\BlogController->blog_details('assets', 'img', 'ri_facebook-fill.png')
 7 SYSTEMPATH\CodeIgniter.php(497): CodeIgniter\CodeIgniter->runController(Object(Core\Controllers\Blog\BlogController))
 8 SYSTEMPATH\CodeIgniter.php(366): CodeIgniter\CodeIgniter->handleRequest(null, Object(Config\Cache), false)
 9 FCPATH\index.php(101): CodeIgniter\CodeIgniter->run()
INFO - 2024-08-05 06:55:15 --> Session: Class initialized using 'CodeIgniter\Session\Handlers\FileHandler' driver.
CRITICAL - 2024-08-05 06:55:15 --> Trying to access array offset on value of type null
in APPPATH\Views\pages\blog_details.php on line 12.
 1 APPPATH\Views\pages\blog_details.php(12): CodeIgniter\Debug\Exceptions->errorHandler(2, 'Trying to access array offset on value of type null', 'C:\\xampp\\htdocs\\oloogy_backend\\app\\Views\\pages\\blog_details.php', 12)
 2 SYSTEMPATH\View\View.php(224): include('C:\\xampp\\htdocs\\oloogy_backend\\app\\Views\\pages\\blog_details.php')
 3 SYSTEMPATH\View\View.php(227): CodeIgniter\View\View->CodeIgniter\View\{closure}()
 4 SYSTEMPATH\Common.php(1180): CodeIgniter\View\View->render('pages/blog_details', [], true)
 5 APPPATH\Controllers\Blog\BlogController.php(37): view('pages/blog_details', [...])
 6 SYSTEMPATH\CodeIgniter.php(932): Core\Controllers\Blog\BlogController->blog_details('assets', 'img', 'ri_linkedin-fill.png')
 7 SYSTEMPATH\CodeIgniter.php(497): CodeIgniter\CodeIgniter->runController(Object(Core\Controllers\Blog\BlogController))
 8 SYSTEMPATH\CodeIgniter.php(366): CodeIgniter\CodeIgniter->handleRequest(null, Object(Config\Cache), false)
 9 FCPATH\index.php(101): CodeIgniter\CodeIgniter->run()
INFO - 2024-08-05 06:55:15 --> Session: Class initialized using 'CodeIgniter\Session\Handlers\FileHandler' driver.
CRITICAL - 2024-08-05 06:55:15 --> Trying to access array offset on value of type null
in APPPATH\Views\pages\blog_details.php on line 12.
 1 APPPATH\Views\pages\blog_details.php(12): CodeIgniter\Debug\Exceptions->errorHandler(2, 'Trying to access array offset on value of type null', 'C:\\xampp\\htdocs\\oloogy_backend\\app\\Views\\pages\\blog_details.php', 12)
 2 SYSTEMPATH\View\View.php(224): include('C:\\xampp\\htdocs\\oloogy_backend\\app\\Views\\pages\\blog_details.php')
 3 SYSTEMPATH\View\View.php(227): CodeIgniter\View\View->CodeIgniter\View\{closure}()
 4 SYSTEMPATH\Common.php(1180): CodeIgniter\View\View->render('pages/blog_details', [], true)
 5 APPPATH\Controllers\Blog\BlogController.php(37): view('pages/blog_details', [...])
 6 SYSTEMPATH\CodeIgniter.php(932): Core\Controllers\Blog\BlogController->blog_details('assets', 'img', 'Vector.png')
 7 SYSTEMPATH\CodeIgniter.php(497): CodeIgniter\CodeIgniter->runController(Object(Core\Controllers\Blog\BlogController))
 8 SYSTEMPATH\CodeIgniter.php(366): CodeIgniter\CodeIgniter->handleRequest(null, Object(Config\Cache), false)
 9 FCPATH\index.php(101): CodeIgniter\CodeIgniter->run()
INFO - 2024-08-05 06:55:40 --> Session: Class initialized using 'CodeIgniter\Session\Handlers\FileHandler' driver.
INFO - 2024-08-05 06:55:47 --> Session: Class initialized using 'CodeIgniter\Session\Handlers\FileHandler' driver.
INFO - 2024-08-05 06:55:53 --> Session: Class initialized using 'CodeIgniter\Session\Handlers\FileHandler' driver.
INFO - 2024-08-05 06:55:54 --> Session: Class initialized using 'CodeIgniter\Session\Handlers\FileHandler' driver.
CRITICAL - 2024-08-05 06:55:54 --> Trying to access array offset on value of type null
in APPPATH\Views\pages\blog_details.php on line 12.
 1 APPPATH\Views\pages\blog_details.php(12): CodeIgniter\Debug\Exceptions->errorHandler(2, 'Trying to access array offset on value of type null', 'C:\\xampp\\htdocs\\oloogy_backend\\app\\Views\\pages\\blog_details.php', 12)
 2 SYSTEMPATH\View\View.php(224): include('C:\\xampp\\htdocs\\oloogy_backend\\app\\Views\\pages\\blog_details.php')
 3 SYSTEMPATH\View\View.php(227): CodeIgniter\View\View->CodeIgniter\View\{closure}()
 4 SYSTEMPATH\Common.php(1180): CodeIgniter\View\View->render('pages/blog_details', [], true)
 5 APPPATH\Controllers\Blog\BlogController.php(37): view('pages/blog_details', [...])
 6 SYSTEMPATH\CodeIgniter.php(932): Core\Controllers\Blog\BlogController->blog_details('assets', 'img', 'ri_linkedin-fill.png')
 7 SYSTEMPATH\CodeIgniter.php(497): CodeIgniter\CodeIgniter->runController(Object(Core\Controllers\Blog\BlogController))
 8 SYSTEMPATH\CodeIgniter.php(366): CodeIgniter\CodeIgniter->handleRequest(null, Object(Config\Cache), false)
 9 FCPATH\index.php(101): CodeIgniter\CodeIgniter->run()
INFO - 2024-08-05 06:55:54 --> Session: Class initialized using 'CodeIgniter\Session\Handlers\FileHandler' driver.
CRITICAL - 2024-08-05 06:55:54 --> Trying to access array offset on value of type null
in APPPATH\Views\pages\blog_details.php on line 12.
 1 APPPATH\Views\pages\blog_details.php(12): CodeIgniter\Debug\Exceptions->errorHandler(2, 'Trying to access array offset on value of type null', 'C:\\xampp\\htdocs\\oloogy_backend\\app\\Views\\pages\\blog_details.php', 12)
 2 SYSTEMPATH\View\View.php(224): include('C:\\xampp\\htdocs\\oloogy_backend\\app\\Views\\pages\\blog_details.php')
 3 SYSTEMPATH\View\View.php(227): CodeIgniter\View\View->CodeIgniter\View\{closure}()
 4 SYSTEMPATH\Common.php(1180): CodeIgniter\View\View->render('pages/blog_details', [], true)
 5 APPPATH\Controllers\Blog\BlogController.php(37): view('pages/blog_details', [...])
 6 SYSTEMPATH\CodeIgniter.php(932): Core\Controllers\Blog\BlogController->blog_details('assets', 'img', 'Vector.png')
 7 SYSTEMPATH\CodeIgniter.php(497): CodeIgniter\CodeIgniter->runController(Object(Core\Controllers\Blog\BlogController))
 8 SYSTEMPATH\CodeIgniter.php(366): CodeIgniter\CodeIgniter->handleRequest(null, Object(Config\Cache), false)
 9 FCPATH\index.php(101): CodeIgniter\CodeIgniter->run()
INFO - 2024-08-05 06:55:54 --> Session: Class initialized using 'CodeIgniter\Session\Handlers\FileHandler' driver.
CRITICAL - 2024-08-05 06:55:54 --> Trying to access array offset on value of type null
in APPPATH\Views\pages\blog_details.php on line 12.
 1 APPPATH\Views\pages\blog_details.php(12): CodeIgniter\Debug\Exceptions->errorHandler(2, 'Trying to access array offset on value of type null', 'C:\\xampp\\htdocs\\oloogy_backend\\app\\Views\\pages\\blog_details.php', 12)
 2 SYSTEMPATH\View\View.php(224): include('C:\\xampp\\htdocs\\oloogy_backend\\app\\Views\\pages\\blog_details.php')
 3 SYSTEMPATH\View\View.php(227): CodeIgniter\View\View->CodeIgniter\View\{closure}()
 4 SYSTEMPATH\Common.php(1180): CodeIgniter\View\View->render('pages/blog_details', [], true)
 5 APPPATH\Controllers\Blog\BlogController.php(37): view('pages/blog_details', [...])
 6 SYSTEMPATH\CodeIgniter.php(932): Core\Controllers\Blog\BlogController->blog_details('assets', 'img', 'ri_facebook-fill.png')
 7 SYSTEMPATH\CodeIgniter.php(497): CodeIgniter\CodeIgniter->runController(Object(Core\Controllers\Blog\BlogController))
 8 SYSTEMPATH\CodeIgniter.php(366): CodeIgniter\CodeIgniter->handleRequest(null, Object(Config\Cache), false)
 9 FCPATH\index.php(101): CodeIgniter\CodeIgniter->run()
INFO - 2024-08-05 06:59:04 --> Session: Class initialized using 'CodeIgniter\Session\Handlers\FileHandler' driver.
INFO - 2024-08-05 06:59:21 --> Session: Class initialized using 'CodeIgniter\Session\Handlers\FileHandler' driver.
INFO - 2024-08-05 06:59:21 --> Session: Class initialized using 'CodeIgniter\Session\Handlers\FileHandler' driver.
CRITICAL - 2024-08-05 06:59:21 --> Trying to access array offset on value of type null
in APPPATH\Views\pages\blog_details.php on line 12.
 1 APPPATH\Views\pages\blog_details.php(12): CodeIgniter\Debug\Exceptions->errorHandler(2, 'Trying to access array offset on value of type null', 'C:\\xampp\\htdocs\\oloogy_backend\\app\\Views\\pages\\blog_details.php', 12)
 2 SYSTEMPATH\View\View.php(224): include('C:\\xampp\\htdocs\\oloogy_backend\\app\\Views\\pages\\blog_details.php')
 3 SYSTEMPATH\View\View.php(227): CodeIgniter\View\View->CodeIgniter\View\{closure}()
 4 SYSTEMPATH\Common.php(1180): CodeIgniter\View\View->render('pages/blog_details', [], true)
 5 APPPATH\Controllers\Blog\BlogController.php(37): view('pages/blog_details', [...])
 6 SYSTEMPATH\CodeIgniter.php(932): Core\Controllers\Blog\BlogController->blog_details('assets', 'img', 'ri_facebook-fill.png')
 7 SYSTEMPATH\CodeIgniter.php(497): CodeIgniter\CodeIgniter->runController(Object(Core\Controllers\Blog\BlogController))
 8 SYSTEMPATH\CodeIgniter.php(366): CodeIgniter\CodeIgniter->handleRequest(null, Object(Config\Cache), false)
 9 FCPATH\index.php(101): CodeIgniter\CodeIgniter->run()
INFO - 2024-08-05 06:59:21 --> Session: Class initialized using 'CodeIgniter\Session\Handlers\FileHandler' driver.
CRITICAL - 2024-08-05 06:59:21 --> Trying to access array offset on value of type null
in APPPATH\Views\pages\blog_details.php on line 12.
 1 APPPATH\Views\pages\blog_details.php(12): CodeIgniter\Debug\Exceptions->errorHandler(2, 'Trying to access array offset on value of type null', 'C:\\xampp\\htdocs\\oloogy_backend\\app\\Views\\pages\\blog_details.php', 12)
 2 SYSTEMPATH\View\View.php(224): include('C:\\xampp\\htdocs\\oloogy_backend\\app\\Views\\pages\\blog_details.php')
 3 SYSTEMPATH\View\View.php(227): CodeIgniter\View\View->CodeIgniter\View\{closure}()
 4 SYSTEMPATH\Common.php(1180): CodeIgniter\View\View->render('pages/blog_details', [], true)
 5 APPPATH\Controllers\Blog\BlogController.php(37): view('pages/blog_details', [...])
 6 SYSTEMPATH\CodeIgniter.php(932): Core\Controllers\Blog\BlogController->blog_details('assets', 'img', 'ri_linkedin-fill.png')
 7 SYSTEMPATH\CodeIgniter.php(497): CodeIgniter\CodeIgniter->runController(Object(Core\Controllers\Blog\BlogController))
 8 SYSTEMPATH\CodeIgniter.php(366): CodeIgniter\CodeIgniter->handleRequest(null, Object(Config\Cache), false)
 9 FCPATH\index.php(101): CodeIgniter\CodeIgniter->run()
INFO - 2024-08-05 06:59:21 --> Session: Class initialized using 'CodeIgniter\Session\Handlers\FileHandler' driver.
CRITICAL - 2024-08-05 06:59:21 --> Trying to access array offset on value of type null
in APPPATH\Views\pages\blog_details.php on line 12.
 1 APPPATH\Views\pages\blog_details.php(12): CodeIgniter\Debug\Exceptions->errorHandler(2, 'Trying to access array offset on value of type null', 'C:\\xampp\\htdocs\\oloogy_backend\\app\\Views\\pages\\blog_details.php', 12)
 2 SYSTEMPATH\View\View.php(224): include('C:\\xampp\\htdocs\\oloogy_backend\\app\\Views\\pages\\blog_details.php')
 3 SYSTEMPATH\View\View.php(227): CodeIgniter\View\View->CodeIgniter\View\{closure}()
 4 SYSTEMPATH\Common.php(1180): CodeIgniter\View\View->render('pages/blog_details', [], true)
 5 APPPATH\Controllers\Blog\BlogController.php(37): view('pages/blog_details', [...])
 6 SYSTEMPATH\CodeIgniter.php(932): Core\Controllers\Blog\BlogController->blog_details('assets', 'img', 'Vector.png')
 7 SYSTEMPATH\CodeIgniter.php(497): CodeIgniter\CodeIgniter->runController(Object(Core\Controllers\Blog\BlogController))
 8 SYSTEMPATH\CodeIgniter.php(366): CodeIgniter\CodeIgniter->handleRequest(null, Object(Config\Cache), false)
 9 FCPATH\index.php(101): CodeIgniter\CodeIgniter->run()
INFO - 2024-08-05 07:05:43 --> Session: Class initialized using 'CodeIgniter\Session\Handlers\FileHandler' driver.
INFO - 2024-08-05 07:05:44 --> Session: Class initialized using 'CodeIgniter\Session\Handlers\FileHandler' driver.
CRITICAL - 2024-08-05 07:05:44 --> Trying to access array offset on value of type null
in APPPATH\Views\pages\blog_details.php on line 12.
 1 APPPATH\Views\pages\blog_details.php(12): CodeIgniter\Debug\Exceptions->errorHandler(2, 'Trying to access array offset on value of type null', 'C:\\xampp\\htdocs\\oloogy_backend\\app\\Views\\pages\\blog_details.php', 12)
 2 SYSTEMPATH\View\View.php(224): include('C:\\xampp\\htdocs\\oloogy_backend\\app\\Views\\pages\\blog_details.php')
 3 SYSTEMPATH\View\View.php(227): CodeIgniter\View\View->CodeIgniter\View\{closure}()
 4 SYSTEMPATH\Common.php(1180): CodeIgniter\View\View->render('pages/blog_details', [], true)
 5 APPPATH\Controllers\Blog\BlogController.php(37): view('pages/blog_details', [...])
 6 SYSTEMPATH\CodeIgniter.php(932): Core\Controllers\Blog\BlogController->blog_details('assets', 'img', 'ri_linkedin-fill.png')
 7 SYSTEMPATH\CodeIgniter.php(497): CodeIgniter\CodeIgniter->runController(Object(Core\Controllers\Blog\BlogController))
 8 SYSTEMPATH\CodeIgniter.php(366): CodeIgniter\CodeIgniter->handleRequest(null, Object(Config\Cache), false)
 9 FCPATH\index.php(101): CodeIgniter\CodeIgniter->run()
INFO - 2024-08-05 07:05:44 --> Session: Class initialized using 'CodeIgniter\Session\Handlers\FileHandler' driver.
CRITICAL - 2024-08-05 07:05:44 --> Trying to access array offset on value of type null
in APPPATH\Views\pages\blog_details.php on line 12.
 1 APPPATH\Views\pages\blog_details.php(12): CodeIgniter\Debug\Exceptions->errorHandler(2, 'Trying to access array offset on value of type null', 'C:\\xampp\\htdocs\\oloogy_backend\\app\\Views\\pages\\blog_details.php', 12)
 2 SYSTEMPATH\View\View.php(224): include('C:\\xampp\\htdocs\\oloogy_backend\\app\\Views\\pages\\blog_details.php')
 3 SYSTEMPATH\View\View.php(227): CodeIgniter\View\View->CodeIgniter\View\{closure}()
 4 SYSTEMPATH\Common.php(1180): CodeIgniter\View\View->render('pages/blog_details', [], true)
 5 APPPATH\Controllers\Blog\BlogController.php(37): view('pages/blog_details', [...])
 6 SYSTEMPATH\CodeIgniter.php(932): Core\Controllers\Blog\BlogController->blog_details('assets', 'img', 'Vector.png')
 7 SYSTEMPATH\CodeIgniter.php(497): CodeIgniter\CodeIgniter->runController(Object(Core\Controllers\Blog\BlogController))
 8 SYSTEMPATH\CodeIgniter.php(366): CodeIgniter\CodeIgniter->handleRequest(null, Object(Config\Cache), false)
 9 FCPATH\index.php(101): CodeIgniter\CodeIgniter->run()
INFO - 2024-08-05 07:05:44 --> Session: Class initialized using 'CodeIgniter\Session\Handlers\FileHandler' driver.
CRITICAL - 2024-08-05 07:05:44 --> Trying to access array offset on value of type null
in APPPATH\Views\pages\blog_details.php on line 12.
 1 APPPATH\Views\pages\blog_details.php(12): CodeIgniter\Debug\Exceptions->errorHandler(2, 'Trying to access array offset on value of type null', 'C:\\xampp\\htdocs\\oloogy_backend\\app\\Views\\pages\\blog_details.php', 12)
 2 SYSTEMPATH\View\View.php(224): include('C:\\xampp\\htdocs\\oloogy_backend\\app\\Views\\pages\\blog_details.php')
 3 SYSTEMPATH\View\View.php(227): CodeIgniter\View\View->CodeIgniter\View\{closure}()
 4 SYSTEMPATH\Common.php(1180): CodeIgniter\View\View->render('pages/blog_details', [], true)
 5 APPPATH\Controllers\Blog\BlogController.php(37): view('pages/blog_details', [...])
 6 SYSTEMPATH\CodeIgniter.php(932): Core\Controllers\Blog\BlogController->blog_details('assets', 'img', 'ri_facebook-fill.png')
 7 SYSTEMPATH\CodeIgniter.php(497): CodeIgniter\CodeIgniter->runController(Object(Core\Controllers\Blog\BlogController))
 8 SYSTEMPATH\CodeIgniter.php(366): CodeIgniter\CodeIgniter->handleRequest(null, Object(Config\Cache), false)
 9 FCPATH\index.php(101): CodeIgniter\CodeIgniter->run()
INFO - 2024-08-05 09:12:08 --> Session: Class initialized using 'CodeIgniter\Session\Handlers\FileHandler' driver.
INFO - 2024-08-05 09:12:09 --> Session: Class initialized using 'CodeIgniter\Session\Handlers\FileHandler' driver.
INFO - 2024-08-05 09:13:15 --> Session: Class initialized using 'CodeIgniter\Session\Handlers\FileHandler' driver.
INFO - 2024-08-05 09:13:16 --> Session: Class initialized using 'CodeIgniter\Session\Handlers\FileHandler' driver.
CRITICAL - 2024-08-05 09:13:16 --> Trying to access array offset on value of type null
in APPPATH\Views\pages\blog_details.php on line 12.
 1 APPPATH\Views\pages\blog_details.php(12): CodeIgniter\Debug\Exceptions->errorHandler(2, 'Trying to access array offset on value of type null', 'C:\\xampp\\htdocs\\oloogy_backend\\app\\Views\\pages\\blog_details.php', 12)
 2 SYSTEMPATH\View\View.php(224): include('C:\\xampp\\htdocs\\oloogy_backend\\app\\Views\\pages\\blog_details.php')
 3 SYSTEMPATH\View\View.php(227): CodeIgniter\View\View->CodeIgniter\View\{closure}()
 4 SYSTEMPATH\Common.php(1180): CodeIgniter\View\View->render('pages/blog_details', [], true)
 5 APPPATH\Controllers\Blog\BlogController.php(37): view('pages/blog_details', [...])
 6 SYSTEMPATH\CodeIgniter.php(932): Core\Controllers\Blog\BlogController->blog_details('assets', 'img', 'ri_linkedin-fill.png')
 7 SYSTEMPATH\CodeIgniter.php(497): CodeIgniter\CodeIgniter->runController(Object(Core\Controllers\Blog\BlogController))
 8 SYSTEMPATH\CodeIgniter.php(366): CodeIgniter\CodeIgniter->handleRequest(null, Object(Config\Cache), false)
 9 FCPATH\index.php(101): CodeIgniter\CodeIgniter->run()
INFO - 2024-08-05 09:13:16 --> Session: Class initialized using 'CodeIgniter\Session\Handlers\FileHandler' driver.
CRITICAL - 2024-08-05 09:13:16 --> Trying to access array offset on value of type null
in APPPATH\Views\pages\blog_details.php on line 12.
 1 APPPATH\Views\pages\blog_details.php(12): CodeIgniter\Debug\Exceptions->errorHandler(2, 'Trying to access array offset on value of type null', 'C:\\xampp\\htdocs\\oloogy_backend\\app\\Views\\pages\\blog_details.php', 12)
 2 SYSTEMPATH\View\View.php(224): include('C:\\xampp\\htdocs\\oloogy_backend\\app\\Views\\pages\\blog_details.php')
 3 SYSTEMPATH\View\View.php(227): CodeIgniter\View\View->CodeIgniter\View\{closure}()
 4 SYSTEMPATH\Common.php(1180): CodeIgniter\View\View->render('pages/blog_details', [], true)
 5 APPPATH\Controllers\Blog\BlogController.php(37): view('pages/blog_details', [...])
 6 SYSTEMPATH\CodeIgniter.php(932): Core\Controllers\Blog\BlogController->blog_details('assets', 'img', 'ri_facebook-fill.png')
 7 SYSTEMPATH\CodeIgniter.php(497): CodeIgniter\CodeIgniter->runController(Object(Core\Controllers\Blog\BlogController))
 8 SYSTEMPATH\CodeIgniter.php(366): CodeIgniter\CodeIgniter->handleRequest(null, Object(Config\Cache), false)
 9 FCPATH\index.php(101): CodeIgniter\CodeIgniter->run()
INFO - 2024-08-05 09:13:16 --> Session: Class initialized using 'CodeIgniter\Session\Handlers\FileHandler' driver.
CRITICAL - 2024-08-05 09:13:16 --> Trying to access array offset on value of type null
in APPPATH\Views\pages\blog_details.php on line 12.
 1 APPPATH\Views\pages\blog_details.php(12): CodeIgniter\Debug\Exceptions->errorHandler(2, 'Trying to access array offset on value of type null', 'C:\\xampp\\htdocs\\oloogy_backend\\app\\Views\\pages\\blog_details.php', 12)
 2 SYSTEMPATH\View\View.php(224): include('C:\\xampp\\htdocs\\oloogy_backend\\app\\Views\\pages\\blog_details.php')
 3 SYSTEMPATH\View\View.php(227): CodeIgniter\View\View->CodeIgniter\View\{closure}()
 4 SYSTEMPATH\Common.php(1180): CodeIgniter\View\View->render('pages/blog_details', [], true)
 5 APPPATH\Controllers\Blog\BlogController.php(37): view('pages/blog_details', [...])
 6 SYSTEMPATH\CodeIgniter.php(932): Core\Controllers\Blog\BlogController->blog_details('assets', 'img', 'Vector.png')
 7 SYSTEMPATH\CodeIgniter.php(497): CodeIgniter\CodeIgniter->runController(Object(Core\Controllers\Blog\BlogController))
 8 SYSTEMPATH\CodeIgniter.php(366): CodeIgniter\CodeIgniter->handleRequest(null, Object(Config\Cache), false)
 9 FCPATH\index.php(101): CodeIgniter\CodeIgniter->run()
INFO - 2024-08-05 09:13:25 --> Session: Class initialized using 'CodeIgniter\Session\Handlers\FileHandler' driver.
INFO - 2024-08-05 09:13:42 --> Session: Class initialized using 'CodeIgniter\Session\Handlers\FileHandler' driver.
INFO - 2024-08-05 09:14:14 --> Session: Class initialized using 'CodeIgniter\Session\Handlers\FileHandler' driver.
INFO - 2024-08-05 09:14:17 --> Session: Class initialized using 'CodeIgniter\Session\Handlers\FileHandler' driver.
INFO - 2024-08-05 09:14:19 --> Session: Class initialized using 'CodeIgniter\Session\Handlers\FileHandler' driver.
INFO - 2024-08-05 09:14:21 --> Session: Class initialized using 'CodeIgniter\Session\Handlers\FileHandler' driver.
INFO - 2024-08-05 09:14:23 --> Session: Class initialized using 'CodeIgniter\Session\Handlers\FileHandler' driver.
INFO - 2024-08-05 09:14:27 --> Session: Class initialized using 'CodeIgniter\Session\Handlers\FileHandler' driver.
INFO - 2024-08-05 09:14:30 --> Session: Class initialized using 'CodeIgniter\Session\Handlers\FileHandler' driver.
INFO - 2024-08-05 09:14:34 --> Session: Class initialized using 'CodeIgniter\Session\Handlers\FileHandler' driver.
INFO - 2024-08-05 09:14:36 --> Session: Class initialized using 'CodeIgniter\Session\Handlers\FileHandler' driver.
INFO - 2024-08-05 09:14:41 --> Session: Class initialized using 'CodeIgniter\Session\Handlers\FileHandler' driver.
INFO - 2024-08-05 09:15:08 --> Session: Class initialized using 'CodeIgniter\Session\Handlers\FileHandler' driver.
INFO - 2024-08-05 10:14:34 --> Session: Class initialized using 'CodeIgniter\Session\Handlers\FileHandler' driver.
INFO - 2024-08-05 10:14:39 --> Session: Class initialized using 'CodeIgniter\Session\Handlers\FileHandler' driver.
INFO - 2024-08-05 10:15:49 --> Session: Class initialized using 'CodeIgniter\Session\Handlers\FileHandler' driver.
INFO - 2024-08-05 10:16:22 --> Session: Class initialized using 'CodeIgniter\Session\Handlers\FileHandler' driver.
INFO - 2024-08-05 10:16:59 --> Session: Class initialized using 'CodeIgniter\Session\Handlers\FileHandler' driver.
INFO - 2024-08-05 10:17:24 --> Session: Class initialized using 'CodeIgniter\Session\Handlers\FileHandler' driver.
INFO - 2024-08-05 10:17:24 --> Session: Class initialized using 'CodeIgniter\Session\Handlers\FileHandler' driver.
CRITICAL - 2024-08-05 10:17:24 --> Trying to access array offset on value of type null
in APPPATH\Views\pages\blog_details.php on line 12.
 1 APPPATH\Views\pages\blog_details.php(12): CodeIgniter\Debug\Exceptions->errorHandler(2, 'Trying to access array offset on value of type null', 'C:\\xampp\\htdocs\\oloogy_backend\\app\\Views\\pages\\blog_details.php', 12)
 2 SYSTEMPATH\View\View.php(224): include('C:\\xampp\\htdocs\\oloogy_backend\\app\\Views\\pages\\blog_details.php')
 3 SYSTEMPATH\View\View.php(227): CodeIgniter\View\View->CodeIgniter\View\{closure}()
 4 SYSTEMPATH\Common.php(1180): CodeIgniter\View\View->render('pages/blog_details', [], true)
 5 APPPATH\Controllers\Blog\BlogController.php(37): view('pages/blog_details', [...])
 6 SYSTEMPATH\CodeIgniter.php(932): Core\Controllers\Blog\BlogController->blog_details('assets', 'img', 'ri_facebook-fill.png')
 7 SYSTEMPATH\CodeIgniter.php(497): CodeIgniter\CodeIgniter->runController(Object(Core\Controllers\Blog\BlogController))
 8 SYSTEMPATH\CodeIgniter.php(366): CodeIgniter\CodeIgniter->handleRequest(null, Object(Config\Cache), false)
 9 FCPATH\index.php(101): CodeIgniter\CodeIgniter->run()
INFO - 2024-08-05 10:17:24 --> Session: Class initialized using 'CodeIgniter\Session\Handlers\FileHandler' driver.
CRITICAL - 2024-08-05 10:17:24 --> Trying to access array offset on value of type null
in APPPATH\Views\pages\blog_details.php on line 12.
 1 APPPATH\Views\pages\blog_details.php(12): CodeIgniter\Debug\Exceptions->errorHandler(2, 'Trying to access array offset on value of type null', 'C:\\xampp\\htdocs\\oloogy_backend\\app\\Views\\pages\\blog_details.php', 12)
 2 SYSTEMPATH\View\View.php(224): include('C:\\xampp\\htdocs\\oloogy_backend\\app\\Views\\pages\\blog_details.php')
 3 SYSTEMPATH\View\View.php(227): CodeIgniter\View\View->CodeIgniter\View\{closure}()
 4 SYSTEMPATH\Common.php(1180): CodeIgniter\View\View->render('pages/blog_details', [], true)
 5 APPPATH\Controllers\Blog\BlogController.php(37): view('pages/blog_details', [...])
 6 SYSTEMPATH\CodeIgniter.php(932): Core\Controllers\Blog\BlogController->blog_details('assets', 'img', 'ri_linkedin-fill.png')
 7 SYSTEMPATH\CodeIgniter.php(497): CodeIgniter\CodeIgniter->runController(Object(Core\Controllers\Blog\BlogController))
 8 SYSTEMPATH\CodeIgniter.php(366): CodeIgniter\CodeIgniter->handleRequest(null, Object(Config\Cache), false)
 9 FCPATH\index.php(101): CodeIgniter\CodeIgniter->run()
INFO - 2024-08-05 10:17:24 --> Session: Class initialized using 'CodeIgniter\Session\Handlers\FileHandler' driver.
CRITICAL - 2024-08-05 10:17:24 --> Trying to access array offset on value of type null
in APPPATH\Views\pages\blog_details.php on line 12.
 1 APPPATH\Views\pages\blog_details.php(12): CodeIgniter\Debug\Exceptions->errorHandler(2, 'Trying to access array offset on value of type null', 'C:\\xampp\\htdocs\\oloogy_backend\\app\\Views\\pages\\blog_details.php', 12)
 2 SYSTEMPATH\View\View.php(224): include('C:\\xampp\\htdocs\\oloogy_backend\\app\\Views\\pages\\blog_details.php')
 3 SYSTEMPATH\View\View.php(227): CodeIgniter\View\View->CodeIgniter\View\{closure}()
 4 SYSTEMPATH\Common.php(1180): CodeIgniter\View\View->render('pages/blog_details', [], true)
 5 APPPATH\Controllers\Blog\BlogController.php(37): view('pages/blog_details', [...])
 6 SYSTEMPATH\CodeIgniter.php(932): Core\Controllers\Blog\BlogController->blog_details('assets', 'img', 'Vector.png')
 7 SYSTEMPATH\CodeIgniter.php(497): CodeIgniter\CodeIgniter->runController(Object(Core\Controllers\Blog\BlogController))
 8 SYSTEMPATH\CodeIgniter.php(366): CodeIgniter\CodeIgniter->handleRequest(null, Object(Config\Cache), false)
 9 FCPATH\index.php(101): CodeIgniter\CodeIgniter->run()
INFO - 2024-08-05 10:17:28 --> Session: Class initialized using 'CodeIgniter\Session\Handlers\FileHandler' driver.
INFO - 2024-08-05 10:19:55 --> Session: Class initialized using 'CodeIgniter\Session\Handlers\FileHandler' driver.
INFO - 2024-08-05 10:20:54 --> Session: Class initialized using 'CodeIgniter\Session\Handlers\FileHandler' driver.
INFO - 2024-08-05 10:29:32 --> Session: Class initialized using 'CodeIgniter\Session\Handlers\FileHandler' driver.
INFO - 2024-08-05 10:30:08 --> Session: Class initialized using 'CodeIgniter\Session\Handlers\FileHandler' driver.
INFO - 2024-08-05 10:30:13 --> Session: Class initialized using 'CodeIgniter\Session\Handlers\FileHandler' driver.
INFO - 2024-08-05 10:30:51 --> Session: Class initialized using 'CodeIgniter\Session\Handlers\FileHandler' driver.
INFO - 2024-08-05 10:33:09 --> Session: Class initialized using 'CodeIgniter\Session\Handlers\FileHandler' driver.
INFO - 2024-08-05 10:33:15 --> Session: Class initialized using 'CodeIgniter\Session\Handlers\FileHandler' driver.
INFO - 2024-08-05 10:33:32 --> Session: Class initialized using 'CodeIgniter\Session\Handlers\FileHandler' driver.
INFO - 2024-08-05 10:34:25 --> Session: Class initialized using 'CodeIgniter\Session\Handlers\FileHandler' driver.
INFO - 2024-08-05 10:34:55 --> Session: Class initialized using 'CodeIgniter\Session\Handlers\FileHandler' driver.
INFO - 2024-08-05 10:46:14 --> Session: Class initialized using 'CodeIgniter\Session\Handlers\FileHandler' driver.
INFO - 2024-08-05 10:55:53 --> Session: Class initialized using 'CodeIgniter\Session\Handlers\FileHandler' driver.
INFO - 2024-08-05 11:21:54 --> Session: Class initialized using 'CodeIgniter\Session\Handlers\FileHandler' driver.
INFO - 2024-08-05 11:57:26 --> Session: Class initialized using 'CodeIgniter\Session\Handlers\FileHandler' driver.
INFO - 2024-08-05 11:57:38 --> Session: Class initialized using 'CodeIgniter\Session\Handlers\FileHandler' driver.
INFO - 2024-08-05 11:57:45 --> Session: Class initialized using 'CodeIgniter\Session\Handlers\FileHandler' driver.
INFO - 2024-08-05 11:57:46 --> Session: Class initialized using 'CodeIgniter\Session\Handlers\FileHandler' driver.
CRITICAL - 2024-08-05 11:57:46 --> Trying to access array offset on value of type null
in APPPATH\Views\pages\blog_details.php on line 12.
 1 APPPATH\Views\pages\blog_details.php(12): CodeIgniter\Debug\Exceptions->errorHandler(2, 'Trying to access array offset on value of type null', 'C:\\xampp\\htdocs\\oloogy_backend\\app\\Views\\pages\\blog_details.php', 12)
 2 SYSTEMPATH\View\View.php(224): include('C:\\xampp\\htdocs\\oloogy_backend\\app\\Views\\pages\\blog_details.php')
 3 SYSTEMPATH\View\View.php(227): CodeIgniter\View\View->CodeIgniter\View\{closure}()
 4 SYSTEMPATH\Common.php(1180): CodeIgniter\View\View->render('pages/blog_details', [], true)
 5 APPPATH\Controllers\Blog\BlogController.php(37): view('pages/blog_details', [...])
 6 SYSTEMPATH\CodeIgniter.php(932): Core\Controllers\Blog\BlogController->blog_details('assets', 'img', 'ri_linkedin-fill.png')
 7 SYSTEMPATH\CodeIgniter.php(497): CodeIgniter\CodeIgniter->runController(Object(Core\Controllers\Blog\BlogController))
 8 SYSTEMPATH\CodeIgniter.php(366): CodeIgniter\CodeIgniter->handleRequest(null, Object(Config\Cache), false)
 9 FCPATH\index.php(101): CodeIgniter\CodeIgniter->run()
INFO - 2024-08-05 11:57:46 --> Session: Class initialized using 'CodeIgniter\Session\Handlers\FileHandler' driver.
CRITICAL - 2024-08-05 11:57:46 --> Trying to access array offset on value of type null
in APPPATH\Views\pages\blog_details.php on line 12.
 1 APPPATH\Views\pages\blog_details.php(12): CodeIgniter\Debug\Exceptions->errorHandler(2, 'Trying to access array offset on value of type null', 'C:\\xampp\\htdocs\\oloogy_backend\\app\\Views\\pages\\blog_details.php', 12)
 2 SYSTEMPATH\View\View.php(224): include('C:\\xampp\\htdocs\\oloogy_backend\\app\\Views\\pages\\blog_details.php')
 3 SYSTEMPATH\View\View.php(227): CodeIgniter\View\View->CodeIgniter\View\{closure}()
 4 SYSTEMPATH\Common.php(1180): CodeIgniter\View\View->render('pages/blog_details', [], true)
 5 APPPATH\Controllers\Blog\BlogController.php(37): view('pages/blog_details', [...])
 6 SYSTEMPATH\CodeIgniter.php(932): Core\Controllers\Blog\BlogController->blog_details('assets', 'img', 'ri_facebook-fill.png')
 7 SYSTEMPATH\CodeIgniter.php(497): CodeIgniter\CodeIgniter->runController(Object(Core\Controllers\Blog\BlogController))
 8 SYSTEMPATH\CodeIgniter.php(366): CodeIgniter\CodeIgniter->handleRequest(null, Object(Config\Cache), false)
 9 FCPATH\index.php(101): CodeIgniter\CodeIgniter->run()
INFO - 2024-08-05 11:57:46 --> Session: Class initialized using 'CodeIgniter\Session\Handlers\FileHandler' driver.
CRITICAL - 2024-08-05 11:57:46 --> Trying to access array offset on value of type null
in APPPATH\Views\pages\blog_details.php on line 12.
 1 APPPATH\Views\pages\blog_details.php(12): CodeIgniter\Debug\Exceptions->errorHandler(2, 'Trying to access array offset on value of type null', 'C:\\xampp\\htdocs\\oloogy_backend\\app\\Views\\pages\\blog_details.php', 12)
 2 SYSTEMPATH\View\View.php(224): include('C:\\xampp\\htdocs\\oloogy_backend\\app\\Views\\pages\\blog_details.php')
 3 SYSTEMPATH\View\View.php(227): CodeIgniter\View\View->CodeIgniter\View\{closure}()
 4 SYSTEMPATH\Common.php(1180): CodeIgniter\View\View->render('pages/blog_details', [], true)
 5 APPPATH\Controllers\Blog\BlogController.php(37): view('pages/blog_details', [...])
 6 SYSTEMPATH\CodeIgniter.php(932): Core\Controllers\Blog\BlogController->blog_details('assets', 'img', 'Vector.png')
 7 SYSTEMPATH\CodeIgniter.php(497): CodeIgniter\CodeIgniter->runController(Object(Core\Controllers\Blog\BlogController))
 8 SYSTEMPATH\CodeIgniter.php(366): CodeIgniter\CodeIgniter->handleRequest(null, Object(Config\Cache), false)
 9 FCPATH\index.php(101): CodeIgniter\CodeIgniter->run()
INFO - 2024-08-05 11:58:42 --> Session: Class initialized using 'CodeIgniter\Session\Handlers\FileHandler' driver.
INFO - 2024-08-05 11:58:42 --> Session: Class initialized using 'CodeIgniter\Session\Handlers\FileHandler' driver.
CRITICAL - 2024-08-05 11:58:42 --> Trying to access array offset on value of type null
in APPPATH\Views\pages\blog_details.php on line 12.
 1 APPPATH\Views\pages\blog_details.php(12): CodeIgniter\Debug\Exceptions->errorHandler(2, 'Trying to access array offset on value of type null', 'C:\\xampp\\htdocs\\oloogy_backend\\app\\Views\\pages\\blog_details.php', 12)
 2 SYSTEMPATH\View\View.php(224): include('C:\\xampp\\htdocs\\oloogy_backend\\app\\Views\\pages\\blog_details.php')
 3 SYSTEMPATH\View\View.php(227): CodeIgniter\View\View->CodeIgniter\View\{closure}()
 4 SYSTEMPATH\Common.php(1180): CodeIgniter\View\View->render('pages/blog_details', [], true)
 5 APPPATH\Controllers\Blog\BlogController.php(37): view('pages/blog_details', [...])
 6 SYSTEMPATH\CodeIgniter.php(932): Core\Controllers\Blog\BlogController->blog_details('assets', 'img', 'ri_linkedin-fill.png')
 7 SYSTEMPATH\CodeIgniter.php(497): CodeIgniter\CodeIgniter->runController(Object(Core\Controllers\Blog\BlogController))
 8 SYSTEMPATH\CodeIgniter.php(366): CodeIgniter\CodeIgniter->handleRequest(null, Object(Config\Cache), false)
 9 FCPATH\index.php(101): CodeIgniter\CodeIgniter->run()
INFO - 2024-08-05 11:58:42 --> Session: Class initialized using 'CodeIgniter\Session\Handlers\FileHandler' driver.
CRITICAL - 2024-08-05 11:58:42 --> Trying to access array offset on value of type null
in APPPATH\Views\pages\blog_details.php on line 12.
 1 APPPATH\Views\pages\blog_details.php(12): CodeIgniter\Debug\Exceptions->errorHandler(2, 'Trying to access array offset on value of type null', 'C:\\xampp\\htdocs\\oloogy_backend\\app\\Views\\pages\\blog_details.php', 12)
 2 SYSTEMPATH\View\View.php(224): include('C:\\xampp\\htdocs\\oloogy_backend\\app\\Views\\pages\\blog_details.php')
 3 SYSTEMPATH\View\View.php(227): CodeIgniter\View\View->CodeIgniter\View\{closure}()
 4 SYSTEMPATH\Common.php(1180): CodeIgniter\View\View->render('pages/blog_details', [], true)
 5 APPPATH\Controllers\Blog\BlogController.php(37): view('pages/blog_details', [...])
 6 SYSTEMPATH\CodeIgniter.php(932): Core\Controllers\Blog\BlogController->blog_details('assets', 'img', 'ri_facebook-fill.png')
 7 SYSTEMPATH\CodeIgniter.php(497): CodeIgniter\CodeIgniter->runController(Object(Core\Controllers\Blog\BlogController))
 8 SYSTEMPATH\CodeIgniter.php(366): CodeIgniter\CodeIgniter->handleRequest(null, Object(Config\Cache), false)
 9 FCPATH\index.php(101): CodeIgniter\CodeIgniter->run()
INFO - 2024-08-05 11:58:42 --> Session: Class initialized using 'CodeIgniter\Session\Handlers\FileHandler' driver.
CRITICAL - 2024-08-05 11:58:42 --> Trying to access array offset on value of type null
in APPPATH\Views\pages\blog_details.php on line 12.
 1 APPPATH\Views\pages\blog_details.php(12): CodeIgniter\Debug\Exceptions->errorHandler(2, 'Trying to access array offset on value of type null', 'C:\\xampp\\htdocs\\oloogy_backend\\app\\Views\\pages\\blog_details.php', 12)
 2 SYSTEMPATH\View\View.php(224): include('C:\\xampp\\htdocs\\oloogy_backend\\app\\Views\\pages\\blog_details.php')
 3 SYSTEMPATH\View\View.php(227): CodeIgniter\View\View->CodeIgniter\View\{closure}()
 4 SYSTEMPATH\Common.php(1180): CodeIgniter\View\View->render('pages/blog_details', [], true)
 5 APPPATH\Controllers\Blog\BlogController.php(37): view('pages/blog_details', [...])
 6 SYSTEMPATH\CodeIgniter.php(932): Core\Controllers\Blog\BlogController->blog_details('assets', 'img', 'Vector.png')
 7 SYSTEMPATH\CodeIgniter.php(497): CodeIgniter\CodeIgniter->runController(Object(Core\Controllers\Blog\BlogController))
 8 SYSTEMPATH\CodeIgniter.php(366): CodeIgniter\CodeIgniter->handleRequest(null, Object(Config\Cache), false)
 9 FCPATH\index.php(101): CodeIgniter\CodeIgniter->run()
INFO - 2024-08-05 11:58:48 --> Session: Class initialized using 'CodeIgniter\Session\Handlers\FileHandler' driver.
INFO - 2024-08-05 12:00:31 --> Session: Class initialized using 'CodeIgniter\Session\Handlers\FileHandler' driver.
INFO - 2024-08-05 12:00:31 --> Session: Class initialized using 'CodeIgniter\Session\Handlers\FileHandler' driver.
CRITICAL - 2024-08-05 12:00:31 --> Trying to access array offset on value of type null
in APPPATH\Views\pages\blog_details.php on line 12.
 1 APPPATH\Views\pages\blog_details.php(12): CodeIgniter\Debug\Exceptions->errorHandler(2, 'Trying to access array offset on value of type null', 'C:\\xampp\\htdocs\\oloogy_backend\\app\\Views\\pages\\blog_details.php', 12)
 2 SYSTEMPATH\View\View.php(224): include('C:\\xampp\\htdocs\\oloogy_backend\\app\\Views\\pages\\blog_details.php')
 3 SYSTEMPATH\View\View.php(227): CodeIgniter\View\View->CodeIgniter\View\{closure}()
 4 SYSTEMPATH\Common.php(1180): CodeIgniter\View\View->render('pages/blog_details', [], true)
 5 APPPATH\Controllers\Blog\BlogController.php(37): view('pages/blog_details', [...])
 6 SYSTEMPATH\CodeIgniter.php(932): Core\Controllers\Blog\BlogController->blog_details('assets', 'img', 'ri_linkedin-fill.png')
 7 SYSTEMPATH\CodeIgniter.php(497): CodeIgniter\CodeIgniter->runController(Object(Core\Controllers\Blog\BlogController))
 8 SYSTEMPATH\CodeIgniter.php(366): CodeIgniter\CodeIgniter->handleRequest(null, Object(Config\Cache), false)
 9 FCPATH\index.php(101): CodeIgniter\CodeIgniter->run()
INFO - 2024-08-05 12:00:31 --> Session: Class initialized using 'CodeIgniter\Session\Handlers\FileHandler' driver.
CRITICAL - 2024-08-05 12:00:31 --> Trying to access array offset on value of type null
in APPPATH\Views\pages\blog_details.php on line 12.
 1 APPPATH\Views\pages\blog_details.php(12): CodeIgniter\Debug\Exceptions->errorHandler(2, 'Trying to access array offset on value of type null', 'C:\\xampp\\htdocs\\oloogy_backend\\app\\Views\\pages\\blog_details.php', 12)
 2 SYSTEMPATH\View\View.php(224): include('C:\\xampp\\htdocs\\oloogy_backend\\app\\Views\\pages\\blog_details.php')
 3 SYSTEMPATH\View\View.php(227): CodeIgniter\View\View->CodeIgniter\View\{closure}()
 4 SYSTEMPATH\Common.php(1180): CodeIgniter\View\View->render('pages/blog_details', [], true)
 5 APPPATH\Controllers\Blog\BlogController.php(37): view('pages/blog_details', [...])
 6 SYSTEMPATH\CodeIgniter.php(932): Core\Controllers\Blog\BlogController->blog_details('assets', 'img', 'ri_facebook-fill.png')
 7 SYSTEMPATH\CodeIgniter.php(497): CodeIgniter\CodeIgniter->runController(Object(Core\Controllers\Blog\BlogController))
 8 SYSTEMPATH\CodeIgniter.php(366): CodeIgniter\CodeIgniter->handleRequest(null, Object(Config\Cache), false)
 9 FCPATH\index.php(101): CodeIgniter\CodeIgniter->run()
INFO - 2024-08-05 12:00:31 --> Session: Class initialized using 'CodeIgniter\Session\Handlers\FileHandler' driver.
CRITICAL - 2024-08-05 12:00:31 --> Trying to access array offset on value of type null
in APPPATH\Views\pages\blog_details.php on line 12.
 1 APPPATH\Views\pages\blog_details.php(12): CodeIgniter\Debug\Exceptions->errorHandler(2, 'Trying to access array offset on value of type null', 'C:\\xampp\\htdocs\\oloogy_backend\\app\\Views\\pages\\blog_details.php', 12)
 2 SYSTEMPATH\View\View.php(224): include('C:\\xampp\\htdocs\\oloogy_backend\\app\\Views\\pages\\blog_details.php')
 3 SYSTEMPATH\View\View.php(227): CodeIgniter\View\View->CodeIgniter\View\{closure}()
 4 SYSTEMPATH\Common.php(1180): CodeIgniter\View\View->render('pages/blog_details', [], true)
 5 APPPATH\Controllers\Blog\BlogController.php(37): view('pages/blog_details', [...])
 6 SYSTEMPATH\CodeIgniter.php(932): Core\Controllers\Blog\BlogController->blog_details('assets', 'img', 'Vector.png')
 7 SYSTEMPATH\CodeIgniter.php(497): CodeIgniter\CodeIgniter->runController(Object(Core\Controllers\Blog\BlogController))
 8 SYSTEMPATH\CodeIgniter.php(366): CodeIgniter\CodeIgniter->handleRequest(null, Object(Config\Cache), false)
 9 FCPATH\index.php(101): CodeIgniter\CodeIgniter->run()
INFO - 2024-08-05 12:00:36 --> Session: Class initialized using 'CodeIgniter\Session\Handlers\FileHandler' driver.
INFO - 2024-08-05 12:00:36 --> Session: Class initialized using 'CodeIgniter\Session\Handlers\FileHandler' driver.
CRITICAL - 2024-08-05 12:00:36 --> Trying to access array offset on value of type null
in APPPATH\Views\pages\blog_details.php on line 12.
 1 APPPATH\Views\pages\blog_details.php(12): CodeIgniter\Debug\Exceptions->errorHandler(2, 'Trying to access array offset on value of type null', 'C:\\xampp\\htdocs\\oloogy_backend\\app\\Views\\pages\\blog_details.php', 12)
 2 SYSTEMPATH\View\View.php(224): include('C:\\xampp\\htdocs\\oloogy_backend\\app\\Views\\pages\\blog_details.php')
 3 SYSTEMPATH\View\View.php(227): CodeIgniter\View\View->CodeIgniter\View\{closure}()
 4 SYSTEMPATH\Common.php(1180): CodeIgniter\View\View->render('pages/blog_details', [], true)
 5 APPPATH\Controllers\Blog\BlogController.php(37): view('pages/blog_details', [...])
 6 SYSTEMPATH\CodeIgniter.php(932): Core\Controllers\Blog\BlogController->blog_details('assets', 'img', 'ri_facebook-fill.png')
 7 SYSTEMPATH\CodeIgniter.php(497): CodeIgniter\CodeIgniter->runController(Object(Core\Controllers\Blog\BlogController))
 8 SYSTEMPATH\CodeIgniter.php(366): CodeIgniter\CodeIgniter->handleRequest(null, Object(Config\Cache), false)
 9 FCPATH\index.php(101): CodeIgniter\CodeIgniter->run()
INFO - 2024-08-05 12:00:36 --> Session: Class initialized using 'CodeIgniter\Session\Handlers\FileHandler' driver.
CRITICAL - 2024-08-05 12:00:36 --> Trying to access array offset on value of type null
in APPPATH\Views\pages\blog_details.php on line 12.
 1 APPPATH\Views\pages\blog_details.php(12): CodeIgniter\Debug\Exceptions->errorHandler(2, 'Trying to access array offset on value of type null', 'C:\\xampp\\htdocs\\oloogy_backend\\app\\Views\\pages\\blog_details.php', 12)
 2 SYSTEMPATH\View\View.php(224): include('C:\\xampp\\htdocs\\oloogy_backend\\app\\Views\\pages\\blog_details.php')
 3 SYSTEMPATH\View\View.php(227): CodeIgniter\View\View->CodeIgniter\View\{closure}()
 4 SYSTEMPATH\Common.php(1180): CodeIgniter\View\View->render('pages/blog_details', [], true)
 5 APPPATH\Controllers\Blog\BlogController.php(37): view('pages/blog_details', [...])
 6 SYSTEMPATH\CodeIgniter.php(932): Core\Controllers\Blog\BlogController->blog_details('assets', 'img', 'ri_linkedin-fill.png')
 7 SYSTEMPATH\CodeIgniter.php(497): CodeIgniter\CodeIgniter->runController(Object(Core\Controllers\Blog\BlogController))
 8 SYSTEMPATH\CodeIgniter.php(366): CodeIgniter\CodeIgniter->handleRequest(null, Object(Config\Cache), false)
 9 FCPATH\index.php(101): CodeIgniter\CodeIgniter->run()
INFO - 2024-08-05 12:00:36 --> Session: Class initialized using 'CodeIgniter\Session\Handlers\FileHandler' driver.
CRITICAL - 2024-08-05 12:00:37 --> Trying to access array offset on value of type null
in APPPATH\Views\pages\blog_details.php on line 12.
 1 APPPATH\Views\pages\blog_details.php(12): CodeIgniter\Debug\Exceptions->errorHandler(2, 'Trying to access array offset on value of type null', 'C:\\xampp\\htdocs\\oloogy_backend\\app\\Views\\pages\\blog_details.php', 12)
 2 SYSTEMPATH\View\View.php(224): include('C:\\xampp\\htdocs\\oloogy_backend\\app\\Views\\pages\\blog_details.php')
 3 SYSTEMPATH\View\View.php(227): CodeIgniter\View\View->CodeIgniter\View\{closure}()
 4 SYSTEMPATH\Common.php(1180): CodeIgniter\View\View->render('pages/blog_details', [], true)
 5 APPPATH\Controllers\Blog\BlogController.php(37): view('pages/blog_details', [...])
 6 SYSTEMPATH\CodeIgniter.php(932): Core\Controllers\Blog\BlogController->blog_details('assets', 'img', 'Vector.png')
 7 SYSTEMPATH\CodeIgniter.php(497): CodeIgniter\CodeIgniter->runController(Object(Core\Controllers\Blog\BlogController))
 8 SYSTEMPATH\CodeIgniter.php(366): CodeIgniter\CodeIgniter->handleRequest(null, Object(Config\Cache), false)
 9 FCPATH\index.php(101): CodeIgniter\CodeIgniter->run()
INFO - 2024-08-05 12:01:53 --> Session: Class initialized using 'CodeIgniter\Session\Handlers\FileHandler' driver.
INFO - 2024-08-05 12:01:54 --> Session: Class initialized using 'CodeIgniter\Session\Handlers\FileHandler' driver.
CRITICAL - 2024-08-05 12:01:54 --> Trying to access array offset on value of type null
in APPPATH\Views\pages\blog_details.php on line 12.
 1 APPPATH\Views\pages\blog_details.php(12): CodeIgniter\Debug\Exceptions->errorHandler(2, 'Trying to access array offset on value of type null', 'C:\\xampp\\htdocs\\oloogy_backend\\app\\Views\\pages\\blog_details.php', 12)
 2 SYSTEMPATH\View\View.php(224): include('C:\\xampp\\htdocs\\oloogy_backend\\app\\Views\\pages\\blog_details.php')
 3 SYSTEMPATH\View\View.php(227): CodeIgniter\View\View->CodeIgniter\View\{closure}()
 4 SYSTEMPATH\Common.php(1180): CodeIgniter\View\View->render('pages/blog_details', [], true)
 5 APPPATH\Controllers\Blog\BlogController.php(37): view('pages/blog_details', [...])
 6 SYSTEMPATH\CodeIgniter.php(932): Core\Controllers\Blog\BlogController->blog_details('assets', 'img', 'ri_facebook-fill.png')
 7 SYSTEMPATH\CodeIgniter.php(497): CodeIgniter\CodeIgniter->runController(Object(Core\Controllers\Blog\BlogController))
 8 SYSTEMPATH\CodeIgniter.php(366): CodeIgniter\CodeIgniter->handleRequest(null, Object(Config\Cache), false)
 9 FCPATH\index.php(101): CodeIgniter\CodeIgniter->run()
INFO - 2024-08-05 12:01:54 --> Session: Class initialized using 'CodeIgniter\Session\Handlers\FileHandler' driver.
CRITICAL - 2024-08-05 12:01:54 --> Trying to access array offset on value of type null
in APPPATH\Views\pages\blog_details.php on line 12.
 1 APPPATH\Views\pages\blog_details.php(12): CodeIgniter\Debug\Exceptions->errorHandler(2, 'Trying to access array offset on value of type null', 'C:\\xampp\\htdocs\\oloogy_backend\\app\\Views\\pages\\blog_details.php', 12)
 2 SYSTEMPATH\View\View.php(224): include('C:\\xampp\\htdocs\\oloogy_backend\\app\\Views\\pages\\blog_details.php')
 3 SYSTEMPATH\View\View.php(227): CodeIgniter\View\View->CodeIgniter\View\{closure}()
 4 SYSTEMPATH\Common.php(1180): CodeIgniter\View\View->render('pages/blog_details', [], true)
 5 APPPATH\Controllers\Blog\BlogController.php(37): view('pages/blog_details', [...])
 6 SYSTEMPATH\CodeIgniter.php(932): Core\Controllers\Blog\BlogController->blog_details('assets', 'img', 'ri_linkedin-fill.png')
 7 SYSTEMPATH\CodeIgniter.php(497): CodeIgniter\CodeIgniter->runController(Object(Core\Controllers\Blog\BlogController))
 8 SYSTEMPATH\CodeIgniter.php(366): CodeIgniter\CodeIgniter->handleRequest(null, Object(Config\Cache), false)
 9 FCPATH\index.php(101): CodeIgniter\CodeIgniter->run()
INFO - 2024-08-05 12:01:54 --> Session: Class initialized using 'CodeIgniter\Session\Handlers\FileHandler' driver.
CRITICAL - 2024-08-05 12:01:54 --> Trying to access array offset on value of type null
in APPPATH\Views\pages\blog_details.php on line 12.
 1 APPPATH\Views\pages\blog_details.php(12): CodeIgniter\Debug\Exceptions->errorHandler(2, 'Trying to access array offset on value of type null', 'C:\\xampp\\htdocs\\oloogy_backend\\app\\Views\\pages\\blog_details.php', 12)
 2 SYSTEMPATH\View\View.php(224): include('C:\\xampp\\htdocs\\oloogy_backend\\app\\Views\\pages\\blog_details.php')
 3 SYSTEMPATH\View\View.php(227): CodeIgniter\View\View->CodeIgniter\View\{closure}()
 4 SYSTEMPATH\Common.php(1180): CodeIgniter\View\View->render('pages/blog_details', [], true)
 5 APPPATH\Controllers\Blog\BlogController.php(37): view('pages/blog_details', [...])
 6 SYSTEMPATH\CodeIgniter.php(932): Core\Controllers\Blog\BlogController->blog_details('assets', 'img', 'Vector.png')
 7 SYSTEMPATH\CodeIgniter.php(497): CodeIgniter\CodeIgniter->runController(Object(Core\Controllers\Blog\BlogController))
 8 SYSTEMPATH\CodeIgniter.php(366): CodeIgniter\CodeIgniter->handleRequest(null, Object(Config\Cache), false)
 9 FCPATH\index.php(101): CodeIgniter\CodeIgniter->run()
INFO - 2024-08-05 12:01:54 --> Session: Class initialized using 'CodeIgniter\Session\Handlers\FileHandler' driver.
CRITICAL - 2024-08-05 12:01:54 --> Trying to access array offset on value of type null
in APPPATH\Views\pages\blog_details.php on line 12.
 1 APPPATH\Views\pages\blog_details.php(12): CodeIgniter\Debug\Exceptions->errorHandler(2, 'Trying to access array offset on value of type null', 'C:\\xampp\\htdocs\\oloogy_backend\\app\\Views\\pages\\blog_details.php', 12)
 2 SYSTEMPATH\View\View.php(224): include('C:\\xampp\\htdocs\\oloogy_backend\\app\\Views\\pages\\blog_details.php')
 3 SYSTEMPATH\View\View.php(227): CodeIgniter\View\View->CodeIgniter\View\{closure}()
 4 SYSTEMPATH\Common.php(1180): CodeIgniter\View\View->render('pages/blog_details', [], true)
 5 APPPATH\Controllers\Blog\BlogController.php(37): view('pages/blog_details', [...])
 6 SYSTEMPATH\CodeIgniter.php(932): Core\Controllers\Blog\BlogController->blog_details('assets', 'img', 'ri_linkedin-fill.png')
 7 SYSTEMPATH\CodeIgniter.php(497): CodeIgniter\CodeIgniter->runController(Object(Core\Controllers\Blog\BlogController))
 8 SYSTEMPATH\CodeIgniter.php(366): CodeIgniter\CodeIgniter->handleRequest(null, Object(Config\Cache), false)
 9 FCPATH\index.php(101): CodeIgniter\CodeIgniter->run()
INFO - 2024-08-05 12:01:54 --> Session: Class initialized using 'CodeIgniter\Session\Handlers\FileHandler' driver.
CRITICAL - 2024-08-05 12:01:54 --> Trying to access array offset on value of type null
in APPPATH\Views\pages\blog_details.php on line 12.
 1 APPPATH\Views\pages\blog_details.php(12): CodeIgniter\Debug\Exceptions->errorHandler(2, 'Trying to access array offset on value of type null', 'C:\\xampp\\htdocs\\oloogy_backend\\app\\Views\\pages\\blog_details.php', 12)
 2 SYSTEMPATH\View\View.php(224): include('C:\\xampp\\htdocs\\oloogy_backend\\app\\Views\\pages\\blog_details.php')
 3 SYSTEMPATH\View\View.php(227): CodeIgniter\View\View->CodeIgniter\View\{closure}()
 4 SYSTEMPATH\Common.php(1180): CodeIgniter\View\View->render('pages/blog_details', [], true)
 5 APPPATH\Controllers\Blog\BlogController.php(37): view('pages/blog_details', [...])
 6 SYSTEMPATH\CodeIgniter.php(932): Core\Controllers\Blog\BlogController->blog_details('assets', 'img', 'ri_facebook-fill.png')
 7 SYSTEMPATH\CodeIgniter.php(497): CodeIgniter\CodeIgniter->runController(Object(Core\Controllers\Blog\BlogController))
 8 SYSTEMPATH\CodeIgniter.php(366): CodeIgniter\CodeIgniter->handleRequest(null, Object(Config\Cache), false)
 9 FCPATH\index.php(101): CodeIgniter\CodeIgniter->run()
INFO - 2024-08-05 12:10:24 --> Session: Class initialized using 'CodeIgniter\Session\Handlers\FileHandler' driver.
INFO - 2024-08-05 12:10:24 --> Session: Class initialized using 'CodeIgniter\Session\Handlers\FileHandler' driver.
CRITICAL - 2024-08-05 12:10:24 --> Trying to access array offset on value of type null
in APPPATH\Views\pages\blog_details.php on line 12.
 1 APPPATH\Views\pages\blog_details.php(12): CodeIgniter\Debug\Exceptions->errorHandler(2, 'Trying to access array offset on value of type null', 'C:\\xampp\\htdocs\\oloogy_backend\\app\\Views\\pages\\blog_details.php', 12)
 2 SYSTEMPATH\View\View.php(224): include('C:\\xampp\\htdocs\\oloogy_backend\\app\\Views\\pages\\blog_details.php')
 3 SYSTEMPATH\View\View.php(227): CodeIgniter\View\View->CodeIgniter\View\{closure}()
 4 SYSTEMPATH\Common.php(1180): CodeIgniter\View\View->render('pages/blog_details', [], true)
 5 APPPATH\Controllers\Blog\BlogController.php(37): view('pages/blog_details', [...])
 6 SYSTEMPATH\CodeIgniter.php(932): Core\Controllers\Blog\BlogController->blog_details('assets', 'img', 'ri_linkedin-fill.png')
 7 SYSTEMPATH\CodeIgniter.php(497): CodeIgniter\CodeIgniter->runController(Object(Core\Controllers\Blog\BlogController))
 8 SYSTEMPATH\CodeIgniter.php(366): CodeIgniter\CodeIgniter->handleRequest(null, Object(Config\Cache), false)
 9 FCPATH\index.php(101): CodeIgniter\CodeIgniter->run()
INFO - 2024-08-05 12:10:24 --> Session: Class initialized using 'CodeIgniter\Session\Handlers\FileHandler' driver.
CRITICAL - 2024-08-05 12:10:25 --> Trying to access array offset on value of type null
in APPPATH\Views\pages\blog_details.php on line 12.
 1 APPPATH\Views\pages\blog_details.php(12): CodeIgniter\Debug\Exceptions->errorHandler(2, 'Trying to access array offset on value of type null', 'C:\\xampp\\htdocs\\oloogy_backend\\app\\Views\\pages\\blog_details.php', 12)
 2 SYSTEMPATH\View\View.php(224): include('C:\\xampp\\htdocs\\oloogy_backend\\app\\Views\\pages\\blog_details.php')
 3 SYSTEMPATH\View\View.php(227): CodeIgniter\View\View->CodeIgniter\View\{closure}()
 4 SYSTEMPATH\Common.php(1180): CodeIgniter\View\View->render('pages/blog_details', [], true)
 5 APPPATH\Controllers\Blog\BlogController.php(37): view('pages/blog_details', [...])
 6 SYSTEMPATH\CodeIgniter.php(932): Core\Controllers\Blog\BlogController->blog_details('assets', 'img', 'ri_facebook-fill.png')
 7 SYSTEMPATH\CodeIgniter.php(497): CodeIgniter\CodeIgniter->runController(Object(Core\Controllers\Blog\BlogController))
 8 SYSTEMPATH\CodeIgniter.php(366): CodeIgniter\CodeIgniter->handleRequest(null, Object(Config\Cache), false)
 9 FCPATH\index.php(101): CodeIgniter\CodeIgniter->run()
INFO - 2024-08-05 12:10:25 --> Session: Class initialized using 'CodeIgniter\Session\Handlers\FileHandler' driver.
CRITICAL - 2024-08-05 12:10:25 --> Trying to access array offset on value of type null
in APPPATH\Views\pages\blog_details.php on line 12.
 1 APPPATH\Views\pages\blog_details.php(12): CodeIgniter\Debug\Exceptions->errorHandler(2, 'Trying to access array offset on value of type null', 'C:\\xampp\\htdocs\\oloogy_backend\\app\\Views\\pages\\blog_details.php', 12)
 2 SYSTEMPATH\View\View.php(224): include('C:\\xampp\\htdocs\\oloogy_backend\\app\\Views\\pages\\blog_details.php')
 3 SYSTEMPATH\View\View.php(227): CodeIgniter\View\View->CodeIgniter\View\{closure}()
 4 SYSTEMPATH\Common.php(1180): CodeIgniter\View\View->render('pages/blog_details', [], true)
 5 APPPATH\Controllers\Blog\BlogController.php(37): view('pages/blog_details', [...])
 6 SYSTEMPATH\CodeIgniter.php(932): Core\Controllers\Blog\BlogController->blog_details('assets', 'img', 'Vector.png')
 7 SYSTEMPATH\CodeIgniter.php(497): CodeIgniter\CodeIgniter->runController(Object(Core\Controllers\Blog\BlogController))
 8 SYSTEMPATH\CodeIgniter.php(366): CodeIgniter\CodeIgniter->handleRequest(null, Object(Config\Cache), false)
 9 FCPATH\index.php(101): CodeIgniter\CodeIgniter->run()
INFO - 2024-08-05 12:10:25 --> Session: Class initialized using 'CodeIgniter\Session\Handlers\FileHandler' driver.
CRITICAL - 2024-08-05 12:10:25 --> Trying to access array offset on value of type null
in APPPATH\Views\pages\blog_details.php on line 12.
 1 APPPATH\Views\pages\blog_details.php(12): CodeIgniter\Debug\Exceptions->errorHandler(2, 'Trying to access array offset on value of type null', 'C:\\xampp\\htdocs\\oloogy_backend\\app\\Views\\pages\\blog_details.php', 12)
 2 SYSTEMPATH\View\View.php(224): include('C:\\xampp\\htdocs\\oloogy_backend\\app\\Views\\pages\\blog_details.php')
 3 SYSTEMPATH\View\View.php(227): CodeIgniter\View\View->CodeIgniter\View\{closure}()
 4 SYSTEMPATH\Common.php(1180): CodeIgniter\View\View->render('pages/blog_details', [], true)
 5 APPPATH\Controllers\Blog\BlogController.php(37): view('pages/blog_details', [...])
 6 SYSTEMPATH\CodeIgniter.php(932): Core\Controllers\Blog\BlogController->blog_details('assets', 'img', 'ri_linkedin-fill.png')
 7 SYSTEMPATH\CodeIgniter.php(497): CodeIgniter\CodeIgniter->runController(Object(Core\Controllers\Blog\BlogController))
 8 SYSTEMPATH\CodeIgniter.php(366): CodeIgniter\CodeIgniter->handleRequest(null, Object(Config\Cache), false)
 9 FCPATH\index.php(101): CodeIgniter\CodeIgniter->run()
INFO - 2024-08-05 12:11:07 --> Session: Class initialized using 'CodeIgniter\Session\Handlers\FileHandler' driver.
INFO - 2024-08-05 12:11:08 --> Session: Class initialized using 'CodeIgniter\Session\Handlers\FileHandler' driver.
CRITICAL - 2024-08-05 12:11:08 --> Trying to access array offset on value of type null
in APPPATH\Views\pages\blog_details.php on line 12.
 1 APPPATH\Views\pages\blog_details.php(12): CodeIgniter\Debug\Exceptions->errorHandler(2, 'Trying to access array offset on value of type null', 'C:\\xampp\\htdocs\\oloogy_backend\\app\\Views\\pages\\blog_details.php', 12)
 2 SYSTEMPATH\View\View.php(224): include('C:\\xampp\\htdocs\\oloogy_backend\\app\\Views\\pages\\blog_details.php')
 3 SYSTEMPATH\View\View.php(227): CodeIgniter\View\View->CodeIgniter\View\{closure}()
 4 SYSTEMPATH\Common.php(1180): CodeIgniter\View\View->render('pages/blog_details', [], true)
 5 APPPATH\Controllers\Blog\BlogController.php(37): view('pages/blog_details', [...])
 6 SYSTEMPATH\CodeIgniter.php(932): Core\Controllers\Blog\BlogController->blog_details('assets', 'img', 'ri_facebook-fill.png')
 7 SYSTEMPATH\CodeIgniter.php(497): CodeIgniter\CodeIgniter->runController(Object(Core\Controllers\Blog\BlogController))
 8 SYSTEMPATH\CodeIgniter.php(366): CodeIgniter\CodeIgniter->handleRequest(null, Object(Config\Cache), false)
 9 FCPATH\index.php(101): CodeIgniter\CodeIgniter->run()
INFO - 2024-08-05 12:11:08 --> Session: Class initialized using 'CodeIgniter\Session\Handlers\FileHandler' driver.
CRITICAL - 2024-08-05 12:11:08 --> Trying to access array offset on value of type null
in APPPATH\Views\pages\blog_details.php on line 12.
 1 APPPATH\Views\pages\blog_details.php(12): CodeIgniter\Debug\Exceptions->errorHandler(2, 'Trying to access array offset on value of type null', 'C:\\xampp\\htdocs\\oloogy_backend\\app\\Views\\pages\\blog_details.php', 12)
 2 SYSTEMPATH\View\View.php(224): include('C:\\xampp\\htdocs\\oloogy_backend\\app\\Views\\pages\\blog_details.php')
 3 SYSTEMPATH\View\View.php(227): CodeIgniter\View\View->CodeIgniter\View\{closure}()
 4 SYSTEMPATH\Common.php(1180): CodeIgniter\View\View->render('pages/blog_details', [], true)
 5 APPPATH\Controllers\Blog\BlogController.php(37): view('pages/blog_details', [...])
 6 SYSTEMPATH\CodeIgniter.php(932): Core\Controllers\Blog\BlogController->blog_details('assets', 'img', 'ri_linkedin-fill.png')
 7 SYSTEMPATH\CodeIgniter.php(497): CodeIgniter\CodeIgniter->runController(Object(Core\Controllers\Blog\BlogController))
 8 SYSTEMPATH\CodeIgniter.php(366): CodeIgniter\CodeIgniter->handleRequest(null, Object(Config\Cache), false)
 9 FCPATH\index.php(101): CodeIgniter\CodeIgniter->run()
INFO - 2024-08-05 12:11:08 --> Session: Class initialized using 'CodeIgniter\Session\Handlers\FileHandler' driver.
CRITICAL - 2024-08-05 12:11:08 --> Trying to access array offset on value of type null
in APPPATH\Views\pages\blog_details.php on line 12.
 1 APPPATH\Views\pages\blog_details.php(12): CodeIgniter\Debug\Exceptions->errorHandler(2, 'Trying to access array offset on value of type null', 'C:\\xampp\\htdocs\\oloogy_backend\\app\\Views\\pages\\blog_details.php', 12)
 2 SYSTEMPATH\View\View.php(224): include('C:\\xampp\\htdocs\\oloogy_backend\\app\\Views\\pages\\blog_details.php')
 3 SYSTEMPATH\View\View.php(227): CodeIgniter\View\View->CodeIgniter\View\{closure}()
 4 SYSTEMPATH\Common.php(1180): CodeIgniter\View\View->render('pages/blog_details', [], true)
 5 APPPATH\Controllers\Blog\BlogController.php(37): view('pages/blog_details', [...])
 6 SYSTEMPATH\CodeIgniter.php(932): Core\Controllers\Blog\BlogController->blog_details('assets', 'img', 'ri_linkedin-fill.png')
 7 SYSTEMPATH\CodeIgniter.php(497): CodeIgniter\CodeIgniter->runController(Object(Core\Controllers\Blog\BlogController))
 8 SYSTEMPATH\CodeIgniter.php(366): CodeIgniter\CodeIgniter->handleRequest(null, Object(Config\Cache), false)
 9 FCPATH\index.php(101): CodeIgniter\CodeIgniter->run()
INFO - 2024-08-05 12:11:08 --> Session: Class initialized using 'CodeIgniter\Session\Handlers\FileHandler' driver.
CRITICAL - 2024-08-05 12:11:08 --> Trying to access array offset on value of type null
in APPPATH\Views\pages\blog_details.php on line 12.
 1 APPPATH\Views\pages\blog_details.php(12): CodeIgniter\Debug\Exceptions->errorHandler(2, 'Trying to access array offset on value of type null', 'C:\\xampp\\htdocs\\oloogy_backend\\app\\Views\\pages\\blog_details.php', 12)
 2 SYSTEMPATH\View\View.php(224): include('C:\\xampp\\htdocs\\oloogy_backend\\app\\Views\\pages\\blog_details.php')
 3 SYSTEMPATH\View\View.php(227): CodeIgniter\View\View->CodeIgniter\View\{closure}()
 4 SYSTEMPATH\Common.php(1180): CodeIgniter\View\View->render('pages/blog_details', [], true)
 5 APPPATH\Controllers\Blog\BlogController.php(37): view('pages/blog_details', [...])
 6 SYSTEMPATH\CodeIgniter.php(932): Core\Controllers\Blog\BlogController->blog_details('assets', 'img', 'ri_facebook-fill.png')
 7 SYSTEMPATH\CodeIgniter.php(497): CodeIgniter\CodeIgniter->runController(Object(Core\Controllers\Blog\BlogController))
 8 SYSTEMPATH\CodeIgniter.php(366): CodeIgniter\CodeIgniter->handleRequest(null, Object(Config\Cache), false)
 9 FCPATH\index.php(101): CodeIgniter\CodeIgniter->run()
INFO - 2024-08-05 12:11:08 --> Session: Class initialized using 'CodeIgniter\Session\Handlers\FileHandler' driver.
CRITICAL - 2024-08-05 12:11:08 --> Trying to access array offset on value of type null
in APPPATH\Views\pages\blog_details.php on line 12.
 1 APPPATH\Views\pages\blog_details.php(12): CodeIgniter\Debug\Exceptions->errorHandler(2, 'Trying to access array offset on value of type null', 'C:\\xampp\\htdocs\\oloogy_backend\\app\\Views\\pages\\blog_details.php', 12)
 2 SYSTEMPATH\View\View.php(224): include('C:\\xampp\\htdocs\\oloogy_backend\\app\\Views\\pages\\blog_details.php')
 3 SYSTEMPATH\View\View.php(227): CodeIgniter\View\View->CodeIgniter\View\{closure}()
 4 SYSTEMPATH\Common.php(1180): CodeIgniter\View\View->render('pages/blog_details', [], true)
 5 APPPATH\Controllers\Blog\BlogController.php(37): view('pages/blog_details', [...])
 6 SYSTEMPATH\CodeIgniter.php(932): Core\Controllers\Blog\BlogController->blog_details('assets', 'img', 'Vector.png')
 7 SYSTEMPATH\CodeIgniter.php(497): CodeIgniter\CodeIgniter->runController(Object(Core\Controllers\Blog\BlogController))
 8 SYSTEMPATH\CodeIgniter.php(366): CodeIgniter\CodeIgniter->handleRequest(null, Object(Config\Cache), false)
 9 FCPATH\index.php(101): CodeIgniter\CodeIgniter->run()
INFO - 2024-08-05 12:11:13 --> Session: Class initialized using 'CodeIgniter\Session\Handlers\FileHandler' driver.
INFO - 2024-08-05 12:11:14 --> Session: Class initialized using 'CodeIgniter\Session\Handlers\FileHandler' driver.
CRITICAL - 2024-08-05 12:11:14 --> Trying to access array offset on value of type null
in APPPATH\Views\pages\blog_details.php on line 12.
 1 APPPATH\Views\pages\blog_details.php(12): CodeIgniter\Debug\Exceptions->errorHandler(2, 'Trying to access array offset on value of type null', 'C:\\xampp\\htdocs\\oloogy_backend\\app\\Views\\pages\\blog_details.php', 12)
 2 SYSTEMPATH\View\View.php(224): include('C:\\xampp\\htdocs\\oloogy_backend\\app\\Views\\pages\\blog_details.php')
 3 SYSTEMPATH\View\View.php(227): CodeIgniter\View\View->CodeIgniter\View\{closure}()
 4 SYSTEMPATH\Common.php(1180): CodeIgniter\View\View->render('pages/blog_details', [], true)
 5 APPPATH\Controllers\Blog\BlogController.php(37): view('pages/blog_details', [...])
 6 SYSTEMPATH\CodeIgniter.php(932): Core\Controllers\Blog\BlogController->blog_details('assets', 'img', 'ri_facebook-fill.png')
 7 SYSTEMPATH\CodeIgniter.php(497): CodeIgniter\CodeIgniter->runController(Object(Core\Controllers\Blog\BlogController))
 8 SYSTEMPATH\CodeIgniter.php(366): CodeIgniter\CodeIgniter->handleRequest(null, Object(Config\Cache), false)
 9 FCPATH\index.php(101): CodeIgniter\CodeIgniter->run()
INFO - 2024-08-05 12:11:14 --> Session: Class initialized using 'CodeIgniter\Session\Handlers\FileHandler' driver.
CRITICAL - 2024-08-05 12:11:14 --> Trying to access array offset on value of type null
in APPPATH\Views\pages\blog_details.php on line 12.
 1 APPPATH\Views\pages\blog_details.php(12): CodeIgniter\Debug\Exceptions->errorHandler(2, 'Trying to access array offset on value of type null', 'C:\\xampp\\htdocs\\oloogy_backend\\app\\Views\\pages\\blog_details.php', 12)
 2 SYSTEMPATH\View\View.php(224): include('C:\\xampp\\htdocs\\oloogy_backend\\app\\Views\\pages\\blog_details.php')
 3 SYSTEMPATH\View\View.php(227): CodeIgniter\View\View->CodeIgniter\View\{closure}()
 4 SYSTEMPATH\Common.php(1180): CodeIgniter\View\View->render('pages/blog_details', [], true)
 5 APPPATH\Controllers\Blog\BlogController.php(37): view('pages/blog_details', [...])
 6 SYSTEMPATH\CodeIgniter.php(932): Core\Controllers\Blog\BlogController->blog_details('assets', 'img', 'ri_linkedin-fill.png')
 7 SYSTEMPATH\CodeIgniter.php(497): CodeIgniter\CodeIgniter->runController(Object(Core\Controllers\Blog\BlogController))
 8 SYSTEMPATH\CodeIgniter.php(366): CodeIgniter\CodeIgniter->handleRequest(null, Object(Config\Cache), false)
 9 FCPATH\index.php(101): CodeIgniter\CodeIgniter->run()
INFO - 2024-08-05 12:11:14 --> Session: Class initialized using 'CodeIgniter\Session\Handlers\FileHandler' driver.
CRITICAL - 2024-08-05 12:11:15 --> Trying to access array offset on value of type null
in APPPATH\Views\pages\blog_details.php on line 12.
 1 APPPATH\Views\pages\blog_details.php(12): CodeIgniter\Debug\Exceptions->errorHandler(2, 'Trying to access array offset on value of type null', 'C:\\xampp\\htdocs\\oloogy_backend\\app\\Views\\pages\\blog_details.php', 12)
 2 SYSTEMPATH\View\View.php(224): include('C:\\xampp\\htdocs\\oloogy_backend\\app\\Views\\pages\\blog_details.php')
 3 SYSTEMPATH\View\View.php(227): CodeIgniter\View\View->CodeIgniter\View\{closure}()
 4 SYSTEMPATH\Common.php(1180): CodeIgniter\View\View->render('pages/blog_details', [], true)
 5 APPPATH\Controllers\Blog\BlogController.php(37): view('pages/blog_details', [...])
 6 SYSTEMPATH\CodeIgniter.php(932): Core\Controllers\Blog\BlogController->blog_details('assets', 'img', 'Vector.png')
 7 SYSTEMPATH\CodeIgniter.php(497): CodeIgniter\CodeIgniter->runController(Object(Core\Controllers\Blog\BlogController))
 8 SYSTEMPATH\CodeIgniter.php(366): CodeIgniter\CodeIgniter->handleRequest(null, Object(Config\Cache), false)
 9 FCPATH\index.php(101): CodeIgniter\CodeIgniter->run()
INFO - 2024-08-05 12:11:15 --> Session: Class initialized using 'CodeIgniter\Session\Handlers\FileHandler' driver.
CRITICAL - 2024-08-05 12:11:15 --> Trying to access array offset on value of type null
in APPPATH\Views\pages\blog_details.php on line 12.
 1 APPPATH\Views\pages\blog_details.php(12): CodeIgniter\Debug\Exceptions->errorHandler(2, 'Trying to access array offset on value of type null', 'C:\\xampp\\htdocs\\oloogy_backend\\app\\Views\\pages\\blog_details.php', 12)
 2 SYSTEMPATH\View\View.php(224): include('C:\\xampp\\htdocs\\oloogy_backend\\app\\Views\\pages\\blog_details.php')
 3 SYSTEMPATH\View\View.php(227): CodeIgniter\View\View->CodeIgniter\View\{closure}()
 4 SYSTEMPATH\Common.php(1180): CodeIgniter\View\View->render('pages/blog_details', [], true)
 5 APPPATH\Controllers\Blog\BlogController.php(37): view('pages/blog_details', [...])
 6 SYSTEMPATH\CodeIgniter.php(932): Core\Controllers\Blog\BlogController->blog_details('assets', 'img', 'ri_facebook-fill.png')
 7 SYSTEMPATH\CodeIgniter.php(497): CodeIgniter\CodeIgniter->runController(Object(Core\Controllers\Blog\BlogController))
 8 SYSTEMPATH\CodeIgniter.php(366): CodeIgniter\CodeIgniter->handleRequest(null, Object(Config\Cache), false)
 9 FCPATH\index.php(101): CodeIgniter\CodeIgniter->run()
INFO - 2024-08-05 12:11:15 --> Session: Class initialized using 'CodeIgniter\Session\Handlers\FileHandler' driver.
CRITICAL - 2024-08-05 12:11:15 --> Trying to access array offset on value of type null
in APPPATH\Views\pages\blog_details.php on line 12.
 1 APPPATH\Views\pages\blog_details.php(12): CodeIgniter\Debug\Exceptions->errorHandler(2, 'Trying to access array offset on value of type null', 'C:\\xampp\\htdocs\\oloogy_backend\\app\\Views\\pages\\blog_details.php', 12)
 2 SYSTEMPATH\View\View.php(224): include('C:\\xampp\\htdocs\\oloogy_backend\\app\\Views\\pages\\blog_details.php')
 3 SYSTEMPATH\View\View.php(227): CodeIgniter\View\View->CodeIgniter\View\{closure}()
 4 SYSTEMPATH\Common.php(1180): CodeIgniter\View\View->render('pages/blog_details', [], true)
 5 APPPATH\Controllers\Blog\BlogController.php(37): view('pages/blog_details', [...])
 6 SYSTEMPATH\CodeIgniter.php(932): Core\Controllers\Blog\BlogController->blog_details('assets', 'img', 'ri_linkedin-fill.png')
 7 SYSTEMPATH\CodeIgniter.php(497): CodeIgniter\CodeIgniter->runController(Object(Core\Controllers\Blog\BlogController))
 8 SYSTEMPATH\CodeIgniter.php(366): CodeIgniter\CodeIgniter->handleRequest(null, Object(Config\Cache), false)
 9 FCPATH\index.php(101): CodeIgniter\CodeIgniter->run()
INFO - 2024-08-05 12:11:38 --> Session: Class initialized using 'CodeIgniter\Session\Handlers\FileHandler' driver.
INFO - 2024-08-05 12:11:39 --> Session: Class initialized using 'CodeIgniter\Session\Handlers\FileHandler' driver.
CRITICAL - 2024-08-05 12:11:39 --> Trying to access array offset on value of type null
in APPPATH\Views\pages\blog_details.php on line 12.
 1 APPPATH\Views\pages\blog_details.php(12): CodeIgniter\Debug\Exceptions->errorHandler(2, 'Trying to access array offset on value of type null', 'C:\\xampp\\htdocs\\oloogy_backend\\app\\Views\\pages\\blog_details.php', 12)
 2 SYSTEMPATH\View\View.php(224): include('C:\\xampp\\htdocs\\oloogy_backend\\app\\Views\\pages\\blog_details.php')
 3 SYSTEMPATH\View\View.php(227): CodeIgniter\View\View->CodeIgniter\View\{closure}()
 4 SYSTEMPATH\Common.php(1180): CodeIgniter\View\View->render('pages/blog_details', [], true)
 5 APPPATH\Controllers\Blog\BlogController.php(37): view('pages/blog_details', [...])
 6 SYSTEMPATH\CodeIgniter.php(932): Core\Controllers\Blog\BlogController->blog_details('assets', 'img', 'ri_linkedin-fill.png')
 7 SYSTEMPATH\CodeIgniter.php(497): CodeIgniter\CodeIgniter->runController(Object(Core\Controllers\Blog\BlogController))
 8 SYSTEMPATH\CodeIgniter.php(366): CodeIgniter\CodeIgniter->handleRequest(null, Object(Config\Cache), false)
 9 FCPATH\index.php(101): CodeIgniter\CodeIgniter->run()
INFO - 2024-08-05 12:11:39 --> Session: Class initialized using 'CodeIgniter\Session\Handlers\FileHandler' driver.
CRITICAL - 2024-08-05 12:11:39 --> Trying to access array offset on value of type null
in APPPATH\Views\pages\blog_details.php on line 12.
 1 APPPATH\Views\pages\blog_details.php(12): CodeIgniter\Debug\Exceptions->errorHandler(2, 'Trying to access array offset on value of type null', 'C:\\xampp\\htdocs\\oloogy_backend\\app\\Views\\pages\\blog_details.php', 12)
 2 SYSTEMPATH\View\View.php(224): include('C:\\xampp\\htdocs\\oloogy_backend\\app\\Views\\pages\\blog_details.php')
 3 SYSTEMPATH\View\View.php(227): CodeIgniter\View\View->CodeIgniter\View\{closure}()
 4 SYSTEMPATH\Common.php(1180): CodeIgniter\View\View->render('pages/blog_details', [], true)
 5 APPPATH\Controllers\Blog\BlogController.php(37): view('pages/blog_details', [...])
 6 SYSTEMPATH\CodeIgniter.php(932): Core\Controllers\Blog\BlogController->blog_details('assets', 'img', 'ri_facebook-fill.png')
 7 SYSTEMPATH\CodeIgniter.php(497): CodeIgniter\CodeIgniter->runController(Object(Core\Controllers\Blog\BlogController))
 8 SYSTEMPATH\CodeIgniter.php(366): CodeIgniter\CodeIgniter->handleRequest(null, Object(Config\Cache), false)
 9 FCPATH\index.php(101): CodeIgniter\CodeIgniter->run()
INFO - 2024-08-05 12:11:39 --> Session: Class initialized using 'CodeIgniter\Session\Handlers\FileHandler' driver.
CRITICAL - 2024-08-05 12:11:39 --> Trying to access array offset on value of type null
in APPPATH\Views\pages\blog_details.php on line 12.
 1 APPPATH\Views\pages\blog_details.php(12): CodeIgniter\Debug\Exceptions->errorHandler(2, 'Trying to access array offset on value of type null', 'C:\\xampp\\htdocs\\oloogy_backend\\app\\Views\\pages\\blog_details.php', 12)
 2 SYSTEMPATH\View\View.php(224): include('C:\\xampp\\htdocs\\oloogy_backend\\app\\Views\\pages\\blog_details.php')
 3 SYSTEMPATH\View\View.php(227): CodeIgniter\View\View->CodeIgniter\View\{closure}()
 4 SYSTEMPATH\Common.php(1180): CodeIgniter\View\View->render('pages/blog_details', [], true)
 5 APPPATH\Controllers\Blog\BlogController.php(37): view('pages/blog_details', [...])
 6 SYSTEMPATH\CodeIgniter.php(932): Core\Controllers\Blog\BlogController->blog_details('assets', 'img', 'Vector.png')
 7 SYSTEMPATH\CodeIgniter.php(497): CodeIgniter\CodeIgniter->runController(Object(Core\Controllers\Blog\BlogController))
 8 SYSTEMPATH\CodeIgniter.php(366): CodeIgniter\CodeIgniter->handleRequest(null, Object(Config\Cache), false)
 9 FCPATH\index.php(101): CodeIgniter\CodeIgniter->run()
INFO - 2024-08-05 12:11:46 --> Session: Class initialized using 'CodeIgniter\Session\Handlers\FileHandler' driver.
INFO - 2024-08-05 12:11:47 --> Session: Class initialized using 'CodeIgniter\Session\Handlers\FileHandler' driver.
CRITICAL - 2024-08-05 12:11:47 --> Trying to access array offset on value of type null
in APPPATH\Views\pages\blog_details.php on line 12.
 1 APPPATH\Views\pages\blog_details.php(12): CodeIgniter\Debug\Exceptions->errorHandler(2, 'Trying to access array offset on value of type null', 'C:\\xampp\\htdocs\\oloogy_backend\\app\\Views\\pages\\blog_details.php', 12)
 2 SYSTEMPATH\View\View.php(224): include('C:\\xampp\\htdocs\\oloogy_backend\\app\\Views\\pages\\blog_details.php')
 3 SYSTEMPATH\View\View.php(227): CodeIgniter\View\View->CodeIgniter\View\{closure}()
 4 SYSTEMPATH\Common.php(1180): CodeIgniter\View\View->render('pages/blog_details', [], true)
 5 APPPATH\Controllers\Blog\BlogController.php(37): view('pages/blog_details', [...])
 6 SYSTEMPATH\CodeIgniter.php(932): Core\Controllers\Blog\BlogController->blog_details('assets', 'img', 'ri_linkedin-fill.png')
 7 SYSTEMPATH\CodeIgniter.php(497): CodeIgniter\CodeIgniter->runController(Object(Core\Controllers\Blog\BlogController))
 8 SYSTEMPATH\CodeIgniter.php(366): CodeIgniter\CodeIgniter->handleRequest(null, Object(Config\Cache), false)
 9 FCPATH\index.php(101): CodeIgniter\CodeIgniter->run()
INFO - 2024-08-05 12:11:47 --> Session: Class initialized using 'CodeIgniter\Session\Handlers\FileHandler' driver.
CRITICAL - 2024-08-05 12:11:47 --> Trying to access array offset on value of type null
in APPPATH\Views\pages\blog_details.php on line 12.
 1 APPPATH\Views\pages\blog_details.php(12): CodeIgniter\Debug\Exceptions->errorHandler(2, 'Trying to access array offset on value of type null', 'C:\\xampp\\htdocs\\oloogy_backend\\app\\Views\\pages\\blog_details.php', 12)
 2 SYSTEMPATH\View\View.php(224): include('C:\\xampp\\htdocs\\oloogy_backend\\app\\Views\\pages\\blog_details.php')
 3 SYSTEMPATH\View\View.php(227): CodeIgniter\View\View->CodeIgniter\View\{closure}()
 4 SYSTEMPATH\Common.php(1180): CodeIgniter\View\View->render('pages/blog_details', [], true)
 5 APPPATH\Controllers\Blog\BlogController.php(37): view('pages/blog_details', [...])
 6 SYSTEMPATH\CodeIgniter.php(932): Core\Controllers\Blog\BlogController->blog_details('assets', 'img', 'ri_facebook-fill.png')
 7 SYSTEMPATH\CodeIgniter.php(497): CodeIgniter\CodeIgniter->runController(Object(Core\Controllers\Blog\BlogController))
 8 SYSTEMPATH\CodeIgniter.php(366): CodeIgniter\CodeIgniter->handleRequest(null, Object(Config\Cache), false)
 9 FCPATH\index.php(101): CodeIgniter\CodeIgniter->run()
INFO - 2024-08-05 12:11:47 --> Session: Class initialized using 'CodeIgniter\Session\Handlers\FileHandler' driver.
CRITICAL - 2024-08-05 12:11:47 --> Trying to access array offset on value of type null
in APPPATH\Views\pages\blog_details.php on line 12.
 1 APPPATH\Views\pages\blog_details.php(12): CodeIgniter\Debug\Exceptions->errorHandler(2, 'Trying to access array offset on value of type null', 'C:\\xampp\\htdocs\\oloogy_backend\\app\\Views\\pages\\blog_details.php', 12)
 2 SYSTEMPATH\View\View.php(224): include('C:\\xampp\\htdocs\\oloogy_backend\\app\\Views\\pages\\blog_details.php')
 3 SYSTEMPATH\View\View.php(227): CodeIgniter\View\View->CodeIgniter\View\{closure}()
 4 SYSTEMPATH\Common.php(1180): CodeIgniter\View\View->render('pages/blog_details', [], true)
 5 APPPATH\Controllers\Blog\BlogController.php(37): view('pages/blog_details', [...])
 6 SYSTEMPATH\CodeIgniter.php(932): Core\Controllers\Blog\BlogController->blog_details('assets', 'img', 'ri_facebook-fill.png')
 7 SYSTEMPATH\CodeIgniter.php(497): CodeIgniter\CodeIgniter->runController(Object(Core\Controllers\Blog\BlogController))
 8 SYSTEMPATH\CodeIgniter.php(366): CodeIgniter\CodeIgniter->handleRequest(null, Object(Config\Cache), false)
 9 FCPATH\index.php(101): CodeIgniter\CodeIgniter->run()
INFO - 2024-08-05 12:11:47 --> Session: Class initialized using 'CodeIgniter\Session\Handlers\FileHandler' driver.
CRITICAL - 2024-08-05 12:11:48 --> Trying to access array offset on value of type null
in APPPATH\Views\pages\blog_details.php on line 12.
 1 APPPATH\Views\pages\blog_details.php(12): CodeIgniter\Debug\Exceptions->errorHandler(2, 'Trying to access array offset on value of type null', 'C:\\xampp\\htdocs\\oloogy_backend\\app\\Views\\pages\\blog_details.php', 12)
 2 SYSTEMPATH\View\View.php(224): include('C:\\xampp\\htdocs\\oloogy_backend\\app\\Views\\pages\\blog_details.php')
 3 SYSTEMPATH\View\View.php(227): CodeIgniter\View\View->CodeIgniter\View\{closure}()
 4 SYSTEMPATH\Common.php(1180): CodeIgniter\View\View->render('pages/blog_details', [], true)
 5 APPPATH\Controllers\Blog\BlogController.php(37): view('pages/blog_details', [...])
 6 SYSTEMPATH\CodeIgniter.php(932): Core\Controllers\Blog\BlogController->blog_details('assets', 'img', 'Vector.png')
 7 SYSTEMPATH\CodeIgniter.php(497): CodeIgniter\CodeIgniter->runController(Object(Core\Controllers\Blog\BlogController))
 8 SYSTEMPATH\CodeIgniter.php(366): CodeIgniter\CodeIgniter->handleRequest(null, Object(Config\Cache), false)
 9 FCPATH\index.php(101): CodeIgniter\CodeIgniter->run()
INFO - 2024-08-05 12:11:48 --> Session: Class initialized using 'CodeIgniter\Session\Handlers\FileHandler' driver.
CRITICAL - 2024-08-05 12:11:48 --> Trying to access array offset on value of type null
in APPPATH\Views\pages\blog_details.php on line 12.
 1 APPPATH\Views\pages\blog_details.php(12): CodeIgniter\Debug\Exceptions->errorHandler(2, 'Trying to access array offset on value of type null', 'C:\\xampp\\htdocs\\oloogy_backend\\app\\Views\\pages\\blog_details.php', 12)
 2 SYSTEMPATH\View\View.php(224): include('C:\\xampp\\htdocs\\oloogy_backend\\app\\Views\\pages\\blog_details.php')
 3 SYSTEMPATH\View\View.php(227): CodeIgniter\View\View->CodeIgniter\View\{closure}()
 4 SYSTEMPATH\Common.php(1180): CodeIgniter\View\View->render('pages/blog_details', [], true)
 5 APPPATH\Controllers\Blog\BlogController.php(37): view('pages/blog_details', [...])
 6 SYSTEMPATH\CodeIgniter.php(932): Core\Controllers\Blog\BlogController->blog_details('assets', 'img', 'ri_linkedin-fill.png')
 7 SYSTEMPATH\CodeIgniter.php(497): CodeIgniter\CodeIgniter->runController(Object(Core\Controllers\Blog\BlogController))
 8 SYSTEMPATH\CodeIgniter.php(366): CodeIgniter\CodeIgniter->handleRequest(null, Object(Config\Cache), false)
 9 FCPATH\index.php(101): CodeIgniter\CodeIgniter->run()
INFO - 2024-08-05 12:11:50 --> Session: Class initialized using 'CodeIgniter\Session\Handlers\FileHandler' driver.
INFO - 2024-08-05 12:12:09 --> Session: Class initialized using 'CodeIgniter\Session\Handlers\FileHandler' driver.
INFO - 2024-08-05 12:12:12 --> Session: Class initialized using 'CodeIgniter\Session\Handlers\FileHandler' driver.
INFO - 2024-08-05 12:12:14 --> Session: Class initialized using 'CodeIgniter\Session\Handlers\FileHandler' driver.
INFO - 2024-08-05 12:32:20 --> Session: Class initialized using 'CodeIgniter\Session\Handlers\FileHandler' driver.
INFO - 2024-08-05 12:32:20 --> Session: Class initialized using 'CodeIgniter\Session\Handlers\FileHandler' driver.
CRITICAL - 2024-08-05 12:32:20 --> Trying to access array offset on value of type null
in APPPATH\Views\pages\blog_details.php on line 12.
 1 APPPATH\Views\pages\blog_details.php(12): CodeIgniter\Debug\Exceptions->errorHandler(2, 'Trying to access array offset on value of type null', 'C:\\xampp\\htdocs\\oloogy_backend\\app\\Views\\pages\\blog_details.php', 12)
 2 SYSTEMPATH\View\View.php(224): include('C:\\xampp\\htdocs\\oloogy_backend\\app\\Views\\pages\\blog_details.php')
 3 SYSTEMPATH\View\View.php(227): CodeIgniter\View\View->CodeIgniter\View\{closure}()
 4 SYSTEMPATH\Common.php(1180): CodeIgniter\View\View->render('pages/blog_details', [], true)
 5 APPPATH\Controllers\Blog\BlogController.php(37): view('pages/blog_details', [...])
 6 SYSTEMPATH\CodeIgniter.php(932): Core\Controllers\Blog\BlogController->blog_details('assets', 'img', 'ri_facebook-fill.png')
 7 SYSTEMPATH\CodeIgniter.php(497): CodeIgniter\CodeIgniter->runController(Object(Core\Controllers\Blog\BlogController))
 8 SYSTEMPATH\CodeIgniter.php(366): CodeIgniter\CodeIgniter->handleRequest(null, Object(Config\Cache), false)
 9 FCPATH\index.php(101): CodeIgniter\CodeIgniter->run()
INFO - 2024-08-05 12:32:20 --> Session: Class initialized using 'CodeIgniter\Session\Handlers\FileHandler' driver.
CRITICAL - 2024-08-05 12:32:20 --> Trying to access array offset on value of type null
in APPPATH\Views\pages\blog_details.php on line 12.
 1 APPPATH\Views\pages\blog_details.php(12): CodeIgniter\Debug\Exceptions->errorHandler(2, 'Trying to access array offset on value of type null', 'C:\\xampp\\htdocs\\oloogy_backend\\app\\Views\\pages\\blog_details.php', 12)
 2 SYSTEMPATH\View\View.php(224): include('C:\\xampp\\htdocs\\oloogy_backend\\app\\Views\\pages\\blog_details.php')
 3 SYSTEMPATH\View\View.php(227): CodeIgniter\View\View->CodeIgniter\View\{closure}()
 4 SYSTEMPATH\Common.php(1180): CodeIgniter\View\View->render('pages/blog_details', [], true)
 5 APPPATH\Controllers\Blog\BlogController.php(37): view('pages/blog_details', [...])
 6 SYSTEMPATH\CodeIgniter.php(932): Core\Controllers\Blog\BlogController->blog_details('assets', 'img', 'ri_linkedin-fill.png')
 7 SYSTEMPATH\CodeIgniter.php(497): CodeIgniter\CodeIgniter->runController(Object(Core\Controllers\Blog\BlogController))
 8 SYSTEMPATH\CodeIgniter.php(366): CodeIgniter\CodeIgniter->handleRequest(null, Object(Config\Cache), false)
 9 FCPATH\index.php(101): CodeIgniter\CodeIgniter->run()
INFO - 2024-08-05 12:32:20 --> Session: Class initialized using 'CodeIgniter\Session\Handlers\FileHandler' driver.
CRITICAL - 2024-08-05 12:32:20 --> Trying to access array offset on value of type null
in APPPATH\Views\pages\blog_details.php on line 12.
 1 APPPATH\Views\pages\blog_details.php(12): CodeIgniter\Debug\Exceptions->errorHandler(2, 'Trying to access array offset on value of type null', 'C:\\xampp\\htdocs\\oloogy_backend\\app\\Views\\pages\\blog_details.php', 12)
 2 SYSTEMPATH\View\View.php(224): include('C:\\xampp\\htdocs\\oloogy_backend\\app\\Views\\pages\\blog_details.php')
 3 SYSTEMPATH\View\View.php(227): CodeIgniter\View\View->CodeIgniter\View\{closure}()
 4 SYSTEMPATH\Common.php(1180): CodeIgniter\View\View->render('pages/blog_details', [], true)
 5 APPPATH\Controllers\Blog\BlogController.php(37): view('pages/blog_details', [...])
 6 SYSTEMPATH\CodeIgniter.php(932): Core\Controllers\Blog\BlogController->blog_details('assets', 'img', 'Vector.png')
 7 SYSTEMPATH\CodeIgniter.php(497): CodeIgniter\CodeIgniter->runController(Object(Core\Controllers\Blog\BlogController))
 8 SYSTEMPATH\CodeIgniter.php(366): CodeIgniter\CodeIgniter->handleRequest(null, Object(Config\Cache), false)
 9 FCPATH\index.php(101): CodeIgniter\CodeIgniter->run()
INFO - 2024-08-05 12:32:41 --> Session: Class initialized using 'CodeIgniter\Session\Handlers\FileHandler' driver.
INFO - 2024-08-05 12:32:59 --> Session: Class initialized using 'CodeIgniter\Session\Handlers\FileHandler' driver.
INFO - 2024-08-05 12:33:09 --> Session: Class initialized using 'CodeIgniter\Session\Handlers\FileHandler' driver.
INFO - 2024-08-05 12:33:09 --> Session: Class initialized using 'CodeIgniter\Session\Handlers\FileHandler' driver.
CRITICAL - 2024-08-05 12:33:09 --> Trying to access array offset on value of type null
in APPPATH\Controllers\Gallery\GalleryController.php on line 38.
 1 APPPATH\Controllers\Gallery\GalleryController.php(38): CodeIgniter\Debug\Exceptions->errorHandler(2, 'Trying to access array offset on value of type null', 'C:\\xampp\\htdocs\\oloogy_backend\\app\\Controllers\\Gallery\\GalleryController.php', 38)
 2 SYSTEMPATH\CodeIgniter.php(932): Core\Controllers\Gallery\GalleryController->gallery('assets', 'img', 'Vector.png')
 3 SYSTEMPATH\CodeIgniter.php(497): CodeIgniter\CodeIgniter->runController(Object(Core\Controllers\Gallery\GalleryController))
 4 SYSTEMPATH\CodeIgniter.php(366): CodeIgniter\CodeIgniter->handleRequest(null, Object(Config\Cache), false)
 5 FCPATH\index.php(101): CodeIgniter\CodeIgniter->run()
INFO - 2024-08-05 12:33:09 --> Session: Class initialized using 'CodeIgniter\Session\Handlers\FileHandler' driver.
CRITICAL - 2024-08-05 12:33:09 --> Trying to access array offset on value of type null
in APPPATH\Controllers\Gallery\GalleryController.php on line 38.
 1 APPPATH\Controllers\Gallery\GalleryController.php(38): CodeIgniter\Debug\Exceptions->errorHandler(2, 'Trying to access array offset on value of type null', 'C:\\xampp\\htdocs\\oloogy_backend\\app\\Controllers\\Gallery\\GalleryController.php', 38)
 2 SYSTEMPATH\CodeIgniter.php(932): Core\Controllers\Gallery\GalleryController->gallery('assets', 'img', 'ri_linkedin-fill.png')
 3 SYSTEMPATH\CodeIgniter.php(497): CodeIgniter\CodeIgniter->runController(Object(Core\Controllers\Gallery\GalleryController))
 4 SYSTEMPATH\CodeIgniter.php(366): CodeIgniter\CodeIgniter->handleRequest(null, Object(Config\Cache), false)
 5 FCPATH\index.php(101): CodeIgniter\CodeIgniter->run()
INFO - 2024-08-05 12:33:09 --> Session: Class initialized using 'CodeIgniter\Session\Handlers\FileHandler' driver.
CRITICAL - 2024-08-05 12:33:09 --> Trying to access array offset on value of type null
in APPPATH\Controllers\Gallery\GalleryController.php on line 38.
 1 APPPATH\Controllers\Gallery\GalleryController.php(38): CodeIgniter\Debug\Exceptions->errorHandler(2, 'Trying to access array offset on value of type null', 'C:\\xampp\\htdocs\\oloogy_backend\\app\\Controllers\\Gallery\\GalleryController.php', 38)
 2 SYSTEMPATH\CodeIgniter.php(932): Core\Controllers\Gallery\GalleryController->gallery('assets', 'img', 'ri_facebook-fill.png')
 3 SYSTEMPATH\CodeIgniter.php(497): CodeIgniter\CodeIgniter->runController(Object(Core\Controllers\Gallery\GalleryController))
 4 SYSTEMPATH\CodeIgniter.php(366): CodeIgniter\CodeIgniter->handleRequest(null, Object(Config\Cache), false)
 5 FCPATH\index.php(101): CodeIgniter\CodeIgniter->run()
INFO - 2024-08-05 12:33:16 --> Session: Class initialized using 'CodeIgniter\Session\Handlers\FileHandler' driver.
INFO - 2024-08-05 12:33:35 --> Session: Class initialized using 'CodeIgniter\Session\Handlers\FileHandler' driver.
INFO - 2024-08-05 12:33:41 --> Session: Class initialized using 'CodeIgniter\Session\Handlers\FileHandler' driver.
INFO - 2024-08-05 12:33:41 --> Session: Class initialized using 'CodeIgniter\Session\Handlers\FileHandler' driver.
CRITICAL - 2024-08-05 12:33:41 --> Trying to access array offset on value of type null
in APPPATH\Views\pages\blog_details.php on line 12.
 1 APPPATH\Views\pages\blog_details.php(12): CodeIgniter\Debug\Exceptions->errorHandler(2, 'Trying to access array offset on value of type null', 'C:\\xampp\\htdocs\\oloogy_backend\\app\\Views\\pages\\blog_details.php', 12)
 2 SYSTEMPATH\View\View.php(224): include('C:\\xampp\\htdocs\\oloogy_backend\\app\\Views\\pages\\blog_details.php')
 3 SYSTEMPATH\View\View.php(227): CodeIgniter\View\View->CodeIgniter\View\{closure}()
 4 SYSTEMPATH\Common.php(1180): CodeIgniter\View\View->render('pages/blog_details', [], true)
 5 APPPATH\Controllers\Blog\BlogController.php(37): view('pages/blog_details', [...])
 6 SYSTEMPATH\CodeIgniter.php(932): Core\Controllers\Blog\BlogController->blog_details('assets', 'img', 'ri_linkedin-fill.png')
 7 SYSTEMPATH\CodeIgniter.php(497): CodeIgniter\CodeIgniter->runController(Object(Core\Controllers\Blog\BlogController))
 8 SYSTEMPATH\CodeIgniter.php(366): CodeIgniter\CodeIgniter->handleRequest(null, Object(Config\Cache), false)
 9 FCPATH\index.php(101): CodeIgniter\CodeIgniter->run()
INFO - 2024-08-05 12:33:41 --> Session: Class initialized using 'CodeIgniter\Session\Handlers\FileHandler' driver.
CRITICAL - 2024-08-05 12:33:42 --> Trying to access array offset on value of type null
in APPPATH\Views\pages\blog_details.php on line 12.
 1 APPPATH\Views\pages\blog_details.php(12): CodeIgniter\Debug\Exceptions->errorHandler(2, 'Trying to access array offset on value of type null', 'C:\\xampp\\htdocs\\oloogy_backend\\app\\Views\\pages\\blog_details.php', 12)
 2 SYSTEMPATH\View\View.php(224): include('C:\\xampp\\htdocs\\oloogy_backend\\app\\Views\\pages\\blog_details.php')
 3 SYSTEMPATH\View\View.php(227): CodeIgniter\View\View->CodeIgniter\View\{closure}()
 4 SYSTEMPATH\Common.php(1180): CodeIgniter\View\View->render('pages/blog_details', [], true)
 5 APPPATH\Controllers\Blog\BlogController.php(37): view('pages/blog_details', [...])
 6 SYSTEMPATH\CodeIgniter.php(932): Core\Controllers\Blog\BlogController->blog_details('assets', 'img', 'ri_facebook-fill.png')
 7 SYSTEMPATH\CodeIgniter.php(497): CodeIgniter\CodeIgniter->runController(Object(Core\Controllers\Blog\BlogController))
 8 SYSTEMPATH\CodeIgniter.php(366): CodeIgniter\CodeIgniter->handleRequest(null, Object(Config\Cache), false)
 9 FCPATH\index.php(101): CodeIgniter\CodeIgniter->run()
INFO - 2024-08-05 12:33:42 --> Session: Class initialized using 'CodeIgniter\Session\Handlers\FileHandler' driver.
CRITICAL - 2024-08-05 12:33:42 --> Trying to access array offset on value of type null
in APPPATH\Views\pages\blog_details.php on line 12.
 1 APPPATH\Views\pages\blog_details.php(12): CodeIgniter\Debug\Exceptions->errorHandler(2, 'Trying to access array offset on value of type null', 'C:\\xampp\\htdocs\\oloogy_backend\\app\\Views\\pages\\blog_details.php', 12)
 2 SYSTEMPATH\View\View.php(224): include('C:\\xampp\\htdocs\\oloogy_backend\\app\\Views\\pages\\blog_details.php')
 3 SYSTEMPATH\View\View.php(227): CodeIgniter\View\View->CodeIgniter\View\{closure}()
 4 SYSTEMPATH\Common.php(1180): CodeIgniter\View\View->render('pages/blog_details', [], true)
 5 APPPATH\Controllers\Blog\BlogController.php(37): view('pages/blog_details', [...])
 6 SYSTEMPATH\CodeIgniter.php(932): Core\Controllers\Blog\BlogController->blog_details('assets', 'img', 'Vector.png')
 7 SYSTEMPATH\CodeIgniter.php(497): CodeIgniter\CodeIgniter->runController(Object(Core\Controllers\Blog\BlogController))
 8 SYSTEMPATH\CodeIgniter.php(366): CodeIgniter\CodeIgniter->handleRequest(null, Object(Config\Cache), false)
 9 FCPATH\index.php(101): CodeIgniter\CodeIgniter->run()
INFO - 2024-08-05 12:33:48 --> Session: Class initialized using 'CodeIgniter\Session\Handlers\FileHandler' driver.
INFO - 2024-08-05 12:34:27 --> Session: Class initialized using 'CodeIgniter\Session\Handlers\FileHandler' driver.
INFO - 2024-08-05 12:34:30 --> Session: Class initialized using 'CodeIgniter\Session\Handlers\FileHandler' driver.
INFO - 2024-08-05 12:34:30 --> Session: Class initialized using 'CodeIgniter\Session\Handlers\FileHandler' driver.
CRITICAL - 2024-08-05 12:34:30 --> Trying to access array offset on value of type null
in APPPATH\Controllers\Gallery\GalleryController.php on line 38.
 1 APPPATH\Controllers\Gallery\GalleryController.php(38): CodeIgniter\Debug\Exceptions->errorHandler(2, 'Trying to access array offset on value of type null', 'C:\\xampp\\htdocs\\oloogy_backend\\app\\Controllers\\Gallery\\GalleryController.php', 38)
 2 SYSTEMPATH\CodeIgniter.php(932): Core\Controllers\Gallery\GalleryController->gallery('assets', 'img', 'ri_facebook-fill.png')
 3 SYSTEMPATH\CodeIgniter.php(497): CodeIgniter\CodeIgniter->runController(Object(Core\Controllers\Gallery\GalleryController))
 4 SYSTEMPATH\CodeIgniter.php(366): CodeIgniter\CodeIgniter->handleRequest(null, Object(Config\Cache), false)
 5 FCPATH\index.php(101): CodeIgniter\CodeIgniter->run()
INFO - 2024-08-05 12:34:30 --> Session: Class initialized using 'CodeIgniter\Session\Handlers\FileHandler' driver.
CRITICAL - 2024-08-05 12:34:30 --> Trying to access array offset on value of type null
in APPPATH\Controllers\Gallery\GalleryController.php on line 38.
 1 APPPATH\Controllers\Gallery\GalleryController.php(38): CodeIgniter\Debug\Exceptions->errorHandler(2, 'Trying to access array offset on value of type null', 'C:\\xampp\\htdocs\\oloogy_backend\\app\\Controllers\\Gallery\\GalleryController.php', 38)
 2 SYSTEMPATH\CodeIgniter.php(932): Core\Controllers\Gallery\GalleryController->gallery('assets', 'img', 'ri_linkedin-fill.png')
 3 SYSTEMPATH\CodeIgniter.php(497): CodeIgniter\CodeIgniter->runController(Object(Core\Controllers\Gallery\GalleryController))
 4 SYSTEMPATH\CodeIgniter.php(366): CodeIgniter\CodeIgniter->handleRequest(null, Object(Config\Cache), false)
 5 FCPATH\index.php(101): CodeIgniter\CodeIgniter->run()
INFO - 2024-08-05 12:34:30 --> Session: Class initialized using 'CodeIgniter\Session\Handlers\FileHandler' driver.
CRITICAL - 2024-08-05 12:34:30 --> Trying to access array offset on value of type null
in APPPATH\Controllers\Gallery\GalleryController.php on line 38.
 1 APPPATH\Controllers\Gallery\GalleryController.php(38): CodeIgniter\Debug\Exceptions->errorHandler(2, 'Trying to access array offset on value of type null', 'C:\\xampp\\htdocs\\oloogy_backend\\app\\Controllers\\Gallery\\GalleryController.php', 38)
 2 SYSTEMPATH\CodeIgniter.php(932): Core\Controllers\Gallery\GalleryController->gallery('assets', 'img', 'Vector.png')
 3 SYSTEMPATH\CodeIgniter.php(497): CodeIgniter\CodeIgniter->runController(Object(Core\Controllers\Gallery\GalleryController))
 4 SYSTEMPATH\CodeIgniter.php(366): CodeIgniter\CodeIgniter->handleRequest(null, Object(Config\Cache), false)
 5 FCPATH\index.php(101): CodeIgniter\CodeIgniter->run()
INFO - 2024-08-05 12:34:34 --> Session: Class initialized using 'CodeIgniter\Session\Handlers\FileHandler' driver.
INFO - 2024-08-05 12:35:18 --> Session: Class initialized using 'CodeIgniter\Session\Handlers\FileHandler' driver.
INFO - 2024-08-05 12:35:25 --> Session: Class initialized using 'CodeIgniter\Session\Handlers\FileHandler' driver.
