CRITICAL - 2024-04-22 15:51:59 --> The framework needs the following extension(s) installed and loaded: intl.
in SYSTEMPATH\CodeIgniter.php on line 226.
 1 SYSTEMPATH\CodeIgniter.php(226): CodeIgniter\Exceptions\FrameworkException::forMissingExtension('intl')
 2 SYSTEMPATH\CodeIgniter.php(190): CodeIgniter\CodeIgniter->resolvePlatformExtensions()
 3 FCPATH\index.php(89): CodeIgniter\CodeIgniter->initialize()
CRITICAL - 2024-04-22 15:52:42 --> The framework needs the following extension(s) installed and loaded: intl.
in SYSTEMPATH\CodeIgniter.php on line 226.
 1 SYSTEMPATH\CodeIgniter.php(226): CodeIgniter\Exceptions\FrameworkException::forMissingExtension('intl')
 2 SYSTEMPATH\CodeIgniter.php(190): CodeIgniter\CodeIgniter->resolvePlatformExtensions()
 3 FCPATH\index.php(89): CodeIgniter\CodeIgniter->initialize()
CRITICAL - 2024-04-22 15:56:54 --> The framework needs the following extension(s) installed and loaded: intl.
in SYSTEMPATH\CodeIgniter.php on line 226.
 1 SYSTEMPATH\CodeIgniter.php(226): CodeIgniter\Exceptions\FrameworkException::forMissingExtension('intl')
 2 SYSTEMPATH\CodeIgniter.php(190): CodeIgniter\CodeIgniter->resolvePlatformExtensions()
 3 FCPATH\index.php(89): CodeIgniter\CodeIgniter->initialize()
CRITICAL - 2024-04-22 15:57:02 --> The framework needs the following extension(s) installed and loaded: intl.
in SYSTEMPATH\CodeIgniter.php on line 226.
 1 SYSTEMPATH\CodeIgniter.php(226): CodeIgniter\Exceptions\FrameworkException::forMissingExtension('intl')
 2 SYSTEMPATH\CodeIgniter.php(190): CodeIgniter\CodeIgniter->resolvePlatformExtensions()
 3 FCPATH\index.php(89): CodeIgniter\CodeIgniter->initialize()
CRITICAL - 2024-04-22 16:01:34 --> The framework needs the following extension(s) installed and loaded: intl.
in SYSTEMPATH\CodeIgniter.php on line 226.
 1 SYSTEMPATH\CodeIgniter.php(226): CodeIgniter\Exceptions\FrameworkException::forMissingExtension('intl')
 2 SYSTEMPATH\CodeIgniter.php(190): CodeIgniter\CodeIgniter->resolvePlatformExtensions()
 3 FCPATH\index.php(89): CodeIgniter\CodeIgniter->initialize()
CRITICAL - 2024-04-22 12:01:26 --> Undefined variable $data
in APPPATH\Views\pages\events.php on line 73.
 1 APPPATH\Views\pages\events.php(73): CodeIgniter\Debug\Exceptions->errorHandler(2, 'Undefined variable $data', 'C:\\xampp\\htdocs\\iaoi_new\\iaoi_full\\backend\\app\\Views\\pages\\events.php', 73)
 2 SYSTEMPATH\View\View.php(224): include('C:\\xampp\\htdocs\\iaoi_new\\iaoi_full\\backend\\app\\Views\\pages\\events.php')
 3 SYSTEMPATH\View\View.php(227): CodeIgniter\View\View->CodeIgniter\View\{closure}()
 4 SYSTEMPATH\Common.php(1180): CodeIgniter\View\View->render('pages/events', [], true)
 5 APPPATH\Controllers\Home.php(40): view('pages/events')
 6 SYSTEMPATH\CodeIgniter.php(932): Core\Controllers\Home->events()
 7 SYSTEMPATH\CodeIgniter.php(497): CodeIgniter\CodeIgniter->runController(Object(Core\Controllers\Home))
 8 SYSTEMPATH\CodeIgniter.php(366): CodeIgniter\CodeIgniter->handleRequest(null, Object(Config\Cache), false)
 9 FCPATH\index.php(101): CodeIgniter\CodeIgniter->run()
CRITICAL - 2024-04-22 12:01:29 --> Undefined variable $data
in APPPATH\Views\pages\events.php on line 73.
 1 APPPATH\Views\pages\events.php(73): CodeIgniter\Debug\Exceptions->errorHandler(2, 'Undefined variable $data', 'C:\\xampp\\htdocs\\iaoi_new\\iaoi_full\\backend\\app\\Views\\pages\\events.php', 73)
 2 SYSTEMPATH\View\View.php(224): include('C:\\xampp\\htdocs\\iaoi_new\\iaoi_full\\backend\\app\\Views\\pages\\events.php')
 3 SYSTEMPATH\View\View.php(227): CodeIgniter\View\View->CodeIgniter\View\{closure}()
 4 SYSTEMPATH\Common.php(1180): CodeIgniter\View\View->render('pages/events', [], true)
 5 APPPATH\Controllers\Home.php(40): view('pages/events')
 6 SYSTEMPATH\CodeIgniter.php(932): Core\Controllers\Home->events()
 7 SYSTEMPATH\CodeIgniter.php(497): CodeIgniter\CodeIgniter->runController(Object(Core\Controllers\Home))
 8 SYSTEMPATH\CodeIgniter.php(366): CodeIgniter\CodeIgniter->handleRequest(null, Object(Config\Cache), false)
 9 FCPATH\index.php(101): CodeIgniter\CodeIgniter->run()
