INFO - 2024-05-28 04:22:53 --> Session: Class initialized using 'CodeIgniter\Session\Handlers\FileHandler' driver.
INFO - 2024-05-28 04:23:02 --> Session: Class initialized using 'CodeIgniter\Session\Handlers\FileHandler' driver.
CRITICAL - 2024-05-28 04:23:03 --> Undefined array key "member_fk_id"
in APPPATH\Controllers\Become_a_member.php on line 48.
 1 APPPATH\Controllers\Become_a_member.php(48): CodeIgniter\Debug\Exceptions->errorHandler(2, 'Undefined array key "member_fk_id"', 'C:\\xampp\\htdocs\\iaoi\\iaoi_full\\backend\\app\\Controllers\\Become_a_member.php', 48)
 2 SYSTEMPATH\CodeIgniter.php(932): Core\Controllers\Become_a_member->profile()
 3 SYSTEMPATH\CodeIgniter.php(497): CodeIgniter\CodeIgniter->runController(Object(Core\Controllers\Become_a_member))
 4 SYSTEMPATH\CodeIgniter.php(366): CodeIgniter\CodeIgniter->handleRequest(null, Object(Config\Cache), false)
 5 FCPATH\index.php(101): CodeIgniter\CodeIgniter->run()
INFO - 2024-05-28 04:42:00 --> Session: Class initialized using 'CodeIgniter\Session\Handlers\FileHandler' driver.
CRITICAL - 2024-05-28 04:42:00 --> Undefined array key "member_fk_id"
in APPPATH\Controllers\Become_a_member.php on line 48.
 1 APPPATH\Controllers\Become_a_member.php(48): CodeIgniter\Debug\Exceptions->errorHandler(2, 'Undefined array key "member_fk_id"', 'C:\\xampp\\htdocs\\iaoi\\iaoi_full\\backend\\app\\Controllers\\Become_a_member.php', 48)
 2 SYSTEMPATH\CodeIgniter.php(932): Core\Controllers\Become_a_member->profile()
 3 SYSTEMPATH\CodeIgniter.php(497): CodeIgniter\CodeIgniter->runController(Object(Core\Controllers\Become_a_member))
 4 SYSTEMPATH\CodeIgniter.php(366): CodeIgniter\CodeIgniter->handleRequest(null, Object(Config\Cache), false)
 5 FCPATH\index.php(101): CodeIgniter\CodeIgniter->run()
INFO - 2024-05-28 04:42:05 --> Session: Class initialized using 'CodeIgniter\Session\Handlers\FileHandler' driver.
INFO - 2024-05-28 04:42:07 --> Session: Class initialized using 'CodeIgniter\Session\Handlers\FileHandler' driver.
INFO - 2024-05-28 04:42:10 --> Session: Class initialized using 'CodeIgniter\Session\Handlers\FileHandler' driver.
INFO - 2024-05-28 04:42:14 --> Session: Class initialized using 'CodeIgniter\Session\Handlers\FileHandler' driver.
INFO - 2024-05-28 04:47:14 --> Session: Class initialized using 'CodeIgniter\Session\Handlers\FileHandler' driver.
INFO - 2024-05-28 04:47:25 --> Session: Class initialized using 'CodeIgniter\Session\Handlers\FileHandler' driver.
INFO - 2024-05-28 04:48:35 --> Session: Class initialized using 'CodeIgniter\Session\Handlers\FileHandler' driver.
INFO - 2024-05-28 04:55:59 --> Session: Class initialized using 'CodeIgniter\Session\Handlers\FileHandler' driver.
INFO - 2024-05-28 04:56:29 --> Session: Class initialized using 'CodeIgniter\Session\Handlers\FileHandler' driver.
INFO - 2024-05-28 04:57:01 --> Session: Class initialized using 'CodeIgniter\Session\Handlers\FileHandler' driver.
INFO - 2024-05-28 04:57:03 --> Session: Class initialized using 'CodeIgniter\Session\Handlers\FileHandler' driver.
INFO - 2024-05-28 04:57:06 --> Session: Class initialized using 'CodeIgniter\Session\Handlers\FileHandler' driver.
INFO - 2024-05-28 04:57:17 --> Session: Class initialized using 'CodeIgniter\Session\Handlers\FileHandler' driver.
INFO - 2024-05-28 04:59:30 --> Session: Class initialized using 'CodeIgniter\Session\Handlers\FileHandler' driver.
INFO - 2024-05-28 04:59:40 --> Session: Class initialized using 'CodeIgniter\Session\Handlers\FileHandler' driver.
INFO - 2024-05-28 05:00:27 --> Session: Class initialized using 'CodeIgniter\Session\Handlers\FileHandler' driver.
INFO - 2024-05-28 05:05:11 --> Session: Class initialized using 'CodeIgniter\Session\Handlers\FileHandler' driver.
INFO - 2024-05-28 05:07:48 --> Session: Class initialized using 'CodeIgniter\Session\Handlers\FileHandler' driver.
INFO - 2024-05-28 05:07:53 --> Session: Class initialized using 'CodeIgniter\Session\Handlers\FileHandler' driver.
INFO - 2024-05-28 05:08:07 --> Session: Class initialized using 'CodeIgniter\Session\Handlers\FileHandler' driver.
INFO - 2024-05-28 05:10:38 --> Session: Class initialized using 'CodeIgniter\Session\Handlers\FileHandler' driver.
INFO - 2024-05-28 05:11:12 --> Session: Class initialized using 'CodeIgniter\Session\Handlers\FileHandler' driver.
INFO - 2024-05-28 05:11:15 --> Session: Class initialized using 'CodeIgniter\Session\Handlers\FileHandler' driver.
INFO - 2024-05-28 05:11:17 --> Session: Class initialized using 'CodeIgniter\Session\Handlers\FileHandler' driver.
ERROR - 2024-05-28 05:11:17 --> mysqli_sql_exception: Table 'ssamtorg_iaoi.product_category' doesn't exist in C:\xampp\htdocs\iaoi\iaoi_full\backend\system\Database\MySQLi\Connection.php:295
Stack trace:
#0 C:\xampp\htdocs\iaoi\iaoi_full\backend\system\Database\MySQLi\Connection.php(295): mysqli->query('SELECT COUNT(*)...', 0)
#1 C:\xampp\htdocs\iaoi\iaoi_full\backend\system\Database\BaseConnection.php(692): CodeIgniter\Database\MySQLi\Connection->execute('SELECT COUNT(*)...')
#2 C:\xampp\htdocs\iaoi\iaoi_full\backend\system\Database\BaseConnection.php(606): CodeIgniter\Database\BaseConnection->simpleQuery('SELECT COUNT(*)...')
#3 C:\xampp\htdocs\iaoi\iaoi_full\backend\system\Database\BaseBuilder.php(1699): CodeIgniter\Database\BaseConnection->query('SELECT COUNT(*)...', Array, false)
#4 C:\xampp\htdocs\iaoi\iaoi_full\backend\app\Models\Utility\UtilityModel.php(273): CodeIgniter\Database\BaseBuilder->countAllResults(false, false)
#5 C:\xampp\htdocs\iaoi\iaoi_full\backend\app\Controllers\Utility.php(228): Core\Models\Utility\UtilityModel->getData('product_categor...', Array, 'true', Object(stdClass))
#6 C:\xampp\htdocs\iaoi\iaoi_full\backend\system\CodeIgniter.php(932): Core\Controllers\Utility->getData('true', 'product_categor...', '[]', '{"page":0,"rows...')
#7 C:\xampp\htdocs\iaoi\iaoi_full\backend\system\CodeIgniter.php(497): CodeIgniter\CodeIgniter->runController(Object(Core\Controllers\Utility))
#8 C:\xampp\htdocs\iaoi\iaoi_full\backend\system\CodeIgniter.php(366): CodeIgniter\CodeIgniter->handleRequest(NULL, Object(Config\Cache), false)
#9 C:\xampp\htdocs\iaoi\iaoi_full\backend\index.php(101): CodeIgniter\CodeIgniter->run()
#10 {main}
CRITICAL - 2024-05-28 05:11:17 --> Table 'ssamtorg_iaoi.product_category' doesn't exist
in SYSTEMPATH\Database\MySQLi\Connection.php on line 295.
 1 SYSTEMPATH\Database\MySQLi\Connection.php(295): mysqli->query('SELECT COUNT(*) AS `numrows`
FROM `product_category`
WHERE `product_category`.`status` = 1', 0)
 2 SYSTEMPATH\Database\BaseConnection.php(692): CodeIgniter\Database\MySQLi\Connection->execute('SELECT COUNT(*) AS `numrows`
FROM `product_category`
WHERE `product_category`.`status` = 1')
 3 SYSTEMPATH\Database\BaseConnection.php(606): CodeIgniter\Database\BaseConnection->simpleQuery('SELECT COUNT(*) AS `numrows`
FROM `product_category`
WHERE `product_category`.`status` = 1')
 4 SYSTEMPATH\Database\BaseBuilder.php(1699): CodeIgniter\Database\BaseConnection->query('SELECT COUNT(*) AS `numrows`
FROM `product_category`
WHERE `product_category`.`status` = :product_category.status:', [...], false)
 5 APPPATH\Models\Utility\UtilityModel.php(273): CodeIgniter\Database\BaseBuilder->countAllResults(false, false)
 6 APPPATH\Controllers\Utility.php(228): Core\Models\Utility\UtilityModel->getData('product_category', [...], 'true', Object(stdClass))
 7 SYSTEMPATH\CodeIgniter.php(932): Core\Controllers\Utility->getData('true', 'product_category', '[]', '{"page":0,"rows":10,"queryParams":[]}')
 8 SYSTEMPATH\CodeIgniter.php(497): CodeIgniter\CodeIgniter->runController(Object(Core\Controllers\Utility))
 9 SYSTEMPATH\CodeIgniter.php(366): CodeIgniter\CodeIgniter->handleRequest(null, Object(Config\Cache), false)
10 FCPATH\index.php(101): CodeIgniter\CodeIgniter->run()
INFO - 2024-05-28 05:11:23 --> Session: Class initialized using 'CodeIgniter\Session\Handlers\FileHandler' driver.
INFO - 2024-05-28 05:52:04 --> Session: Class initialized using 'CodeIgniter\Session\Handlers\FileHandler' driver.
INFO - 2024-05-28 05:57:20 --> Session: Class initialized using 'CodeIgniter\Session\Handlers\FileHandler' driver.
INFO - 2024-05-28 05:58:26 --> Session: Class initialized using 'CodeIgniter\Session\Handlers\FileHandler' driver.
INFO - 2024-05-28 06:15:49 --> Session: Class initialized using 'CodeIgniter\Session\Handlers\FileHandler' driver.
ERROR - 2024-05-28 06:15:49 --> mysqli_sql_exception: Unknown column 'user_id' in 'where clause' in C:\xampp\htdocs\iaoi\iaoi_full\backend\system\Database\MySQLi\Connection.php:295
Stack trace:
#0 C:\xampp\htdocs\iaoi\iaoi_full\backend\system\Database\MySQLi\Connection.php(295): mysqli->query('SELECT *\nFROM `...', 0)
#1 C:\xampp\htdocs\iaoi\iaoi_full\backend\system\Database\BaseConnection.php(692): CodeIgniter\Database\MySQLi\Connection->execute('SELECT *\nFROM `...')
#2 C:\xampp\htdocs\iaoi\iaoi_full\backend\system\Database\BaseConnection.php(606): CodeIgniter\Database\BaseConnection->simpleQuery('SELECT *\nFROM `...')
#3 C:\xampp\htdocs\iaoi\iaoi_full\backend\system\Database\BaseBuilder.php(1616): CodeIgniter\Database\BaseConnection->query('SELECT *\nFROM `...', Array, false)
#4 C:\xampp\htdocs\iaoi\iaoi_full\backend\system\Model.php(241): CodeIgniter\Database\BaseBuilder->get()
#5 C:\xampp\htdocs\iaoi\iaoi_full\backend\system\BaseModel.php(618): CodeIgniter\Model->doFindAll(0, 0)
#6 C:\xampp\htdocs\iaoi\iaoi_full\backend\app\Infrastructure\Persistence\DMLPersistence.php(124): CodeIgniter\BaseModel->findAll(0)
#7 C:\xampp\htdocs\iaoi\iaoi_full\backend\Module\Master\Controllers\Member\MemberController.php(68): App\Infrastructure\Persistence\Member\SQLMemberRepository->findAllByWhere(Array)
#8 C:\xampp\htdocs\iaoi\iaoi_full\backend\system\CodeIgniter.php(932): App\Controllers\Member\MemberController->memberdetails()
#9 C:\xampp\htdocs\iaoi\iaoi_full\backend\system\CodeIgniter.php(497): CodeIgniter\CodeIgniter->runController(Object(App\Controllers\Member\MemberController))
#10 C:\xampp\htdocs\iaoi\iaoi_full\backend\system\CodeIgniter.php(366): CodeIgniter\CodeIgniter->handleRequest(NULL, Object(Config\Cache), false)
#11 C:\xampp\htdocs\iaoi\iaoi_full\backend\index.php(101): CodeIgniter\CodeIgniter->run()
#12 {main}
CRITICAL - 2024-05-28 06:15:49 --> Unknown column 'user_id' in 'where clause'
in SYSTEMPATH\Database\MySQLi\Connection.php on line 295.
 1 SYSTEMPATH\Database\MySQLi\Connection.php(295): mysqli->query('SELECT *
FROM `member`
WHERE `user_id` IS NULL
AND `member`.`deleted_at` IS NULL', 0)
 2 SYSTEMPATH\Database\BaseConnection.php(692): CodeIgniter\Database\MySQLi\Connection->execute('SELECT *
FROM `member`
WHERE `user_id` IS NULL
AND `member`.`deleted_at` IS NULL')
 3 SYSTEMPATH\Database\BaseConnection.php(606): CodeIgniter\Database\BaseConnection->simpleQuery('SELECT *
FROM `member`
WHERE `user_id` IS NULL
AND `member`.`deleted_at` IS NULL')
 4 SYSTEMPATH\Database\BaseBuilder.php(1616): CodeIgniter\Database\BaseConnection->query('SELECT *
FROM `member`
WHERE `user_id` IS NULL
AND `member`.`deleted_at` IS NULL', [], false)
 5 SYSTEMPATH\Model.php(241): CodeIgniter\Database\BaseBuilder->get()
 6 SYSTEMPATH\BaseModel.php(618): CodeIgniter\Model->doFindAll(0, 0)
 7 APPPATH\Infrastructure\Persistence\DMLPersistence.php(124): CodeIgniter\BaseModel->findAll(0)
 8 FCPATH\Module\Master\Controllers\Member\MemberController.php(68): App\Infrastructure\Persistence\Member\SQLMemberRepository->findAllByWhere([...])
 9 SYSTEMPATH\CodeIgniter.php(932): App\Controllers\Member\MemberController->memberdetails()
10 SYSTEMPATH\CodeIgniter.php(497): CodeIgniter\CodeIgniter->runController(Object(App\Controllers\Member\MemberController))
11 SYSTEMPATH\CodeIgniter.php(366): CodeIgniter\CodeIgniter->handleRequest(null, Object(Config\Cache), false)
12 FCPATH\index.php(101): CodeIgniter\CodeIgniter->run()
INFO - 2024-05-28 06:19:16 --> Session: Class initialized using 'CodeIgniter\Session\Handlers\FileHandler' driver.
INFO - 2024-05-28 06:19:25 --> Session: Class initialized using 'CodeIgniter\Session\Handlers\FileHandler' driver.
INFO - 2024-05-28 06:21:41 --> Session: Class initialized using 'CodeIgniter\Session\Handlers\FileHandler' driver.
INFO - 2024-05-28 06:21:50 --> Session: Class initialized using 'CodeIgniter\Session\Handlers\FileHandler' driver.
INFO - 2024-05-28 06:21:52 --> Session: Class initialized using 'CodeIgniter\Session\Handlers\FileHandler' driver.
INFO - 2024-05-28 06:22:19 --> Session: Class initialized using 'CodeIgniter\Session\Handlers\FileHandler' driver.
INFO - 2024-05-28 06:22:29 --> Session: Class initialized using 'CodeIgniter\Session\Handlers\FileHandler' driver.
INFO - 2024-05-28 06:22:30 --> Session: Class initialized using 'CodeIgniter\Session\Handlers\FileHandler' driver.
INFO - 2024-05-28 06:23:52 --> Session: Class initialized using 'CodeIgniter\Session\Handlers\FileHandler' driver.
INFO - 2024-05-28 06:24:10 --> Session: Class initialized using 'CodeIgniter\Session\Handlers\FileHandler' driver.
INFO - 2024-05-28 06:25:29 --> Session: Class initialized using 'CodeIgniter\Session\Handlers\FileHandler' driver.
INFO - 2024-05-28 06:25:57 --> Session: Class initialized using 'CodeIgniter\Session\Handlers\FileHandler' driver.
INFO - 2024-05-28 06:26:08 --> Session: Class initialized using 'CodeIgniter\Session\Handlers\FileHandler' driver.
INFO - 2024-05-28 06:26:33 --> Session: Class initialized using 'CodeIgniter\Session\Handlers\FileHandler' driver.
INFO - 2024-05-28 06:26:39 --> Session: Class initialized using 'CodeIgniter\Session\Handlers\FileHandler' driver.
INFO - 2024-05-28 06:52:41 --> Session: Class initialized using 'CodeIgniter\Session\Handlers\FileHandler' driver.
INFO - 2024-05-28 06:54:27 --> Session: Class initialized using 'CodeIgniter\Session\Handlers\FileHandler' driver.
INFO - 2024-05-28 06:55:20 --> Session: Class initialized using 'CodeIgniter\Session\Handlers\FileHandler' driver.
INFO - 2024-05-28 06:55:25 --> Session: Class initialized using 'CodeIgniter\Session\Handlers\FileHandler' driver.
INFO - 2024-05-28 06:55:30 --> Session: Class initialized using 'CodeIgniter\Session\Handlers\FileHandler' driver.
INFO - 2024-05-28 06:55:45 --> Session: Class initialized using 'CodeIgniter\Session\Handlers\FileHandler' driver.
INFO - 2024-05-28 06:56:03 --> Session: Class initialized using 'CodeIgniter\Session\Handlers\FileHandler' driver.
INFO - 2024-05-28 06:56:10 --> Session: Class initialized using 'CodeIgniter\Session\Handlers\FileHandler' driver.
INFO - 2024-05-28 06:56:28 --> Session: Class initialized using 'CodeIgniter\Session\Handlers\FileHandler' driver.
INFO - 2024-05-28 06:57:59 --> Session: Class initialized using 'CodeIgniter\Session\Handlers\FileHandler' driver.
INFO - 2024-05-28 06:58:20 --> Session: Class initialized using 'CodeIgniter\Session\Handlers\FileHandler' driver.
INFO - 2024-05-28 06:59:04 --> Session: Class initialized using 'CodeIgniter\Session\Handlers\FileHandler' driver.
INFO - 2024-05-28 07:03:00 --> Session: Class initialized using 'CodeIgniter\Session\Handlers\FileHandler' driver.
INFO - 2024-05-28 07:03:26 --> Session: Class initialized using 'CodeIgniter\Session\Handlers\FileHandler' driver.
INFO - 2024-05-28 07:04:07 --> Session: Class initialized using 'CodeIgniter\Session\Handlers\FileHandler' driver.
INFO - 2024-05-28 07:04:24 --> Session: Class initialized using 'CodeIgniter\Session\Handlers\FileHandler' driver.
INFO - 2024-05-28 07:05:47 --> Session: Class initialized using 'CodeIgniter\Session\Handlers\FileHandler' driver.
INFO - 2024-05-28 07:10:37 --> Session: Class initialized using 'CodeIgniter\Session\Handlers\FileHandler' driver.
INFO - 2024-05-28 07:32:15 --> Session: Class initialized using 'CodeIgniter\Session\Handlers\FileHandler' driver.
INFO - 2024-05-28 07:32:45 --> Session: Class initialized using 'CodeIgniter\Session\Handlers\FileHandler' driver.
INFO - 2024-05-28 07:32:48 --> Session: Class initialized using 'CodeIgniter\Session\Handlers\FileHandler' driver.
INFO - 2024-05-28 07:33:28 --> Session: Class initialized using 'CodeIgniter\Session\Handlers\FileHandler' driver.
INFO - 2024-05-28 07:33:45 --> Session: Class initialized using 'CodeIgniter\Session\Handlers\FileHandler' driver.
INFO - 2024-05-28 07:34:04 --> Session: Class initialized using 'CodeIgniter\Session\Handlers\FileHandler' driver.
INFO - 2024-05-28 07:36:21 --> Session: Class initialized using 'CodeIgniter\Session\Handlers\FileHandler' driver.
INFO - 2024-05-28 07:37:09 --> Session: Class initialized using 'CodeIgniter\Session\Handlers\FileHandler' driver.
INFO - 2024-05-28 07:37:19 --> Session: Class initialized using 'CodeIgniter\Session\Handlers\FileHandler' driver.
INFO - 2024-05-28 07:37:58 --> Session: Class initialized using 'CodeIgniter\Session\Handlers\FileHandler' driver.
INFO - 2024-05-28 07:38:10 --> Session: Class initialized using 'CodeIgniter\Session\Handlers\FileHandler' driver.
INFO - 2024-05-28 07:39:23 --> Session: Class initialized using 'CodeIgniter\Session\Handlers\FileHandler' driver.
INFO - 2024-05-28 07:39:51 --> Session: Class initialized using 'CodeIgniter\Session\Handlers\FileHandler' driver.
INFO - 2024-05-28 07:43:36 --> Session: Class initialized using 'CodeIgniter\Session\Handlers\FileHandler' driver.
INFO - 2024-05-28 07:43:38 --> Session: Class initialized using 'CodeIgniter\Session\Handlers\FileHandler' driver.
INFO - 2024-05-28 07:56:58 --> Session: Class initialized using 'CodeIgniter\Session\Handlers\FileHandler' driver.
CRITICAL - 2024-05-28 07:56:58 --> Too few arguments to function App\Controllers\Member\MemberController::updateMemberName(), 1 passed in C:\xampp\htdocs\iaoi\iaoi_full\backend\system\CodeIgniter.php on line 932 and exactly 2 expected
in FCPATH\Module\Master\Controllers\Member\MemberController.php on line 72.
 1 SYSTEMPATH\CodeIgniter.php(932): App\Controllers\Member\MemberController->updateMemberName('$1,$judha,$judha')
 2 SYSTEMPATH\CodeIgniter.php(497): CodeIgniter\CodeIgniter->runController(Object(App\Controllers\Member\MemberController))
 3 SYSTEMPATH\CodeIgniter.php(366): CodeIgniter\CodeIgniter->handleRequest(null, Object(Config\Cache), false)
 4 FCPATH\index.php(101): CodeIgniter\CodeIgniter->run()
INFO - 2024-05-28 07:57:12 --> Session: Class initialized using 'CodeIgniter\Session\Handlers\FileHandler' driver.
CRITICAL - 2024-05-28 07:57:13 --> Too few arguments to function App\Controllers\Member\MemberController::updateMemberName(), 1 passed in C:\xampp\htdocs\iaoi\iaoi_full\backend\system\CodeIgniter.php on line 932 and exactly 2 expected
in FCPATH\Module\Master\Controllers\Member\MemberController.php on line 72.
 1 SYSTEMPATH\CodeIgniter.php(932): App\Controllers\Member\MemberController->updateMemberName('$1,$judha')
 2 SYSTEMPATH\CodeIgniter.php(497): CodeIgniter\CodeIgniter->runController(Object(App\Controllers\Member\MemberController))
 3 SYSTEMPATH\CodeIgniter.php(366): CodeIgniter\CodeIgniter->handleRequest(null, Object(Config\Cache), false)
 4 FCPATH\index.php(101): CodeIgniter\CodeIgniter->run()
INFO - 2024-05-28 07:57:29 --> Session: Class initialized using 'CodeIgniter\Session\Handlers\FileHandler' driver.
CRITICAL - 2024-05-28 07:57:29 --> Too few arguments to function App\Controllers\Member\MemberController::updateMemberName(), 1 passed in C:\xampp\htdocs\iaoi\iaoi_full\backend\system\CodeIgniter.php on line 932 and exactly 2 expected
in FCPATH\Module\Master\Controllers\Member\MemberController.php on line 72.
 1 SYSTEMPATH\CodeIgniter.php(932): App\Controllers\Member\MemberController->updateMemberName('$1,$newName')
 2 SYSTEMPATH\CodeIgniter.php(497): CodeIgniter\CodeIgniter->runController(Object(App\Controllers\Member\MemberController))
 3 SYSTEMPATH\CodeIgniter.php(366): CodeIgniter\CodeIgniter->handleRequest(null, Object(Config\Cache), false)
 4 FCPATH\index.php(101): CodeIgniter\CodeIgniter->run()
INFO - 2024-05-28 07:59:24 --> Session: Class initialized using 'CodeIgniter\Session\Handlers\FileHandler' driver.
CRITICAL - 2024-05-28 07:59:24 --> Too few arguments to function App\Controllers\Member\MemberController::updateMemberName(), 1 passed in C:\xampp\htdocs\iaoi\iaoi_full\backend\system\CodeIgniter.php on line 932 and exactly 2 expected
in FCPATH\Module\Master\Controllers\Member\MemberController.php on line 72.
 1 SYSTEMPATH\CodeIgniter.php(932): App\Controllers\Member\MemberController->updateMemberName('$1, $name, $name')
 2 SYSTEMPATH\CodeIgniter.php(497): CodeIgniter\CodeIgniter->runController(Object(App\Controllers\Member\MemberController))
 3 SYSTEMPATH\CodeIgniter.php(366): CodeIgniter\CodeIgniter->handleRequest(null, Object(Config\Cache), false)
 4 FCPATH\index.php(101): CodeIgniter\CodeIgniter->run()
INFO - 2024-05-28 08:54:19 --> Session: Class initialized using 'CodeIgniter\Session\Handlers\FileHandler' driver.
INFO - 2024-05-28 08:54:45 --> Session: Class initialized using 'CodeIgniter\Session\Handlers\FileHandler' driver.
INFO - 2024-05-28 08:55:45 --> Session: Class initialized using 'CodeIgniter\Session\Handlers\FileHandler' driver.
INFO - 2024-05-28 08:56:07 --> Session: Class initialized using 'CodeIgniter\Session\Handlers\FileHandler' driver.
INFO - 2024-05-28 08:56:13 --> Session: Class initialized using 'CodeIgniter\Session\Handlers\FileHandler' driver.
INFO - 2024-05-28 08:56:38 --> Session: Class initialized using 'CodeIgniter\Session\Handlers\FileHandler' driver.
INFO - 2024-05-28 08:56:42 --> Session: Class initialized using 'CodeIgniter\Session\Handlers\FileHandler' driver.
INFO - 2024-05-28 08:57:24 --> Session: Class initialized using 'CodeIgniter\Session\Handlers\FileHandler' driver.
CRITICAL - 2024-05-28 08:57:24 --> Too few arguments to function App\Controllers\Member\MemberController::updateMemberName(), 1 passed in C:\xampp\htdocs\iaoi\iaoi_full\backend\system\CodeIgniter.php on line 932 and exactly 2 expected
in FCPATH\Module\Master\Controllers\Member\MemberController.php on line 72.
 1 SYSTEMPATH\CodeIgniter.php(932): App\Controllers\Member\MemberController->updateMemberName('1, name, $name')
 2 SYSTEMPATH\CodeIgniter.php(497): CodeIgniter\CodeIgniter->runController(Object(App\Controllers\Member\MemberController))
 3 SYSTEMPATH\CodeIgniter.php(366): CodeIgniter\CodeIgniter->handleRequest(null, Object(Config\Cache), false)
 4 FCPATH\index.php(101): CodeIgniter\CodeIgniter->run()
INFO - 2024-05-28 08:57:48 --> Session: Class initialized using 'CodeIgniter\Session\Handlers\FileHandler' driver.
INFO - 2024-05-28 09:01:13 --> Session: Class initialized using 'CodeIgniter\Session\Handlers\FileHandler' driver.
CRITICAL - 2024-05-28 09:01:13 --> Too few arguments to function App\Controllers\Member\MemberController::updateMemberName(), 1 passed in C:\xampp\htdocs\iaoi\iaoi_full\backend\system\CodeIgniter.php on line 932 and exactly 2 expected
in FCPATH\Module\Master\Controllers\Member\MemberController.php on line 72.
 1 SYSTEMPATH\CodeIgniter.php(932): App\Controllers\Member\MemberController->updateMemberName('1, name, $name')
 2 SYSTEMPATH\CodeIgniter.php(497): CodeIgniter\CodeIgniter->runController(Object(App\Controllers\Member\MemberController))
 3 SYSTEMPATH\CodeIgniter.php(366): CodeIgniter\CodeIgniter->handleRequest(null, Object(Config\Cache), false)
 4 FCPATH\index.php(101): CodeIgniter\CodeIgniter->run()
INFO - 2024-05-28 09:01:30 --> Session: Class initialized using 'CodeIgniter\Session\Handlers\FileHandler' driver.
CRITICAL - 2024-05-28 09:01:30 --> Too few arguments to function App\Controllers\Member\MemberController::updateMemberName(), 1 passed in C:\xampp\htdocs\iaoi\iaoi_full\backend\system\CodeIgniter.php on line 932 and exactly 2 expected
in FCPATH\Module\Master\Controllers\Member\MemberController.php on line 72.
 1 SYSTEMPATH\CodeIgniter.php(932): App\Controllers\Member\MemberController->updateMemberName('1, $name')
 2 SYSTEMPATH\CodeIgniter.php(497): CodeIgniter\CodeIgniter->runController(Object(App\Controllers\Member\MemberController))
 3 SYSTEMPATH\CodeIgniter.php(366): CodeIgniter\CodeIgniter->handleRequest(null, Object(Config\Cache), false)
 4 FCPATH\index.php(101): CodeIgniter\CodeIgniter->run()
INFO - 2024-05-28 09:02:15 --> Session: Class initialized using 'CodeIgniter\Session\Handlers\FileHandler' driver.
INFO - 2024-05-28 09:02:52 --> Session: Class initialized using 'CodeIgniter\Session\Handlers\FileHandler' driver.
CRITICAL - 2024-05-28 09:02:52 --> Too few arguments to function App\Controllers\Member\MemberController::updateMemberName(), 1 passed in C:\xampp\htdocs\iaoi\iaoi_full\backend\system\CodeIgniter.php on line 932 and exactly 2 expected
in FCPATH\Module\Master\Controllers\Member\MemberController.php on line 72.
 1 SYSTEMPATH\CodeIgniter.php(932): App\Controllers\Member\MemberController->updateMemberName('1, name, $name')
 2 SYSTEMPATH\CodeIgniter.php(497): CodeIgniter\CodeIgniter->runController(Object(App\Controllers\Member\MemberController))
 3 SYSTEMPATH\CodeIgniter.php(366): CodeIgniter\CodeIgniter->handleRequest(null, Object(Config\Cache), false)
 4 FCPATH\index.php(101): CodeIgniter\CodeIgniter->run()
INFO - 2024-05-28 09:05:34 --> Session: Class initialized using 'CodeIgniter\Session\Handlers\FileHandler' driver.
CRITICAL - 2024-05-28 09:05:34 --> Too few arguments to function App\Controllers\Member\MemberController::updateMemberName(), 1 passed in C:\xampp\htdocs\iaoi\iaoi_full\backend\system\CodeIgniter.php on line 932 and exactly 2 expected
in FCPATH\Module\Master\Controllers\Member\MemberController.php on line 72.
 1 SYSTEMPATH\CodeIgniter.php(932): App\Controllers\Member\MemberController->updateMemberName('1')
 2 SYSTEMPATH\CodeIgniter.php(497): CodeIgniter\CodeIgniter->runController(Object(App\Controllers\Member\MemberController))
 3 SYSTEMPATH\CodeIgniter.php(366): CodeIgniter\CodeIgniter->handleRequest(null, Object(Config\Cache), false)
 4 FCPATH\index.php(101): CodeIgniter\CodeIgniter->run()
INFO - 2024-05-28 09:08:28 --> Session: Class initialized using 'CodeIgniter\Session\Handlers\FileHandler' driver.
INFO - 2024-05-28 09:18:32 --> Session: Class initialized using 'CodeIgniter\Session\Handlers\FileHandler' driver.
CRITICAL - 2024-05-28 09:18:32 --> Too few arguments to function App\Controllers\Member\MemberController::updateMemberName(), 1 passed in C:\xampp\htdocs\iaoi\iaoi_full\backend\system\CodeIgniter.php on line 932 and exactly 3 expected
in FCPATH\Module\Master\Controllers\Member\MemberController.php on line 72.
 1 SYSTEMPATH\CodeIgniter.php(932): App\Controllers\Member\MemberController->updateMemberName('1')
 2 SYSTEMPATH\CodeIgniter.php(497): CodeIgniter\CodeIgniter->runController(Object(App\Controllers\Member\MemberController))
 3 SYSTEMPATH\CodeIgniter.php(366): CodeIgniter\CodeIgniter->handleRequest(null, Object(Config\Cache), false)
 4 FCPATH\index.php(101): CodeIgniter\CodeIgniter->run()
INFO - 2024-05-28 09:18:42 --> Session: Class initialized using 'CodeIgniter\Session\Handlers\FileHandler' driver.
CRITICAL - 2024-05-28 09:18:42 --> Too few arguments to function App\Controllers\Member\MemberController::updateMemberName(), 1 passed in C:\xampp\htdocs\iaoi\iaoi_full\backend\system\CodeIgniter.php on line 932 and exactly 3 expected
in FCPATH\Module\Master\Controllers\Member\MemberController.php on line 72.
 1 SYSTEMPATH\CodeIgniter.php(932): App\Controllers\Member\MemberController->updateMemberName('1,null')
 2 SYSTEMPATH\CodeIgniter.php(497): CodeIgniter\CodeIgniter->runController(Object(App\Controllers\Member\MemberController))
 3 SYSTEMPATH\CodeIgniter.php(366): CodeIgniter\CodeIgniter->handleRequest(null, Object(Config\Cache), false)
 4 FCPATH\index.php(101): CodeIgniter\CodeIgniter->run()
INFO - 2024-05-28 09:27:16 --> Session: Class initialized using 'CodeIgniter\Session\Handlers\FileHandler' driver.
CRITICAL - 2024-05-28 09:27:16 --> Too few arguments to function App\Controllers\Member\MemberController::updateMemberName(), 1 passed in C:\xampp\htdocs\iaoi\iaoi_full\backend\system\CodeIgniter.php on line 932 and exactly 3 expected
in FCPATH\Module\Master\Controllers\Member\MemberController.php on line 72.
 1 SYSTEMPATH\CodeIgniter.php(932): App\Controllers\Member\MemberController->updateMemberName('1')
 2 SYSTEMPATH\CodeIgniter.php(497): CodeIgniter\CodeIgniter->runController(Object(App\Controllers\Member\MemberController))
 3 SYSTEMPATH\CodeIgniter.php(366): CodeIgniter\CodeIgniter->handleRequest(null, Object(Config\Cache), false)
 4 FCPATH\index.php(101): CodeIgniter\CodeIgniter->run()
INFO - 2024-05-28 10:33:44 --> Session: Class initialized using 'CodeIgniter\Session\Handlers\FileHandler' driver.
INFO - 2024-05-28 10:36:47 --> Session: Class initialized using 'CodeIgniter\Session\Handlers\FileHandler' driver.
INFO - 2024-05-28 10:58:52 --> Session: Class initialized using 'CodeIgniter\Session\Handlers\FileHandler' driver.
INFO - 2024-05-28 10:58:57 --> Session: Class initialized using 'CodeIgniter\Session\Handlers\FileHandler' driver.
INFO - 2024-05-28 11:00:29 --> Session: Class initialized using 'CodeIgniter\Session\Handlers\FileHandler' driver.
INFO - 2024-05-28 11:00:35 --> Session: Class initialized using 'CodeIgniter\Session\Handlers\FileHandler' driver.
INFO - 2024-05-28 11:00:36 --> Session: Class initialized using 'CodeIgniter\Session\Handlers\FileHandler' driver.
INFO - 2024-05-28 11:00:43 --> Session: Class initialized using 'CodeIgniter\Session\Handlers\FileHandler' driver.
INFO - 2024-05-28 11:00:53 --> Session: Class initialized using 'CodeIgniter\Session\Handlers\FileHandler' driver.
INFO - 2024-05-28 11:00:57 --> Session: Class initialized using 'CodeIgniter\Session\Handlers\FileHandler' driver.
INFO - 2024-05-28 11:01:02 --> Session: Class initialized using 'CodeIgniter\Session\Handlers\FileHandler' driver.
INFO - 2024-05-28 11:01:09 --> Session: Class initialized using 'CodeIgniter\Session\Handlers\FileHandler' driver.
INFO - 2024-05-28 11:01:11 --> Session: Class initialized using 'CodeIgniter\Session\Handlers\FileHandler' driver.
INFO - 2024-05-28 11:01:14 --> Session: Class initialized using 'CodeIgniter\Session\Handlers\FileHandler' driver.
INFO - 2024-05-28 11:01:17 --> Session: Class initialized using 'CodeIgniter\Session\Handlers\FileHandler' driver.
INFO - 2024-05-28 11:01:18 --> Session: Class initialized using 'CodeIgniter\Session\Handlers\FileHandler' driver.
INFO - 2024-05-28 11:01:22 --> Session: Class initialized using 'CodeIgniter\Session\Handlers\FileHandler' driver.
INFO - 2024-05-28 11:01:28 --> Session: Class initialized using 'CodeIgniter\Session\Handlers\FileHandler' driver.
INFO - 2024-05-28 11:01:32 --> Session: Class initialized using 'CodeIgniter\Session\Handlers\FileHandler' driver.
INFO - 2024-05-28 11:03:00 --> Session: Class initialized using 'CodeIgniter\Session\Handlers\FileHandler' driver.
INFO - 2024-05-28 11:03:02 --> Session: Class initialized using 'CodeIgniter\Session\Handlers\FileHandler' driver.
INFO - 2024-05-28 11:03:27 --> Session: Class initialized using 'CodeIgniter\Session\Handlers\FileHandler' driver.
INFO - 2024-05-28 11:18:19 --> Session: Class initialized using 'CodeIgniter\Session\Handlers\FileHandler' driver.
