INFO - 2024-06-12 04:29:41 --> Session: Class initialized using 'CodeIgniter\Session\Handlers\FileHandler' driver.
INFO - 2024-06-12 04:29:49 --> Session: Class initialized using 'CodeIgniter\Session\Handlers\FileHandler' driver.
INFO - 2024-06-12 04:29:52 --> Session: Class initialized using 'CodeIgniter\Session\Handlers\FileHandler' driver.
INFO - 2024-06-12 04:29:56 --> Session: Class initialized using 'CodeIgniter\Session\Handlers\FileHandler' driver.
INFO - 2024-06-12 04:30:01 --> Session: Class initialized using 'CodeIgniter\Session\Handlers\FileHandler' driver.
INFO - 2024-06-12 04:30:08 --> Session: Class initialized using 'CodeIgniter\Session\Handlers\FileHandler' driver.
INFO - 2024-06-12 04:30:29 --> Session: Class initialized using 'CodeIgniter\Session\Handlers\FileHandler' driver.
INFO - 2024-06-12 04:33:00 --> Session: Class initialized using 'CodeIgniter\Session\Handlers\FileHandler' driver.
INFO - 2024-06-12 04:36:04 --> Session: Class initialized using 'CodeIgniter\Session\Handlers\FileHandler' driver.
INFO - 2024-06-12 04:37:32 --> Session: Class initialized using 'CodeIgniter\Session\Handlers\FileHandler' driver.
INFO - 2024-06-12 04:38:08 --> Session: Class initialized using 'CodeIgniter\Session\Handlers\FileHandler' driver.
INFO - 2024-06-12 04:45:30 --> Session: Class initialized using 'CodeIgniter\Session\Handlers\FileHandler' driver.
INFO - 2024-06-12 04:46:12 --> Session: Class initialized using 'CodeIgniter\Session\Handlers\FileHandler' driver.
INFO - 2024-06-12 04:47:46 --> Session: Class initialized using 'CodeIgniter\Session\Handlers\FileHandler' driver.
INFO - 2024-06-12 04:48:23 --> Session: Class initialized using 'CodeIgniter\Session\Handlers\FileHandler' driver.
INFO - 2024-06-12 05:13:46 --> Session: Class initialized using 'CodeIgniter\Session\Handlers\FileHandler' driver.
INFO - 2024-06-12 05:15:35 --> Session: Class initialized using 'CodeIgniter\Session\Handlers\FileHandler' driver.
INFO - 2024-06-12 05:30:02 --> Session: Class initialized using 'CodeIgniter\Session\Handlers\FileHandler' driver.
INFO - 2024-06-12 05:31:02 --> Session: Class initialized using 'CodeIgniter\Session\Handlers\FileHandler' driver.
INFO - 2024-06-12 05:34:06 --> Session: Class initialized using 'CodeIgniter\Session\Handlers\FileHandler' driver.
INFO - 2024-06-12 05:36:59 --> Session: Class initialized using 'CodeIgniter\Session\Handlers\FileHandler' driver.
INFO - 2024-06-12 05:37:54 --> Session: Class initialized using 'CodeIgniter\Session\Handlers\FileHandler' driver.
INFO - 2024-06-12 05:39:09 --> Session: Class initialized using 'CodeIgniter\Session\Handlers\FileHandler' driver.
INFO - 2024-06-12 05:49:15 --> Session: Class initialized using 'CodeIgniter\Session\Handlers\FileHandler' driver.
INFO - 2024-06-12 05:50:37 --> Session: Class initialized using 'CodeIgniter\Session\Handlers\FileHandler' driver.
INFO - 2024-06-12 05:51:10 --> Session: Class initialized using 'CodeIgniter\Session\Handlers\FileHandler' driver.
INFO - 2024-06-12 05:54:01 --> Session: Class initialized using 'CodeIgniter\Session\Handlers\FileHandler' driver.
INFO - 2024-06-12 06:11:31 --> Session: Class initialized using 'CodeIgniter\Session\Handlers\FileHandler' driver.
INFO - 2024-06-12 06:14:20 --> Session: Class initialized using 'CodeIgniter\Session\Handlers\FileHandler' driver.
INFO - 2024-06-12 06:14:48 --> Session: Class initialized using 'CodeIgniter\Session\Handlers\FileHandler' driver.
INFO - 2024-06-12 06:30:29 --> Session: Class initialized using 'CodeIgniter\Session\Handlers\FileHandler' driver.
INFO - 2024-06-12 06:38:04 --> Session: Class initialized using 'CodeIgniter\Session\Handlers\FileHandler' driver.
INFO - 2024-06-12 06:38:34 --> Session: Class initialized using 'CodeIgniter\Session\Handlers\FileHandler' driver.
INFO - 2024-06-12 06:41:52 --> Session: Class initialized using 'CodeIgniter\Session\Handlers\FileHandler' driver.
INFO - 2024-06-12 06:42:20 --> Session: Class initialized using 'CodeIgniter\Session\Handlers\FileHandler' driver.
INFO - 2024-06-12 06:44:06 --> Session: Class initialized using 'CodeIgniter\Session\Handlers\FileHandler' driver.
INFO - 2024-06-12 07:08:57 --> Session: Class initialized using 'CodeIgniter\Session\Handlers\FileHandler' driver.
INFO - 2024-06-12 07:10:22 --> Session: Class initialized using 'CodeIgniter\Session\Handlers\FileHandler' driver.
INFO - 2024-06-12 07:31:05 --> Session: Class initialized using 'CodeIgniter\Session\Handlers\FileHandler' driver.
INFO - 2024-06-12 07:31:37 --> Session: Class initialized using 'CodeIgniter\Session\Handlers\FileHandler' driver.
INFO - 2024-06-12 07:32:49 --> Session: Class initialized using 'CodeIgniter\Session\Handlers\FileHandler' driver.
INFO - 2024-06-12 07:33:15 --> Session: Class initialized using 'CodeIgniter\Session\Handlers\FileHandler' driver.
INFO - 2024-06-12 07:35:58 --> Session: Class initialized using 'CodeIgniter\Session\Handlers\FileHandler' driver.
INFO - 2024-06-12 07:37:12 --> Session: Class initialized using 'CodeIgniter\Session\Handlers\FileHandler' driver.
INFO - 2024-06-12 07:37:15 --> Session: Class initialized using 'CodeIgniter\Session\Handlers\FileHandler' driver.
INFO - 2024-06-12 07:58:23 --> Session: Class initialized using 'CodeIgniter\Session\Handlers\FileHandler' driver.
INFO - 2024-06-12 07:58:56 --> Session: Class initialized using 'CodeIgniter\Session\Handlers\FileHandler' driver.
INFO - 2024-06-12 08:02:12 --> Session: Class initialized using 'CodeIgniter\Session\Handlers\FileHandler' driver.
INFO - 2024-06-12 08:02:46 --> Session: Class initialized using 'CodeIgniter\Session\Handlers\FileHandler' driver.
INFO - 2024-06-12 08:05:52 --> Session: Class initialized using 'CodeIgniter\Session\Handlers\FileHandler' driver.
INFO - 2024-06-12 08:06:35 --> Session: Class initialized using 'CodeIgniter\Session\Handlers\FileHandler' driver.
INFO - 2024-06-12 08:18:18 --> Session: Class initialized using 'CodeIgniter\Session\Handlers\FileHandler' driver.
INFO - 2024-06-12 08:59:57 --> Session: Class initialized using 'CodeIgniter\Session\Handlers\FileHandler' driver.
INFO - 2024-06-12 08:59:57 --> Session: Class initialized using 'CodeIgniter\Session\Handlers\FileHandler' driver.
INFO - 2024-06-12 09:02:29 --> Session: Class initialized using 'CodeIgniter\Session\Handlers\FileHandler' driver.
INFO - 2024-06-12 09:03:49 --> Session: Class initialized using 'CodeIgniter\Session\Handlers\FileHandler' driver.
INFO - 2024-06-12 09:05:16 --> Session: Class initialized using 'CodeIgniter\Session\Handlers\FileHandler' driver.
INFO - 2024-06-12 09:05:51 --> Session: Class initialized using 'CodeIgniter\Session\Handlers\FileHandler' driver.
INFO - 2024-06-12 09:14:29 --> Session: Class initialized using 'CodeIgniter\Session\Handlers\FileHandler' driver.
INFO - 2024-06-12 09:17:47 --> Session: Class initialized using 'CodeIgniter\Session\Handlers\FileHandler' driver.
INFO - 2024-06-12 09:39:25 --> Session: Class initialized using 'CodeIgniter\Session\Handlers\FileHandler' driver.
CRITICAL - 2024-06-12 09:39:25 --> Attempt to read property "rows" on int
in APPPATH\Infrastructure\Persistence\DMLPersistence.php on line 381.
 1 APPPATH\Infrastructure\Persistence\DMLPersistence.php(381): CodeIgniter\Debug\Exceptions->errorHandler(2, 'Attempt to read property "rows" on int', 'C:\\xampp\\htdocs\\iaoi\\iaoi_full\\backend\\app\\Infrastructure\\Persistence\\DMLPersistence.php', 381)
 2 APPPATH\Infrastructure\Persistence\DMLPersistence.php(73): App\Infrastructure\Persistence\Member\SQLMemberRepository->paginationQuery(1, [])
 3 APPPATH\Controllers\DMLController.php(13): App\Infrastructure\Persistence\Member\SQLMemberRepository->findAllPagination(1, true)
 4 SYSTEMPATH\CodeIgniter.php(932): App\Controllers\Member\MemberController->getList('1')
 5 SYSTEMPATH\CodeIgniter.php(497): CodeIgniter\CodeIgniter->runController(Object(App\Controllers\Member\MemberController))
 6 SYSTEMPATH\CodeIgniter.php(366): CodeIgniter\CodeIgniter->handleRequest(null, Object(Config\Cache), false)
 7 FCPATH\index.php(101): CodeIgniter\CodeIgniter->run()
INFO - 2024-06-12 09:39:35 --> Session: Class initialized using 'CodeIgniter\Session\Handlers\FileHandler' driver.
CRITICAL - 2024-06-12 09:39:35 --> Attempt to read property "rows" on int
in APPPATH\Infrastructure\Persistence\DMLPersistence.php on line 381.
 1 APPPATH\Infrastructure\Persistence\DMLPersistence.php(381): CodeIgniter\Debug\Exceptions->errorHandler(2, 'Attempt to read property "rows" on int', 'C:\\xampp\\htdocs\\iaoi\\iaoi_full\\backend\\app\\Infrastructure\\Persistence\\DMLPersistence.php', 381)
 2 APPPATH\Infrastructure\Persistence\DMLPersistence.php(73): App\Infrastructure\Persistence\Member\SQLMemberRepository->paginationQuery(2, [])
 3 APPPATH\Controllers\DMLController.php(13): App\Infrastructure\Persistence\Member\SQLMemberRepository->findAllPagination(2, true)
 4 SYSTEMPATH\CodeIgniter.php(932): App\Controllers\Member\MemberController->getList('2')
 5 SYSTEMPATH\CodeIgniter.php(497): CodeIgniter\CodeIgniter->runController(Object(App\Controllers\Member\MemberController))
 6 SYSTEMPATH\CodeIgniter.php(366): CodeIgniter\CodeIgniter->handleRequest(null, Object(Config\Cache), false)
 7 FCPATH\index.php(101): CodeIgniter\CodeIgniter->run()
INFO - 2024-06-12 09:40:28 --> Session: Class initialized using 'CodeIgniter\Session\Handlers\FileHandler' driver.
INFO - 2024-06-12 09:40:35 --> Session: Class initialized using 'CodeIgniter\Session\Handlers\FileHandler' driver.
INFO - 2024-06-12 09:40:50 --> Session: Class initialized using 'CodeIgniter\Session\Handlers\FileHandler' driver.
INFO - 2024-06-12 09:43:04 --> Session: Class initialized using 'CodeIgniter\Session\Handlers\FileHandler' driver.
INFO - 2024-06-12 09:47:58 --> Session: Class initialized using 'CodeIgniter\Session\Handlers\FileHandler' driver.
INFO - 2024-06-12 09:48:58 --> Session: Class initialized using 'CodeIgniter\Session\Handlers\FileHandler' driver.
INFO - 2024-06-12 09:54:05 --> Session: Class initialized using 'CodeIgniter\Session\Handlers\FileHandler' driver.
INFO - 2024-06-12 09:58:07 --> Session: Class initialized using 'CodeIgniter\Session\Handlers\FileHandler' driver.
INFO - 2024-06-12 09:58:10 --> Session: Class initialized using 'CodeIgniter\Session\Handlers\FileHandler' driver.
INFO - 2024-06-12 09:58:13 --> Session: Class initialized using 'CodeIgniter\Session\Handlers\FileHandler' driver.
INFO - 2024-06-12 09:58:53 --> Session: Class initialized using 'CodeIgniter\Session\Handlers\FileHandler' driver.
INFO - 2024-06-12 09:59:04 --> Session: Class initialized using 'CodeIgniter\Session\Handlers\FileHandler' driver.
INFO - 2024-06-12 09:59:25 --> Session: Class initialized using 'CodeIgniter\Session\Handlers\FileHandler' driver.
INFO - 2024-06-12 10:00:13 --> Session: Class initialized using 'CodeIgniter\Session\Handlers\FileHandler' driver.
INFO - 2024-06-12 10:00:54 --> Session: Class initialized using 'CodeIgniter\Session\Handlers\FileHandler' driver.
INFO - 2024-06-12 10:01:34 --> Session: Class initialized using 'CodeIgniter\Session\Handlers\FileHandler' driver.
INFO - 2024-06-12 10:03:19 --> Session: Class initialized using 'CodeIgniter\Session\Handlers\FileHandler' driver.
INFO - 2024-06-12 10:05:02 --> Session: Class initialized using 'CodeIgniter\Session\Handlers\FileHandler' driver.
INFO - 2024-06-12 10:10:09 --> Session: Class initialized using 'CodeIgniter\Session\Handlers\FileHandler' driver.
INFO - 2024-06-12 10:10:21 --> Session: Class initialized using 'CodeIgniter\Session\Handlers\FileHandler' driver.
INFO - 2024-06-12 10:17:13 --> Session: Class initialized using 'CodeIgniter\Session\Handlers\FileHandler' driver.
ERROR - 2024-06-12 10:17:13 --> mysqli_sql_exception: Duplicate entry 'da@gmail.com' for key 'email_id_unique' in C:\xampp\htdocs\iaoi\iaoi_full\backend\system\Database\MySQLi\Connection.php:295
Stack trace:
#0 C:\xampp\htdocs\iaoi\iaoi_full\backend\system\Database\MySQLi\Connection.php(295): mysqli->query('INSERT INTO `me...', 0)
#1 C:\xampp\htdocs\iaoi\iaoi_full\backend\system\Database\BaseConnection.php(692): CodeIgniter\Database\MySQLi\Connection->execute('INSERT INTO `me...')
#2 C:\xampp\htdocs\iaoi\iaoi_full\backend\system\Database\BaseConnection.php(606): CodeIgniter\Database\BaseConnection->simpleQuery('INSERT INTO `me...')
#3 C:\xampp\htdocs\iaoi\iaoi_full\backend\system\Database\BaseBuilder.php(2308): CodeIgniter\Database\BaseConnection->query('INSERT INTO `me...', Array, false)
#4 C:\xampp\htdocs\iaoi\iaoi_full\backend\system\Model.php(330): CodeIgniter\Database\BaseBuilder->insert()
#5 C:\xampp\htdocs\iaoi\iaoi_full\backend\system\BaseModel.php(782): CodeIgniter\Model->doInsert(Array)
#6 C:\xampp\htdocs\iaoi\iaoi_full\backend\system\Model.php(730): CodeIgniter\BaseModel->insert(Array, true)
#7 C:\xampp\htdocs\iaoi\iaoi_full\backend\app\Infrastructure\Persistence\DMLPersistence.php(66): CodeIgniter\Model->insert(Object(App\Domain\Member\Member_request))
#8 C:\xampp\htdocs\iaoi\iaoi_full\backend\Module\Master\Controllers\Member\Member_requestController.php(31): App\Infrastructure\Persistence\Member\SQLMember_requestRepository->insert(Object(App\Domain\Member\Member_request))
#9 C:\xampp\htdocs\iaoi\iaoi_full\backend\system\CodeIgniter.php(932): App\Controllers\Member\Member_requestController->memberSave()
#10 C:\xampp\htdocs\iaoi\iaoi_full\backend\system\CodeIgniter.php(497): CodeIgniter\CodeIgniter->runController(Object(App\Controllers\Member\Member_requestController))
#11 C:\xampp\htdocs\iaoi\iaoi_full\backend\system\CodeIgniter.php(366): CodeIgniter\CodeIgniter->handleRequest(NULL, Object(Config\Cache), false)
#12 C:\xampp\htdocs\iaoi\iaoi_full\backend\index.php(101): CodeIgniter\CodeIgniter->run()
#13 {main}
CRITICAL - 2024-06-12 10:17:13 --> Duplicate entry 'da@gmail.com' for key 'email_id_unique'
in SYSTEMPATH\Database\MySQLi\Connection.php on line 295.
 1 SYSTEMPATH\Database\MySQLi\Connection.php(295): mysqli->query('INSERT INTO `member_request` (`first_name`, `last_name`, `email_id`, `address`, `country`, `state`, `city`, `pincode`, `field`, `reg_no`, `dob`, `college_name`, `mobile_no`, `status`, `created_at`, `updated_at`) VALUES (\'judha\', \'francis\', \'da@gmail.com\', \'rdrwqFC\', \'vrev\', \'vrev\', \'gfv\', \'13142\', \'student\', \'21345\', \'2024-06-07\', \'ponjesly\', \'6381108620\', 2, \'2024-06-12 10:17:13\', \'2024-06-12 10:17:13\')', 0)
 2 SYSTEMPATH\Database\BaseConnection.php(692): CodeIgniter\Database\MySQLi\Connection->execute('INSERT INTO `member_request` (`first_name`, `last_name`, `email_id`, `address`, `country`, `state`, `city`, `pincode`, `field`, `reg_no`, `dob`, `college_name`, `mobile_no`, `status`, `created_at`, `updated_at`) VALUES (\'judha\', \'francis\', \'da@gmail.com\', \'rdrwqFC\', \'vrev\', \'vrev\', \'gfv\', \'13142\', \'student\', \'21345\', \'2024-06-07\', \'ponjesly\', \'6381108620\', 2, \'2024-06-12 10:17:13\', \'2024-06-12 10:17:13\')')
 3 SYSTEMPATH\Database\BaseConnection.php(606): CodeIgniter\Database\BaseConnection->simpleQuery('INSERT INTO `member_request` (`first_name`, `last_name`, `email_id`, `address`, `country`, `state`, `city`, `pincode`, `field`, `reg_no`, `dob`, `college_name`, `mobile_no`, `status`, `created_at`, `updated_at`) VALUES (\'judha\', \'francis\', \'da@gmail.com\', \'rdrwqFC\', \'vrev\', \'vrev\', \'gfv\', \'13142\', \'student\', \'21345\', \'2024-06-07\', \'ponjesly\', \'6381108620\', 2, \'2024-06-12 10:17:13\', \'2024-06-12 10:17:13\')')
 4 SYSTEMPATH\Database\BaseBuilder.php(2308): CodeIgniter\Database\BaseConnection->query('INSERT INTO `member_request` (`first_name`, `last_name`, `email_id`, `address`, `country`, `state`, `city`, `pincode`, `field`, `reg_no`, `dob`, `college_name`, `mobile_no`, `status`, `created_at`, `updated_at`) VALUES (:first_name:, :last_name:, :email_id:, :address:, :country:, :state:, :city:, :pincode:, :field:, :reg_no:, :dob:, :college_name:, :mobile_no:, :status:, :created_at:, :updated_at:)', [...], false)
 5 SYSTEMPATH\Model.php(330): CodeIgniter\Database\BaseBuilder->insert()
 6 SYSTEMPATH\BaseModel.php(782): CodeIgniter\Model->doInsert([...])
 7 SYSTEMPATH\Model.php(730): CodeIgniter\BaseModel->insert([...], true)
 8 APPPATH\Infrastructure\Persistence\DMLPersistence.php(66): CodeIgniter\Model->insert(Object(App\Domain\Member\Member_request))
 9 FCPATH\Module\Master\Controllers\Member\Member_requestController.php(31): App\Infrastructure\Persistence\Member\SQLMember_requestRepository->insert(Object(App\Domain\Member\Member_request))
10 SYSTEMPATH\CodeIgniter.php(932): App\Controllers\Member\Member_requestController->memberSave()
11 SYSTEMPATH\CodeIgniter.php(497): CodeIgniter\CodeIgniter->runController(Object(App\Controllers\Member\Member_requestController))
12 SYSTEMPATH\CodeIgniter.php(366): CodeIgniter\CodeIgniter->handleRequest(null, Object(Config\Cache), false)
13 FCPATH\index.php(101): CodeIgniter\CodeIgniter->run()
INFO - 2024-06-12 10:20:02 --> Session: Class initialized using 'CodeIgniter\Session\Handlers\FileHandler' driver.
INFO - 2024-06-12 10:22:49 --> Session: Class initialized using 'CodeIgniter\Session\Handlers\FileHandler' driver.
INFO - 2024-06-12 10:24:11 --> Session: Class initialized using 'CodeIgniter\Session\Handlers\FileHandler' driver.
INFO - 2024-06-12 10:29:57 --> Session: Class initialized using 'CodeIgniter\Session\Handlers\FileHandler' driver.
INFO - 2024-06-12 10:30:01 --> Session: Class initialized using 'CodeIgniter\Session\Handlers\FileHandler' driver.
INFO - 2024-06-12 11:21:45 --> Session: Class initialized using 'CodeIgniter\Session\Handlers\FileHandler' driver.
INFO - 2024-06-12 11:24:35 --> Session: Class initialized using 'CodeIgniter\Session\Handlers\FileHandler' driver.
INFO - 2024-06-12 11:24:41 --> Session: Class initialized using 'CodeIgniter\Session\Handlers\FileHandler' driver.
INFO - 2024-06-12 11:25:23 --> Session: Class initialized using 'CodeIgniter\Session\Handlers\FileHandler' driver.
INFO - 2024-06-12 11:31:07 --> Session: Class initialized using 'CodeIgniter\Session\Handlers\FileHandler' driver.
INFO - 2024-06-12 11:34:08 --> Session: Class initialized using 'CodeIgniter\Session\Handlers\FileHandler' driver.
INFO - 2024-06-12 11:35:56 --> Session: Class initialized using 'CodeIgniter\Session\Handlers\FileHandler' driver.
CRITICAL - 2024-06-12 11:35:56 --> Undefined array key "transaction_ref"
in FCPATH\Module\Master\Controllers\Member\Member_requestController.php on line 33.
 1 FCPATH\Module\Master\Controllers\Member\Member_requestController.php(33): CodeIgniter\Debug\Exceptions->errorHandler(2, 'Undefined array key "transaction_ref"', 'C:\\xampp\\htdocs\\iaoi\\iaoi_full\\backend\\Module\\Master\\Controllers\\Member\\Member_requestController.php', 33)
 2 SYSTEMPATH\CodeIgniter.php(932): App\Controllers\Member\Member_requestController->memberSave()
 3 SYSTEMPATH\CodeIgniter.php(497): CodeIgniter\CodeIgniter->runController(Object(App\Controllers\Member\Member_requestController))
 4 SYSTEMPATH\CodeIgniter.php(366): CodeIgniter\CodeIgniter->handleRequest(null, Object(Config\Cache), false)
 5 FCPATH\index.php(101): CodeIgniter\CodeIgniter->run()
INFO - 2024-06-12 11:37:49 --> Session: Class initialized using 'CodeIgniter\Session\Handlers\FileHandler' driver.
ERROR - 2024-06-12 11:37:49 --> mysqli_sql_exception: Duplicate entry 'j@gmail.com' for key 'email_id_unique' in C:\xampp\htdocs\iaoi\iaoi_full\backend\system\Database\MySQLi\Connection.php:295
Stack trace:
#0 C:\xampp\htdocs\iaoi\iaoi_full\backend\system\Database\MySQLi\Connection.php(295): mysqli->query('INSERT INTO `me...', 0)
#1 C:\xampp\htdocs\iaoi\iaoi_full\backend\system\Database\BaseConnection.php(692): CodeIgniter\Database\MySQLi\Connection->execute('INSERT INTO `me...')
#2 C:\xampp\htdocs\iaoi\iaoi_full\backend\system\Database\BaseConnection.php(606): CodeIgniter\Database\BaseConnection->simpleQuery('INSERT INTO `me...')
#3 C:\xampp\htdocs\iaoi\iaoi_full\backend\system\Database\BaseBuilder.php(2308): CodeIgniter\Database\BaseConnection->query('INSERT INTO `me...', Array, false)
#4 C:\xampp\htdocs\iaoi\iaoi_full\backend\system\Model.php(330): CodeIgniter\Database\BaseBuilder->insert()
#5 C:\xampp\htdocs\iaoi\iaoi_full\backend\system\BaseModel.php(782): CodeIgniter\Model->doInsert(Array)
#6 C:\xampp\htdocs\iaoi\iaoi_full\backend\system\Model.php(730): CodeIgniter\BaseModel->insert(Array, true)
#7 C:\xampp\htdocs\iaoi\iaoi_full\backend\app\Infrastructure\Persistence\DMLPersistence.php(66): CodeIgniter\Model->insert(Object(App\Domain\Member\Member_request))
#8 C:\xampp\htdocs\iaoi\iaoi_full\backend\Module\Master\Controllers\Member\Member_requestController.php(31): App\Infrastructure\Persistence\Member\SQLMember_requestRepository->insert(Object(App\Domain\Member\Member_request))
#9 C:\xampp\htdocs\iaoi\iaoi_full\backend\system\CodeIgniter.php(932): App\Controllers\Member\Member_requestController->memberSave()
#10 C:\xampp\htdocs\iaoi\iaoi_full\backend\system\CodeIgniter.php(497): CodeIgniter\CodeIgniter->runController(Object(App\Controllers\Member\Member_requestController))
#11 C:\xampp\htdocs\iaoi\iaoi_full\backend\system\CodeIgniter.php(366): CodeIgniter\CodeIgniter->handleRequest(NULL, Object(Config\Cache), false)
#12 C:\xampp\htdocs\iaoi\iaoi_full\backend\index.php(101): CodeIgniter\CodeIgniter->run()
#13 {main}
CRITICAL - 2024-06-12 11:37:49 --> Duplicate entry 'j@gmail.com' for key 'email_id_unique'
in SYSTEMPATH\Database\MySQLi\Connection.php on line 295.
 1 SYSTEMPATH\Database\MySQLi\Connection.php(295): mysqli->query('INSERT INTO `member_request` (`first_name`, `last_name`, `email_id`, `address`, `country`, `state`, `city`, `pincode`, `field`, `reg_no`, `dob`, `college_name`, `mobile_no`, `status`, `created_at`, `updated_at`) VALUES (\'judha\', \'francis\', \'j@gmail.com\', \'rdrwqFC\', \'vrev\', \'vrev\', \'gfv\', \'13142\', \'student\', \'21345\', \'2024-06-07\', \'ponjesly\', \'6381108620\', 2, \'2024-06-12 11:37:49\', \'2024-06-12 11:37:49\')', 0)
 2 SYSTEMPATH\Database\BaseConnection.php(692): CodeIgniter\Database\MySQLi\Connection->execute('INSERT INTO `member_request` (`first_name`, `last_name`, `email_id`, `address`, `country`, `state`, `city`, `pincode`, `field`, `reg_no`, `dob`, `college_name`, `mobile_no`, `status`, `created_at`, `updated_at`) VALUES (\'judha\', \'francis\', \'j@gmail.com\', \'rdrwqFC\', \'vrev\', \'vrev\', \'gfv\', \'13142\', \'student\', \'21345\', \'2024-06-07\', \'ponjesly\', \'6381108620\', 2, \'2024-06-12 11:37:49\', \'2024-06-12 11:37:49\')')
 3 SYSTEMPATH\Database\BaseConnection.php(606): CodeIgniter\Database\BaseConnection->simpleQuery('INSERT INTO `member_request` (`first_name`, `last_name`, `email_id`, `address`, `country`, `state`, `city`, `pincode`, `field`, `reg_no`, `dob`, `college_name`, `mobile_no`, `status`, `created_at`, `updated_at`) VALUES (\'judha\', \'francis\', \'j@gmail.com\', \'rdrwqFC\', \'vrev\', \'vrev\', \'gfv\', \'13142\', \'student\', \'21345\', \'2024-06-07\', \'ponjesly\', \'6381108620\', 2, \'2024-06-12 11:37:49\', \'2024-06-12 11:37:49\')')
 4 SYSTEMPATH\Database\BaseBuilder.php(2308): CodeIgniter\Database\BaseConnection->query('INSERT INTO `member_request` (`first_name`, `last_name`, `email_id`, `address`, `country`, `state`, `city`, `pincode`, `field`, `reg_no`, `dob`, `college_name`, `mobile_no`, `status`, `created_at`, `updated_at`) VALUES (:first_name:, :last_name:, :email_id:, :address:, :country:, :state:, :city:, :pincode:, :field:, :reg_no:, :dob:, :college_name:, :mobile_no:, :status:, :created_at:, :updated_at:)', [...], false)
 5 SYSTEMPATH\Model.php(330): CodeIgniter\Database\BaseBuilder->insert()
 6 SYSTEMPATH\BaseModel.php(782): CodeIgniter\Model->doInsert([...])
 7 SYSTEMPATH\Model.php(730): CodeIgniter\BaseModel->insert([...], true)
 8 APPPATH\Infrastructure\Persistence\DMLPersistence.php(66): CodeIgniter\Model->insert(Object(App\Domain\Member\Member_request))
 9 FCPATH\Module\Master\Controllers\Member\Member_requestController.php(31): App\Infrastructure\Persistence\Member\SQLMember_requestRepository->insert(Object(App\Domain\Member\Member_request))
10 SYSTEMPATH\CodeIgniter.php(932): App\Controllers\Member\Member_requestController->memberSave()
11 SYSTEMPATH\CodeIgniter.php(497): CodeIgniter\CodeIgniter->runController(Object(App\Controllers\Member\Member_requestController))
12 SYSTEMPATH\CodeIgniter.php(366): CodeIgniter\CodeIgniter->handleRequest(null, Object(Config\Cache), false)
13 FCPATH\index.php(101): CodeIgniter\CodeIgniter->run()
INFO - 2024-06-12 11:37:59 --> Session: Class initialized using 'CodeIgniter\Session\Handlers\FileHandler' driver.
CRITICAL - 2024-06-12 11:37:59 --> Undefined array key "transaction_ref"
in FCPATH\Module\Master\Controllers\Member\Member_requestController.php on line 33.
 1 FCPATH\Module\Master\Controllers\Member\Member_requestController.php(33): CodeIgniter\Debug\Exceptions->errorHandler(2, 'Undefined array key "transaction_ref"', 'C:\\xampp\\htdocs\\iaoi\\iaoi_full\\backend\\Module\\Master\\Controllers\\Member\\Member_requestController.php', 33)
 2 SYSTEMPATH\CodeIgniter.php(932): App\Controllers\Member\Member_requestController->memberSave()
 3 SYSTEMPATH\CodeIgniter.php(497): CodeIgniter\CodeIgniter->runController(Object(App\Controllers\Member\Member_requestController))
 4 SYSTEMPATH\CodeIgniter.php(366): CodeIgniter\CodeIgniter->handleRequest(null, Object(Config\Cache), false)
 5 FCPATH\index.php(101): CodeIgniter\CodeIgniter->run()
INFO - 2024-06-12 11:41:16 --> Session: Class initialized using 'CodeIgniter\Session\Handlers\FileHandler' driver.
INFO - 2024-06-12 11:42:25 --> Session: Class initialized using 'CodeIgniter\Session\Handlers\FileHandler' driver.
INFO - 2024-06-12 12:28:23 --> Session: Class initialized using 'CodeIgniter\Session\Handlers\FileHandler' driver.
INFO - 2024-06-12 12:29:38 --> Session: Class initialized using 'CodeIgniter\Session\Handlers\FileHandler' driver.
INFO - 2024-06-12 12:30:26 --> Session: Class initialized using 'CodeIgniter\Session\Handlers\FileHandler' driver.
INFO - 2024-06-12 12:34:03 --> Session: Class initialized using 'CodeIgniter\Session\Handlers\FileHandler' driver.
ERROR - 2024-06-12 12:34:03 --> mysqli_sql_exception: Duplicate entry '12@gmail.com' for key 'email_id_unique' in C:\xampp\htdocs\iaoi\iaoi_full\backend\system\Database\MySQLi\Connection.php:295
Stack trace:
#0 C:\xampp\htdocs\iaoi\iaoi_full\backend\system\Database\MySQLi\Connection.php(295): mysqli->query('INSERT INTO `me...', 0)
#1 C:\xampp\htdocs\iaoi\iaoi_full\backend\system\Database\BaseConnection.php(692): CodeIgniter\Database\MySQLi\Connection->execute('INSERT INTO `me...')
#2 C:\xampp\htdocs\iaoi\iaoi_full\backend\system\Database\BaseConnection.php(606): CodeIgniter\Database\BaseConnection->simpleQuery('INSERT INTO `me...')
#3 C:\xampp\htdocs\iaoi\iaoi_full\backend\system\Database\BaseBuilder.php(2308): CodeIgniter\Database\BaseConnection->query('INSERT INTO `me...', Array, false)
#4 C:\xampp\htdocs\iaoi\iaoi_full\backend\system\Model.php(330): CodeIgniter\Database\BaseBuilder->insert()
#5 C:\xampp\htdocs\iaoi\iaoi_full\backend\system\BaseModel.php(782): CodeIgniter\Model->doInsert(Array)
#6 C:\xampp\htdocs\iaoi\iaoi_full\backend\system\Model.php(730): CodeIgniter\BaseModel->insert(Array, true)
#7 C:\xampp\htdocs\iaoi\iaoi_full\backend\app\Infrastructure\Persistence\DMLPersistence.php(66): CodeIgniter\Model->insert(Object(App\Domain\Member\Member_request))
#8 C:\xampp\htdocs\iaoi\iaoi_full\backend\Module\Master\Controllers\Member\Member_requestController.php(31): App\Infrastructure\Persistence\Member\SQLMember_requestRepository->insert(Object(App\Domain\Member\Member_request))
#9 C:\xampp\htdocs\iaoi\iaoi_full\backend\system\CodeIgniter.php(932): App\Controllers\Member\Member_requestController->memberSave()
#10 C:\xampp\htdocs\iaoi\iaoi_full\backend\system\CodeIgniter.php(497): CodeIgniter\CodeIgniter->runController(Object(App\Controllers\Member\Member_requestController))
#11 C:\xampp\htdocs\iaoi\iaoi_full\backend\system\CodeIgniter.php(366): CodeIgniter\CodeIgniter->handleRequest(NULL, Object(Config\Cache), false)
#12 C:\xampp\htdocs\iaoi\iaoi_full\backend\index.php(101): CodeIgniter\CodeIgniter->run()
#13 {main}
CRITICAL - 2024-06-12 12:34:03 --> Duplicate entry '12@gmail.com' for key 'email_id_unique'
in SYSTEMPATH\Database\MySQLi\Connection.php on line 295.
 1 SYSTEMPATH\Database\MySQLi\Connection.php(295): mysqli->query('INSERT INTO `member_request` (`first_name`, `last_name`, `email_id`, `address`, `country`, `state`, `city`, `pincode`, `field`, `reg_no`, `dob`, `college_name`, `mobile_no`, `status`, `created_at`, `updated_at`) VALUES (\'judha\', \'francis\', \'12@gmail.com\', \'rdrwqFC\', \'vrev\', \'vrev\', \'gfv\', \'13142\', \'student\', \'21345\', \'2024-06-07\', \'ponjesly\', \'6381108620\', 2, \'2024-06-12 12:34:03\', \'2024-06-12 12:34:03\')', 0)
 2 SYSTEMPATH\Database\BaseConnection.php(692): CodeIgniter\Database\MySQLi\Connection->execute('INSERT INTO `member_request` (`first_name`, `last_name`, `email_id`, `address`, `country`, `state`, `city`, `pincode`, `field`, `reg_no`, `dob`, `college_name`, `mobile_no`, `status`, `created_at`, `updated_at`) VALUES (\'judha\', \'francis\', \'12@gmail.com\', \'rdrwqFC\', \'vrev\', \'vrev\', \'gfv\', \'13142\', \'student\', \'21345\', \'2024-06-07\', \'ponjesly\', \'6381108620\', 2, \'2024-06-12 12:34:03\', \'2024-06-12 12:34:03\')')
 3 SYSTEMPATH\Database\BaseConnection.php(606): CodeIgniter\Database\BaseConnection->simpleQuery('INSERT INTO `member_request` (`first_name`, `last_name`, `email_id`, `address`, `country`, `state`, `city`, `pincode`, `field`, `reg_no`, `dob`, `college_name`, `mobile_no`, `status`, `created_at`, `updated_at`) VALUES (\'judha\', \'francis\', \'12@gmail.com\', \'rdrwqFC\', \'vrev\', \'vrev\', \'gfv\', \'13142\', \'student\', \'21345\', \'2024-06-07\', \'ponjesly\', \'6381108620\', 2, \'2024-06-12 12:34:03\', \'2024-06-12 12:34:03\')')
 4 SYSTEMPATH\Database\BaseBuilder.php(2308): CodeIgniter\Database\BaseConnection->query('INSERT INTO `member_request` (`first_name`, `last_name`, `email_id`, `address`, `country`, `state`, `city`, `pincode`, `field`, `reg_no`, `dob`, `college_name`, `mobile_no`, `status`, `created_at`, `updated_at`) VALUES (:first_name:, :last_name:, :email_id:, :address:, :country:, :state:, :city:, :pincode:, :field:, :reg_no:, :dob:, :college_name:, :mobile_no:, :status:, :created_at:, :updated_at:)', [...], false)
 5 SYSTEMPATH\Model.php(330): CodeIgniter\Database\BaseBuilder->insert()
 6 SYSTEMPATH\BaseModel.php(782): CodeIgniter\Model->doInsert([...])
 7 SYSTEMPATH\Model.php(730): CodeIgniter\BaseModel->insert([...], true)
 8 APPPATH\Infrastructure\Persistence\DMLPersistence.php(66): CodeIgniter\Model->insert(Object(App\Domain\Member\Member_request))
 9 FCPATH\Module\Master\Controllers\Member\Member_requestController.php(31): App\Infrastructure\Persistence\Member\SQLMember_requestRepository->insert(Object(App\Domain\Member\Member_request))
10 SYSTEMPATH\CodeIgniter.php(932): App\Controllers\Member\Member_requestController->memberSave()
11 SYSTEMPATH\CodeIgniter.php(497): CodeIgniter\CodeIgniter->runController(Object(App\Controllers\Member\Member_requestController))
12 SYSTEMPATH\CodeIgniter.php(366): CodeIgniter\CodeIgniter->handleRequest(null, Object(Config\Cache), false)
13 FCPATH\index.php(101): CodeIgniter\CodeIgniter->run()
INFO - 2024-06-12 12:34:23 --> Session: Class initialized using 'CodeIgniter\Session\Handlers\FileHandler' driver.
ERROR - 2024-06-12 12:34:23 --> mysqli_sql_exception: Duplicate entry 'lh@gmail.com' for key 'email_id_unique' in C:\xampp\htdocs\iaoi\iaoi_full\backend\system\Database\MySQLi\Connection.php:295
Stack trace:
#0 C:\xampp\htdocs\iaoi\iaoi_full\backend\system\Database\MySQLi\Connection.php(295): mysqli->query('INSERT INTO `me...', 0)
#1 C:\xampp\htdocs\iaoi\iaoi_full\backend\system\Database\BaseConnection.php(692): CodeIgniter\Database\MySQLi\Connection->execute('INSERT INTO `me...')
#2 C:\xampp\htdocs\iaoi\iaoi_full\backend\system\Database\BaseConnection.php(606): CodeIgniter\Database\BaseConnection->simpleQuery('INSERT INTO `me...')
#3 C:\xampp\htdocs\iaoi\iaoi_full\backend\system\Database\BaseBuilder.php(2308): CodeIgniter\Database\BaseConnection->query('INSERT INTO `me...', Array, false)
#4 C:\xampp\htdocs\iaoi\iaoi_full\backend\system\Model.php(330): CodeIgniter\Database\BaseBuilder->insert()
#5 C:\xampp\htdocs\iaoi\iaoi_full\backend\system\BaseModel.php(782): CodeIgniter\Model->doInsert(Array)
#6 C:\xampp\htdocs\iaoi\iaoi_full\backend\system\Model.php(730): CodeIgniter\BaseModel->insert(Array, true)
#7 C:\xampp\htdocs\iaoi\iaoi_full\backend\app\Infrastructure\Persistence\DMLPersistence.php(66): CodeIgniter\Model->insert(Object(App\Domain\Member\Member_request))
#8 C:\xampp\htdocs\iaoi\iaoi_full\backend\Module\Master\Controllers\Member\Member_requestController.php(31): App\Infrastructure\Persistence\Member\SQLMember_requestRepository->insert(Object(App\Domain\Member\Member_request))
#9 C:\xampp\htdocs\iaoi\iaoi_full\backend\system\CodeIgniter.php(932): App\Controllers\Member\Member_requestController->memberSave()
#10 C:\xampp\htdocs\iaoi\iaoi_full\backend\system\CodeIgniter.php(497): CodeIgniter\CodeIgniter->runController(Object(App\Controllers\Member\Member_requestController))
#11 C:\xampp\htdocs\iaoi\iaoi_full\backend\system\CodeIgniter.php(366): CodeIgniter\CodeIgniter->handleRequest(NULL, Object(Config\Cache), false)
#12 C:\xampp\htdocs\iaoi\iaoi_full\backend\index.php(101): CodeIgniter\CodeIgniter->run()
#13 {main}
CRITICAL - 2024-06-12 12:34:23 --> Duplicate entry 'lh@gmail.com' for key 'email_id_unique'
in SYSTEMPATH\Database\MySQLi\Connection.php on line 295.
 1 SYSTEMPATH\Database\MySQLi\Connection.php(295): mysqli->query('INSERT INTO `member_request` (`first_name`, `last_name`, `email_id`, `address`, `country`, `state`, `city`, `pincode`, `field`, `reg_no`, `dob`, `college_name`, `mobile_no`, `status`, `created_at`, `updated_at`) VALUES (\'judha\', \'francis\', \'lh@gmail.com\', \'rdrwqFC\', \'vrev\', \'vrev\', \'gfv\', \'13142\', \'student\', \'21345\', \'2024-06-06\', \'ponjesly\', \'6381108620\', 2, \'2024-06-12 12:34:23\', \'2024-06-12 12:34:23\')', 0)
 2 SYSTEMPATH\Database\BaseConnection.php(692): CodeIgniter\Database\MySQLi\Connection->execute('INSERT INTO `member_request` (`first_name`, `last_name`, `email_id`, `address`, `country`, `state`, `city`, `pincode`, `field`, `reg_no`, `dob`, `college_name`, `mobile_no`, `status`, `created_at`, `updated_at`) VALUES (\'judha\', \'francis\', \'lh@gmail.com\', \'rdrwqFC\', \'vrev\', \'vrev\', \'gfv\', \'13142\', \'student\', \'21345\', \'2024-06-06\', \'ponjesly\', \'6381108620\', 2, \'2024-06-12 12:34:23\', \'2024-06-12 12:34:23\')')
 3 SYSTEMPATH\Database\BaseConnection.php(606): CodeIgniter\Database\BaseConnection->simpleQuery('INSERT INTO `member_request` (`first_name`, `last_name`, `email_id`, `address`, `country`, `state`, `city`, `pincode`, `field`, `reg_no`, `dob`, `college_name`, `mobile_no`, `status`, `created_at`, `updated_at`) VALUES (\'judha\', \'francis\', \'lh@gmail.com\', \'rdrwqFC\', \'vrev\', \'vrev\', \'gfv\', \'13142\', \'student\', \'21345\', \'2024-06-06\', \'ponjesly\', \'6381108620\', 2, \'2024-06-12 12:34:23\', \'2024-06-12 12:34:23\')')
 4 SYSTEMPATH\Database\BaseBuilder.php(2308): CodeIgniter\Database\BaseConnection->query('INSERT INTO `member_request` (`first_name`, `last_name`, `email_id`, `address`, `country`, `state`, `city`, `pincode`, `field`, `reg_no`, `dob`, `college_name`, `mobile_no`, `status`, `created_at`, `updated_at`) VALUES (:first_name:, :last_name:, :email_id:, :address:, :country:, :state:, :city:, :pincode:, :field:, :reg_no:, :dob:, :college_name:, :mobile_no:, :status:, :created_at:, :updated_at:)', [...], false)
 5 SYSTEMPATH\Model.php(330): CodeIgniter\Database\BaseBuilder->insert()
 6 SYSTEMPATH\BaseModel.php(782): CodeIgniter\Model->doInsert([...])
 7 SYSTEMPATH\Model.php(730): CodeIgniter\BaseModel->insert([...], true)
 8 APPPATH\Infrastructure\Persistence\DMLPersistence.php(66): CodeIgniter\Model->insert(Object(App\Domain\Member\Member_request))
 9 FCPATH\Module\Master\Controllers\Member\Member_requestController.php(31): App\Infrastructure\Persistence\Member\SQLMember_requestRepository->insert(Object(App\Domain\Member\Member_request))
10 SYSTEMPATH\CodeIgniter.php(932): App\Controllers\Member\Member_requestController->memberSave()
11 SYSTEMPATH\CodeIgniter.php(497): CodeIgniter\CodeIgniter->runController(Object(App\Controllers\Member\Member_requestController))
12 SYSTEMPATH\CodeIgniter.php(366): CodeIgniter\CodeIgniter->handleRequest(null, Object(Config\Cache), false)
13 FCPATH\index.php(101): CodeIgniter\CodeIgniter->run()
INFO - 2024-06-12 12:34:33 --> Session: Class initialized using 'CodeIgniter\Session\Handlers\FileHandler' driver.
ERROR - 2024-06-12 12:34:33 --> mysqli_sql_exception: Unknown column 'document_url' in 'field list' in C:\xampp\htdocs\iaoi\iaoi_full\backend\system\Database\MySQLi\Connection.php:295
Stack trace:
#0 C:\xampp\htdocs\iaoi\iaoi_full\backend\system\Database\MySQLi\Connection.php(295): mysqli->query('INSERT INTO `pa...', 0)
#1 C:\xampp\htdocs\iaoi\iaoi_full\backend\system\Database\BaseConnection.php(692): CodeIgniter\Database\MySQLi\Connection->execute('INSERT INTO `pa...')
#2 C:\xampp\htdocs\iaoi\iaoi_full\backend\system\Database\BaseConnection.php(606): CodeIgniter\Database\BaseConnection->simpleQuery('INSERT INTO `pa...')
#3 C:\xampp\htdocs\iaoi\iaoi_full\backend\system\Database\BaseBuilder.php(2308): CodeIgniter\Database\BaseConnection->query('INSERT INTO `pa...', Array, false)
#4 C:\xampp\htdocs\iaoi\iaoi_full\backend\system\Model.php(330): CodeIgniter\Database\BaseBuilder->insert()
#5 C:\xampp\htdocs\iaoi\iaoi_full\backend\system\BaseModel.php(782): CodeIgniter\Model->doInsert(Array)
#6 C:\xampp\htdocs\iaoi\iaoi_full\backend\system\Model.php(730): CodeIgniter\BaseModel->insert(Array, true)
#7 C:\xampp\htdocs\iaoi\iaoi_full\backend\app\Infrastructure\Persistence\DMLPersistence.php(66): CodeIgniter\Model->insert(Object(App\Domain\Payment\Payment_details))
#8 C:\xampp\htdocs\iaoi\iaoi_full\backend\Module\Master\Controllers\Member\Member_requestController.php(35): App\Infrastructure\Persistence\Payment\SQLPayment_detailsRepository->insert(Object(App\Domain\Payment\Payment_details))
#9 C:\xampp\htdocs\iaoi\iaoi_full\backend\system\CodeIgniter.php(932): App\Controllers\Member\Member_requestController->memberSave()
#10 C:\xampp\htdocs\iaoi\iaoi_full\backend\system\CodeIgniter.php(497): CodeIgniter\CodeIgniter->runController(Object(App\Controllers\Member\Member_requestController))
#11 C:\xampp\htdocs\iaoi\iaoi_full\backend\system\CodeIgniter.php(366): CodeIgniter\CodeIgniter->handleRequest(NULL, Object(Config\Cache), false)
#12 C:\xampp\htdocs\iaoi\iaoi_full\backend\index.php(101): CodeIgniter\CodeIgniter->run()
#13 {main}
CRITICAL - 2024-06-12 12:34:33 --> Unknown column 'document_url' in 'field list'
in SYSTEMPATH\Database\MySQLi\Connection.php on line 295.
 1 SYSTEMPATH\Database\MySQLi\Connection.php(295): mysqli->query('INSERT INTO `payment_details` (`member_fk_id`, `transaction_id`, `amount`, `payment_mode_fk_id`, `mem_req_fk_id`, `remark`, `document_url`, `transaction_ref`, `transaction_date`, `created_at`, `updated_at`) VALUES (NULL, \'PAY1015\', \'\', \'2\', 36, \'werfgh\', \'6772881-removebg-preview.png\', \'1234567\', \'2024-06-14\', \'2024-06-12 12:34:33\', \'2024-06-12 12:34:33\')', 0)
 2 SYSTEMPATH\Database\BaseConnection.php(692): CodeIgniter\Database\MySQLi\Connection->execute('INSERT INTO `payment_details` (`member_fk_id`, `transaction_id`, `amount`, `payment_mode_fk_id`, `mem_req_fk_id`, `remark`, `document_url`, `transaction_ref`, `transaction_date`, `created_at`, `updated_at`) VALUES (NULL, \'PAY1015\', \'\', \'2\', 36, \'werfgh\', \'6772881-removebg-preview.png\', \'1234567\', \'2024-06-14\', \'2024-06-12 12:34:33\', \'2024-06-12 12:34:33\')')
 3 SYSTEMPATH\Database\BaseConnection.php(606): CodeIgniter\Database\BaseConnection->simpleQuery('INSERT INTO `payment_details` (`member_fk_id`, `transaction_id`, `amount`, `payment_mode_fk_id`, `mem_req_fk_id`, `remark`, `document_url`, `transaction_ref`, `transaction_date`, `created_at`, `updated_at`) VALUES (NULL, \'PAY1015\', \'\', \'2\', 36, \'werfgh\', \'6772881-removebg-preview.png\', \'1234567\', \'2024-06-14\', \'2024-06-12 12:34:33\', \'2024-06-12 12:34:33\')')
 4 SYSTEMPATH\Database\BaseBuilder.php(2308): CodeIgniter\Database\BaseConnection->query('INSERT INTO `payment_details` (`member_fk_id`, `transaction_id`, `amount`, `payment_mode_fk_id`, `mem_req_fk_id`, `remark`, `document_url`, `transaction_ref`, `transaction_date`, `created_at`, `updated_at`) VALUES (:member_fk_id:, :transaction_id:, :amount:, :payment_mode_fk_id:, :mem_req_fk_id:, :remark:, :document_url:, :transaction_ref:, :transaction_date:, :created_at:, :updated_at:)', [...], false)
 5 SYSTEMPATH\Model.php(330): CodeIgniter\Database\BaseBuilder->insert()
 6 SYSTEMPATH\BaseModel.php(782): CodeIgniter\Model->doInsert([...])
 7 SYSTEMPATH\Model.php(730): CodeIgniter\BaseModel->insert([...], true)
 8 APPPATH\Infrastructure\Persistence\DMLPersistence.php(66): CodeIgniter\Model->insert(Object(App\Domain\Payment\Payment_details))
 9 FCPATH\Module\Master\Controllers\Member\Member_requestController.php(35): App\Infrastructure\Persistence\Payment\SQLPayment_detailsRepository->insert(Object(App\Domain\Payment\Payment_details))
10 SYSTEMPATH\CodeIgniter.php(932): App\Controllers\Member\Member_requestController->memberSave()
11 SYSTEMPATH\CodeIgniter.php(497): CodeIgniter\CodeIgniter->runController(Object(App\Controllers\Member\Member_requestController))
12 SYSTEMPATH\CodeIgniter.php(366): CodeIgniter\CodeIgniter->handleRequest(null, Object(Config\Cache), false)
13 FCPATH\index.php(101): CodeIgniter\CodeIgniter->run()
INFO - 2024-06-12 12:35:15 --> Session: Class initialized using 'CodeIgniter\Session\Handlers\FileHandler' driver.
ERROR - 2024-06-12 12:35:15 --> mysqli_sql_exception: Unknown column 'document_url' in 'field list' in C:\xampp\htdocs\iaoi\iaoi_full\backend\system\Database\MySQLi\Connection.php:295
Stack trace:
#0 C:\xampp\htdocs\iaoi\iaoi_full\backend\system\Database\MySQLi\Connection.php(295): mysqli->query('INSERT INTO `pa...', 0)
#1 C:\xampp\htdocs\iaoi\iaoi_full\backend\system\Database\BaseConnection.php(692): CodeIgniter\Database\MySQLi\Connection->execute('INSERT INTO `pa...')
#2 C:\xampp\htdocs\iaoi\iaoi_full\backend\system\Database\BaseConnection.php(606): CodeIgniter\Database\BaseConnection->simpleQuery('INSERT INTO `pa...')
#3 C:\xampp\htdocs\iaoi\iaoi_full\backend\system\Database\BaseBuilder.php(2308): CodeIgniter\Database\BaseConnection->query('INSERT INTO `pa...', Array, false)
#4 C:\xampp\htdocs\iaoi\iaoi_full\backend\system\Model.php(330): CodeIgniter\Database\BaseBuilder->insert()
#5 C:\xampp\htdocs\iaoi\iaoi_full\backend\system\BaseModel.php(782): CodeIgniter\Model->doInsert(Array)
#6 C:\xampp\htdocs\iaoi\iaoi_full\backend\system\Model.php(730): CodeIgniter\BaseModel->insert(Array, true)
#7 C:\xampp\htdocs\iaoi\iaoi_full\backend\app\Infrastructure\Persistence\DMLPersistence.php(66): CodeIgniter\Model->insert(Object(App\Domain\Payment\Payment_details))
#8 C:\xampp\htdocs\iaoi\iaoi_full\backend\Module\Master\Controllers\Member\Member_requestController.php(35): App\Infrastructure\Persistence\Payment\SQLPayment_detailsRepository->insert(Object(App\Domain\Payment\Payment_details))
#9 C:\xampp\htdocs\iaoi\iaoi_full\backend\system\CodeIgniter.php(932): App\Controllers\Member\Member_requestController->memberSave()
#10 C:\xampp\htdocs\iaoi\iaoi_full\backend\system\CodeIgniter.php(497): CodeIgniter\CodeIgniter->runController(Object(App\Controllers\Member\Member_requestController))
#11 C:\xampp\htdocs\iaoi\iaoi_full\backend\system\CodeIgniter.php(366): CodeIgniter\CodeIgniter->handleRequest(NULL, Object(Config\Cache), false)
#12 C:\xampp\htdocs\iaoi\iaoi_full\backend\index.php(101): CodeIgniter\CodeIgniter->run()
#13 {main}
CRITICAL - 2024-06-12 12:35:15 --> Unknown column 'document_url' in 'field list'
in SYSTEMPATH\Database\MySQLi\Connection.php on line 295.
 1 SYSTEMPATH\Database\MySQLi\Connection.php(295): mysqli->query('INSERT INTO `payment_details` (`member_fk_id`, `transaction_id`, `amount`, `payment_mode_fk_id`, `mem_req_fk_id`, `remark`, `document_url`, `transaction_ref`, `transaction_date`, `created_at`, `updated_at`) VALUES (NULL, \'PAY1016\', \'\', \'2\', 37, \'werfgh\', NULL, \'1234567\', \'2024-06-14\', \'2024-06-12 12:35:15\', \'2024-06-12 12:35:15\')', 0)
 2 SYSTEMPATH\Database\BaseConnection.php(692): CodeIgniter\Database\MySQLi\Connection->execute('INSERT INTO `payment_details` (`member_fk_id`, `transaction_id`, `amount`, `payment_mode_fk_id`, `mem_req_fk_id`, `remark`, `document_url`, `transaction_ref`, `transaction_date`, `created_at`, `updated_at`) VALUES (NULL, \'PAY1016\', \'\', \'2\', 37, \'werfgh\', NULL, \'1234567\', \'2024-06-14\', \'2024-06-12 12:35:15\', \'2024-06-12 12:35:15\')')
 3 SYSTEMPATH\Database\BaseConnection.php(606): CodeIgniter\Database\BaseConnection->simpleQuery('INSERT INTO `payment_details` (`member_fk_id`, `transaction_id`, `amount`, `payment_mode_fk_id`, `mem_req_fk_id`, `remark`, `document_url`, `transaction_ref`, `transaction_date`, `created_at`, `updated_at`) VALUES (NULL, \'PAY1016\', \'\', \'2\', 37, \'werfgh\', NULL, \'1234567\', \'2024-06-14\', \'2024-06-12 12:35:15\', \'2024-06-12 12:35:15\')')
 4 SYSTEMPATH\Database\BaseBuilder.php(2308): CodeIgniter\Database\BaseConnection->query('INSERT INTO `payment_details` (`member_fk_id`, `transaction_id`, `amount`, `payment_mode_fk_id`, `mem_req_fk_id`, `remark`, `document_url`, `transaction_ref`, `transaction_date`, `created_at`, `updated_at`) VALUES (:member_fk_id:, :transaction_id:, :amount:, :payment_mode_fk_id:, :mem_req_fk_id:, :remark:, :document_url:, :transaction_ref:, :transaction_date:, :created_at:, :updated_at:)', [...], false)
 5 SYSTEMPATH\Model.php(330): CodeIgniter\Database\BaseBuilder->insert()
 6 SYSTEMPATH\BaseModel.php(782): CodeIgniter\Model->doInsert([...])
 7 SYSTEMPATH\Model.php(730): CodeIgniter\BaseModel->insert([...], true)
 8 APPPATH\Infrastructure\Persistence\DMLPersistence.php(66): CodeIgniter\Model->insert(Object(App\Domain\Payment\Payment_details))
 9 FCPATH\Module\Master\Controllers\Member\Member_requestController.php(35): App\Infrastructure\Persistence\Payment\SQLPayment_detailsRepository->insert(Object(App\Domain\Payment\Payment_details))
10 SYSTEMPATH\CodeIgniter.php(932): App\Controllers\Member\Member_requestController->memberSave()
11 SYSTEMPATH\CodeIgniter.php(497): CodeIgniter\CodeIgniter->runController(Object(App\Controllers\Member\Member_requestController))
12 SYSTEMPATH\CodeIgniter.php(366): CodeIgniter\CodeIgniter->handleRequest(null, Object(Config\Cache), false)
13 FCPATH\index.php(101): CodeIgniter\CodeIgniter->run()
INFO - 2024-06-12 12:38:02 --> Session: Class initialized using 'CodeIgniter\Session\Handlers\FileHandler' driver.
INFO - 2024-06-12 12:39:12 --> Session: Class initialized using 'CodeIgniter\Session\Handlers\FileHandler' driver.
INFO - 2024-06-12 12:47:20 --> Session: Class initialized using 'CodeIgniter\Session\Handlers\FileHandler' driver.
INFO - 2024-06-12 12:47:26 --> Session: Class initialized using 'CodeIgniter\Session\Handlers\FileHandler' driver.
INFO - 2024-06-12 12:47:50 --> Session: Class initialized using 'CodeIgniter\Session\Handlers\FileHandler' driver.
INFO - 2024-06-12 12:48:30 --> Session: Class initialized using 'CodeIgniter\Session\Handlers\FileHandler' driver.
INFO - 2024-06-12 12:49:02 --> Session: Class initialized using 'CodeIgniter\Session\Handlers\FileHandler' driver.
INFO - 2024-06-12 12:51:45 --> Session: Class initialized using 'CodeIgniter\Session\Handlers\FileHandler' driver.
INFO - 2024-06-12 12:52:28 --> Session: Class initialized using 'CodeIgniter\Session\Handlers\FileHandler' driver.
INFO - 2024-06-12 12:55:30 --> Session: Class initialized using 'CodeIgniter\Session\Handlers\FileHandler' driver.
INFO - 2024-06-12 12:56:09 --> Session: Class initialized using 'CodeIgniter\Session\Handlers\FileHandler' driver.
INFO - 2024-06-12 12:57:55 --> Session: Class initialized using 'CodeIgniter\Session\Handlers\FileHandler' driver.
INFO - 2024-06-12 12:58:04 --> Session: Class initialized using 'CodeIgniter\Session\Handlers\FileHandler' driver.
INFO - 2024-06-12 12:59:20 --> Session: Class initialized using 'CodeIgniter\Session\Handlers\FileHandler' driver.
INFO - 2024-06-12 13:00:53 --> Session: Class initialized using 'CodeIgniter\Session\Handlers\FileHandler' driver.
