CRITICAL - 2024-05-14 08:01:56 --> Trying to access array offset on value of type null
in APPPATH\Controllers\Events\E_learning_materialController.php on line 30.
 1 APPPATH\Controllers\Events\E_learning_materialController.php(30): CodeIgniter\Debug\Exceptions->errorHandler(2, 'Trying to access array offset on value of type null', 'C:\\xampp\\htdocs\\iaoi_new\\iaoi_full\\backend\\app\\Controllers\\Events\\E_learning_materialController.php', 30)
 2 SYSTEMPATH\CodeIgniter.php(932): Core\Controllers\Events\E_learning_materialController->index('assets', 'img', 'menu_wrapper_img.jpg')
 3 SYSTEMPATH\CodeIgniter.php(497): CodeIgniter\CodeIgniter->runController(Object(Core\Controllers\Events\E_learning_materialController))
 4 SYSTEMPATH\CodeIgniter.php(366): CodeIgniter\CodeIgniter->handleRequest(null, Object(Config\Cache), false)
 5 FCPATH\index.php(101): CodeIgniter\CodeIgniter->run()
CRITICAL - 2024-05-14 08:04:41 --> Undefined array key "member_fk_id"
in APPPATH\Controllers\Become_a_member.php on line 43.
 1 APPPATH\Controllers\Become_a_member.php(43): CodeIgniter\Debug\Exceptions->errorHandler(2, 'Undefined array key "member_fk_id"', 'C:\\xampp\\htdocs\\iaoi_new\\iaoi_full\\backend\\app\\Controllers\\Become_a_member.php', 43)
 2 SYSTEMPATH\CodeIgniter.php(932): Core\Controllers\Become_a_member->profile('1')
 3 SYSTEMPATH\CodeIgniter.php(497): CodeIgniter\CodeIgniter->runController(Object(Core\Controllers\Become_a_member))
 4 SYSTEMPATH\CodeIgniter.php(366): CodeIgniter\CodeIgniter->handleRequest(null, Object(Config\Cache), false)
 5 FCPATH\index.php(101): CodeIgniter\CodeIgniter->run()
CRITICAL - 2024-05-14 09:51:02 --> Undefined array key "member_fk_id"
in APPPATH\Controllers\Become_a_member.php on line 43.
 1 APPPATH\Controllers\Become_a_member.php(43): CodeIgniter\Debug\Exceptions->errorHandler(2, 'Undefined array key "member_fk_id"', 'C:\\xampp\\htdocs\\iaoi_new\\iaoi_full\\backend\\app\\Controllers\\Become_a_member.php', 43)
 2 SYSTEMPATH\CodeIgniter.php(932): Core\Controllers\Become_a_member->profile('1')
 3 SYSTEMPATH\CodeIgniter.php(497): CodeIgniter\CodeIgniter->runController(Object(Core\Controllers\Become_a_member))
 4 SYSTEMPATH\CodeIgniter.php(366): CodeIgniter\CodeIgniter->handleRequest(null, Object(Config\Cache), false)
 5 FCPATH\index.php(101): CodeIgniter\CodeIgniter->run()
