INFO - 2024-07-27 04:21:53 --> Session: Class initialized using 'CodeIgniter\Session\Handlers\FileHandler' driver.
CRITICAL - 2024-07-27 04:21:54 --> Undefined variable $Data
in APPPATH\Views\pages\gallery.php on line 58.
 1 APPPATH\Views\pages\gallery.php(58): CodeIgniter\Debug\Exceptions->errorHandler(2, 'Undefined variable $Data', 'C:\\xampp\\htdocs\\oloogy\\backend\\app\\Views\\pages\\gallery.php', 58)
 2 SYSTEMPATH\View\View.php(224): include('C:\\xampp\\htdocs\\oloogy\\backend\\app\\Views\\pages\\gallery.php')
 3 SYSTEMPATH\View\View.php(227): CodeIgniter\View\View->CodeIgniter\View\{closure}()
 4 SYSTEMPATH\Common.php(1180): CodeIgniter\View\View->render('pages/gallery', [], true)
 5 APPPATH\Helpers\View_helper.php(7): view('pages/gallery', [...])
 6 APPPATH\Controllers\Gallery\GalleryController.php(43): renderPage('gallery', [...])
 7 SYSTEMPATH\CodeIgniter.php(932): Core\Controllers\Gallery\GalleryController->gallery()
 8 SYSTEMPATH\CodeIgniter.php(497): CodeIgniter\CodeIgniter->runController(Object(Core\Controllers\Gallery\GalleryController))
 9 SYSTEMPATH\CodeIgniter.php(366): CodeIgniter\CodeIgniter->handleRequest(null, Object(Config\Cache), false)
10 FCPATH\index.php(101): CodeIgniter\CodeIgniter->run()
INFO - 2024-07-27 04:21:57 --> Session: Class initialized using 'CodeIgniter\Session\Handlers\FileHandler' driver.
CRITICAL - 2024-07-27 04:21:57 --> Undefined variable $Data
in APPPATH\Views\pages\gallery.php on line 58.
 1 APPPATH\Views\pages\gallery.php(58): CodeIgniter\Debug\Exceptions->errorHandler(2, 'Undefined variable $Data', 'C:\\xampp\\htdocs\\oloogy\\backend\\app\\Views\\pages\\gallery.php', 58)
 2 SYSTEMPATH\View\View.php(224): include('C:\\xampp\\htdocs\\oloogy\\backend\\app\\Views\\pages\\gallery.php')
 3 SYSTEMPATH\View\View.php(227): CodeIgniter\View\View->CodeIgniter\View\{closure}()
 4 SYSTEMPATH\Common.php(1180): CodeIgniter\View\View->render('pages/gallery', [], true)
 5 APPPATH\Helpers\View_helper.php(7): view('pages/gallery', [...])
 6 APPPATH\Controllers\Gallery\GalleryController.php(43): renderPage('gallery', [...])
 7 SYSTEMPATH\CodeIgniter.php(932): Core\Controllers\Gallery\GalleryController->gallery()
 8 SYSTEMPATH\CodeIgniter.php(497): CodeIgniter\CodeIgniter->runController(Object(Core\Controllers\Gallery\GalleryController))
 9 SYSTEMPATH\CodeIgniter.php(366): CodeIgniter\CodeIgniter->handleRequest(null, Object(Config\Cache), false)
10 FCPATH\index.php(101): CodeIgniter\CodeIgniter->run()
INFO - 2024-07-27 04:33:29 --> Session: Class initialized using 'CodeIgniter\Session\Handlers\FileHandler' driver.
CRITICAL - 2024-07-27 04:33:29 --> Undefined variable $Data
in APPPATH\Views\pages\gallery.php on line 58.
 1 APPPATH\Views\pages\gallery.php(58): CodeIgniter\Debug\Exceptions->errorHandler(2, 'Undefined variable $Data', 'C:\\xampp\\htdocs\\oloogy\\backend\\app\\Views\\pages\\gallery.php', 58)
 2 SYSTEMPATH\View\View.php(224): include('C:\\xampp\\htdocs\\oloogy\\backend\\app\\Views\\pages\\gallery.php')
 3 SYSTEMPATH\View\View.php(227): CodeIgniter\View\View->CodeIgniter\View\{closure}()
 4 SYSTEMPATH\Common.php(1180): CodeIgniter\View\View->render('pages/gallery', [], true)
 5 APPPATH\Helpers\View_helper.php(7): view('pages/gallery', [...])
 6 APPPATH\Controllers\Gallery\GalleryController.php(43): renderPage('gallery', [...])
 7 SYSTEMPATH\CodeIgniter.php(932): Core\Controllers\Gallery\GalleryController->gallery()
 8 SYSTEMPATH\CodeIgniter.php(497): CodeIgniter\CodeIgniter->runController(Object(Core\Controllers\Gallery\GalleryController))
 9 SYSTEMPATH\CodeIgniter.php(366): CodeIgniter\CodeIgniter->handleRequest(null, Object(Config\Cache), false)
10 FCPATH\index.php(101): CodeIgniter\CodeIgniter->run()
INFO - 2024-07-27 04:35:44 --> Session: Class initialized using 'CodeIgniter\Session\Handlers\FileHandler' driver.
CRITICAL - 2024-07-27 04:35:45 --> Undefined variable $Data
in APPPATH\Views\pages\gallery.php on line 58.
 1 APPPATH\Views\pages\gallery.php(58): CodeIgniter\Debug\Exceptions->errorHandler(2, 'Undefined variable $Data', 'C:\\xampp\\htdocs\\oloogy\\backend\\app\\Views\\pages\\gallery.php', 58)
 2 SYSTEMPATH\View\View.php(224): include('C:\\xampp\\htdocs\\oloogy\\backend\\app\\Views\\pages\\gallery.php')
 3 SYSTEMPATH\View\View.php(227): CodeIgniter\View\View->CodeIgniter\View\{closure}()
 4 SYSTEMPATH\Common.php(1180): CodeIgniter\View\View->render('pages/gallery', [], true)
 5 APPPATH\Helpers\View_helper.php(7): view('pages/gallery', [...])
 6 APPPATH\Controllers\Gallery\GalleryController.php(28): renderPage('gallery', [...])
 7 SYSTEMPATH\CodeIgniter.php(932): Core\Controllers\Gallery\GalleryController->gallery()
 8 SYSTEMPATH\CodeIgniter.php(497): CodeIgniter\CodeIgniter->runController(Object(Core\Controllers\Gallery\GalleryController))
 9 SYSTEMPATH\CodeIgniter.php(366): CodeIgniter\CodeIgniter->handleRequest(null, Object(Config\Cache), false)
10 FCPATH\index.php(101): CodeIgniter\CodeIgniter->run()
INFO - 2024-07-27 04:36:24 --> Session: Class initialized using 'CodeIgniter\Session\Handlers\FileHandler' driver.
CRITICAL - 2024-07-27 04:36:24 --> Undefined variable $Data
in APPPATH\Views\pages\gallery.php on line 58.
 1 APPPATH\Views\pages\gallery.php(58): CodeIgniter\Debug\Exceptions->errorHandler(2, 'Undefined variable $Data', 'C:\\xampp\\htdocs\\oloogy\\backend\\app\\Views\\pages\\gallery.php', 58)
 2 SYSTEMPATH\View\View.php(224): include('C:\\xampp\\htdocs\\oloogy\\backend\\app\\Views\\pages\\gallery.php')
 3 SYSTEMPATH\View\View.php(227): CodeIgniter\View\View->CodeIgniter\View\{closure}()
 4 SYSTEMPATH\Common.php(1180): CodeIgniter\View\View->render('pages/gallery', [], true)
 5 APPPATH\Helpers\View_helper.php(7): view('pages/gallery', [...])
 6 APPPATH\Controllers\Gallery\GalleryController.php(28): renderPage('gallery', [...])
 7 SYSTEMPATH\CodeIgniter.php(932): Core\Controllers\Gallery\GalleryController->gallery()
 8 SYSTEMPATH\CodeIgniter.php(497): CodeIgniter\CodeIgniter->runController(Object(Core\Controllers\Gallery\GalleryController))
 9 SYSTEMPATH\CodeIgniter.php(366): CodeIgniter\CodeIgniter->handleRequest(null, Object(Config\Cache), false)
10 FCPATH\index.php(101): CodeIgniter\CodeIgniter->run()
INFO - 2024-07-27 04:36:26 --> Session: Class initialized using 'CodeIgniter\Session\Handlers\FileHandler' driver.
CRITICAL - 2024-07-27 04:36:26 --> Undefined variable $Data
in APPPATH\Views\pages\gallery.php on line 58.
 1 APPPATH\Views\pages\gallery.php(58): CodeIgniter\Debug\Exceptions->errorHandler(2, 'Undefined variable $Data', 'C:\\xampp\\htdocs\\oloogy\\backend\\app\\Views\\pages\\gallery.php', 58)
 2 SYSTEMPATH\View\View.php(224): include('C:\\xampp\\htdocs\\oloogy\\backend\\app\\Views\\pages\\gallery.php')
 3 SYSTEMPATH\View\View.php(227): CodeIgniter\View\View->CodeIgniter\View\{closure}()
 4 SYSTEMPATH\Common.php(1180): CodeIgniter\View\View->render('pages/gallery', [], true)
 5 APPPATH\Helpers\View_helper.php(7): view('pages/gallery', [...])
 6 APPPATH\Controllers\Gallery\GalleryController.php(28): renderPage('gallery', [...])
 7 SYSTEMPATH\CodeIgniter.php(932): Core\Controllers\Gallery\GalleryController->gallery()
 8 SYSTEMPATH\CodeIgniter.php(497): CodeIgniter\CodeIgniter->runController(Object(Core\Controllers\Gallery\GalleryController))
 9 SYSTEMPATH\CodeIgniter.php(366): CodeIgniter\CodeIgniter->handleRequest(null, Object(Config\Cache), false)
10 FCPATH\index.php(101): CodeIgniter\CodeIgniter->run()
INFO - 2024-07-27 04:36:54 --> Session: Class initialized using 'CodeIgniter\Session\Handlers\FileHandler' driver.
CRITICAL - 2024-07-27 04:36:54 --> Undefined variable $Data
in APPPATH\Views\pages\gallery.php on line 57.
 1 APPPATH\Views\pages\gallery.php(57): CodeIgniter\Debug\Exceptions->errorHandler(2, 'Undefined variable $Data', 'C:\\xampp\\htdocs\\oloogy\\backend\\app\\Views\\pages\\gallery.php', 57)
 2 SYSTEMPATH\View\View.php(224): include('C:\\xampp\\htdocs\\oloogy\\backend\\app\\Views\\pages\\gallery.php')
 3 SYSTEMPATH\View\View.php(227): CodeIgniter\View\View->CodeIgniter\View\{closure}()
 4 SYSTEMPATH\Common.php(1180): CodeIgniter\View\View->render('pages/gallery', [], true)
 5 APPPATH\Helpers\View_helper.php(7): view('pages/gallery', [...])
 6 APPPATH\Controllers\Gallery\GalleryController.php(28): renderPage('gallery', [...])
 7 SYSTEMPATH\CodeIgniter.php(932): Core\Controllers\Gallery\GalleryController->gallery()
 8 SYSTEMPATH\CodeIgniter.php(497): CodeIgniter\CodeIgniter->runController(Object(Core\Controllers\Gallery\GalleryController))
 9 SYSTEMPATH\CodeIgniter.php(366): CodeIgniter\CodeIgniter->handleRequest(null, Object(Config\Cache), false)
10 FCPATH\index.php(101): CodeIgniter\CodeIgniter->run()
INFO - 2024-07-27 04:38:40 --> Session: Class initialized using 'CodeIgniter\Session\Handlers\FileHandler' driver.
CRITICAL - 2024-07-27 04:38:40 --> Undefined variable $Data
in APPPATH\Views\pages\gallery.php on line 57.
 1 APPPATH\Views\pages\gallery.php(57): CodeIgniter\Debug\Exceptions->errorHandler(2, 'Undefined variable $Data', 'C:\\xampp\\htdocs\\oloogy\\backend\\app\\Views\\pages\\gallery.php', 57)
 2 SYSTEMPATH\View\View.php(224): include('C:\\xampp\\htdocs\\oloogy\\backend\\app\\Views\\pages\\gallery.php')
 3 SYSTEMPATH\View\View.php(227): CodeIgniter\View\View->CodeIgniter\View\{closure}()
 4 SYSTEMPATH\Common.php(1180): CodeIgniter\View\View->render('pages/gallery', [], true)
 5 APPPATH\Helpers\View_helper.php(7): view('pages/gallery', [...])
 6 APPPATH\Controllers\Gallery\GalleryController.php(28): renderPage('gallery', [...])
 7 SYSTEMPATH\CodeIgniter.php(932): Core\Controllers\Gallery\GalleryController->gallery()
 8 SYSTEMPATH\CodeIgniter.php(497): CodeIgniter\CodeIgniter->runController(Object(Core\Controllers\Gallery\GalleryController))
 9 SYSTEMPATH\CodeIgniter.php(366): CodeIgniter\CodeIgniter->handleRequest(null, Object(Config\Cache), false)
10 FCPATH\index.php(101): CodeIgniter\CodeIgniter->run()
INFO - 2024-07-27 04:39:04 --> Session: Class initialized using 'CodeIgniter\Session\Handlers\FileHandler' driver.
CRITICAL - 2024-07-27 04:39:04 --> Undefined variable $Data
in APPPATH\Views\pages\gallery.php on line 58.
 1 APPPATH\Views\pages\gallery.php(58): CodeIgniter\Debug\Exceptions->errorHandler(2, 'Undefined variable $Data', 'C:\\xampp\\htdocs\\oloogy\\backend\\app\\Views\\pages\\gallery.php', 58)
 2 SYSTEMPATH\View\View.php(224): include('C:\\xampp\\htdocs\\oloogy\\backend\\app\\Views\\pages\\gallery.php')
 3 SYSTEMPATH\View\View.php(227): CodeIgniter\View\View->CodeIgniter\View\{closure}()
 4 SYSTEMPATH\Common.php(1180): CodeIgniter\View\View->render('pages/gallery', [], true)
 5 APPPATH\Helpers\View_helper.php(7): view('pages/gallery', [...])
 6 APPPATH\Controllers\Gallery\GalleryController.php(28): renderPage('gallery')
 7 SYSTEMPATH\CodeIgniter.php(932): Core\Controllers\Gallery\GalleryController->gallery()
 8 SYSTEMPATH\CodeIgniter.php(497): CodeIgniter\CodeIgniter->runController(Object(Core\Controllers\Gallery\GalleryController))
 9 SYSTEMPATH\CodeIgniter.php(366): CodeIgniter\CodeIgniter->handleRequest(null, Object(Config\Cache), false)
10 FCPATH\index.php(101): CodeIgniter\CodeIgniter->run()
INFO - 2024-07-27 04:39:21 --> Session: Class initialized using 'CodeIgniter\Session\Handlers\FileHandler' driver.
INFO - 2024-07-27 04:39:52 --> Session: Class initialized using 'CodeIgniter\Session\Handlers\FileHandler' driver.
INFO - 2024-07-27 04:40:06 --> Session: Class initialized using 'CodeIgniter\Session\Handlers\FileHandler' driver.
INFO - 2024-07-27 04:41:12 --> Session: Class initialized using 'CodeIgniter\Session\Handlers\FileHandler' driver.
INFO - 2024-07-27 04:41:28 --> Session: Class initialized using 'CodeIgniter\Session\Handlers\FileHandler' driver.
INFO - 2024-07-27 04:44:31 --> Session: Class initialized using 'CodeIgniter\Session\Handlers\FileHandler' driver.
CRITICAL - 2024-07-27 04:44:31 --> Undefined variable $Data
in APPPATH\Views\pages\gallery.php on line 56.
 1 APPPATH\Views\pages\gallery.php(56): CodeIgniter\Debug\Exceptions->errorHandler(2, 'Undefined variable $Data', 'C:\\xampp\\htdocs\\oloogy\\backend\\app\\Views\\pages\\gallery.php', 56)
 2 SYSTEMPATH\View\View.php(224): include('C:\\xampp\\htdocs\\oloogy\\backend\\app\\Views\\pages\\gallery.php')
 3 SYSTEMPATH\View\View.php(227): CodeIgniter\View\View->CodeIgniter\View\{closure}()
 4 SYSTEMPATH\Common.php(1180): CodeIgniter\View\View->render('pages/gallery', [], true)
 5 APPPATH\Helpers\View_helper.php(7): view('pages/gallery', [...])
 6 APPPATH\Controllers\Gallery\GalleryController.php(28): renderPage('gallery', [...])
 7 SYSTEMPATH\CodeIgniter.php(932): Core\Controllers\Gallery\GalleryController->gallery()
 8 SYSTEMPATH\CodeIgniter.php(497): CodeIgniter\CodeIgniter->runController(Object(Core\Controllers\Gallery\GalleryController))
 9 SYSTEMPATH\CodeIgniter.php(366): CodeIgniter\CodeIgniter->handleRequest(null, Object(Config\Cache), false)
10 FCPATH\index.php(101): CodeIgniter\CodeIgniter->run()
INFO - 2024-07-27 04:45:21 --> Session: Class initialized using 'CodeIgniter\Session\Handlers\FileHandler' driver.
CRITICAL - 2024-07-27 04:45:21 --> Undefined variable $Data
in APPPATH\Views\pages\gallery.php on line 58.
 1 APPPATH\Views\pages\gallery.php(58): CodeIgniter\Debug\Exceptions->errorHandler(2, 'Undefined variable $Data', 'C:\\xampp\\htdocs\\oloogy\\backend\\app\\Views\\pages\\gallery.php', 58)
 2 SYSTEMPATH\View\View.php(224): include('C:\\xampp\\htdocs\\oloogy\\backend\\app\\Views\\pages\\gallery.php')
 3 SYSTEMPATH\View\View.php(227): CodeIgniter\View\View->CodeIgniter\View\{closure}()
 4 SYSTEMPATH\Common.php(1180): CodeIgniter\View\View->render('pages/gallery', [], true)
 5 APPPATH\Helpers\View_helper.php(7): view('pages/gallery', [...])
 6 APPPATH\Controllers\Gallery\GalleryController.php(28): renderPage('gallery', [...])
 7 SYSTEMPATH\CodeIgniter.php(932): Core\Controllers\Gallery\GalleryController->gallery()
 8 SYSTEMPATH\CodeIgniter.php(497): CodeIgniter\CodeIgniter->runController(Object(Core\Controllers\Gallery\GalleryController))
 9 SYSTEMPATH\CodeIgniter.php(366): CodeIgniter\CodeIgniter->handleRequest(null, Object(Config\Cache), false)
10 FCPATH\index.php(101): CodeIgniter\CodeIgniter->run()
INFO - 2024-07-27 04:47:06 --> Session: Class initialized using 'CodeIgniter\Session\Handlers\FileHandler' driver.
CRITICAL - 2024-07-27 04:47:06 --> Undefined variable $Data
in APPPATH\Views\pages\gallery.php on line 58.
 1 APPPATH\Views\pages\gallery.php(58): CodeIgniter\Debug\Exceptions->errorHandler(2, 'Undefined variable $Data', 'C:\\xampp\\htdocs\\oloogy\\backend\\app\\Views\\pages\\gallery.php', 58)
 2 SYSTEMPATH\View\View.php(224): include('C:\\xampp\\htdocs\\oloogy\\backend\\app\\Views\\pages\\gallery.php')
 3 SYSTEMPATH\View\View.php(227): CodeIgniter\View\View->CodeIgniter\View\{closure}()
 4 SYSTEMPATH\Common.php(1180): CodeIgniter\View\View->render('pages/gallery', [], true)
 5 APPPATH\Helpers\View_helper.php(7): view('pages/gallery', [...])
 6 APPPATH\Controllers\Gallery\GalleryController.php(28): renderPage('gallery')
 7 SYSTEMPATH\CodeIgniter.php(932): Core\Controllers\Gallery\GalleryController->gallery()
 8 SYSTEMPATH\CodeIgniter.php(497): CodeIgniter\CodeIgniter->runController(Object(Core\Controllers\Gallery\GalleryController))
 9 SYSTEMPATH\CodeIgniter.php(366): CodeIgniter\CodeIgniter->handleRequest(null, Object(Config\Cache), false)
10 FCPATH\index.php(101): CodeIgniter\CodeIgniter->run()
INFO - 2024-07-27 04:47:09 --> Session: Class initialized using 'CodeIgniter\Session\Handlers\FileHandler' driver.
CRITICAL - 2024-07-27 04:47:09 --> Undefined variable $Data
in APPPATH\Views\pages\gallery.php on line 58.
 1 APPPATH\Views\pages\gallery.php(58): CodeIgniter\Debug\Exceptions->errorHandler(2, 'Undefined variable $Data', 'C:\\xampp\\htdocs\\oloogy\\backend\\app\\Views\\pages\\gallery.php', 58)
 2 SYSTEMPATH\View\View.php(224): include('C:\\xampp\\htdocs\\oloogy\\backend\\app\\Views\\pages\\gallery.php')
 3 SYSTEMPATH\View\View.php(227): CodeIgniter\View\View->CodeIgniter\View\{closure}()
 4 SYSTEMPATH\Common.php(1180): CodeIgniter\View\View->render('pages/gallery', [], true)
 5 APPPATH\Helpers\View_helper.php(7): view('pages/gallery', [...])
 6 APPPATH\Controllers\Gallery\GalleryController.php(28): renderPage('gallery')
 7 SYSTEMPATH\CodeIgniter.php(932): Core\Controllers\Gallery\GalleryController->gallery()
 8 SYSTEMPATH\CodeIgniter.php(497): CodeIgniter\CodeIgniter->runController(Object(Core\Controllers\Gallery\GalleryController))
 9 SYSTEMPATH\CodeIgniter.php(366): CodeIgniter\CodeIgniter->handleRequest(null, Object(Config\Cache), false)
10 FCPATH\index.php(101): CodeIgniter\CodeIgniter->run()
INFO - 2024-07-27 04:47:37 --> Session: Class initialized using 'CodeIgniter\Session\Handlers\FileHandler' driver.
INFO - 2024-07-27 05:34:04 --> Session: Class initialized using 'CodeIgniter\Session\Handlers\FileHandler' driver.
INFO - 2024-07-27 08:40:35 --> Session: Class initialized using 'CodeIgniter\Session\Handlers\FileHandler' driver.
INFO - 2024-07-27 09:28:30 --> Session: Class initialized using 'CodeIgniter\Session\Handlers\FileHandler' driver.
INFO - 2024-07-27 09:30:58 --> Session: Class initialized using 'CodeIgniter\Session\Handlers\FileHandler' driver.
INFO - 2024-07-27 09:31:10 --> Session: Class initialized using 'CodeIgniter\Session\Handlers\FileHandler' driver.
INFO - 2024-07-27 09:31:12 --> Session: Class initialized using 'CodeIgniter\Session\Handlers\FileHandler' driver.
INFO - 2024-07-27 09:31:31 --> Session: Class initialized using 'CodeIgniter\Session\Handlers\FileHandler' driver.
INFO - 2024-07-27 09:32:07 --> Session: Class initialized using 'CodeIgniter\Session\Handlers\FileHandler' driver.
INFO - 2024-07-27 09:32:15 --> Session: Class initialized using 'CodeIgniter\Session\Handlers\FileHandler' driver.
INFO - 2024-07-27 09:36:52 --> Session: Class initialized using 'CodeIgniter\Session\Handlers\FileHandler' driver.
