INFO - 2024-06-19 04:42:42 --> Session: Class initialized using 'CodeIgniter\Session\Handlers\FileHandler' driver.
CRITICAL - 2024-06-19 04:42:43 --> Undefined array key "member_fk_id"
in APPPATH\Controllers\Become_a_member.php on line 49.
 1 APPPATH\Controllers\Become_a_member.php(49): CodeIgniter\Debug\Exceptions->errorHandler(2, 'Undefined array key "member_fk_id"', 'C:\\xampp\\htdocs\\iaoi\\iaoi_full\\backend\\app\\Controllers\\Become_a_member.php', 49)
 2 SYSTEMPATH\CodeIgniter.php(932): Core\Controllers\Become_a_member->profile()
 3 SYSTEMPATH\CodeIgniter.php(497): CodeIgniter\CodeIgniter->runController(Object(Core\Controllers\Become_a_member))
 4 SYSTEMPATH\CodeIgniter.php(366): CodeIgniter\CodeIgniter->handleRequest(null, Object(Config\Cache), false)
 5 FCPATH\index.php(101): CodeIgniter\CodeIgniter->run()
INFO - 2024-06-19 04:45:48 --> Session: Class initialized using 'CodeIgniter\Session\Handlers\FileHandler' driver.
CRITICAL - 2024-06-19 04:45:49 --> Undefined array key "member_fk_id"
in APPPATH\Controllers\Become_a_member.php on line 49.
 1 APPPATH\Controllers\Become_a_member.php(49): CodeIgniter\Debug\Exceptions->errorHandler(2, 'Undefined array key "member_fk_id"', 'C:\\xampp\\htdocs\\iaoi\\iaoi_full\\backend\\app\\Controllers\\Become_a_member.php', 49)
 2 SYSTEMPATH\CodeIgniter.php(932): Core\Controllers\Become_a_member->profile()
 3 SYSTEMPATH\CodeIgniter.php(497): CodeIgniter\CodeIgniter->runController(Object(Core\Controllers\Become_a_member))
 4 SYSTEMPATH\CodeIgniter.php(366): CodeIgniter\CodeIgniter->handleRequest(null, Object(Config\Cache), false)
 5 FCPATH\index.php(101): CodeIgniter\CodeIgniter->run()
INFO - 2024-06-19 04:45:51 --> Session: Class initialized using 'CodeIgniter\Session\Handlers\FileHandler' driver.
CRITICAL - 2024-06-19 04:45:51 --> Class "App\Infrastructure\Persistence\Events\SQLEvent_locationRepository" not found
in APPPATH\Libraries\EmailConetentGenerator.php on line 24.
 1 APPPATH\Controllers\EmailController.php(21): Core\Libraries\EmailConetentGenerator->__construct()
 2 SYSTEMPATH\CodeIgniter.php(904): Core\Controllers\EmailController->__construct()
 3 SYSTEMPATH\CodeIgniter.php(488): CodeIgniter\CodeIgniter->createController()
 4 SYSTEMPATH\CodeIgniter.php(366): CodeIgniter\CodeIgniter->handleRequest(null, Object(Config\Cache), false)
 5 FCPATH\index.php(101): CodeIgniter\CodeIgniter->run()
INFO - 2024-06-19 04:47:40 --> Session: Class initialized using 'CodeIgniter\Session\Handlers\FileHandler' driver.
CRITICAL - 2024-06-19 04:47:40 --> Class "App\Infrastructure\Persistence\Alliance\SQLAlliance_partnerRepository" not found
in APPPATH\Libraries\EmailConetentGenerator.php on line 25.
 1 APPPATH\Controllers\EmailController.php(21): Core\Libraries\EmailConetentGenerator->__construct()
 2 SYSTEMPATH\CodeIgniter.php(904): Core\Controllers\EmailController->__construct()
 3 SYSTEMPATH\CodeIgniter.php(488): CodeIgniter\CodeIgniter->createController()
 4 SYSTEMPATH\CodeIgniter.php(366): CodeIgniter\CodeIgniter->handleRequest(null, Object(Config\Cache), false)
 5 FCPATH\index.php(101): CodeIgniter\CodeIgniter->run()
INFO - 2024-06-19 04:49:28 --> Session: Class initialized using 'CodeIgniter\Session\Handlers\FileHandler' driver.
CRITICAL - 2024-06-19 04:49:28 --> Class "App\Infrastructure\Persistence\Events\SQLEvent_locationRepository" not found
in APPPATH\Libraries\EmailConetentGenerator.php on line 24.
 1 APPPATH\Controllers\EmailController.php(20): Core\Libraries\EmailConetentGenerator->__construct()
 2 SYSTEMPATH\CodeIgniter.php(904): Core\Controllers\EmailController->__construct()
 3 SYSTEMPATH\CodeIgniter.php(488): CodeIgniter\CodeIgniter->createController()
 4 SYSTEMPATH\CodeIgniter.php(366): CodeIgniter\CodeIgniter->handleRequest(null, Object(Config\Cache), false)
 5 FCPATH\index.php(101): CodeIgniter\CodeIgniter->run()
INFO - 2024-06-19 04:49:30 --> Session: Class initialized using 'CodeIgniter\Session\Handlers\FileHandler' driver.
CRITICAL - 2024-06-19 04:49:30 --> Class "App\Infrastructure\Persistence\Events\SQLEvent_locationRepository" not found
in APPPATH\Libraries\EmailConetentGenerator.php on line 24.
 1 APPPATH\Controllers\EmailController.php(20): Core\Libraries\EmailConetentGenerator->__construct()
 2 SYSTEMPATH\CodeIgniter.php(904): Core\Controllers\EmailController->__construct()
 3 SYSTEMPATH\CodeIgniter.php(488): CodeIgniter\CodeIgniter->createController()
 4 SYSTEMPATH\CodeIgniter.php(366): CodeIgniter\CodeIgniter->handleRequest(null, Object(Config\Cache), false)
 5 FCPATH\index.php(101): CodeIgniter\CodeIgniter->run()
INFO - 2024-06-19 04:50:08 --> Session: Class initialized using 'CodeIgniter\Session\Handlers\FileHandler' driver.
CRITICAL - 2024-06-19 04:50:08 --> Class "App\Infrastructure\Persistence\Events\SQLEvent_locationRepository" not found
in APPPATH\Libraries\EmailConetentGenerator.php on line 24.
 1 APPPATH\Controllers\EmailController.php(20): Core\Libraries\EmailConetentGenerator->__construct()
 2 SYSTEMPATH\CodeIgniter.php(904): Core\Controllers\EmailController->__construct()
 3 SYSTEMPATH\CodeIgniter.php(488): CodeIgniter\CodeIgniter->createController()
 4 SYSTEMPATH\CodeIgniter.php(366): CodeIgniter\CodeIgniter->handleRequest(null, Object(Config\Cache), false)
 5 FCPATH\index.php(101): CodeIgniter\CodeIgniter->run()
INFO - 2024-06-19 04:50:09 --> Session: Class initialized using 'CodeIgniter\Session\Handlers\FileHandler' driver.
CRITICAL - 2024-06-19 04:50:09 --> Class "App\Infrastructure\Persistence\Events\SQLEvent_locationRepository" not found
in APPPATH\Libraries\EmailConetentGenerator.php on line 24.
 1 APPPATH\Controllers\EmailController.php(20): Core\Libraries\EmailConetentGenerator->__construct()
 2 SYSTEMPATH\CodeIgniter.php(904): Core\Controllers\EmailController->__construct()
 3 SYSTEMPATH\CodeIgniter.php(488): CodeIgniter\CodeIgniter->createController()
 4 SYSTEMPATH\CodeIgniter.php(366): CodeIgniter\CodeIgniter->handleRequest(null, Object(Config\Cache), false)
 5 FCPATH\index.php(101): CodeIgniter\CodeIgniter->run()
INFO - 2024-06-19 04:50:25 --> Session: Class initialized using 'CodeIgniter\Session\Handlers\FileHandler' driver.
CRITICAL - 2024-06-19 04:50:25 --> Class "App\Infrastructure\Persistence\Events\SQLEvent_locationRepository" not found
in APPPATH\Libraries\EmailConetentGenerator.php on line 24.
 1 APPPATH\Controllers\EmailController.php(20): Core\Libraries\EmailConetentGenerator->__construct()
 2 SYSTEMPATH\CodeIgniter.php(904): Core\Controllers\EmailController->__construct()
 3 SYSTEMPATH\CodeIgniter.php(488): CodeIgniter\CodeIgniter->createController()
 4 SYSTEMPATH\CodeIgniter.php(366): CodeIgniter\CodeIgniter->handleRequest(null, Object(Config\Cache), false)
 5 FCPATH\index.php(101): CodeIgniter\CodeIgniter->run()
INFO - 2024-06-19 04:50:25 --> Session: Class initialized using 'CodeIgniter\Session\Handlers\FileHandler' driver.
CRITICAL - 2024-06-19 04:50:25 --> Class "App\Infrastructure\Persistence\Events\SQLEvent_locationRepository" not found
in APPPATH\Libraries\EmailConetentGenerator.php on line 24.
 1 APPPATH\Controllers\EmailController.php(20): Core\Libraries\EmailConetentGenerator->__construct()
 2 SYSTEMPATH\CodeIgniter.php(904): Core\Controllers\EmailController->__construct()
 3 SYSTEMPATH\CodeIgniter.php(488): CodeIgniter\CodeIgniter->createController()
 4 SYSTEMPATH\CodeIgniter.php(366): CodeIgniter\CodeIgniter->handleRequest(null, Object(Config\Cache), false)
 5 FCPATH\index.php(101): CodeIgniter\CodeIgniter->run()
INFO - 2024-06-19 04:50:26 --> Session: Class initialized using 'CodeIgniter\Session\Handlers\FileHandler' driver.
CRITICAL - 2024-06-19 04:50:26 --> Class "App\Infrastructure\Persistence\Events\SQLEvent_locationRepository" not found
in APPPATH\Libraries\EmailConetentGenerator.php on line 24.
 1 APPPATH\Controllers\EmailController.php(20): Core\Libraries\EmailConetentGenerator->__construct()
 2 SYSTEMPATH\CodeIgniter.php(904): Core\Controllers\EmailController->__construct()
 3 SYSTEMPATH\CodeIgniter.php(488): CodeIgniter\CodeIgniter->createController()
 4 SYSTEMPATH\CodeIgniter.php(366): CodeIgniter\CodeIgniter->handleRequest(null, Object(Config\Cache), false)
 5 FCPATH\index.php(101): CodeIgniter\CodeIgniter->run()
INFO - 2024-06-19 04:51:28 --> Session: Class initialized using 'CodeIgniter\Session\Handlers\FileHandler' driver.
CRITICAL - 2024-06-19 04:51:28 --> Class "App\Infrastructure\Persistence\Events\SQLEvent_locationRepository" not found
in APPPATH\Libraries\EmailConetentGenerator.php on line 24.
 1 APPPATH\Controllers\EmailController.php(20): Core\Libraries\EmailConetentGenerator->__construct()
 2 SYSTEMPATH\CodeIgniter.php(904): Core\Controllers\EmailController->__construct()
 3 SYSTEMPATH\CodeIgniter.php(488): CodeIgniter\CodeIgniter->createController()
 4 SYSTEMPATH\CodeIgniter.php(366): CodeIgniter\CodeIgniter->handleRequest(null, Object(Config\Cache), false)
 5 FCPATH\index.php(101): CodeIgniter\CodeIgniter->run()
INFO - 2024-06-19 04:51:29 --> Session: Class initialized using 'CodeIgniter\Session\Handlers\FileHandler' driver.
CRITICAL - 2024-06-19 04:51:29 --> Class "App\Infrastructure\Persistence\Events\SQLEvent_locationRepository" not found
in APPPATH\Libraries\EmailConetentGenerator.php on line 24.
 1 APPPATH\Controllers\EmailController.php(20): Core\Libraries\EmailConetentGenerator->__construct()
 2 SYSTEMPATH\CodeIgniter.php(904): Core\Controllers\EmailController->__construct()
 3 SYSTEMPATH\CodeIgniter.php(488): CodeIgniter\CodeIgniter->createController()
 4 SYSTEMPATH\CodeIgniter.php(366): CodeIgniter\CodeIgniter->handleRequest(null, Object(Config\Cache), false)
 5 FCPATH\index.php(101): CodeIgniter\CodeIgniter->run()
INFO - 2024-06-19 04:51:30 --> Session: Class initialized using 'CodeIgniter\Session\Handlers\FileHandler' driver.
CRITICAL - 2024-06-19 04:51:30 --> Class "App\Infrastructure\Persistence\Events\SQLEvent_locationRepository" not found
in APPPATH\Libraries\EmailConetentGenerator.php on line 24.
 1 APPPATH\Controllers\EmailController.php(20): Core\Libraries\EmailConetentGenerator->__construct()
 2 SYSTEMPATH\CodeIgniter.php(904): Core\Controllers\EmailController->__construct()
 3 SYSTEMPATH\CodeIgniter.php(488): CodeIgniter\CodeIgniter->createController()
 4 SYSTEMPATH\CodeIgniter.php(366): CodeIgniter\CodeIgniter->handleRequest(null, Object(Config\Cache), false)
 5 FCPATH\index.php(101): CodeIgniter\CodeIgniter->run()
INFO - 2024-06-19 04:53:09 --> Session: Class initialized using 'CodeIgniter\Session\Handlers\FileHandler' driver.
CRITICAL - 2024-06-19 04:53:09 --> Class "App\Infrastructure\Persistence\Events\SQLEvent_locationRepository" not found
in APPPATH\Libraries\EmailConetentGenerator.php on line 24.
 1 APPPATH\Controllers\EmailController.php(20): Core\Libraries\EmailConetentGenerator->__construct()
 2 SYSTEMPATH\CodeIgniter.php(904): Core\Controllers\EmailController->__construct()
 3 SYSTEMPATH\CodeIgniter.php(488): CodeIgniter\CodeIgniter->createController()
 4 SYSTEMPATH\CodeIgniter.php(366): CodeIgniter\CodeIgniter->handleRequest(null, Object(Config\Cache), false)
 5 FCPATH\index.php(101): CodeIgniter\CodeIgniter->run()
INFO - 2024-06-19 04:53:10 --> Session: Class initialized using 'CodeIgniter\Session\Handlers\FileHandler' driver.
CRITICAL - 2024-06-19 04:53:10 --> Class "App\Infrastructure\Persistence\Events\SQLEvent_locationRepository" not found
in APPPATH\Libraries\EmailConetentGenerator.php on line 24.
 1 APPPATH\Controllers\EmailController.php(20): Core\Libraries\EmailConetentGenerator->__construct()
 2 SYSTEMPATH\CodeIgniter.php(904): Core\Controllers\EmailController->__construct()
 3 SYSTEMPATH\CodeIgniter.php(488): CodeIgniter\CodeIgniter->createController()
 4 SYSTEMPATH\CodeIgniter.php(366): CodeIgniter\CodeIgniter->handleRequest(null, Object(Config\Cache), false)
 5 FCPATH\index.php(101): CodeIgniter\CodeIgniter->run()
INFO - 2024-06-19 04:53:10 --> Session: Class initialized using 'CodeIgniter\Session\Handlers\FileHandler' driver.
CRITICAL - 2024-06-19 04:53:10 --> Class "App\Infrastructure\Persistence\Events\SQLEvent_locationRepository" not found
in APPPATH\Libraries\EmailConetentGenerator.php on line 24.
 1 APPPATH\Controllers\EmailController.php(20): Core\Libraries\EmailConetentGenerator->__construct()
 2 SYSTEMPATH\CodeIgniter.php(904): Core\Controllers\EmailController->__construct()
 3 SYSTEMPATH\CodeIgniter.php(488): CodeIgniter\CodeIgniter->createController()
 4 SYSTEMPATH\CodeIgniter.php(366): CodeIgniter\CodeIgniter->handleRequest(null, Object(Config\Cache), false)
 5 FCPATH\index.php(101): CodeIgniter\CodeIgniter->run()
INFO - 2024-06-19 04:53:10 --> Session: Class initialized using 'CodeIgniter\Session\Handlers\FileHandler' driver.
CRITICAL - 2024-06-19 04:53:10 --> Class "App\Infrastructure\Persistence\Events\SQLEvent_locationRepository" not found
in APPPATH\Libraries\EmailConetentGenerator.php on line 24.
 1 APPPATH\Controllers\EmailController.php(20): Core\Libraries\EmailConetentGenerator->__construct()
 2 SYSTEMPATH\CodeIgniter.php(904): Core\Controllers\EmailController->__construct()
 3 SYSTEMPATH\CodeIgniter.php(488): CodeIgniter\CodeIgniter->createController()
 4 SYSTEMPATH\CodeIgniter.php(366): CodeIgniter\CodeIgniter->handleRequest(null, Object(Config\Cache), false)
 5 FCPATH\index.php(101): CodeIgniter\CodeIgniter->run()
INFO - 2024-06-19 04:53:10 --> Session: Class initialized using 'CodeIgniter\Session\Handlers\FileHandler' driver.
CRITICAL - 2024-06-19 04:53:10 --> Class "App\Infrastructure\Persistence\Events\SQLEvent_locationRepository" not found
in APPPATH\Libraries\EmailConetentGenerator.php on line 24.
 1 APPPATH\Controllers\EmailController.php(20): Core\Libraries\EmailConetentGenerator->__construct()
 2 SYSTEMPATH\CodeIgniter.php(904): Core\Controllers\EmailController->__construct()
 3 SYSTEMPATH\CodeIgniter.php(488): CodeIgniter\CodeIgniter->createController()
 4 SYSTEMPATH\CodeIgniter.php(366): CodeIgniter\CodeIgniter->handleRequest(null, Object(Config\Cache), false)
 5 FCPATH\index.php(101): CodeIgniter\CodeIgniter->run()
INFO - 2024-06-19 04:56:52 --> Session: Class initialized using 'CodeIgniter\Session\Handlers\FileHandler' driver.
CRITICAL - 2024-06-19 04:56:52 --> Class "Core\Libraries\Services" not found
in APPPATH\Libraries\EmailConetentGenerator.php on line 22.
 1 APPPATH\Controllers\EmailController.php(20): Core\Libraries\EmailConetentGenerator->__construct()
 2 SYSTEMPATH\CodeIgniter.php(904): Core\Controllers\EmailController->__construct()
 3 SYSTEMPATH\CodeIgniter.php(488): CodeIgniter\CodeIgniter->createController()
 4 SYSTEMPATH\CodeIgniter.php(366): CodeIgniter\CodeIgniter->handleRequest(null, Object(Config\Cache), false)
 5 FCPATH\index.php(101): CodeIgniter\CodeIgniter->run()
INFO - 2024-06-19 04:56:53 --> Session: Class initialized using 'CodeIgniter\Session\Handlers\FileHandler' driver.
CRITICAL - 2024-06-19 04:56:53 --> Class "Core\Libraries\Services" not found
in APPPATH\Libraries\EmailConetentGenerator.php on line 22.
 1 APPPATH\Controllers\EmailController.php(20): Core\Libraries\EmailConetentGenerator->__construct()
 2 SYSTEMPATH\CodeIgniter.php(904): Core\Controllers\EmailController->__construct()
 3 SYSTEMPATH\CodeIgniter.php(488): CodeIgniter\CodeIgniter->createController()
 4 SYSTEMPATH\CodeIgniter.php(366): CodeIgniter\CodeIgniter->handleRequest(null, Object(Config\Cache), false)
 5 FCPATH\index.php(101): CodeIgniter\CodeIgniter->run()
INFO - 2024-06-19 04:57:02 --> Session: Class initialized using 'CodeIgniter\Session\Handlers\FileHandler' driver.
CRITICAL - 2024-06-19 04:57:02 --> Class "App\Infrastructure\Persistence\Events\SQLEvent_locationRepository" not found
in APPPATH\Libraries\EmailConetentGenerator.php on line 23.
 1 APPPATH\Controllers\EmailController.php(20): Core\Libraries\EmailConetentGenerator->__construct()
 2 SYSTEMPATH\CodeIgniter.php(904): Core\Controllers\EmailController->__construct()
 3 SYSTEMPATH\CodeIgniter.php(488): CodeIgniter\CodeIgniter->createController()
 4 SYSTEMPATH\CodeIgniter.php(366): CodeIgniter\CodeIgniter->handleRequest(null, Object(Config\Cache), false)
 5 FCPATH\index.php(101): CodeIgniter\CodeIgniter->run()
INFO - 2024-06-19 04:57:03 --> Session: Class initialized using 'CodeIgniter\Session\Handlers\FileHandler' driver.
CRITICAL - 2024-06-19 04:57:03 --> Class "App\Infrastructure\Persistence\Events\SQLEvent_locationRepository" not found
in APPPATH\Libraries\EmailConetentGenerator.php on line 23.
 1 APPPATH\Controllers\EmailController.php(20): Core\Libraries\EmailConetentGenerator->__construct()
 2 SYSTEMPATH\CodeIgniter.php(904): Core\Controllers\EmailController->__construct()
 3 SYSTEMPATH\CodeIgniter.php(488): CodeIgniter\CodeIgniter->createController()
 4 SYSTEMPATH\CodeIgniter.php(366): CodeIgniter\CodeIgniter->handleRequest(null, Object(Config\Cache), false)
 5 FCPATH\index.php(101): CodeIgniter\CodeIgniter->run()
INFO - 2024-06-19 04:59:06 --> Session: Class initialized using 'CodeIgniter\Session\Handlers\FileHandler' driver.
INFO - 2024-06-19 04:59:45 --> Session: Class initialized using 'CodeIgniter\Session\Handlers\FileHandler' driver.
CRITICAL - 2024-06-19 04:59:45 --> Class "App\Infrastructure\Persistence\Events\SQLEvent_locationRepository" not found
in APPPATH\Libraries\EmailConetentGenerator.php on line 24.
 1 APPPATH\Controllers\EmailController.php(18): Core\Libraries\EmailConetentGenerator->__construct()
 2 SYSTEMPATH\CodeIgniter.php(904): Core\Controllers\EmailController->__construct()
 3 SYSTEMPATH\CodeIgniter.php(488): CodeIgniter\CodeIgniter->createController()
 4 SYSTEMPATH\CodeIgniter.php(366): CodeIgniter\CodeIgniter->handleRequest(null, Object(Config\Cache), false)
 5 FCPATH\index.php(101): CodeIgniter\CodeIgniter->run()
INFO - 2024-06-19 04:59:48 --> Session: Class initialized using 'CodeIgniter\Session\Handlers\FileHandler' driver.
CRITICAL - 2024-06-19 04:59:48 --> Class "App\Infrastructure\Persistence\Events\SQLEvent_locationRepository" not found
in APPPATH\Libraries\EmailConetentGenerator.php on line 24.
 1 APPPATH\Controllers\EmailController.php(18): Core\Libraries\EmailConetentGenerator->__construct()
 2 SYSTEMPATH\CodeIgniter.php(904): Core\Controllers\EmailController->__construct()
 3 SYSTEMPATH\CodeIgniter.php(488): CodeIgniter\CodeIgniter->createController()
 4 SYSTEMPATH\CodeIgniter.php(366): CodeIgniter\CodeIgniter->handleRequest(null, Object(Config\Cache), false)
 5 FCPATH\index.php(101): CodeIgniter\CodeIgniter->run()
INFO - 2024-06-19 04:59:49 --> Session: Class initialized using 'CodeIgniter\Session\Handlers\FileHandler' driver.
CRITICAL - 2024-06-19 04:59:49 --> Class "App\Infrastructure\Persistence\Events\SQLEvent_locationRepository" not found
in APPPATH\Libraries\EmailConetentGenerator.php on line 24.
 1 APPPATH\Controllers\EmailController.php(18): Core\Libraries\EmailConetentGenerator->__construct()
 2 SYSTEMPATH\CodeIgniter.php(904): Core\Controllers\EmailController->__construct()
 3 SYSTEMPATH\CodeIgniter.php(488): CodeIgniter\CodeIgniter->createController()
 4 SYSTEMPATH\CodeIgniter.php(366): CodeIgniter\CodeIgniter->handleRequest(null, Object(Config\Cache), false)
 5 FCPATH\index.php(101): CodeIgniter\CodeIgniter->run()
INFO - 2024-06-19 05:00:24 --> Session: Class initialized using 'CodeIgniter\Session\Handlers\FileHandler' driver.
CRITICAL - 2024-06-19 05:00:24 --> Class "App\Infrastructure\Persistence\Events\SQLEvent_locationRepository" not found
in APPPATH\Libraries\EmailConetentGenerator.php on line 24.
 1 APPPATH\Controllers\EmailController.php(18): Core\Libraries\EmailConetentGenerator->__construct()
 2 SYSTEMPATH\CodeIgniter.php(904): Core\Controllers\EmailController->__construct()
 3 SYSTEMPATH\CodeIgniter.php(488): CodeIgniter\CodeIgniter->createController()
 4 SYSTEMPATH\CodeIgniter.php(366): CodeIgniter\CodeIgniter->handleRequest(null, Object(Config\Cache), false)
 5 FCPATH\index.php(101): CodeIgniter\CodeIgniter->run()
INFO - 2024-06-19 05:00:25 --> Session: Class initialized using 'CodeIgniter\Session\Handlers\FileHandler' driver.
CRITICAL - 2024-06-19 05:00:25 --> Class "App\Infrastructure\Persistence\Events\SQLEvent_locationRepository" not found
in APPPATH\Libraries\EmailConetentGenerator.php on line 24.
 1 APPPATH\Controllers\EmailController.php(18): Core\Libraries\EmailConetentGenerator->__construct()
 2 SYSTEMPATH\CodeIgniter.php(904): Core\Controllers\EmailController->__construct()
 3 SYSTEMPATH\CodeIgniter.php(488): CodeIgniter\CodeIgniter->createController()
 4 SYSTEMPATH\CodeIgniter.php(366): CodeIgniter\CodeIgniter->handleRequest(null, Object(Config\Cache), false)
 5 FCPATH\index.php(101): CodeIgniter\CodeIgniter->run()
INFO - 2024-06-19 05:00:25 --> Session: Class initialized using 'CodeIgniter\Session\Handlers\FileHandler' driver.
CRITICAL - 2024-06-19 05:00:25 --> Class "App\Infrastructure\Persistence\Events\SQLEvent_locationRepository" not found
in APPPATH\Libraries\EmailConetentGenerator.php on line 24.
 1 APPPATH\Controllers\EmailController.php(18): Core\Libraries\EmailConetentGenerator->__construct()
 2 SYSTEMPATH\CodeIgniter.php(904): Core\Controllers\EmailController->__construct()
 3 SYSTEMPATH\CodeIgniter.php(488): CodeIgniter\CodeIgniter->createController()
 4 SYSTEMPATH\CodeIgniter.php(366): CodeIgniter\CodeIgniter->handleRequest(null, Object(Config\Cache), false)
 5 FCPATH\index.php(101): CodeIgniter\CodeIgniter->run()
INFO - 2024-06-19 05:00:25 --> Session: Class initialized using 'CodeIgniter\Session\Handlers\FileHandler' driver.
CRITICAL - 2024-06-19 05:00:26 --> Class "App\Infrastructure\Persistence\Events\SQLEvent_locationRepository" not found
in APPPATH\Libraries\EmailConetentGenerator.php on line 24.
 1 APPPATH\Controllers\EmailController.php(18): Core\Libraries\EmailConetentGenerator->__construct()
 2 SYSTEMPATH\CodeIgniter.php(904): Core\Controllers\EmailController->__construct()
 3 SYSTEMPATH\CodeIgniter.php(488): CodeIgniter\CodeIgniter->createController()
 4 SYSTEMPATH\CodeIgniter.php(366): CodeIgniter\CodeIgniter->handleRequest(null, Object(Config\Cache), false)
 5 FCPATH\index.php(101): CodeIgniter\CodeIgniter->run()
INFO - 2024-06-19 05:00:26 --> Session: Class initialized using 'CodeIgniter\Session\Handlers\FileHandler' driver.
CRITICAL - 2024-06-19 05:00:26 --> Class "App\Infrastructure\Persistence\Events\SQLEvent_locationRepository" not found
in APPPATH\Libraries\EmailConetentGenerator.php on line 24.
 1 APPPATH\Controllers\EmailController.php(18): Core\Libraries\EmailConetentGenerator->__construct()
 2 SYSTEMPATH\CodeIgniter.php(904): Core\Controllers\EmailController->__construct()
 3 SYSTEMPATH\CodeIgniter.php(488): CodeIgniter\CodeIgniter->createController()
 4 SYSTEMPATH\CodeIgniter.php(366): CodeIgniter\CodeIgniter->handleRequest(null, Object(Config\Cache), false)
 5 FCPATH\index.php(101): CodeIgniter\CodeIgniter->run()
INFO - 2024-06-19 05:00:26 --> Session: Class initialized using 'CodeIgniter\Session\Handlers\FileHandler' driver.
CRITICAL - 2024-06-19 05:00:26 --> Class "App\Infrastructure\Persistence\Events\SQLEvent_locationRepository" not found
in APPPATH\Libraries\EmailConetentGenerator.php on line 24.
 1 APPPATH\Controllers\EmailController.php(18): Core\Libraries\EmailConetentGenerator->__construct()
 2 SYSTEMPATH\CodeIgniter.php(904): Core\Controllers\EmailController->__construct()
 3 SYSTEMPATH\CodeIgniter.php(488): CodeIgniter\CodeIgniter->createController()
 4 SYSTEMPATH\CodeIgniter.php(366): CodeIgniter\CodeIgniter->handleRequest(null, Object(Config\Cache), false)
 5 FCPATH\index.php(101): CodeIgniter\CodeIgniter->run()
INFO - 2024-06-19 05:00:26 --> Session: Class initialized using 'CodeIgniter\Session\Handlers\FileHandler' driver.
CRITICAL - 2024-06-19 05:00:26 --> Class "App\Infrastructure\Persistence\Events\SQLEvent_locationRepository" not found
in APPPATH\Libraries\EmailConetentGenerator.php on line 24.
 1 APPPATH\Controllers\EmailController.php(18): Core\Libraries\EmailConetentGenerator->__construct()
 2 SYSTEMPATH\CodeIgniter.php(904): Core\Controllers\EmailController->__construct()
 3 SYSTEMPATH\CodeIgniter.php(488): CodeIgniter\CodeIgniter->createController()
 4 SYSTEMPATH\CodeIgniter.php(366): CodeIgniter\CodeIgniter->handleRequest(null, Object(Config\Cache), false)
 5 FCPATH\index.php(101): CodeIgniter\CodeIgniter->run()
INFO - 2024-06-19 05:00:27 --> Session: Class initialized using 'CodeIgniter\Session\Handlers\FileHandler' driver.
CRITICAL - 2024-06-19 05:00:27 --> Class "App\Infrastructure\Persistence\Events\SQLEvent_locationRepository" not found
in APPPATH\Libraries\EmailConetentGenerator.php on line 24.
 1 APPPATH\Controllers\EmailController.php(18): Core\Libraries\EmailConetentGenerator->__construct()
 2 SYSTEMPATH\CodeIgniter.php(904): Core\Controllers\EmailController->__construct()
 3 SYSTEMPATH\CodeIgniter.php(488): CodeIgniter\CodeIgniter->createController()
 4 SYSTEMPATH\CodeIgniter.php(366): CodeIgniter\CodeIgniter->handleRequest(null, Object(Config\Cache), false)
 5 FCPATH\index.php(101): CodeIgniter\CodeIgniter->run()
INFO - 2024-06-19 05:00:50 --> Session: Class initialized using 'CodeIgniter\Session\Handlers\FileHandler' driver.
CRITICAL - 2024-06-19 05:00:50 --> Class "App\Infrastructure\Persistence\Events\SQLEvent_locationRepository" not found
in APPPATH\Libraries\EmailConetentGenerator.php on line 24.
 1 APPPATH\Controllers\EmailController.php(20): Core\Libraries\EmailConetentGenerator->__construct()
 2 SYSTEMPATH\CodeIgniter.php(904): Core\Controllers\EmailController->__construct()
 3 SYSTEMPATH\CodeIgniter.php(488): CodeIgniter\CodeIgniter->createController()
 4 SYSTEMPATH\CodeIgniter.php(366): CodeIgniter\CodeIgniter->handleRequest(null, Object(Config\Cache), false)
 5 FCPATH\index.php(101): CodeIgniter\CodeIgniter->run()
INFO - 2024-06-19 05:00:58 --> Session: Class initialized using 'CodeIgniter\Session\Handlers\FileHandler' driver.
INFO - 2024-06-19 05:01:03 --> Session: Class initialized using 'CodeIgniter\Session\Handlers\FileHandler' driver.
INFO - 2024-06-19 05:01:06 --> Session: Class initialized using 'CodeIgniter\Session\Handlers\FileHandler' driver.
INFO - 2024-06-19 05:01:34 --> Session: Class initialized using 'CodeIgniter\Session\Handlers\FileHandler' driver.
INFO - 2024-06-19 05:02:43 --> Session: Class initialized using 'CodeIgniter\Session\Handlers\FileHandler' driver.
CRITICAL - 2024-06-19 05:02:43 --> Class "App\Infrastructure\Persistence\Events\SQLEvent_locationRepository" not found
in APPPATH\Libraries\EmailConetentGenerator.php on line 24.
 1 APPPATH\Controllers\EmailController.php(20): Core\Libraries\EmailConetentGenerator->__construct()
 2 SYSTEMPATH\CodeIgniter.php(904): Core\Controllers\EmailController->__construct()
 3 SYSTEMPATH\CodeIgniter.php(488): CodeIgniter\CodeIgniter->createController()
 4 SYSTEMPATH\CodeIgniter.php(366): CodeIgniter\CodeIgniter->handleRequest(null, Object(Config\Cache), false)
 5 FCPATH\index.php(101): CodeIgniter\CodeIgniter->run()
INFO - 2024-06-19 05:02:46 --> Session: Class initialized using 'CodeIgniter\Session\Handlers\FileHandler' driver.
CRITICAL - 2024-06-19 05:02:46 --> Class "App\Infrastructure\Persistence\Events\SQLEvent_locationRepository" not found
in APPPATH\Libraries\EmailConetentGenerator.php on line 24.
 1 APPPATH\Controllers\EmailController.php(20): Core\Libraries\EmailConetentGenerator->__construct()
 2 SYSTEMPATH\CodeIgniter.php(904): Core\Controllers\EmailController->__construct()
 3 SYSTEMPATH\CodeIgniter.php(488): CodeIgniter\CodeIgniter->createController()
 4 SYSTEMPATH\CodeIgniter.php(366): CodeIgniter\CodeIgniter->handleRequest(null, Object(Config\Cache), false)
 5 FCPATH\index.php(101): CodeIgniter\CodeIgniter->run()
INFO - 2024-06-19 05:02:57 --> Session: Class initialized using 'CodeIgniter\Session\Handlers\FileHandler' driver.
INFO - 2024-06-19 05:03:12 --> Session: Class initialized using 'CodeIgniter\Session\Handlers\FileHandler' driver.
INFO - 2024-06-19 05:03:17 --> Session: Class initialized using 'CodeIgniter\Session\Handlers\FileHandler' driver.
INFO - 2024-06-19 05:04:37 --> Session: Class initialized using 'CodeIgniter\Session\Handlers\FileHandler' driver.
INFO - 2024-06-19 05:04:45 --> Session: Class initialized using 'CodeIgniter\Session\Handlers\FileHandler' driver.
INFO - 2024-06-19 05:04:48 --> Session: Class initialized using 'CodeIgniter\Session\Handlers\FileHandler' driver.
INFO - 2024-06-19 05:04:50 --> Session: Class initialized using 'CodeIgniter\Session\Handlers\FileHandler' driver.
INFO - 2024-06-19 05:04:53 --> Session: Class initialized using 'CodeIgniter\Session\Handlers\FileHandler' driver.
INFO - 2024-06-19 05:04:57 --> Session: Class initialized using 'CodeIgniter\Session\Handlers\FileHandler' driver.
INFO - 2024-06-19 05:04:58 --> Session: Class initialized using 'CodeIgniter\Session\Handlers\FileHandler' driver.
INFO - 2024-06-19 05:04:59 --> Session: Class initialized using 'CodeIgniter\Session\Handlers\FileHandler' driver.
INFO - 2024-06-19 05:05:02 --> Session: Class initialized using 'CodeIgniter\Session\Handlers\FileHandler' driver.
INFO - 2024-06-19 05:05:35 --> Session: Class initialized using 'CodeIgniter\Session\Handlers\FileHandler' driver.
INFO - 2024-06-19 05:05:39 --> Session: Class initialized using 'CodeIgniter\Session\Handlers\FileHandler' driver.
INFO - 2024-06-19 05:06:50 --> Session: Class initialized using 'CodeIgniter\Session\Handlers\FileHandler' driver.
INFO - 2024-06-19 05:06:54 --> Session: Class initialized using 'CodeIgniter\Session\Handlers\FileHandler' driver.
INFO - 2024-06-19 05:07:29 --> Session: Class initialized using 'CodeIgniter\Session\Handlers\FileHandler' driver.
INFO - 2024-06-19 05:07:31 --> Session: Class initialized using 'CodeIgniter\Session\Handlers\FileHandler' driver.
INFO - 2024-06-19 05:15:34 --> Session: Class initialized using 'CodeIgniter\Session\Handlers\FileHandler' driver.
INFO - 2024-06-19 05:15:59 --> Session: Class initialized using 'CodeIgniter\Session\Handlers\FileHandler' driver.
INFO - 2024-06-19 05:16:00 --> Session: Class initialized using 'CodeIgniter\Session\Handlers\FileHandler' driver.
INFO - 2024-06-19 05:16:03 --> Session: Class initialized using 'CodeIgniter\Session\Handlers\FileHandler' driver.
INFO - 2024-06-19 05:16:07 --> Session: Class initialized using 'CodeIgniter\Session\Handlers\FileHandler' driver.
INFO - 2024-06-19 05:16:09 --> Session: Class initialized using 'CodeIgniter\Session\Handlers\FileHandler' driver.
INFO - 2024-06-19 05:16:54 --> Session: Class initialized using 'CodeIgniter\Session\Handlers\FileHandler' driver.
INFO - 2024-06-19 05:17:46 --> Session: Class initialized using 'CodeIgniter\Session\Handlers\FileHandler' driver.
INFO - 2024-06-19 05:17:49 --> Session: Class initialized using 'CodeIgniter\Session\Handlers\FileHandler' driver.
INFO - 2024-06-19 05:17:52 --> Session: Class initialized using 'CodeIgniter\Session\Handlers\FileHandler' driver.
INFO - 2024-06-19 05:17:54 --> Session: Class initialized using 'CodeIgniter\Session\Handlers\FileHandler' driver.
INFO - 2024-06-19 05:18:25 --> Session: Class initialized using 'CodeIgniter\Session\Handlers\FileHandler' driver.
INFO - 2024-06-19 05:18:55 --> Session: Class initialized using 'CodeIgniter\Session\Handlers\FileHandler' driver.
INFO - 2024-06-19 05:18:59 --> Session: Class initialized using 'CodeIgniter\Session\Handlers\FileHandler' driver.
INFO - 2024-06-19 05:23:38 --> Session: Class initialized using 'CodeIgniter\Session\Handlers\FileHandler' driver.
INFO - 2024-06-19 05:23:40 --> Session: Class initialized using 'CodeIgniter\Session\Handlers\FileHandler' driver.
INFO - 2024-06-19 05:23:41 --> Session: Class initialized using 'CodeIgniter\Session\Handlers\FileHandler' driver.
INFO - 2024-06-19 05:23:43 --> Session: Class initialized using 'CodeIgniter\Session\Handlers\FileHandler' driver.
INFO - 2024-06-19 05:23:53 --> Session: Class initialized using 'CodeIgniter\Session\Handlers\FileHandler' driver.
INFO - 2024-06-19 05:24:51 --> Session: Class initialized using 'CodeIgniter\Session\Handlers\FileHandler' driver.
INFO - 2024-06-19 05:27:42 --> Session: Class initialized using 'CodeIgniter\Session\Handlers\FileHandler' driver.
INFO - 2024-06-19 05:27:46 --> Session: Class initialized using 'CodeIgniter\Session\Handlers\FileHandler' driver.
INFO - 2024-06-19 05:28:11 --> Session: Class initialized using 'CodeIgniter\Session\Handlers\FileHandler' driver.
INFO - 2024-06-19 05:29:06 --> Session: Class initialized using 'CodeIgniter\Session\Handlers\FileHandler' driver.
INFO - 2024-06-19 05:29:10 --> Session: Class initialized using 'CodeIgniter\Session\Handlers\FileHandler' driver.
INFO - 2024-06-19 05:31:42 --> Session: Class initialized using 'CodeIgniter\Session\Handlers\FileHandler' driver.
INFO - 2024-06-19 05:32:13 --> Session: Class initialized using 'CodeIgniter\Session\Handlers\FileHandler' driver.
INFO - 2024-06-19 05:32:47 --> Session: Class initialized using 'CodeIgniter\Session\Handlers\FileHandler' driver.
INFO - 2024-06-19 05:32:48 --> Session: Class initialized using 'CodeIgniter\Session\Handlers\FileHandler' driver.
INFO - 2024-06-19 05:32:54 --> Session: Class initialized using 'CodeIgniter\Session\Handlers\FileHandler' driver.
INFO - 2024-06-19 05:34:38 --> Session: Class initialized using 'CodeIgniter\Session\Handlers\FileHandler' driver.
INFO - 2024-06-19 05:37:23 --> Session: Class initialized using 'CodeIgniter\Session\Handlers\FileHandler' driver.
INFO - 2024-06-19 05:37:46 --> Session: Class initialized using 'CodeIgniter\Session\Handlers\FileHandler' driver.
INFO - 2024-06-19 05:37:50 --> Session: Class initialized using 'CodeIgniter\Session\Handlers\FileHandler' driver.
INFO - 2024-06-19 05:45:05 --> Session: Class initialized using 'CodeIgniter\Session\Handlers\FileHandler' driver.
INFO - 2024-06-19 05:50:40 --> Session: Class initialized using 'CodeIgniter\Session\Handlers\FileHandler' driver.
INFO - 2024-06-19 06:02:38 --> Session: Class initialized using 'CodeIgniter\Session\Handlers\FileHandler' driver.
INFO - 2024-06-19 06:02:48 --> Session: Class initialized using 'CodeIgniter\Session\Handlers\FileHandler' driver.
INFO - 2024-06-19 06:02:50 --> Session: Class initialized using 'CodeIgniter\Session\Handlers\FileHandler' driver.
INFO - 2024-06-19 06:02:52 --> Session: Class initialized using 'CodeIgniter\Session\Handlers\FileHandler' driver.
INFO - 2024-06-19 06:03:22 --> Session: Class initialized using 'CodeIgniter\Session\Handlers\FileHandler' driver.
INFO - 2024-06-19 06:05:38 --> Session: Class initialized using 'CodeIgniter\Session\Handlers\FileHandler' driver.
INFO - 2024-06-19 06:05:41 --> Session: Class initialized using 'CodeIgniter\Session\Handlers\FileHandler' driver.
INFO - 2024-06-19 06:05:43 --> Session: Class initialized using 'CodeIgniter\Session\Handlers\FileHandler' driver.
INFO - 2024-06-19 06:05:50 --> Session: Class initialized using 'CodeIgniter\Session\Handlers\FileHandler' driver.
INFO - 2024-06-19 06:05:51 --> Session: Class initialized using 'CodeIgniter\Session\Handlers\FileHandler' driver.
INFO - 2024-06-19 06:05:53 --> Session: Class initialized using 'CodeIgniter\Session\Handlers\FileHandler' driver.
INFO - 2024-06-19 06:05:55 --> Session: Class initialized using 'CodeIgniter\Session\Handlers\FileHandler' driver.
INFO - 2024-06-19 06:05:58 --> Session: Class initialized using 'CodeIgniter\Session\Handlers\FileHandler' driver.
INFO - 2024-06-19 06:06:01 --> Session: Class initialized using 'CodeIgniter\Session\Handlers\FileHandler' driver.
INFO - 2024-06-19 06:06:18 --> Session: Class initialized using 'CodeIgniter\Session\Handlers\FileHandler' driver.
INFO - 2024-06-19 06:06:27 --> Session: Class initialized using 'CodeIgniter\Session\Handlers\FileHandler' driver.
INFO - 2024-06-19 06:06:34 --> Session: Class initialized using 'CodeIgniter\Session\Handlers\FileHandler' driver.
INFO - 2024-06-19 06:14:13 --> Session: Class initialized using 'CodeIgniter\Session\Handlers\FileHandler' driver.
INFO - 2024-06-19 06:14:16 --> Session: Class initialized using 'CodeIgniter\Session\Handlers\FileHandler' driver.
INFO - 2024-06-19 06:14:18 --> Session: Class initialized using 'CodeIgniter\Session\Handlers\FileHandler' driver.
INFO - 2024-06-19 06:15:17 --> Session: Class initialized using 'CodeIgniter\Session\Handlers\FileHandler' driver.
INFO - 2024-06-19 06:15:48 --> Session: Class initialized using 'CodeIgniter\Session\Handlers\FileHandler' driver.
INFO - 2024-06-19 06:16:05 --> Session: Class initialized using 'CodeIgniter\Session\Handlers\FileHandler' driver.
INFO - 2024-06-19 06:17:35 --> Session: Class initialized using 'CodeIgniter\Session\Handlers\FileHandler' driver.
INFO - 2024-06-19 06:21:25 --> Session: Class initialized using 'CodeIgniter\Session\Handlers\FileHandler' driver.
INFO - 2024-06-19 06:22:11 --> Session: Class initialized using 'CodeIgniter\Session\Handlers\FileHandler' driver.
INFO - 2024-06-19 06:22:28 --> Session: Class initialized using 'CodeIgniter\Session\Handlers\FileHandler' driver.
INFO - 2024-06-19 06:22:49 --> Session: Class initialized using 'CodeIgniter\Session\Handlers\FileHandler' driver.
INFO - 2024-06-19 06:24:00 --> Session: Class initialized using 'CodeIgniter\Session\Handlers\FileHandler' driver.
INFO - 2024-06-19 06:24:03 --> Session: Class initialized using 'CodeIgniter\Session\Handlers\FileHandler' driver.
INFO - 2024-06-19 06:24:41 --> Session: Class initialized using 'CodeIgniter\Session\Handlers\FileHandler' driver.
INFO - 2024-06-19 06:24:48 --> Session: Class initialized using 'CodeIgniter\Session\Handlers\FileHandler' driver.
INFO - 2024-06-19 06:24:55 --> Session: Class initialized using 'CodeIgniter\Session\Handlers\FileHandler' driver.
INFO - 2024-06-19 06:28:36 --> Session: Class initialized using 'CodeIgniter\Session\Handlers\FileHandler' driver.
INFO - 2024-06-19 06:29:23 --> Session: Class initialized using 'CodeIgniter\Session\Handlers\FileHandler' driver.
INFO - 2024-06-19 06:29:25 --> Session: Class initialized using 'CodeIgniter\Session\Handlers\FileHandler' driver.
INFO - 2024-06-19 06:29:27 --> Session: Class initialized using 'CodeIgniter\Session\Handlers\FileHandler' driver.
INFO - 2024-06-19 06:46:30 --> Session: Class initialized using 'CodeIgniter\Session\Handlers\FileHandler' driver.
INFO - 2024-06-19 06:47:06 --> Session: Class initialized using 'CodeIgniter\Session\Handlers\FileHandler' driver.
INFO - 2024-06-19 06:48:00 --> Session: Class initialized using 'CodeIgniter\Session\Handlers\FileHandler' driver.
CRITICAL - 2024-06-19 06:48:00 --> Invalid file: "pages/my_payments.php"
in SYSTEMPATH\Exceptions\FrameworkException.php on line 33.
 1 SYSTEMPATH\View\View.php(212): CodeIgniter\Exceptions\FrameworkException::forInvalidFile('pages/my_payments.php')
 2 SYSTEMPATH\Common.php(1180): CodeIgniter\View\View->render('pages/my_payments', [], true)
 3 APPPATH\Controllers\Become_a_member.php(57): view('pages/my_payments', [...])
 4 SYSTEMPATH\CodeIgniter.php(932): Core\Controllers\Become_a_member->mypayments()
 5 SYSTEMPATH\CodeIgniter.php(497): CodeIgniter\CodeIgniter->runController(Object(Core\Controllers\Become_a_member))
 6 SYSTEMPATH\CodeIgniter.php(366): CodeIgniter\CodeIgniter->handleRequest(null, Object(Config\Cache), false)
 7 FCPATH\index.php(101): CodeIgniter\CodeIgniter->run()
INFO - 2024-06-19 06:48:28 --> Session: Class initialized using 'CodeIgniter\Session\Handlers\FileHandler' driver.
INFO - 2024-06-19 06:48:30 --> Session: Class initialized using 'CodeIgniter\Session\Handlers\FileHandler' driver.
INFO - 2024-06-19 06:48:32 --> Session: Class initialized using 'CodeIgniter\Session\Handlers\FileHandler' driver.
INFO - 2024-06-19 06:48:33 --> Session: Class initialized using 'CodeIgniter\Session\Handlers\FileHandler' driver.
INFO - 2024-06-19 06:50:11 --> Session: Class initialized using 'CodeIgniter\Session\Handlers\FileHandler' driver.
INFO - 2024-06-19 06:51:22 --> Session: Class initialized using 'CodeIgniter\Session\Handlers\FileHandler' driver.
INFO - 2024-06-19 06:51:25 --> Session: Class initialized using 'CodeIgniter\Session\Handlers\FileHandler' driver.
INFO - 2024-06-19 06:51:28 --> Session: Class initialized using 'CodeIgniter\Session\Handlers\FileHandler' driver.
INFO - 2024-06-19 06:51:32 --> Session: Class initialized using 'CodeIgniter\Session\Handlers\FileHandler' driver.
INFO - 2024-06-19 06:51:34 --> Session: Class initialized using 'CodeIgniter\Session\Handlers\FileHandler' driver.
INFO - 2024-06-19 06:53:35 --> Session: Class initialized using 'CodeIgniter\Session\Handlers\FileHandler' driver.
INFO - 2024-06-19 06:55:05 --> Session: Class initialized using 'CodeIgniter\Session\Handlers\FileHandler' driver.
CRITICAL - 2024-06-19 06:55:05 --> Undefined variable $items
in APPPATH\Views\pages\my_payments.php on line 15.
 1 APPPATH\Views\pages\my_payments.php(15): CodeIgniter\Debug\Exceptions->errorHandler(2, 'Undefined variable $items', 'C:\\xampp\\htdocs\\iaoi\\iaoi_full\\backend\\app\\Views\\pages\\my_payments.php', 15)
 2 SYSTEMPATH\View\View.php(224): include('C:\\xampp\\htdocs\\iaoi\\iaoi_full\\backend\\app\\Views\\pages\\my_payments.php')
 3 SYSTEMPATH\View\View.php(227): CodeIgniter\View\View->CodeIgniter\View\{closure}()
 4 SYSTEMPATH\Common.php(1180): CodeIgniter\View\View->render('pages/my_payments', [], true)
 5 APPPATH\Controllers\Become_a_member.php(57): view('pages/my_payments', [...])
 6 SYSTEMPATH\CodeIgniter.php(932): Core\Controllers\Become_a_member->mypayments()
 7 SYSTEMPATH\CodeIgniter.php(497): CodeIgniter\CodeIgniter->runController(Object(Core\Controllers\Become_a_member))
 8 SYSTEMPATH\CodeIgniter.php(366): CodeIgniter\CodeIgniter->handleRequest(null, Object(Config\Cache), false)
 9 FCPATH\index.php(101): CodeIgniter\CodeIgniter->run()
INFO - 2024-06-19 06:55:40 --> Session: Class initialized using 'CodeIgniter\Session\Handlers\FileHandler' driver.
CRITICAL - 2024-06-19 06:55:40 --> Undefined variable $items
in APPPATH\Views\pages\my_payments.php on line 15.
 1 APPPATH\Views\pages\my_payments.php(15): CodeIgniter\Debug\Exceptions->errorHandler(2, 'Undefined variable $items', 'C:\\xampp\\htdocs\\iaoi\\iaoi_full\\backend\\app\\Views\\pages\\my_payments.php', 15)
 2 SYSTEMPATH\View\View.php(224): include('C:\\xampp\\htdocs\\iaoi\\iaoi_full\\backend\\app\\Views\\pages\\my_payments.php')
 3 SYSTEMPATH\View\View.php(227): CodeIgniter\View\View->CodeIgniter\View\{closure}()
 4 SYSTEMPATH\Common.php(1180): CodeIgniter\View\View->render('pages/my_payments', [], true)
 5 APPPATH\Controllers\Become_a_member.php(57): view('pages/my_payments', [...])
 6 SYSTEMPATH\CodeIgniter.php(932): Core\Controllers\Become_a_member->mypayments()
 7 SYSTEMPATH\CodeIgniter.php(497): CodeIgniter\CodeIgniter->runController(Object(Core\Controllers\Become_a_member))
 8 SYSTEMPATH\CodeIgniter.php(366): CodeIgniter\CodeIgniter->handleRequest(null, Object(Config\Cache), false)
 9 FCPATH\index.php(101): CodeIgniter\CodeIgniter->run()
INFO - 2024-06-19 06:55:56 --> Session: Class initialized using 'CodeIgniter\Session\Handlers\FileHandler' driver.
INFO - 2024-06-19 06:57:31 --> Session: Class initialized using 'CodeIgniter\Session\Handlers\FileHandler' driver.
INFO - 2024-06-19 06:58:09 --> Session: Class initialized using 'CodeIgniter\Session\Handlers\FileHandler' driver.
CRITICAL - 2024-06-19 06:58:09 --> Undefined array key "member_id"
in APPPATH\Views\pages\my_payments.php on line 16.
 1 APPPATH\Views\pages\my_payments.php(16): CodeIgniter\Debug\Exceptions->errorHandler(2, 'Undefined array key "member_id"', 'C:\\xampp\\htdocs\\iaoi\\iaoi_full\\backend\\app\\Views\\pages\\my_payments.php', 16)
 2 SYSTEMPATH\View\View.php(224): include('C:\\xampp\\htdocs\\iaoi\\iaoi_full\\backend\\app\\Views\\pages\\my_payments.php')
 3 SYSTEMPATH\View\View.php(227): CodeIgniter\View\View->CodeIgniter\View\{closure}()
 4 SYSTEMPATH\Common.php(1180): CodeIgniter\View\View->render('pages/my_payments', [], true)
 5 APPPATH\Controllers\Become_a_member.php(57): view('pages/my_payments', [...])
 6 SYSTEMPATH\CodeIgniter.php(932): Core\Controllers\Become_a_member->mypayments()
 7 SYSTEMPATH\CodeIgniter.php(497): CodeIgniter\CodeIgniter->runController(Object(Core\Controllers\Become_a_member))
 8 SYSTEMPATH\CodeIgniter.php(366): CodeIgniter\CodeIgniter->handleRequest(null, Object(Config\Cache), false)
 9 FCPATH\index.php(101): CodeIgniter\CodeIgniter->run()
INFO - 2024-06-19 06:58:38 --> Session: Class initialized using 'CodeIgniter\Session\Handlers\FileHandler' driver.
INFO - 2024-06-19 06:59:19 --> Session: Class initialized using 'CodeIgniter\Session\Handlers\FileHandler' driver.
INFO - 2024-06-19 06:59:37 --> Session: Class initialized using 'CodeIgniter\Session\Handlers\FileHandler' driver.
INFO - 2024-06-19 07:00:20 --> Session: Class initialized using 'CodeIgniter\Session\Handlers\FileHandler' driver.
INFO - 2024-06-19 07:00:33 --> Session: Class initialized using 'CodeIgniter\Session\Handlers\FileHandler' driver.
INFO - 2024-06-19 07:02:00 --> Session: Class initialized using 'CodeIgniter\Session\Handlers\FileHandler' driver.
INFO - 2024-06-19 07:02:15 --> Session: Class initialized using 'CodeIgniter\Session\Handlers\FileHandler' driver.
INFO - 2024-06-19 07:02:33 --> Session: Class initialized using 'CodeIgniter\Session\Handlers\FileHandler' driver.
INFO - 2024-06-19 07:03:16 --> Session: Class initialized using 'CodeIgniter\Session\Handlers\FileHandler' driver.
INFO - 2024-06-19 07:03:20 --> Session: Class initialized using 'CodeIgniter\Session\Handlers\FileHandler' driver.
INFO - 2024-06-19 07:04:26 --> Session: Class initialized using 'CodeIgniter\Session\Handlers\FileHandler' driver.
CRITICAL - 2024-06-19 07:04:26 --> Undefined array key "email_id"
in APPPATH\Views\pages\my_payments.php on line 15.
 1 APPPATH\Views\pages\my_payments.php(15): CodeIgniter\Debug\Exceptions->errorHandler(2, 'Undefined array key "email_id"', 'C:\\xampp\\htdocs\\iaoi\\iaoi_full\\backend\\app\\Views\\pages\\my_payments.php', 15)
 2 SYSTEMPATH\View\View.php(224): include('C:\\xampp\\htdocs\\iaoi\\iaoi_full\\backend\\app\\Views\\pages\\my_payments.php')
 3 SYSTEMPATH\View\View.php(227): CodeIgniter\View\View->CodeIgniter\View\{closure}()
 4 SYSTEMPATH\Common.php(1180): CodeIgniter\View\View->render('pages/my_payments', [], true)
 5 APPPATH\Controllers\Become_a_member.php(57): view('pages/my_payments', [...])
 6 SYSTEMPATH\CodeIgniter.php(932): Core\Controllers\Become_a_member->mypayments()
 7 SYSTEMPATH\CodeIgniter.php(497): CodeIgniter\CodeIgniter->runController(Object(Core\Controllers\Become_a_member))
 8 SYSTEMPATH\CodeIgniter.php(366): CodeIgniter\CodeIgniter->handleRequest(null, Object(Config\Cache), false)
 9 FCPATH\index.php(101): CodeIgniter\CodeIgniter->run()
INFO - 2024-06-19 07:15:26 --> Session: Class initialized using 'CodeIgniter\Session\Handlers\FileHandler' driver.
CRITICAL - 2024-06-19 07:15:26 --> Undefined array key "email_id"
in APPPATH\Views\pages\my_payments.php on line 15.
 1 APPPATH\Views\pages\my_payments.php(15): CodeIgniter\Debug\Exceptions->errorHandler(2, 'Undefined array key "email_id"', 'C:\\xampp\\htdocs\\iaoi\\iaoi_full\\backend\\app\\Views\\pages\\my_payments.php', 15)
 2 SYSTEMPATH\View\View.php(224): include('C:\\xampp\\htdocs\\iaoi\\iaoi_full\\backend\\app\\Views\\pages\\my_payments.php')
 3 SYSTEMPATH\View\View.php(227): CodeIgniter\View\View->CodeIgniter\View\{closure}()
 4 SYSTEMPATH\Common.php(1180): CodeIgniter\View\View->render('pages/my_payments', [], true)
 5 APPPATH\Controllers\Become_a_member.php(55): view('pages/my_payments', [...])
 6 SYSTEMPATH\CodeIgniter.php(932): Core\Controllers\Become_a_member->mypayments()
 7 SYSTEMPATH\CodeIgniter.php(497): CodeIgniter\CodeIgniter->runController(Object(Core\Controllers\Become_a_member))
 8 SYSTEMPATH\CodeIgniter.php(366): CodeIgniter\CodeIgniter->handleRequest(null, Object(Config\Cache), false)
 9 FCPATH\index.php(101): CodeIgniter\CodeIgniter->run()
INFO - 2024-06-19 07:15:27 --> Session: Class initialized using 'CodeIgniter\Session\Handlers\FileHandler' driver.
CRITICAL - 2024-06-19 07:15:27 --> Undefined array key "email_id"
in APPPATH\Views\pages\my_payments.php on line 15.
 1 APPPATH\Views\pages\my_payments.php(15): CodeIgniter\Debug\Exceptions->errorHandler(2, 'Undefined array key "email_id"', 'C:\\xampp\\htdocs\\iaoi\\iaoi_full\\backend\\app\\Views\\pages\\my_payments.php', 15)
 2 SYSTEMPATH\View\View.php(224): include('C:\\xampp\\htdocs\\iaoi\\iaoi_full\\backend\\app\\Views\\pages\\my_payments.php')
 3 SYSTEMPATH\View\View.php(227): CodeIgniter\View\View->CodeIgniter\View\{closure}()
 4 SYSTEMPATH\Common.php(1180): CodeIgniter\View\View->render('pages/my_payments', [], true)
 5 APPPATH\Controllers\Become_a_member.php(55): view('pages/my_payments', [...])
 6 SYSTEMPATH\CodeIgniter.php(932): Core\Controllers\Become_a_member->mypayments()
 7 SYSTEMPATH\CodeIgniter.php(497): CodeIgniter\CodeIgniter->runController(Object(Core\Controllers\Become_a_member))
 8 SYSTEMPATH\CodeIgniter.php(366): CodeIgniter\CodeIgniter->handleRequest(null, Object(Config\Cache), false)
 9 FCPATH\index.php(101): CodeIgniter\CodeIgniter->run()
INFO - 2024-06-19 07:15:46 --> Session: Class initialized using 'CodeIgniter\Session\Handlers\FileHandler' driver.
INFO - 2024-06-19 07:16:22 --> Session: Class initialized using 'CodeIgniter\Session\Handlers\FileHandler' driver.
INFO - 2024-06-19 07:17:18 --> Session: Class initialized using 'CodeIgniter\Session\Handlers\FileHandler' driver.
CRITICAL - 2024-06-19 07:17:18 --> Undefined array key "payment_mode"
in APPPATH\Views\pages\my_payments.php on line 15.
 1 APPPATH\Views\pages\my_payments.php(15): CodeIgniter\Debug\Exceptions->errorHandler(2, 'Undefined array key "payment_mode"', 'C:\\xampp\\htdocs\\iaoi\\iaoi_full\\backend\\app\\Views\\pages\\my_payments.php', 15)
 2 SYSTEMPATH\View\View.php(224): include('C:\\xampp\\htdocs\\iaoi\\iaoi_full\\backend\\app\\Views\\pages\\my_payments.php')
 3 SYSTEMPATH\View\View.php(227): CodeIgniter\View\View->CodeIgniter\View\{closure}()
 4 SYSTEMPATH\Common.php(1180): CodeIgniter\View\View->render('pages/my_payments', [], true)
 5 APPPATH\Controllers\Become_a_member.php(55): view('pages/my_payments', [...])
 6 SYSTEMPATH\CodeIgniter.php(932): Core\Controllers\Become_a_member->mypayments()
 7 SYSTEMPATH\CodeIgniter.php(497): CodeIgniter\CodeIgniter->runController(Object(Core\Controllers\Become_a_member))
 8 SYSTEMPATH\CodeIgniter.php(366): CodeIgniter\CodeIgniter->handleRequest(null, Object(Config\Cache), false)
 9 FCPATH\index.php(101): CodeIgniter\CodeIgniter->run()
INFO - 2024-06-19 07:18:30 --> Session: Class initialized using 'CodeIgniter\Session\Handlers\FileHandler' driver.
CRITICAL - 2024-06-19 07:18:30 --> Undefined array key "payment_stTUS"
in APPPATH\Views\pages\my_payments.php on line 15.
 1 APPPATH\Views\pages\my_payments.php(15): CodeIgniter\Debug\Exceptions->errorHandler(2, 'Undefined array key "payment_stTUS"', 'C:\\xampp\\htdocs\\iaoi\\iaoi_full\\backend\\app\\Views\\pages\\my_payments.php', 15)
 2 SYSTEMPATH\View\View.php(224): include('C:\\xampp\\htdocs\\iaoi\\iaoi_full\\backend\\app\\Views\\pages\\my_payments.php')
 3 SYSTEMPATH\View\View.php(227): CodeIgniter\View\View->CodeIgniter\View\{closure}()
 4 SYSTEMPATH\Common.php(1180): CodeIgniter\View\View->render('pages/my_payments', [], true)
 5 APPPATH\Controllers\Become_a_member.php(55): view('pages/my_payments', [...])
 6 SYSTEMPATH\CodeIgniter.php(932): Core\Controllers\Become_a_member->mypayments()
 7 SYSTEMPATH\CodeIgniter.php(497): CodeIgniter\CodeIgniter->runController(Object(Core\Controllers\Become_a_member))
 8 SYSTEMPATH\CodeIgniter.php(366): CodeIgniter\CodeIgniter->handleRequest(null, Object(Config\Cache), false)
 9 FCPATH\index.php(101): CodeIgniter\CodeIgniter->run()
INFO - 2024-06-19 07:18:43 --> Session: Class initialized using 'CodeIgniter\Session\Handlers\FileHandler' driver.
INFO - 2024-06-19 07:19:16 --> Session: Class initialized using 'CodeIgniter\Session\Handlers\FileHandler' driver.
INFO - 2024-06-19 07:19:34 --> Session: Class initialized using 'CodeIgniter\Session\Handlers\FileHandler' driver.
INFO - 2024-06-19 07:25:30 --> Session: Class initialized using 'CodeIgniter\Session\Handlers\FileHandler' driver.
INFO - 2024-06-19 07:25:33 --> Session: Class initialized using 'CodeIgniter\Session\Handlers\FileHandler' driver.
INFO - 2024-06-19 07:26:00 --> Session: Class initialized using 'CodeIgniter\Session\Handlers\FileHandler' driver.
INFO - 2024-06-19 07:26:08 --> Session: Class initialized using 'CodeIgniter\Session\Handlers\FileHandler' driver.
INFO - 2024-06-19 07:26:13 --> Session: Class initialized using 'CodeIgniter\Session\Handlers\FileHandler' driver.
INFO - 2024-06-19 07:26:20 --> Session: Class initialized using 'CodeIgniter\Session\Handlers\FileHandler' driver.
INFO - 2024-06-19 07:29:52 --> Session: Class initialized using 'CodeIgniter\Session\Handlers\FileHandler' driver.
INFO - 2024-06-19 07:30:14 --> Session: Class initialized using 'CodeIgniter\Session\Handlers\FileHandler' driver.
INFO - 2024-06-19 07:30:17 --> Session: Class initialized using 'CodeIgniter\Session\Handlers\FileHandler' driver.
INFO - 2024-06-19 07:30:20 --> Session: Class initialized using 'CodeIgniter\Session\Handlers\FileHandler' driver.
INFO - 2024-06-19 07:30:38 --> Session: Class initialized using 'CodeIgniter\Session\Handlers\FileHandler' driver.
INFO - 2024-06-19 07:31:13 --> Session: Class initialized using 'CodeIgniter\Session\Handlers\FileHandler' driver.
INFO - 2024-06-19 07:38:17 --> Session: Class initialized using 'CodeIgniter\Session\Handlers\FileHandler' driver.
INFO - 2024-06-19 07:38:31 --> Session: Class initialized using 'CodeIgniter\Session\Handlers\FileHandler' driver.
INFO - 2024-06-19 07:38:45 --> Session: Class initialized using 'CodeIgniter\Session\Handlers\FileHandler' driver.
CRITICAL - 2024-06-19 07:38:45 --> Undefined array key "member_id"
in APPPATH\Views\pages\my_payments.php on line 15.
 1 APPPATH\Views\pages\my_payments.php(15): CodeIgniter\Debug\Exceptions->errorHandler(2, 'Undefined array key "member_id"', 'C:\\xampp\\htdocs\\iaoi\\iaoi_full\\backend\\app\\Views\\pages\\my_payments.php', 15)
 2 SYSTEMPATH\View\View.php(224): include('C:\\xampp\\htdocs\\iaoi\\iaoi_full\\backend\\app\\Views\\pages\\my_payments.php')
 3 SYSTEMPATH\View\View.php(227): CodeIgniter\View\View->CodeIgniter\View\{closure}()
 4 SYSTEMPATH\Common.php(1180): CodeIgniter\View\View->render('pages/my_payments', [], true)
 5 APPPATH\Controllers\Become_a_member.php(55): view('pages/my_payments', [...])
 6 SYSTEMPATH\CodeIgniter.php(932): Core\Controllers\Become_a_member->mypayments()
 7 SYSTEMPATH\CodeIgniter.php(497): CodeIgniter\CodeIgniter->runController(Object(Core\Controllers\Become_a_member))
 8 SYSTEMPATH\CodeIgniter.php(366): CodeIgniter\CodeIgniter->handleRequest(null, Object(Config\Cache), false)
 9 FCPATH\index.php(101): CodeIgniter\CodeIgniter->run()
INFO - 2024-06-19 07:43:07 --> Session: Class initialized using 'CodeIgniter\Session\Handlers\FileHandler' driver.
INFO - 2024-06-19 07:44:16 --> Session: Class initialized using 'CodeIgniter\Session\Handlers\FileHandler' driver.
INFO - 2024-06-19 07:44:48 --> Session: Class initialized using 'CodeIgniter\Session\Handlers\FileHandler' driver.
INFO - 2024-06-19 07:44:58 --> Session: Class initialized using 'CodeIgniter\Session\Handlers\FileHandler' driver.
INFO - 2024-06-19 07:45:41 --> Session: Class initialized using 'CodeIgniter\Session\Handlers\FileHandler' driver.
INFO - 2024-06-19 07:45:50 --> Session: Class initialized using 'CodeIgniter\Session\Handlers\FileHandler' driver.
INFO - 2024-06-19 07:46:29 --> Session: Class initialized using 'CodeIgniter\Session\Handlers\FileHandler' driver.
CRITICAL - 2024-06-19 07:46:29 --> Undefined array key "payment_mode"
in APPPATH\Views\pages\my_payments.php on line 15.
 1 APPPATH\Views\pages\my_payments.php(15): CodeIgniter\Debug\Exceptions->errorHandler(2, 'Undefined array key "payment_mode"', 'C:\\xampp\\htdocs\\iaoi\\iaoi_full\\backend\\app\\Views\\pages\\my_payments.php', 15)
 2 SYSTEMPATH\View\View.php(224): include('C:\\xampp\\htdocs\\iaoi\\iaoi_full\\backend\\app\\Views\\pages\\my_payments.php')
 3 SYSTEMPATH\View\View.php(227): CodeIgniter\View\View->CodeIgniter\View\{closure}()
 4 SYSTEMPATH\Common.php(1180): CodeIgniter\View\View->render('pages/my_payments', [], true)
 5 APPPATH\Controllers\Become_a_member.php(55): view('pages/my_payments', [...])
 6 SYSTEMPATH\CodeIgniter.php(932): Core\Controllers\Become_a_member->mypayments()
 7 SYSTEMPATH\CodeIgniter.php(497): CodeIgniter\CodeIgniter->runController(Object(Core\Controllers\Become_a_member))
 8 SYSTEMPATH\CodeIgniter.php(366): CodeIgniter\CodeIgniter->handleRequest(null, Object(Config\Cache), false)
 9 FCPATH\index.php(101): CodeIgniter\CodeIgniter->run()
INFO - 2024-06-19 07:46:38 --> Session: Class initialized using 'CodeIgniter\Session\Handlers\FileHandler' driver.
INFO - 2024-06-19 07:48:01 --> Session: Class initialized using 'CodeIgniter\Session\Handlers\FileHandler' driver.
CRITICAL - 2024-06-19 07:48:01 --> Undefined array key "user_id"
in APPPATH\Views\pages\my_payments.php on line 15.
 1 APPPATH\Views\pages\my_payments.php(15): CodeIgniter\Debug\Exceptions->errorHandler(2, 'Undefined array key "user_id"', 'C:\\xampp\\htdocs\\iaoi\\iaoi_full\\backend\\app\\Views\\pages\\my_payments.php', 15)
 2 SYSTEMPATH\View\View.php(224): include('C:\\xampp\\htdocs\\iaoi\\iaoi_full\\backend\\app\\Views\\pages\\my_payments.php')
 3 SYSTEMPATH\View\View.php(227): CodeIgniter\View\View->CodeIgniter\View\{closure}()
 4 SYSTEMPATH\Common.php(1180): CodeIgniter\View\View->render('pages/my_payments', [], true)
 5 APPPATH\Controllers\Become_a_member.php(55): view('pages/my_payments', [...])
 6 SYSTEMPATH\CodeIgniter.php(932): Core\Controllers\Become_a_member->mypayments()
 7 SYSTEMPATH\CodeIgniter.php(497): CodeIgniter\CodeIgniter->runController(Object(Core\Controllers\Become_a_member))
 8 SYSTEMPATH\CodeIgniter.php(366): CodeIgniter\CodeIgniter->handleRequest(null, Object(Config\Cache), false)
 9 FCPATH\index.php(101): CodeIgniter\CodeIgniter->run()
INFO - 2024-06-19 07:48:21 --> Session: Class initialized using 'CodeIgniter\Session\Handlers\FileHandler' driver.
INFO - 2024-06-19 07:52:11 --> Session: Class initialized using 'CodeIgniter\Session\Handlers\FileHandler' driver.
INFO - 2024-06-19 07:52:22 --> Session: Class initialized using 'CodeIgniter\Session\Handlers\FileHandler' driver.
INFO - 2024-06-19 07:58:19 --> Session: Class initialized using 'CodeIgniter\Session\Handlers\FileHandler' driver.
INFO - 2024-06-19 07:58:34 --> Session: Class initialized using 'CodeIgniter\Session\Handlers\FileHandler' driver.
INFO - 2024-06-19 07:59:20 --> Session: Class initialized using 'CodeIgniter\Session\Handlers\FileHandler' driver.
CRITICAL - 2024-06-19 07:59:20 --> Undefined array key "payment-status"
in APPPATH\Views\pages\my_payments.php on line 15.
 1 APPPATH\Views\pages\my_payments.php(15): CodeIgniter\Debug\Exceptions->errorHandler(2, 'Undefined array key "payment-status"', 'C:\\xampp\\htdocs\\iaoi\\iaoi_full\\backend\\app\\Views\\pages\\my_payments.php', 15)
 2 SYSTEMPATH\View\View.php(224): include('C:\\xampp\\htdocs\\iaoi\\iaoi_full\\backend\\app\\Views\\pages\\my_payments.php')
 3 SYSTEMPATH\View\View.php(227): CodeIgniter\View\View->CodeIgniter\View\{closure}()
 4 SYSTEMPATH\Common.php(1180): CodeIgniter\View\View->render('pages/my_payments', [], true)
 5 APPPATH\Controllers\Become_a_member.php(55): view('pages/my_payments', [...])
 6 SYSTEMPATH\CodeIgniter.php(932): Core\Controllers\Become_a_member->mypayments()
 7 SYSTEMPATH\CodeIgniter.php(497): CodeIgniter\CodeIgniter->runController(Object(Core\Controllers\Become_a_member))
 8 SYSTEMPATH\CodeIgniter.php(366): CodeIgniter\CodeIgniter->handleRequest(null, Object(Config\Cache), false)
 9 FCPATH\index.php(101): CodeIgniter\CodeIgniter->run()
INFO - 2024-06-19 07:59:43 --> Session: Class initialized using 'CodeIgniter\Session\Handlers\FileHandler' driver.
CRITICAL - 2024-06-19 07:59:43 --> Undefined array key "payment-status"
in APPPATH\Views\pages\my_payments.php on line 15.
 1 APPPATH\Views\pages\my_payments.php(15): CodeIgniter\Debug\Exceptions->errorHandler(2, 'Undefined array key "payment-status"', 'C:\\xampp\\htdocs\\iaoi\\iaoi_full\\backend\\app\\Views\\pages\\my_payments.php', 15)
 2 SYSTEMPATH\View\View.php(224): include('C:\\xampp\\htdocs\\iaoi\\iaoi_full\\backend\\app\\Views\\pages\\my_payments.php')
 3 SYSTEMPATH\View\View.php(227): CodeIgniter\View\View->CodeIgniter\View\{closure}()
 4 SYSTEMPATH\Common.php(1180): CodeIgniter\View\View->render('pages/my_payments', [], true)
 5 APPPATH\Controllers\Become_a_member.php(55): view('pages/my_payments', [...])
 6 SYSTEMPATH\CodeIgniter.php(932): Core\Controllers\Become_a_member->mypayments()
 7 SYSTEMPATH\CodeIgniter.php(497): CodeIgniter\CodeIgniter->runController(Object(Core\Controllers\Become_a_member))
 8 SYSTEMPATH\CodeIgniter.php(366): CodeIgniter\CodeIgniter->handleRequest(null, Object(Config\Cache), false)
 9 FCPATH\index.php(101): CodeIgniter\CodeIgniter->run()
INFO - 2024-06-19 07:59:44 --> Session: Class initialized using 'CodeIgniter\Session\Handlers\FileHandler' driver.
CRITICAL - 2024-06-19 07:59:44 --> Undefined array key "payment-status"
in APPPATH\Views\pages\my_payments.php on line 15.
 1 APPPATH\Views\pages\my_payments.php(15): CodeIgniter\Debug\Exceptions->errorHandler(2, 'Undefined array key "payment-status"', 'C:\\xampp\\htdocs\\iaoi\\iaoi_full\\backend\\app\\Views\\pages\\my_payments.php', 15)
 2 SYSTEMPATH\View\View.php(224): include('C:\\xampp\\htdocs\\iaoi\\iaoi_full\\backend\\app\\Views\\pages\\my_payments.php')
 3 SYSTEMPATH\View\View.php(227): CodeIgniter\View\View->CodeIgniter\View\{closure}()
 4 SYSTEMPATH\Common.php(1180): CodeIgniter\View\View->render('pages/my_payments', [], true)
 5 APPPATH\Controllers\Become_a_member.php(55): view('pages/my_payments', [...])
 6 SYSTEMPATH\CodeIgniter.php(932): Core\Controllers\Become_a_member->mypayments()
 7 SYSTEMPATH\CodeIgniter.php(497): CodeIgniter\CodeIgniter->runController(Object(Core\Controllers\Become_a_member))
 8 SYSTEMPATH\CodeIgniter.php(366): CodeIgniter\CodeIgniter->handleRequest(null, Object(Config\Cache), false)
 9 FCPATH\index.php(101): CodeIgniter\CodeIgniter->run()
INFO - 2024-06-19 07:59:54 --> Session: Class initialized using 'CodeIgniter\Session\Handlers\FileHandler' driver.
INFO - 2024-06-19 08:00:08 --> Session: Class initialized using 'CodeIgniter\Session\Handlers\FileHandler' driver.
INFO - 2024-06-19 08:00:10 --> Session: Class initialized using 'CodeIgniter\Session\Handlers\FileHandler' driver.
INFO - 2024-06-19 08:02:44 --> Session: Class initialized using 'CodeIgniter\Session\Handlers\FileHandler' driver.
INFO - 2024-06-19 08:07:44 --> Session: Class initialized using 'CodeIgniter\Session\Handlers\FileHandler' driver.
INFO - 2024-06-19 08:08:13 --> Session: Class initialized using 'CodeIgniter\Session\Handlers\FileHandler' driver.
INFO - 2024-06-19 08:08:52 --> Session: Class initialized using 'CodeIgniter\Session\Handlers\FileHandler' driver.
INFO - 2024-06-19 08:08:57 --> Session: Class initialized using 'CodeIgniter\Session\Handlers\FileHandler' driver.
INFO - 2024-06-19 08:09:42 --> Session: Class initialized using 'CodeIgniter\Session\Handlers\FileHandler' driver.
INFO - 2024-06-19 08:13:33 --> Session: Class initialized using 'CodeIgniter\Session\Handlers\FileHandler' driver.
INFO - 2024-06-19 08:13:48 --> Session: Class initialized using 'CodeIgniter\Session\Handlers\FileHandler' driver.
INFO - 2024-06-19 08:15:43 --> Session: Class initialized using 'CodeIgniter\Session\Handlers\FileHandler' driver.
INFO - 2024-06-19 08:18:47 --> Session: Class initialized using 'CodeIgniter\Session\Handlers\FileHandler' driver.
INFO - 2024-06-19 08:19:51 --> Session: Class initialized using 'CodeIgniter\Session\Handlers\FileHandler' driver.
INFO - 2024-06-19 09:22:08 --> Session: Class initialized using 'CodeIgniter\Session\Handlers\FileHandler' driver.
INFO - 2024-06-19 09:33:26 --> Session: Class initialized using 'CodeIgniter\Session\Handlers\FileHandler' driver.
INFO - 2024-06-19 09:33:47 --> Session: Class initialized using 'CodeIgniter\Session\Handlers\FileHandler' driver.
INFO - 2024-06-19 09:34:37 --> Session: Class initialized using 'CodeIgniter\Session\Handlers\FileHandler' driver.
INFO - 2024-06-19 09:36:32 --> Session: Class initialized using 'CodeIgniter\Session\Handlers\FileHandler' driver.
INFO - 2024-06-19 09:36:36 --> Session: Class initialized using 'CodeIgniter\Session\Handlers\FileHandler' driver.
CRITICAL - 2024-06-19 09:36:36 --> Undefined array key "payment_mode"
in APPPATH\Views\pages\member-profile-edit.php on line 91.
 1 APPPATH\Views\pages\member-profile-edit.php(91): CodeIgniter\Debug\Exceptions->errorHandler(2, 'Undefined array key "payment_mode"', 'C:\\xampp\\htdocs\\iaoi\\iaoi_full\\backend\\app\\Views\\pages\\member-profile-edit.php', 91)
 2 SYSTEMPATH\View\View.php(224): include('C:\\xampp\\htdocs\\iaoi\\iaoi_full\\backend\\app\\Views\\pages\\member-profile-edit.php')
 3 SYSTEMPATH\View\View.php(227): CodeIgniter\View\View->CodeIgniter\View\{closure}()
 4 SYSTEMPATH\Common.php(1180): CodeIgniter\View\View->render('pages/member-profile-edit', [], true)
 5 APPPATH\Controllers\Become_a_member.php(143): view('pages/member-profile-edit', [...])
 6 SYSTEMPATH\CodeIgniter.php(932): Core\Controllers\Become_a_member->profile_edit('true')
 7 SYSTEMPATH\CodeIgniter.php(497): CodeIgniter\CodeIgniter->runController(Object(Core\Controllers\Become_a_member))
 8 SYSTEMPATH\CodeIgniter.php(366): CodeIgniter\CodeIgniter->handleRequest(null, Object(Config\Cache), false)
 9 FCPATH\index.php(101): CodeIgniter\CodeIgniter->run()
INFO - 2024-06-19 09:37:18 --> Session: Class initialized using 'CodeIgniter\Session\Handlers\FileHandler' driver.
CRITICAL - 2024-06-19 09:37:18 --> Undefined array key "payment_mode"
in APPPATH\Views\pages\member-profile-edit.php on line 91.
 1 APPPATH\Views\pages\member-profile-edit.php(91): CodeIgniter\Debug\Exceptions->errorHandler(2, 'Undefined array key "payment_mode"', 'C:\\xampp\\htdocs\\iaoi\\iaoi_full\\backend\\app\\Views\\pages\\member-profile-edit.php', 91)
 2 SYSTEMPATH\View\View.php(224): include('C:\\xampp\\htdocs\\iaoi\\iaoi_full\\backend\\app\\Views\\pages\\member-profile-edit.php')
 3 SYSTEMPATH\View\View.php(227): CodeIgniter\View\View->CodeIgniter\View\{closure}()
 4 SYSTEMPATH\Common.php(1180): CodeIgniter\View\View->render('pages/member-profile-edit', [], true)
 5 APPPATH\Controllers\Become_a_member.php(143): view('pages/member-profile-edit', [...])
 6 SYSTEMPATH\CodeIgniter.php(932): Core\Controllers\Become_a_member->profile_edit('true')
 7 SYSTEMPATH\CodeIgniter.php(497): CodeIgniter\CodeIgniter->runController(Object(Core\Controllers\Become_a_member))
 8 SYSTEMPATH\CodeIgniter.php(366): CodeIgniter\CodeIgniter->handleRequest(null, Object(Config\Cache), false)
 9 FCPATH\index.php(101): CodeIgniter\CodeIgniter->run()
INFO - 2024-06-19 09:37:19 --> Session: Class initialized using 'CodeIgniter\Session\Handlers\FileHandler' driver.
CRITICAL - 2024-06-19 09:37:19 --> Undefined array key "payment_mode"
in APPPATH\Views\pages\member-profile-edit.php on line 91.
 1 APPPATH\Views\pages\member-profile-edit.php(91): CodeIgniter\Debug\Exceptions->errorHandler(2, 'Undefined array key "payment_mode"', 'C:\\xampp\\htdocs\\iaoi\\iaoi_full\\backend\\app\\Views\\pages\\member-profile-edit.php', 91)
 2 SYSTEMPATH\View\View.php(224): include('C:\\xampp\\htdocs\\iaoi\\iaoi_full\\backend\\app\\Views\\pages\\member-profile-edit.php')
 3 SYSTEMPATH\View\View.php(227): CodeIgniter\View\View->CodeIgniter\View\{closure}()
 4 SYSTEMPATH\Common.php(1180): CodeIgniter\View\View->render('pages/member-profile-edit', [], true)
 5 APPPATH\Controllers\Become_a_member.php(143): view('pages/member-profile-edit', [...])
 6 SYSTEMPATH\CodeIgniter.php(932): Core\Controllers\Become_a_member->profile_edit('true')
 7 SYSTEMPATH\CodeIgniter.php(497): CodeIgniter\CodeIgniter->runController(Object(Core\Controllers\Become_a_member))
 8 SYSTEMPATH\CodeIgniter.php(366): CodeIgniter\CodeIgniter->handleRequest(null, Object(Config\Cache), false)
 9 FCPATH\index.php(101): CodeIgniter\CodeIgniter->run()
INFO - 2024-06-19 09:37:20 --> Session: Class initialized using 'CodeIgniter\Session\Handlers\FileHandler' driver.
CRITICAL - 2024-06-19 09:37:20 --> Undefined array key "payment_mode"
in APPPATH\Views\pages\member-profile.php on line 49.
 1 APPPATH\Views\pages\member-profile.php(49): CodeIgniter\Debug\Exceptions->errorHandler(2, 'Undefined array key "payment_mode"', 'C:\\xampp\\htdocs\\iaoi\\iaoi_full\\backend\\app\\Views\\pages\\member-profile.php', 49)
 2 SYSTEMPATH\View\View.php(224): include('C:\\xampp\\htdocs\\iaoi\\iaoi_full\\backend\\app\\Views\\pages\\member-profile.php')
 3 SYSTEMPATH\View\View.php(227): CodeIgniter\View\View->CodeIgniter\View\{closure}()
 4 SYSTEMPATH\Common.php(1180): CodeIgniter\View\View->render('pages/member-profile', [], true)
 5 APPPATH\Controllers\Become_a_member.php(49): view('pages/member-profile', [...])
 6 SYSTEMPATH\CodeIgniter.php(932): Core\Controllers\Become_a_member->profile()
 7 SYSTEMPATH\CodeIgniter.php(497): CodeIgniter\CodeIgniter->runController(Object(Core\Controllers\Become_a_member))
 8 SYSTEMPATH\CodeIgniter.php(366): CodeIgniter\CodeIgniter->handleRequest(null, Object(Config\Cache), false)
 9 FCPATH\index.php(101): CodeIgniter\CodeIgniter->run()
INFO - 2024-06-19 09:37:39 --> Session: Class initialized using 'CodeIgniter\Session\Handlers\FileHandler' driver.
CRITICAL - 2024-06-19 09:37:39 --> Undefined array key "payment_mode_fk_id"
in APPPATH\Views\pages\member-profile.php on line 49.
 1 APPPATH\Views\pages\member-profile.php(49): CodeIgniter\Debug\Exceptions->errorHandler(2, 'Undefined array key "payment_mode_fk_id"', 'C:\\xampp\\htdocs\\iaoi\\iaoi_full\\backend\\app\\Views\\pages\\member-profile.php', 49)
 2 SYSTEMPATH\View\View.php(224): include('C:\\xampp\\htdocs\\iaoi\\iaoi_full\\backend\\app\\Views\\pages\\member-profile.php')
 3 SYSTEMPATH\View\View.php(227): CodeIgniter\View\View->CodeIgniter\View\{closure}()
 4 SYSTEMPATH\Common.php(1180): CodeIgniter\View\View->render('pages/member-profile', [], true)
 5 APPPATH\Controllers\Become_a_member.php(49): view('pages/member-profile', [...])
 6 SYSTEMPATH\CodeIgniter.php(932): Core\Controllers\Become_a_member->profile()
 7 SYSTEMPATH\CodeIgniter.php(497): CodeIgniter\CodeIgniter->runController(Object(Core\Controllers\Become_a_member))
 8 SYSTEMPATH\CodeIgniter.php(366): CodeIgniter\CodeIgniter->handleRequest(null, Object(Config\Cache), false)
 9 FCPATH\index.php(101): CodeIgniter\CodeIgniter->run()
INFO - 2024-06-19 09:40:45 --> Session: Class initialized using 'CodeIgniter\Session\Handlers\FileHandler' driver.
INFO - 2024-06-19 09:40:50 --> Session: Class initialized using 'CodeIgniter\Session\Handlers\FileHandler' driver.
INFO - 2024-06-19 09:41:04 --> Session: Class initialized using 'CodeIgniter\Session\Handlers\FileHandler' driver.
INFO - 2024-06-19 09:41:11 --> Session: Class initialized using 'CodeIgniter\Session\Handlers\FileHandler' driver.
INFO - 2024-06-19 09:41:17 --> Session: Class initialized using 'CodeIgniter\Session\Handlers\FileHandler' driver.
CRITICAL - 2024-06-19 09:41:17 --> Undefined variable $details
in APPPATH\Views\pages\my_payments.php on line 27.
 1 APPPATH\Views\pages\my_payments.php(27): CodeIgniter\Debug\Exceptions->errorHandler(2, 'Undefined variable $details', 'C:\\xampp\\htdocs\\iaoi\\iaoi_full\\backend\\app\\Views\\pages\\my_payments.php', 27)
 2 SYSTEMPATH\View\View.php(224): include('C:\\xampp\\htdocs\\iaoi\\iaoi_full\\backend\\app\\Views\\pages\\my_payments.php')
 3 SYSTEMPATH\View\View.php(227): CodeIgniter\View\View->CodeIgniter\View\{closure}()
 4 SYSTEMPATH\Common.php(1180): CodeIgniter\View\View->render('pages/my_payments', [], true)
 5 APPPATH\Controllers\Become_a_member.php(55): view('pages/my_payments', [...])
 6 SYSTEMPATH\CodeIgniter.php(932): Core\Controllers\Become_a_member->mypayments()
 7 SYSTEMPATH\CodeIgniter.php(497): CodeIgniter\CodeIgniter->runController(Object(Core\Controllers\Become_a_member))
 8 SYSTEMPATH\CodeIgniter.php(366): CodeIgniter\CodeIgniter->handleRequest(null, Object(Config\Cache), false)
 9 FCPATH\index.php(101): CodeIgniter\CodeIgniter->run()
INFO - 2024-06-19 09:41:53 --> Session: Class initialized using 'CodeIgniter\Session\Handlers\FileHandler' driver.
CRITICAL - 2024-06-19 09:41:53 --> Undefined variable $details
in APPPATH\Views\pages\my_payments.php on line 27.
 1 APPPATH\Views\pages\my_payments.php(27): CodeIgniter\Debug\Exceptions->errorHandler(2, 'Undefined variable $details', 'C:\\xampp\\htdocs\\iaoi\\iaoi_full\\backend\\app\\Views\\pages\\my_payments.php', 27)
 2 SYSTEMPATH\View\View.php(224): include('C:\\xampp\\htdocs\\iaoi\\iaoi_full\\backend\\app\\Views\\pages\\my_payments.php')
 3 SYSTEMPATH\View\View.php(227): CodeIgniter\View\View->CodeIgniter\View\{closure}()
 4 SYSTEMPATH\Common.php(1180): CodeIgniter\View\View->render('pages/my_payments', [], true)
 5 APPPATH\Controllers\Become_a_member.php(55): view('pages/my_payments', [...])
 6 SYSTEMPATH\CodeIgniter.php(932): Core\Controllers\Become_a_member->mypayments()
 7 SYSTEMPATH\CodeIgniter.php(497): CodeIgniter\CodeIgniter->runController(Object(Core\Controllers\Become_a_member))
 8 SYSTEMPATH\CodeIgniter.php(366): CodeIgniter\CodeIgniter->handleRequest(null, Object(Config\Cache), false)
 9 FCPATH\index.php(101): CodeIgniter\CodeIgniter->run()
INFO - 2024-06-19 09:41:55 --> Session: Class initialized using 'CodeIgniter\Session\Handlers\FileHandler' driver.
CRITICAL - 2024-06-19 09:41:55 --> Undefined variable $details
in APPPATH\Views\pages\my_payments.php on line 27.
 1 APPPATH\Views\pages\my_payments.php(27): CodeIgniter\Debug\Exceptions->errorHandler(2, 'Undefined variable $details', 'C:\\xampp\\htdocs\\iaoi\\iaoi_full\\backend\\app\\Views\\pages\\my_payments.php', 27)
 2 SYSTEMPATH\View\View.php(224): include('C:\\xampp\\htdocs\\iaoi\\iaoi_full\\backend\\app\\Views\\pages\\my_payments.php')
 3 SYSTEMPATH\View\View.php(227): CodeIgniter\View\View->CodeIgniter\View\{closure}()
 4 SYSTEMPATH\Common.php(1180): CodeIgniter\View\View->render('pages/my_payments', [], true)
 5 APPPATH\Controllers\Become_a_member.php(55): view('pages/my_payments', [...])
 6 SYSTEMPATH\CodeIgniter.php(932): Core\Controllers\Become_a_member->mypayments()
 7 SYSTEMPATH\CodeIgniter.php(497): CodeIgniter\CodeIgniter->runController(Object(Core\Controllers\Become_a_member))
 8 SYSTEMPATH\CodeIgniter.php(366): CodeIgniter\CodeIgniter->handleRequest(null, Object(Config\Cache), false)
 9 FCPATH\index.php(101): CodeIgniter\CodeIgniter->run()
INFO - 2024-06-19 09:43:13 --> Session: Class initialized using 'CodeIgniter\Session\Handlers\FileHandler' driver.
INFO - 2024-06-19 09:43:16 --> Session: Class initialized using 'CodeIgniter\Session\Handlers\FileHandler' driver.
INFO - 2024-06-19 09:43:21 --> Session: Class initialized using 'CodeIgniter\Session\Handlers\FileHandler' driver.
INFO - 2024-06-19 09:43:37 --> Session: Class initialized using 'CodeIgniter\Session\Handlers\FileHandler' driver.
INFO - 2024-06-19 09:43:41 --> Session: Class initialized using 'CodeIgniter\Session\Handlers\FileHandler' driver.
INFO - 2024-06-19 09:43:54 --> Session: Class initialized using 'CodeIgniter\Session\Handlers\FileHandler' driver.
CRITICAL - 2024-06-19 09:43:54 --> Undefined variable $details
in APPPATH\Views\pages\my_payments.php on line 27.
 1 APPPATH\Views\pages\my_payments.php(27): CodeIgniter\Debug\Exceptions->errorHandler(2, 'Undefined variable $details', 'C:\\xampp\\htdocs\\iaoi\\iaoi_full\\backend\\app\\Views\\pages\\my_payments.php', 27)
 2 SYSTEMPATH\View\View.php(224): include('C:\\xampp\\htdocs\\iaoi\\iaoi_full\\backend\\app\\Views\\pages\\my_payments.php')
 3 SYSTEMPATH\View\View.php(227): CodeIgniter\View\View->CodeIgniter\View\{closure}()
 4 SYSTEMPATH\Common.php(1180): CodeIgniter\View\View->render('pages/my_payments', [], true)
 5 APPPATH\Controllers\Become_a_member.php(55): view('pages/my_payments', [...])
 6 SYSTEMPATH\CodeIgniter.php(932): Core\Controllers\Become_a_member->mypayments()
 7 SYSTEMPATH\CodeIgniter.php(497): CodeIgniter\CodeIgniter->runController(Object(Core\Controllers\Become_a_member))
 8 SYSTEMPATH\CodeIgniter.php(366): CodeIgniter\CodeIgniter->handleRequest(null, Object(Config\Cache), false)
 9 FCPATH\index.php(101): CodeIgniter\CodeIgniter->run()
INFO - 2024-06-19 09:43:59 --> Session: Class initialized using 'CodeIgniter\Session\Handlers\FileHandler' driver.
INFO - 2024-06-19 09:46:55 --> Session: Class initialized using 'CodeIgniter\Session\Handlers\FileHandler' driver.
INFO - 2024-06-19 09:46:59 --> Session: Class initialized using 'CodeIgniter\Session\Handlers\FileHandler' driver.
CRITICAL - 2024-06-19 09:46:59 --> Undefined array key "member_fk_id"
in APPPATH\Controllers\Become_a_member.php on line 48.
 1 APPPATH\Controllers\Become_a_member.php(48): CodeIgniter\Debug\Exceptions->errorHandler(2, 'Undefined array key "member_fk_id"', 'C:\\xampp\\htdocs\\iaoi\\iaoi_full\\backend\\app\\Controllers\\Become_a_member.php', 48)
 2 SYSTEMPATH\CodeIgniter.php(932): Core\Controllers\Become_a_member->profile()
 3 SYSTEMPATH\CodeIgniter.php(497): CodeIgniter\CodeIgniter->runController(Object(Core\Controllers\Become_a_member))
 4 SYSTEMPATH\CodeIgniter.php(366): CodeIgniter\CodeIgniter->handleRequest(null, Object(Config\Cache), false)
 5 FCPATH\index.php(101): CodeIgniter\CodeIgniter->run()
INFO - 2024-06-19 09:47:03 --> Session: Class initialized using 'CodeIgniter\Session\Handlers\FileHandler' driver.
INFO - 2024-06-19 09:47:06 --> Session: Class initialized using 'CodeIgniter\Session\Handlers\FileHandler' driver.
INFO - 2024-06-19 09:47:29 --> Session: Class initialized using 'CodeIgniter\Session\Handlers\FileHandler' driver.
INFO - 2024-06-19 09:48:54 --> Session: Class initialized using 'CodeIgniter\Session\Handlers\FileHandler' driver.
INFO - 2024-06-19 09:48:57 --> Session: Class initialized using 'CodeIgniter\Session\Handlers\FileHandler' driver.
INFO - 2024-06-19 09:50:07 --> Session: Class initialized using 'CodeIgniter\Session\Handlers\FileHandler' driver.
INFO - 2024-06-19 09:50:10 --> Session: Class initialized using 'CodeIgniter\Session\Handlers\FileHandler' driver.
INFO - 2024-06-19 09:50:12 --> Session: Class initialized using 'CodeIgniter\Session\Handlers\FileHandler' driver.
INFO - 2024-06-19 09:50:15 --> Session: Class initialized using 'CodeIgniter\Session\Handlers\FileHandler' driver.
INFO - 2024-06-19 09:50:17 --> Session: Class initialized using 'CodeIgniter\Session\Handlers\FileHandler' driver.
INFO - 2024-06-19 09:54:21 --> Session: Class initialized using 'CodeIgniter\Session\Handlers\FileHandler' driver.
INFO - 2024-06-19 09:54:23 --> Session: Class initialized using 'CodeIgniter\Session\Handlers\FileHandler' driver.
INFO - 2024-06-19 09:54:27 --> Session: Class initialized using 'CodeIgniter\Session\Handlers\FileHandler' driver.
INFO - 2024-06-19 09:54:30 --> Session: Class initialized using 'CodeIgniter\Session\Handlers\FileHandler' driver.
INFO - 2024-06-19 09:54:40 --> Session: Class initialized using 'CodeIgniter\Session\Handlers\FileHandler' driver.
INFO - 2024-06-19 09:54:48 --> Session: Class initialized using 'CodeIgniter\Session\Handlers\FileHandler' driver.
INFO - 2024-06-19 09:54:55 --> Session: Class initialized using 'CodeIgniter\Session\Handlers\FileHandler' driver.
INFO - 2024-06-19 09:56:17 --> Session: Class initialized using 'CodeIgniter\Session\Handlers\FileHandler' driver.
INFO - 2024-06-19 10:01:09 --> Session: Class initialized using 'CodeIgniter\Session\Handlers\FileHandler' driver.
INFO - 2024-06-19 10:02:41 --> Session: Class initialized using 'CodeIgniter\Session\Handlers\FileHandler' driver.
INFO - 2024-06-19 10:02:46 --> Session: Class initialized using 'CodeIgniter\Session\Handlers\FileHandler' driver.
INFO - 2024-06-19 10:03:26 --> Session: Class initialized using 'CodeIgniter\Session\Handlers\FileHandler' driver.
CRITICAL - 2024-06-19 10:03:26 --> Undefined array key "member_fk_id"
in APPPATH\Controllers\Become_a_member.php on line 48.
 1 APPPATH\Controllers\Become_a_member.php(48): CodeIgniter\Debug\Exceptions->errorHandler(2, 'Undefined array key "member_fk_id"', 'C:\\xampp\\htdocs\\iaoi\\iaoi_full\\backend\\app\\Controllers\\Become_a_member.php', 48)
 2 SYSTEMPATH\CodeIgniter.php(932): Core\Controllers\Become_a_member->profile()
 3 SYSTEMPATH\CodeIgniter.php(497): CodeIgniter\CodeIgniter->runController(Object(Core\Controllers\Become_a_member))
 4 SYSTEMPATH\CodeIgniter.php(366): CodeIgniter\CodeIgniter->handleRequest(null, Object(Config\Cache), false)
 5 FCPATH\index.php(101): CodeIgniter\CodeIgniter->run()
INFO - 2024-06-19 10:03:29 --> Session: Class initialized using 'CodeIgniter\Session\Handlers\FileHandler' driver.
CRITICAL - 2024-06-19 10:03:29 --> Undefined array key "member_fk_id"
in APPPATH\Controllers\Become_a_member.php on line 48.
 1 APPPATH\Controllers\Become_a_member.php(48): CodeIgniter\Debug\Exceptions->errorHandler(2, 'Undefined array key "member_fk_id"', 'C:\\xampp\\htdocs\\iaoi\\iaoi_full\\backend\\app\\Controllers\\Become_a_member.php', 48)
 2 SYSTEMPATH\CodeIgniter.php(932): Core\Controllers\Become_a_member->profile()
 3 SYSTEMPATH\CodeIgniter.php(497): CodeIgniter\CodeIgniter->runController(Object(Core\Controllers\Become_a_member))
 4 SYSTEMPATH\CodeIgniter.php(366): CodeIgniter\CodeIgniter->handleRequest(null, Object(Config\Cache), false)
 5 FCPATH\index.php(101): CodeIgniter\CodeIgniter->run()
INFO - 2024-06-19 10:03:30 --> Session: Class initialized using 'CodeIgniter\Session\Handlers\FileHandler' driver.
CRITICAL - 2024-06-19 10:03:30 --> Undefined array key "member_fk_id"
in APPPATH\Controllers\Become_a_member.php on line 48.
 1 APPPATH\Controllers\Become_a_member.php(48): CodeIgniter\Debug\Exceptions->errorHandler(2, 'Undefined array key "member_fk_id"', 'C:\\xampp\\htdocs\\iaoi\\iaoi_full\\backend\\app\\Controllers\\Become_a_member.php', 48)
 2 SYSTEMPATH\CodeIgniter.php(932): Core\Controllers\Become_a_member->profile()
 3 SYSTEMPATH\CodeIgniter.php(497): CodeIgniter\CodeIgniter->runController(Object(Core\Controllers\Become_a_member))
 4 SYSTEMPATH\CodeIgniter.php(366): CodeIgniter\CodeIgniter->handleRequest(null, Object(Config\Cache), false)
 5 FCPATH\index.php(101): CodeIgniter\CodeIgniter->run()
INFO - 2024-06-19 10:03:30 --> Session: Class initialized using 'CodeIgniter\Session\Handlers\FileHandler' driver.
CRITICAL - 2024-06-19 10:03:30 --> Undefined array key "member_fk_id"
in APPPATH\Controllers\Become_a_member.php on line 48.
 1 APPPATH\Controllers\Become_a_member.php(48): CodeIgniter\Debug\Exceptions->errorHandler(2, 'Undefined array key "member_fk_id"', 'C:\\xampp\\htdocs\\iaoi\\iaoi_full\\backend\\app\\Controllers\\Become_a_member.php', 48)
 2 SYSTEMPATH\CodeIgniter.php(932): Core\Controllers\Become_a_member->profile()
 3 SYSTEMPATH\CodeIgniter.php(497): CodeIgniter\CodeIgniter->runController(Object(Core\Controllers\Become_a_member))
 4 SYSTEMPATH\CodeIgniter.php(366): CodeIgniter\CodeIgniter->handleRequest(null, Object(Config\Cache), false)
 5 FCPATH\index.php(101): CodeIgniter\CodeIgniter->run()
INFO - 2024-06-19 10:03:32 --> Session: Class initialized using 'CodeIgniter\Session\Handlers\FileHandler' driver.
INFO - 2024-06-19 10:03:35 --> Session: Class initialized using 'CodeIgniter\Session\Handlers\FileHandler' driver.
INFO - 2024-06-19 10:03:37 --> Session: Class initialized using 'CodeIgniter\Session\Handlers\FileHandler' driver.
INFO - 2024-06-19 10:03:40 --> Session: Class initialized using 'CodeIgniter\Session\Handlers\FileHandler' driver.
INFO - 2024-06-19 10:15:16 --> Session: Class initialized using 'CodeIgniter\Session\Handlers\FileHandler' driver.
INFO - 2024-06-19 10:15:19 --> Session: Class initialized using 'CodeIgniter\Session\Handlers\FileHandler' driver.
CRITICAL - 2024-06-19 10:15:19 --> syntax error, unexpected end of file, expecting "elseif" or "else" or "endif"
in APPPATH\Views\pages\my_payments.php on line 60.
 1 SYSTEMPATH\View\View.php(227): CodeIgniter\View\View->CodeIgniter\View\{closure}()
 2 SYSTEMPATH\Common.php(1180): CodeIgniter\View\View->render('pages/my_payments', [], true)
 3 APPPATH\Controllers\Become_a_member.php(55): view('pages/my_payments', [...])
 4 SYSTEMPATH\CodeIgniter.php(932): Core\Controllers\Become_a_member->mypayments()
 5 SYSTEMPATH\CodeIgniter.php(497): CodeIgniter\CodeIgniter->runController(Object(Core\Controllers\Become_a_member))
 6 SYSTEMPATH\CodeIgniter.php(366): CodeIgniter\CodeIgniter->handleRequest(null, Object(Config\Cache), false)
 7 FCPATH\index.php(101): CodeIgniter\CodeIgniter->run()
INFO - 2024-06-19 10:15:40 --> Session: Class initialized using 'CodeIgniter\Session\Handlers\FileHandler' driver.
CRITICAL - 2024-06-19 10:15:40 --> syntax error, unexpected token "(", expecting ":"
in APPPATH\Views\pages\my_payments.php on line 51.
 1 SYSTEMPATH\View\View.php(227): CodeIgniter\View\View->CodeIgniter\View\{closure}()
 2 SYSTEMPATH\Common.php(1180): CodeIgniter\View\View->render('pages/my_payments', [], true)
 3 APPPATH\Controllers\Become_a_member.php(55): view('pages/my_payments', [...])
 4 SYSTEMPATH\CodeIgniter.php(932): Core\Controllers\Become_a_member->mypayments()
 5 SYSTEMPATH\CodeIgniter.php(497): CodeIgniter\CodeIgniter->runController(Object(Core\Controllers\Become_a_member))
 6 SYSTEMPATH\CodeIgniter.php(366): CodeIgniter\CodeIgniter->handleRequest(null, Object(Config\Cache), false)
 7 FCPATH\index.php(101): CodeIgniter\CodeIgniter->run()
INFO - 2024-06-19 10:17:47 --> Session: Class initialized using 'CodeIgniter\Session\Handlers\FileHandler' driver.
INFO - 2024-06-19 10:23:34 --> Session: Class initialized using 'CodeIgniter\Session\Handlers\FileHandler' driver.
INFO - 2024-06-19 10:23:38 --> Session: Class initialized using 'CodeIgniter\Session\Handlers\FileHandler' driver.
INFO - 2024-06-19 10:24:09 --> Session: Class initialized using 'CodeIgniter\Session\Handlers\FileHandler' driver.
INFO - 2024-06-19 10:25:13 --> Session: Class initialized using 'CodeIgniter\Session\Handlers\FileHandler' driver.
INFO - 2024-06-19 10:25:15 --> Session: Class initialized using 'CodeIgniter\Session\Handlers\FileHandler' driver.
INFO - 2024-06-19 10:25:19 --> Session: Class initialized using 'CodeIgniter\Session\Handlers\FileHandler' driver.
INFO - 2024-06-19 10:26:26 --> Session: Class initialized using 'CodeIgniter\Session\Handlers\FileHandler' driver.
INFO - 2024-06-19 10:26:54 --> Session: Class initialized using 'CodeIgniter\Session\Handlers\FileHandler' driver.
INFO - 2024-06-19 10:28:54 --> Session: Class initialized using 'CodeIgniter\Session\Handlers\FileHandler' driver.
INFO - 2024-06-19 10:29:00 --> Session: Class initialized using 'CodeIgniter\Session\Handlers\FileHandler' driver.
INFO - 2024-06-19 10:29:16 --> Session: Class initialized using 'CodeIgniter\Session\Handlers\FileHandler' driver.
INFO - 2024-06-19 10:30:40 --> Session: Class initialized using 'CodeIgniter\Session\Handlers\FileHandler' driver.
INFO - 2024-06-19 10:30:49 --> Session: Class initialized using 'CodeIgniter\Session\Handlers\FileHandler' driver.
INFO - 2024-06-19 10:32:34 --> Session: Class initialized using 'CodeIgniter\Session\Handlers\FileHandler' driver.
INFO - 2024-06-19 10:33:41 --> Session: Class initialized using 'CodeIgniter\Session\Handlers\FileHandler' driver.
INFO - 2024-06-19 10:36:27 --> Session: Class initialized using 'CodeIgniter\Session\Handlers\FileHandler' driver.
INFO - 2024-06-19 10:37:50 --> Session: Class initialized using 'CodeIgniter\Session\Handlers\FileHandler' driver.
INFO - 2024-06-19 10:39:09 --> Session: Class initialized using 'CodeIgniter\Session\Handlers\FileHandler' driver.
INFO - 2024-06-19 10:45:04 --> Session: Class initialized using 'CodeIgniter\Session\Handlers\FileHandler' driver.
INFO - 2024-06-19 10:45:52 --> Session: Class initialized using 'CodeIgniter\Session\Handlers\FileHandler' driver.
INFO - 2024-06-19 10:46:25 --> Session: Class initialized using 'CodeIgniter\Session\Handlers\FileHandler' driver.
INFO - 2024-06-19 10:50:33 --> Session: Class initialized using 'CodeIgniter\Session\Handlers\FileHandler' driver.
INFO - 2024-06-19 11:19:20 --> Session: Class initialized using 'CodeIgniter\Session\Handlers\FileHandler' driver.
INFO - 2024-06-19 11:19:24 --> Session: Class initialized using 'CodeIgniter\Session\Handlers\FileHandler' driver.
INFO - 2024-06-19 11:19:27 --> Session: Class initialized using 'CodeIgniter\Session\Handlers\FileHandler' driver.
INFO - 2024-06-19 11:22:27 --> Session: Class initialized using 'CodeIgniter\Session\Handlers\FileHandler' driver.
INFO - 2024-06-19 11:22:29 --> Session: Class initialized using 'CodeIgniter\Session\Handlers\FileHandler' driver.
INFO - 2024-06-19 11:22:34 --> Session: Class initialized using 'CodeIgniter\Session\Handlers\FileHandler' driver.
INFO - 2024-06-19 11:25:12 --> Session: Class initialized using 'CodeIgniter\Session\Handlers\FileHandler' driver.
INFO - 2024-06-19 11:25:17 --> Session: Class initialized using 'CodeIgniter\Session\Handlers\FileHandler' driver.
INFO - 2024-06-19 11:25:43 --> Session: Class initialized using 'CodeIgniter\Session\Handlers\FileHandler' driver.
INFO - 2024-06-19 11:25:54 --> Session: Class initialized using 'CodeIgniter\Session\Handlers\FileHandler' driver.
INFO - 2024-06-19 11:26:02 --> Session: Class initialized using 'CodeIgniter\Session\Handlers\FileHandler' driver.
INFO - 2024-06-19 11:26:10 --> Session: Class initialized using 'CodeIgniter\Session\Handlers\FileHandler' driver.
INFO - 2024-06-19 11:26:16 --> Session: Class initialized using 'CodeIgniter\Session\Handlers\FileHandler' driver.
INFO - 2024-06-19 11:26:31 --> Session: Class initialized using 'CodeIgniter\Session\Handlers\FileHandler' driver.
INFO - 2024-06-19 11:26:44 --> Session: Class initialized using 'CodeIgniter\Session\Handlers\FileHandler' driver.
INFO - 2024-06-19 11:27:09 --> Session: Class initialized using 'CodeIgniter\Session\Handlers\FileHandler' driver.
INFO - 2024-06-19 11:27:55 --> Session: Class initialized using 'CodeIgniter\Session\Handlers\FileHandler' driver.
CRITICAL - 2024-06-19 11:27:55 --> Undefined array key "member_fk_id"
in APPPATH\Controllers\Become_a_member.php on line 48.
 1 APPPATH\Controllers\Become_a_member.php(48): CodeIgniter\Debug\Exceptions->errorHandler(2, 'Undefined array key "member_fk_id"', 'C:\\xampp\\htdocs\\iaoi\\iaoi_full\\backend\\app\\Controllers\\Become_a_member.php', 48)
 2 SYSTEMPATH\CodeIgniter.php(932): Core\Controllers\Become_a_member->profile()
 3 SYSTEMPATH\CodeIgniter.php(497): CodeIgniter\CodeIgniter->runController(Object(Core\Controllers\Become_a_member))
 4 SYSTEMPATH\CodeIgniter.php(366): CodeIgniter\CodeIgniter->handleRequest(null, Object(Config\Cache), false)
 5 FCPATH\index.php(101): CodeIgniter\CodeIgniter->run()
INFO - 2024-06-19 11:27:58 --> Session: Class initialized using 'CodeIgniter\Session\Handlers\FileHandler' driver.
CRITICAL - 2024-06-19 11:27:58 --> Undefined array key "member_fk_id"
in APPPATH\Controllers\Become_a_member.php on line 48.
 1 APPPATH\Controllers\Become_a_member.php(48): CodeIgniter\Debug\Exceptions->errorHandler(2, 'Undefined array key "member_fk_id"', 'C:\\xampp\\htdocs\\iaoi\\iaoi_full\\backend\\app\\Controllers\\Become_a_member.php', 48)
 2 SYSTEMPATH\CodeIgniter.php(932): Core\Controllers\Become_a_member->profile()
 3 SYSTEMPATH\CodeIgniter.php(497): CodeIgniter\CodeIgniter->runController(Object(Core\Controllers\Become_a_member))
 4 SYSTEMPATH\CodeIgniter.php(366): CodeIgniter\CodeIgniter->handleRequest(null, Object(Config\Cache), false)
 5 FCPATH\index.php(101): CodeIgniter\CodeIgniter->run()
INFO - 2024-06-19 11:29:10 --> Session: Class initialized using 'CodeIgniter\Session\Handlers\FileHandler' driver.
CRITICAL - 2024-06-19 11:29:10 --> Undefined array key "member_fk_id"
in APPPATH\Controllers\Become_a_member.php on line 48.
 1 APPPATH\Controllers\Become_a_member.php(48): CodeIgniter\Debug\Exceptions->errorHandler(2, 'Undefined array key "member_fk_id"', 'C:\\xampp\\htdocs\\iaoi\\iaoi_full\\backend\\app\\Controllers\\Become_a_member.php', 48)
 2 SYSTEMPATH\CodeIgniter.php(932): Core\Controllers\Become_a_member->profile()
 3 SYSTEMPATH\CodeIgniter.php(497): CodeIgniter\CodeIgniter->runController(Object(Core\Controllers\Become_a_member))
 4 SYSTEMPATH\CodeIgniter.php(366): CodeIgniter\CodeIgniter->handleRequest(null, Object(Config\Cache), false)
 5 FCPATH\index.php(101): CodeIgniter\CodeIgniter->run()
INFO - 2024-06-19 11:29:11 --> Session: Class initialized using 'CodeIgniter\Session\Handlers\FileHandler' driver.
CRITICAL - 2024-06-19 11:29:11 --> Undefined variable $details
in APPPATH\Views\pages\my_payments.php on line 27.
 1 APPPATH\Views\pages\my_payments.php(27): CodeIgniter\Debug\Exceptions->errorHandler(2, 'Undefined variable $details', 'C:\\xampp\\htdocs\\iaoi\\iaoi_full\\backend\\app\\Views\\pages\\my_payments.php', 27)
 2 SYSTEMPATH\View\View.php(224): include('C:\\xampp\\htdocs\\iaoi\\iaoi_full\\backend\\app\\Views\\pages\\my_payments.php')
 3 SYSTEMPATH\View\View.php(227): CodeIgniter\View\View->CodeIgniter\View\{closure}()
 4 SYSTEMPATH\Common.php(1180): CodeIgniter\View\View->render('pages/my_payments', [], true)
 5 APPPATH\Controllers\Become_a_member.php(55): view('pages/my_payments', [...])
 6 SYSTEMPATH\CodeIgniter.php(932): Core\Controllers\Become_a_member->mypayments()
 7 SYSTEMPATH\CodeIgniter.php(497): CodeIgniter\CodeIgniter->runController(Object(Core\Controllers\Become_a_member))
 8 SYSTEMPATH\CodeIgniter.php(366): CodeIgniter\CodeIgniter->handleRequest(null, Object(Config\Cache), false)
 9 FCPATH\index.php(101): CodeIgniter\CodeIgniter->run()
INFO - 2024-06-19 11:29:13 --> Session: Class initialized using 'CodeIgniter\Session\Handlers\FileHandler' driver.
CRITICAL - 2024-06-19 11:29:13 --> Undefined array key "member_fk_id"
in APPPATH\Controllers\Become_a_member.php on line 48.
 1 APPPATH\Controllers\Become_a_member.php(48): CodeIgniter\Debug\Exceptions->errorHandler(2, 'Undefined array key "member_fk_id"', 'C:\\xampp\\htdocs\\iaoi\\iaoi_full\\backend\\app\\Controllers\\Become_a_member.php', 48)
 2 SYSTEMPATH\CodeIgniter.php(932): Core\Controllers\Become_a_member->profile()
 3 SYSTEMPATH\CodeIgniter.php(497): CodeIgniter\CodeIgniter->runController(Object(Core\Controllers\Become_a_member))
 4 SYSTEMPATH\CodeIgniter.php(366): CodeIgniter\CodeIgniter->handleRequest(null, Object(Config\Cache), false)
 5 FCPATH\index.php(101): CodeIgniter\CodeIgniter->run()
INFO - 2024-06-19 11:29:23 --> Session: Class initialized using 'CodeIgniter\Session\Handlers\FileHandler' driver.
INFO - 2024-06-19 11:29:42 --> Session: Class initialized using 'CodeIgniter\Session\Handlers\FileHandler' driver.
INFO - 2024-06-19 11:29:48 --> Session: Class initialized using 'CodeIgniter\Session\Handlers\FileHandler' driver.
INFO - 2024-06-19 11:29:54 --> Session: Class initialized using 'CodeIgniter\Session\Handlers\FileHandler' driver.
INFO - 2024-06-19 11:35:52 --> Session: Class initialized using 'CodeIgniter\Session\Handlers\FileHandler' driver.
INFO - 2024-06-19 11:35:56 --> Session: Class initialized using 'CodeIgniter\Session\Handlers\FileHandler' driver.
INFO - 2024-06-19 11:38:11 --> Session: Class initialized using 'CodeIgniter\Session\Handlers\FileHandler' driver.
INFO - 2024-06-19 11:38:36 --> Session: Class initialized using 'CodeIgniter\Session\Handlers\FileHandler' driver.
INFO - 2024-06-19 11:39:57 --> Session: Class initialized using 'CodeIgniter\Session\Handlers\FileHandler' driver.
INFO - 2024-06-19 11:40:23 --> Session: Class initialized using 'CodeIgniter\Session\Handlers\FileHandler' driver.
INFO - 2024-06-19 11:41:47 --> Session: Class initialized using 'CodeIgniter\Session\Handlers\FileHandler' driver.
INFO - 2024-06-19 11:43:03 --> Session: Class initialized using 'CodeIgniter\Session\Handlers\FileHandler' driver.
INFO - 2024-06-19 11:45:02 --> Session: Class initialized using 'CodeIgniter\Session\Handlers\FileHandler' driver.
INFO - 2024-06-19 11:46:15 --> Session: Class initialized using 'CodeIgniter\Session\Handlers\FileHandler' driver.
INFO - 2024-06-19 11:46:22 --> Session: Class initialized using 'CodeIgniter\Session\Handlers\FileHandler' driver.
INFO - 2024-06-19 12:12:23 --> Session: Class initialized using 'CodeIgniter\Session\Handlers\FileHandler' driver.
INFO - 2024-06-19 12:13:39 --> Session: Class initialized using 'CodeIgniter\Session\Handlers\FileHandler' driver.
INFO - 2024-06-19 12:14:10 --> Session: Class initialized using 'CodeIgniter\Session\Handlers\FileHandler' driver.
INFO - 2024-06-19 12:18:52 --> Session: Class initialized using 'CodeIgniter\Session\Handlers\FileHandler' driver.
INFO - 2024-06-19 12:19:47 --> Session: Class initialized using 'CodeIgniter\Session\Handlers\FileHandler' driver.
INFO - 2024-06-19 12:20:41 --> Session: Class initialized using 'CodeIgniter\Session\Handlers\FileHandler' driver.
INFO - 2024-06-19 12:27:03 --> Session: Class initialized using 'CodeIgniter\Session\Handlers\FileHandler' driver.
INFO - 2024-06-19 12:28:49 --> Session: Class initialized using 'CodeIgniter\Session\Handlers\FileHandler' driver.
INFO - 2024-06-19 12:29:58 --> Session: Class initialized using 'CodeIgniter\Session\Handlers\FileHandler' driver.
INFO - 2024-06-19 12:30:25 --> Session: Class initialized using 'CodeIgniter\Session\Handlers\FileHandler' driver.
INFO - 2024-06-19 12:31:33 --> Session: Class initialized using 'CodeIgniter\Session\Handlers\FileHandler' driver.
INFO - 2024-06-19 12:32:52 --> Session: Class initialized using 'CodeIgniter\Session\Handlers\FileHandler' driver.
INFO - 2024-06-19 12:33:10 --> Session: Class initialized using 'CodeIgniter\Session\Handlers\FileHandler' driver.
INFO - 2024-06-19 12:33:16 --> Session: Class initialized using 'CodeIgniter\Session\Handlers\FileHandler' driver.
INFO - 2024-06-19 12:33:19 --> Session: Class initialized using 'CodeIgniter\Session\Handlers\FileHandler' driver.
INFO - 2024-06-19 12:33:49 --> Session: Class initialized using 'CodeIgniter\Session\Handlers\FileHandler' driver.
INFO - 2024-06-19 12:33:52 --> Session: Class initialized using 'CodeIgniter\Session\Handlers\FileHandler' driver.
INFO - 2024-06-19 12:36:36 --> Session: Class initialized using 'CodeIgniter\Session\Handlers\FileHandler' driver.
INFO - 2024-06-19 12:36:41 --> Session: Class initialized using 'CodeIgniter\Session\Handlers\FileHandler' driver.
INFO - 2024-06-19 12:36:51 --> Session: Class initialized using 'CodeIgniter\Session\Handlers\FileHandler' driver.
INFO - 2024-06-19 12:43:36 --> Session: Class initialized using 'CodeIgniter\Session\Handlers\FileHandler' driver.
INFO - 2024-06-19 12:43:47 --> Session: Class initialized using 'CodeIgniter\Session\Handlers\FileHandler' driver.
INFO - 2024-06-19 12:44:43 --> Session: Class initialized using 'CodeIgniter\Session\Handlers\FileHandler' driver.
INFO - 2024-06-19 12:45:42 --> Session: Class initialized using 'CodeIgniter\Session\Handlers\FileHandler' driver.
INFO - 2024-06-19 12:46:26 --> Session: Class initialized using 'CodeIgniter\Session\Handlers\FileHandler' driver.
INFO - 2024-06-19 12:46:41 --> Session: Class initialized using 'CodeIgniter\Session\Handlers\FileHandler' driver.
INFO - 2024-06-19 12:47:16 --> Session: Class initialized using 'CodeIgniter\Session\Handlers\FileHandler' driver.
INFO - 2024-06-19 12:48:11 --> Session: Class initialized using 'CodeIgniter\Session\Handlers\FileHandler' driver.
INFO - 2024-06-19 12:57:23 --> Session: Class initialized using 'CodeIgniter\Session\Handlers\FileHandler' driver.
