INFO - 2024-06-18 04:32:44 --> Session: Class initialized using 'CodeIgniter\Session\Handlers\FileHandler' driver.
INFO - 2024-06-18 04:35:57 --> Session: Class initialized using 'CodeIgniter\Session\Handlers\FileHandler' driver.
INFO - 2024-06-18 04:55:42 --> Session: Class initialized using 'CodeIgniter\Session\Handlers\FileHandler' driver.
INFO - 2024-06-18 04:55:42 --> Session: Class initialized using 'CodeIgniter\Session\Handlers\FileHandler' driver.
INFO - 2024-06-18 04:55:53 --> Session: Class initialized using 'CodeIgniter\Session\Handlers\FileHandler' driver.
INFO - 2024-06-18 04:56:09 --> Session: Class initialized using 'CodeIgniter\Session\Handlers\FileHandler' driver.
INFO - 2024-06-18 04:56:16 --> Session: Class initialized using 'CodeIgniter\Session\Handlers\FileHandler' driver.
INFO - 2024-06-18 04:56:27 --> Session: Class initialized using 'CodeIgniter\Session\Handlers\FileHandler' driver.
INFO - 2024-06-18 04:56:31 --> Session: Class initialized using 'CodeIgniter\Session\Handlers\FileHandler' driver.
INFO - 2024-06-18 04:56:48 --> Session: Class initialized using 'CodeIgniter\Session\Handlers\FileHandler' driver.
INFO - 2024-06-18 04:56:58 --> Session: Class initialized using 'CodeIgniter\Session\Handlers\FileHandler' driver.
INFO - 2024-06-18 04:57:06 --> Session: Class initialized using 'CodeIgniter\Session\Handlers\FileHandler' driver.
INFO - 2024-06-18 04:57:10 --> Session: Class initialized using 'CodeIgniter\Session\Handlers\FileHandler' driver.
INFO - 2024-06-18 04:57:14 --> Session: Class initialized using 'CodeIgniter\Session\Handlers\FileHandler' driver.
INFO - 2024-06-18 04:57:21 --> Session: Class initialized using 'CodeIgniter\Session\Handlers\FileHandler' driver.
INFO - 2024-06-18 04:57:26 --> Session: Class initialized using 'CodeIgniter\Session\Handlers\FileHandler' driver.
INFO - 2024-06-18 04:57:30 --> Session: Class initialized using 'CodeIgniter\Session\Handlers\FileHandler' driver.
INFO - 2024-06-18 04:57:34 --> Session: Class initialized using 'CodeIgniter\Session\Handlers\FileHandler' driver.
INFO - 2024-06-18 04:57:45 --> Session: Class initialized using 'CodeIgniter\Session\Handlers\FileHandler' driver.
INFO - 2024-06-18 04:57:48 --> Session: Class initialized using 'CodeIgniter\Session\Handlers\FileHandler' driver.
INFO - 2024-06-18 04:59:18 --> Session: Class initialized using 'CodeIgniter\Session\Handlers\FileHandler' driver.
INFO - 2024-06-18 04:59:20 --> Session: Class initialized using 'CodeIgniter\Session\Handlers\FileHandler' driver.
INFO - 2024-06-18 05:00:14 --> Session: Class initialized using 'CodeIgniter\Session\Handlers\FileHandler' driver.
INFO - 2024-06-18 05:23:15 --> Session: Class initialized using 'CodeIgniter\Session\Handlers\FileHandler' driver.
INFO - 2024-06-18 05:23:41 --> Session: Class initialized using 'CodeIgniter\Session\Handlers\FileHandler' driver.
INFO - 2024-06-18 05:28:58 --> Session: Class initialized using 'CodeIgniter\Session\Handlers\FileHandler' driver.
CRITICAL - 2024-06-18 05:28:58 --> Class "App\Infrastructure\Persistence\Events\SQLEvent_locationRepository" not found
in APPPATH\Libraries\EmailConetentGenerator.php on line 24.
 1 APPPATH\Controllers\EmailController.php(21): Core\Libraries\EmailConetentGenerator->__construct()
 2 SYSTEMPATH\CodeIgniter.php(904): Core\Controllers\EmailController->__construct()
 3 SYSTEMPATH\CodeIgniter.php(488): CodeIgniter\CodeIgniter->createController()
 4 SYSTEMPATH\CodeIgniter.php(366): CodeIgniter\CodeIgniter->handleRequest(null, Object(Config\Cache), false)
 5 FCPATH\index.php(101): CodeIgniter\CodeIgniter->run()
INFO - 2024-06-18 05:29:00 --> Session: Class initialized using 'CodeIgniter\Session\Handlers\FileHandler' driver.
CRITICAL - 2024-06-18 05:29:00 --> Class "App\Infrastructure\Persistence\Events\SQLEvent_locationRepository" not found
in APPPATH\Libraries\EmailConetentGenerator.php on line 24.
 1 APPPATH\Controllers\EmailController.php(21): Core\Libraries\EmailConetentGenerator->__construct()
 2 SYSTEMPATH\CodeIgniter.php(904): Core\Controllers\EmailController->__construct()
 3 SYSTEMPATH\CodeIgniter.php(488): CodeIgniter\CodeIgniter->createController()
 4 SYSTEMPATH\CodeIgniter.php(366): CodeIgniter\CodeIgniter->handleRequest(null, Object(Config\Cache), false)
 5 FCPATH\index.php(101): CodeIgniter\CodeIgniter->run()
INFO - 2024-06-18 05:29:17 --> Session: Class initialized using 'CodeIgniter\Session\Handlers\FileHandler' driver.
CRITICAL - 2024-06-18 05:29:17 --> Class "App\Infrastructure\Persistence\Events\SQLEvent_locationRepository" not found
in APPPATH\Libraries\EmailConetentGenerator.php on line 24.
 1 APPPATH\Controllers\EmailController.php(21): Core\Libraries\EmailConetentGenerator->__construct()
 2 SYSTEMPATH\CodeIgniter.php(904): Core\Controllers\EmailController->__construct()
 3 SYSTEMPATH\CodeIgniter.php(488): CodeIgniter\CodeIgniter->createController()
 4 SYSTEMPATH\CodeIgniter.php(366): CodeIgniter\CodeIgniter->handleRequest(null, Object(Config\Cache), false)
 5 FCPATH\index.php(101): CodeIgniter\CodeIgniter->run()
INFO - 2024-06-18 05:29:27 --> Session: Class initialized using 'CodeIgniter\Session\Handlers\FileHandler' driver.
INFO - 2024-06-18 05:29:32 --> Session: Class initialized using 'CodeIgniter\Session\Handlers\FileHandler' driver.
INFO - 2024-06-18 05:37:08 --> Session: Class initialized using 'CodeIgniter\Session\Handlers\FileHandler' driver.
INFO - 2024-06-18 05:45:26 --> Session: Class initialized using 'CodeIgniter\Session\Handlers\FileHandler' driver.
INFO - 2024-06-18 05:47:03 --> Session: Class initialized using 'CodeIgniter\Session\Handlers\FileHandler' driver.
INFO - 2024-06-18 05:47:09 --> Session: Class initialized using 'CodeIgniter\Session\Handlers\FileHandler' driver.
INFO - 2024-06-18 05:47:18 --> Session: Class initialized using 'CodeIgniter\Session\Handlers\FileHandler' driver.
INFO - 2024-06-18 05:47:25 --> Session: Class initialized using 'CodeIgniter\Session\Handlers\FileHandler' driver.
INFO - 2024-06-18 05:49:20 --> Session: Class initialized using 'CodeIgniter\Session\Handlers\FileHandler' driver.
INFO - 2024-06-18 05:59:58 --> Session: Class initialized using 'CodeIgniter\Session\Handlers\FileHandler' driver.
INFO - 2024-06-18 06:01:19 --> Session: Class initialized using 'CodeIgniter\Session\Handlers\FileHandler' driver.
INFO - 2024-06-18 06:01:28 --> Session: Class initialized using 'CodeIgniter\Session\Handlers\FileHandler' driver.
INFO - 2024-06-18 06:01:40 --> Session: Class initialized using 'CodeIgniter\Session\Handlers\FileHandler' driver.
INFO - 2024-06-18 06:04:26 --> Session: Class initialized using 'CodeIgniter\Session\Handlers\FileHandler' driver.
INFO - 2024-06-18 06:04:35 --> Session: Class initialized using 'CodeIgniter\Session\Handlers\FileHandler' driver.
INFO - 2024-06-18 06:04:37 --> Session: Class initialized using 'CodeIgniter\Session\Handlers\FileHandler' driver.
INFO - 2024-06-18 06:05:01 --> Session: Class initialized using 'CodeIgniter\Session\Handlers\FileHandler' driver.
INFO - 2024-06-18 06:05:17 --> Session: Class initialized using 'CodeIgniter\Session\Handlers\FileHandler' driver.
INFO - 2024-06-18 06:05:54 --> Session: Class initialized using 'CodeIgniter\Session\Handlers\FileHandler' driver.
INFO - 2024-06-18 06:09:46 --> Session: Class initialized using 'CodeIgniter\Session\Handlers\FileHandler' driver.
INFO - 2024-06-18 06:14:26 --> Session: Class initialized using 'CodeIgniter\Session\Handlers\FileHandler' driver.
INFO - 2024-06-18 06:14:57 --> Session: Class initialized using 'CodeIgniter\Session\Handlers\FileHandler' driver.
INFO - 2024-06-18 06:15:57 --> Session: Class initialized using 'CodeIgniter\Session\Handlers\FileHandler' driver.
INFO - 2024-06-18 06:17:58 --> Session: Class initialized using 'CodeIgniter\Session\Handlers\FileHandler' driver.
INFO - 2024-06-18 06:23:24 --> Session: Class initialized using 'CodeIgniter\Session\Handlers\FileHandler' driver.
INFO - 2024-06-18 06:23:30 --> Session: Class initialized using 'CodeIgniter\Session\Handlers\FileHandler' driver.
INFO - 2024-06-18 06:23:35 --> Session: Class initialized using 'CodeIgniter\Session\Handlers\FileHandler' driver.
INFO - 2024-06-18 06:26:08 --> Session: Class initialized using 'CodeIgniter\Session\Handlers\FileHandler' driver.
CRITICAL - 2024-06-18 06:26:08 --> Undefined array key "member_fk_id"
in APPPATH\Controllers\Become_a_member.php on line 49.
 1 APPPATH\Controllers\Become_a_member.php(49): CodeIgniter\Debug\Exceptions->errorHandler(2, 'Undefined array key "member_fk_id"', 'C:\\xampp\\htdocs\\iaoi\\iaoi_full\\backend\\app\\Controllers\\Become_a_member.php', 49)
 2 SYSTEMPATH\CodeIgniter.php(932): Core\Controllers\Become_a_member->profile()
 3 SYSTEMPATH\CodeIgniter.php(497): CodeIgniter\CodeIgniter->runController(Object(Core\Controllers\Become_a_member))
 4 SYSTEMPATH\CodeIgniter.php(366): CodeIgniter\CodeIgniter->handleRequest(null, Object(Config\Cache), false)
 5 FCPATH\index.php(101): CodeIgniter\CodeIgniter->run()
INFO - 2024-06-18 06:26:23 --> Session: Class initialized using 'CodeIgniter\Session\Handlers\FileHandler' driver.
CRITICAL - 2024-06-18 06:26:23 --> Undefined array key "member_fk_id"
in APPPATH\Controllers\Become_a_member.php on line 49.
 1 APPPATH\Controllers\Become_a_member.php(49): CodeIgniter\Debug\Exceptions->errorHandler(2, 'Undefined array key "member_fk_id"', 'C:\\xampp\\htdocs\\iaoi\\iaoi_full\\backend\\app\\Controllers\\Become_a_member.php', 49)
 2 SYSTEMPATH\CodeIgniter.php(932): Core\Controllers\Become_a_member->profile()
 3 SYSTEMPATH\CodeIgniter.php(497): CodeIgniter\CodeIgniter->runController(Object(Core\Controllers\Become_a_member))
 4 SYSTEMPATH\CodeIgniter.php(366): CodeIgniter\CodeIgniter->handleRequest(null, Object(Config\Cache), false)
 5 FCPATH\index.php(101): CodeIgniter\CodeIgniter->run()
INFO - 2024-06-18 06:26:25 --> Session: Class initialized using 'CodeIgniter\Session\Handlers\FileHandler' driver.
INFO - 2024-06-18 06:26:28 --> Session: Class initialized using 'CodeIgniter\Session\Handlers\FileHandler' driver.
INFO - 2024-06-18 06:26:30 --> Session: Class initialized using 'CodeIgniter\Session\Handlers\FileHandler' driver.
INFO - 2024-06-18 06:26:35 --> Session: Class initialized using 'CodeIgniter\Session\Handlers\FileHandler' driver.
INFO - 2024-06-18 06:27:04 --> Session: Class initialized using 'CodeIgniter\Session\Handlers\FileHandler' driver.
INFO - 2024-06-18 06:27:56 --> Session: Class initialized using 'CodeIgniter\Session\Handlers\FileHandler' driver.
INFO - 2024-06-18 06:27:59 --> Session: Class initialized using 'CodeIgniter\Session\Handlers\FileHandler' driver.
INFO - 2024-06-18 06:29:21 --> Session: Class initialized using 'CodeIgniter\Session\Handlers\FileHandler' driver.
INFO - 2024-06-18 06:29:48 --> Session: Class initialized using 'CodeIgniter\Session\Handlers\FileHandler' driver.
INFO - 2024-06-18 06:30:30 --> Session: Class initialized using 'CodeIgniter\Session\Handlers\FileHandler' driver.
INFO - 2024-06-18 06:32:06 --> Session: Class initialized using 'CodeIgniter\Session\Handlers\FileHandler' driver.
INFO - 2024-06-18 06:32:23 --> Session: Class initialized using 'CodeIgniter\Session\Handlers\FileHandler' driver.
INFO - 2024-06-18 06:32:53 --> Session: Class initialized using 'CodeIgniter\Session\Handlers\FileHandler' driver.
INFO - 2024-06-18 06:36:17 --> Session: Class initialized using 'CodeIgniter\Session\Handlers\FileHandler' driver.
CRITICAL - 2024-06-18 06:36:18 --> Undefined array key "amount"
in APPPATH\Views\pages\member-profile.php on line 80.
 1 APPPATH\Views\pages\member-profile.php(80): CodeIgniter\Debug\Exceptions->errorHandler(2, 'Undefined array key "amount"', 'C:\\xampp\\htdocs\\iaoi\\iaoi_full\\backend\\app\\Views\\pages\\member-profile.php', 80)
 2 SYSTEMPATH\View\View.php(224): include('C:\\xampp\\htdocs\\iaoi\\iaoi_full\\backend\\app\\Views\\pages\\member-profile.php')
 3 SYSTEMPATH\View\View.php(227): CodeIgniter\View\View->CodeIgniter\View\{closure}()
 4 SYSTEMPATH\Common.php(1180): CodeIgniter\View\View->render('pages/member-profile', [], true)
 5 APPPATH\Controllers\Become_a_member.php(50): view('pages/member-profile', [...])
 6 SYSTEMPATH\CodeIgniter.php(932): Core\Controllers\Become_a_member->profile()
 7 SYSTEMPATH\CodeIgniter.php(497): CodeIgniter\CodeIgniter->runController(Object(Core\Controllers\Become_a_member))
 8 SYSTEMPATH\CodeIgniter.php(366): CodeIgniter\CodeIgniter->handleRequest(null, Object(Config\Cache), false)
 9 FCPATH\index.php(101): CodeIgniter\CodeIgniter->run()
INFO - 2024-06-18 06:36:44 --> Session: Class initialized using 'CodeIgniter\Session\Handlers\FileHandler' driver.
CRITICAL - 2024-06-18 06:36:44 --> Undefined array key "remark"
in APPPATH\Views\pages\member-profile.php on line 80.
 1 APPPATH\Views\pages\member-profile.php(80): CodeIgniter\Debug\Exceptions->errorHandler(2, 'Undefined array key "remark"', 'C:\\xampp\\htdocs\\iaoi\\iaoi_full\\backend\\app\\Views\\pages\\member-profile.php', 80)
 2 SYSTEMPATH\View\View.php(224): include('C:\\xampp\\htdocs\\iaoi\\iaoi_full\\backend\\app\\Views\\pages\\member-profile.php')
 3 SYSTEMPATH\View\View.php(227): CodeIgniter\View\View->CodeIgniter\View\{closure}()
 4 SYSTEMPATH\Common.php(1180): CodeIgniter\View\View->render('pages/member-profile', [], true)
 5 APPPATH\Controllers\Become_a_member.php(50): view('pages/member-profile', [...])
 6 SYSTEMPATH\CodeIgniter.php(932): Core\Controllers\Become_a_member->profile()
 7 SYSTEMPATH\CodeIgniter.php(497): CodeIgniter\CodeIgniter->runController(Object(Core\Controllers\Become_a_member))
 8 SYSTEMPATH\CodeIgniter.php(366): CodeIgniter\CodeIgniter->handleRequest(null, Object(Config\Cache), false)
 9 FCPATH\index.php(101): CodeIgniter\CodeIgniter->run()
INFO - 2024-06-18 06:36:46 --> Session: Class initialized using 'CodeIgniter\Session\Handlers\FileHandler' driver.
CRITICAL - 2024-06-18 06:36:46 --> Undefined array key "remark"
in APPPATH\Views\pages\member-profile.php on line 80.
 1 APPPATH\Views\pages\member-profile.php(80): CodeIgniter\Debug\Exceptions->errorHandler(2, 'Undefined array key "remark"', 'C:\\xampp\\htdocs\\iaoi\\iaoi_full\\backend\\app\\Views\\pages\\member-profile.php', 80)
 2 SYSTEMPATH\View\View.php(224): include('C:\\xampp\\htdocs\\iaoi\\iaoi_full\\backend\\app\\Views\\pages\\member-profile.php')
 3 SYSTEMPATH\View\View.php(227): CodeIgniter\View\View->CodeIgniter\View\{closure}()
 4 SYSTEMPATH\Common.php(1180): CodeIgniter\View\View->render('pages/member-profile', [], true)
 5 APPPATH\Controllers\Become_a_member.php(50): view('pages/member-profile', [...])
 6 SYSTEMPATH\CodeIgniter.php(932): Core\Controllers\Become_a_member->profile()
 7 SYSTEMPATH\CodeIgniter.php(497): CodeIgniter\CodeIgniter->runController(Object(Core\Controllers\Become_a_member))
 8 SYSTEMPATH\CodeIgniter.php(366): CodeIgniter\CodeIgniter->handleRequest(null, Object(Config\Cache), false)
 9 FCPATH\index.php(101): CodeIgniter\CodeIgniter->run()
INFO - 2024-06-18 06:37:15 --> Session: Class initialized using 'CodeIgniter\Session\Handlers\FileHandler' driver.
CRITICAL - 2024-06-18 06:37:15 --> Unmatched '}'
in APPPATH\Views\pages\member-profile.php on line 80.
 1 SYSTEMPATH\View\View.php(227): CodeIgniter\View\View->CodeIgniter\View\{closure}()
 2 SYSTEMPATH\Common.php(1180): CodeIgniter\View\View->render('pages/member-profile', [], true)
 3 APPPATH\Controllers\Become_a_member.php(50): view('pages/member-profile', [...])
 4 SYSTEMPATH\CodeIgniter.php(932): Core\Controllers\Become_a_member->profile()
 5 SYSTEMPATH\CodeIgniter.php(497): CodeIgniter\CodeIgniter->runController(Object(Core\Controllers\Become_a_member))
 6 SYSTEMPATH\CodeIgniter.php(366): CodeIgniter\CodeIgniter->handleRequest(null, Object(Config\Cache), false)
 7 FCPATH\index.php(101): CodeIgniter\CodeIgniter->run()
INFO - 2024-06-18 06:37:32 --> Session: Class initialized using 'CodeIgniter\Session\Handlers\FileHandler' driver.
INFO - 2024-06-18 06:38:43 --> Session: Class initialized using 'CodeIgniter\Session\Handlers\FileHandler' driver.
INFO - 2024-06-18 06:39:00 --> Session: Class initialized using 'CodeIgniter\Session\Handlers\FileHandler' driver.
CRITICAL - 2024-06-18 06:39:00 --> Undefined array key "amount"
in APPPATH\Views\pages\member-profile.php on line 80.
 1 APPPATH\Views\pages\member-profile.php(80): CodeIgniter\Debug\Exceptions->errorHandler(2, 'Undefined array key "amount"', 'C:\\xampp\\htdocs\\iaoi\\iaoi_full\\backend\\app\\Views\\pages\\member-profile.php', 80)
 2 SYSTEMPATH\View\View.php(224): include('C:\\xampp\\htdocs\\iaoi\\iaoi_full\\backend\\app\\Views\\pages\\member-profile.php')
 3 SYSTEMPATH\View\View.php(227): CodeIgniter\View\View->CodeIgniter\View\{closure}()
 4 SYSTEMPATH\Common.php(1180): CodeIgniter\View\View->render('pages/member-profile', [], true)
 5 APPPATH\Controllers\Become_a_member.php(50): view('pages/member-profile', [...])
 6 SYSTEMPATH\CodeIgniter.php(932): Core\Controllers\Become_a_member->profile()
 7 SYSTEMPATH\CodeIgniter.php(497): CodeIgniter\CodeIgniter->runController(Object(Core\Controllers\Become_a_member))
 8 SYSTEMPATH\CodeIgniter.php(366): CodeIgniter\CodeIgniter->handleRequest(null, Object(Config\Cache), false)
 9 FCPATH\index.php(101): CodeIgniter\CodeIgniter->run()
INFO - 2024-06-18 06:39:13 --> Session: Class initialized using 'CodeIgniter\Session\Handlers\FileHandler' driver.
INFO - 2024-06-18 06:40:31 --> Session: Class initialized using 'CodeIgniter\Session\Handlers\FileHandler' driver.
INFO - 2024-06-18 06:42:17 --> Session: Class initialized using 'CodeIgniter\Session\Handlers\FileHandler' driver.
INFO - 2024-06-18 06:42:20 --> Session: Class initialized using 'CodeIgniter\Session\Handlers\FileHandler' driver.
INFO - 2024-06-18 06:42:52 --> Session: Class initialized using 'CodeIgniter\Session\Handlers\FileHandler' driver.
INFO - 2024-06-18 06:43:08 --> Session: Class initialized using 'CodeIgniter\Session\Handlers\FileHandler' driver.
INFO - 2024-06-18 06:45:05 --> Session: Class initialized using 'CodeIgniter\Session\Handlers\FileHandler' driver.
INFO - 2024-06-18 06:46:08 --> Session: Class initialized using 'CodeIgniter\Session\Handlers\FileHandler' driver.
CRITICAL - 2024-06-18 06:46:08 --> Undefined variable $paymentData
in APPPATH\Views\pages\member-profile.php on line 77.
 1 APPPATH\Views\pages\member-profile.php(77): CodeIgniter\Debug\Exceptions->errorHandler(2, 'Undefined variable $paymentData', 'C:\\xampp\\htdocs\\iaoi\\iaoi_full\\backend\\app\\Views\\pages\\member-profile.php', 77)
 2 SYSTEMPATH\View\View.php(224): include('C:\\xampp\\htdocs\\iaoi\\iaoi_full\\backend\\app\\Views\\pages\\member-profile.php')
 3 SYSTEMPATH\View\View.php(227): CodeIgniter\View\View->CodeIgniter\View\{closure}()
 4 SYSTEMPATH\Common.php(1180): CodeIgniter\View\View->render('pages/member-profile', [], true)
 5 APPPATH\Controllers\Become_a_member.php(50): view('pages/member-profile', [...])
 6 SYSTEMPATH\CodeIgniter.php(932): Core\Controllers\Become_a_member->profile()
 7 SYSTEMPATH\CodeIgniter.php(497): CodeIgniter\CodeIgniter->runController(Object(Core\Controllers\Become_a_member))
 8 SYSTEMPATH\CodeIgniter.php(366): CodeIgniter\CodeIgniter->handleRequest(null, Object(Config\Cache), false)
 9 FCPATH\index.php(101): CodeIgniter\CodeIgniter->run()
INFO - 2024-06-18 06:46:21 --> Session: Class initialized using 'CodeIgniter\Session\Handlers\FileHandler' driver.
INFO - 2024-06-18 06:56:13 --> Session: Class initialized using 'CodeIgniter\Session\Handlers\FileHandler' driver.
INFO - 2024-06-18 06:57:05 --> Session: Class initialized using 'CodeIgniter\Session\Handlers\FileHandler' driver.
INFO - 2024-06-18 07:09:01 --> Session: Class initialized using 'CodeIgniter\Session\Handlers\FileHandler' driver.
INFO - 2024-06-18 07:16:38 --> Session: Class initialized using 'CodeIgniter\Session\Handlers\FileHandler' driver.
INFO - 2024-06-18 07:16:41 --> Session: Class initialized using 'CodeIgniter\Session\Handlers\FileHandler' driver.
CRITICAL - 2024-06-18 07:16:41 --> Undefined array key "member_fk_id"
in APPPATH\Controllers\Become_a_member.php on line 49.
 1 APPPATH\Controllers\Become_a_member.php(49): CodeIgniter\Debug\Exceptions->errorHandler(2, 'Undefined array key "member_fk_id"', 'C:\\xampp\\htdocs\\iaoi\\iaoi_full\\backend\\app\\Controllers\\Become_a_member.php', 49)
 2 SYSTEMPATH\CodeIgniter.php(932): Core\Controllers\Become_a_member->profile()
 3 SYSTEMPATH\CodeIgniter.php(497): CodeIgniter\CodeIgniter->runController(Object(Core\Controllers\Become_a_member))
 4 SYSTEMPATH\CodeIgniter.php(366): CodeIgniter\CodeIgniter->handleRequest(null, Object(Config\Cache), false)
 5 FCPATH\index.php(101): CodeIgniter\CodeIgniter->run()
INFO - 2024-06-18 07:16:43 --> Session: Class initialized using 'CodeIgniter\Session\Handlers\FileHandler' driver.
INFO - 2024-06-18 07:16:44 --> Session: Class initialized using 'CodeIgniter\Session\Handlers\FileHandler' driver.
INFO - 2024-06-18 07:17:13 --> Session: Class initialized using 'CodeIgniter\Session\Handlers\FileHandler' driver.
INFO - 2024-06-18 07:19:54 --> Session: Class initialized using 'CodeIgniter\Session\Handlers\FileHandler' driver.
INFO - 2024-06-18 07:19:58 --> Session: Class initialized using 'CodeIgniter\Session\Handlers\FileHandler' driver.
INFO - 2024-06-18 07:22:39 --> Session: Class initialized using 'CodeIgniter\Session\Handlers\FileHandler' driver.
INFO - 2024-06-18 07:23:09 --> Session: Class initialized using 'CodeIgniter\Session\Handlers\FileHandler' driver.
INFO - 2024-06-18 07:29:11 --> Session: Class initialized using 'CodeIgniter\Session\Handlers\FileHandler' driver.
CRITICAL - 2024-06-18 07:29:11 --> Undefined array key "member_fk_id"
in APPPATH\Controllers\Become_a_member.php on line 49.
 1 APPPATH\Controllers\Become_a_member.php(49): CodeIgniter\Debug\Exceptions->errorHandler(2, 'Undefined array key "member_fk_id"', 'C:\\xampp\\htdocs\\iaoi\\iaoi_full\\backend\\app\\Controllers\\Become_a_member.php', 49)
 2 SYSTEMPATH\CodeIgniter.php(932): Core\Controllers\Become_a_member->profile()
 3 SYSTEMPATH\CodeIgniter.php(497): CodeIgniter\CodeIgniter->runController(Object(Core\Controllers\Become_a_member))
 4 SYSTEMPATH\CodeIgniter.php(366): CodeIgniter\CodeIgniter->handleRequest(null, Object(Config\Cache), false)
 5 FCPATH\index.php(101): CodeIgniter\CodeIgniter->run()
INFO - 2024-06-18 07:29:15 --> Session: Class initialized using 'CodeIgniter\Session\Handlers\FileHandler' driver.
CRITICAL - 2024-06-18 07:29:15 --> Undefined array key "member_fk_id"
in APPPATH\Controllers\Become_a_member.php on line 49.
 1 APPPATH\Controllers\Become_a_member.php(49): CodeIgniter\Debug\Exceptions->errorHandler(2, 'Undefined array key "member_fk_id"', 'C:\\xampp\\htdocs\\iaoi\\iaoi_full\\backend\\app\\Controllers\\Become_a_member.php', 49)
 2 SYSTEMPATH\CodeIgniter.php(932): Core\Controllers\Become_a_member->profile()
 3 SYSTEMPATH\CodeIgniter.php(497): CodeIgniter\CodeIgniter->runController(Object(Core\Controllers\Become_a_member))
 4 SYSTEMPATH\CodeIgniter.php(366): CodeIgniter\CodeIgniter->handleRequest(null, Object(Config\Cache), false)
 5 FCPATH\index.php(101): CodeIgniter\CodeIgniter->run()
INFO - 2024-06-18 07:29:16 --> Session: Class initialized using 'CodeIgniter\Session\Handlers\FileHandler' driver.
CRITICAL - 2024-06-18 07:29:16 --> Undefined array key "member_fk_id"
in APPPATH\Controllers\Become_a_member.php on line 49.
 1 APPPATH\Controllers\Become_a_member.php(49): CodeIgniter\Debug\Exceptions->errorHandler(2, 'Undefined array key "member_fk_id"', 'C:\\xampp\\htdocs\\iaoi\\iaoi_full\\backend\\app\\Controllers\\Become_a_member.php', 49)
 2 SYSTEMPATH\CodeIgniter.php(932): Core\Controllers\Become_a_member->profile()
 3 SYSTEMPATH\CodeIgniter.php(497): CodeIgniter\CodeIgniter->runController(Object(Core\Controllers\Become_a_member))
 4 SYSTEMPATH\CodeIgniter.php(366): CodeIgniter\CodeIgniter->handleRequest(null, Object(Config\Cache), false)
 5 FCPATH\index.php(101): CodeIgniter\CodeIgniter->run()
INFO - 2024-06-18 07:29:17 --> Session: Class initialized using 'CodeIgniter\Session\Handlers\FileHandler' driver.
CRITICAL - 2024-06-18 07:29:17 --> Undefined array key "member_fk_id"
in APPPATH\Controllers\Become_a_member.php on line 49.
 1 APPPATH\Controllers\Become_a_member.php(49): CodeIgniter\Debug\Exceptions->errorHandler(2, 'Undefined array key "member_fk_id"', 'C:\\xampp\\htdocs\\iaoi\\iaoi_full\\backend\\app\\Controllers\\Become_a_member.php', 49)
 2 SYSTEMPATH\CodeIgniter.php(932): Core\Controllers\Become_a_member->profile()
 3 SYSTEMPATH\CodeIgniter.php(497): CodeIgniter\CodeIgniter->runController(Object(Core\Controllers\Become_a_member))
 4 SYSTEMPATH\CodeIgniter.php(366): CodeIgniter\CodeIgniter->handleRequest(null, Object(Config\Cache), false)
 5 FCPATH\index.php(101): CodeIgniter\CodeIgniter->run()
INFO - 2024-06-18 07:29:18 --> Session: Class initialized using 'CodeIgniter\Session\Handlers\FileHandler' driver.
CRITICAL - 2024-06-18 07:29:18 --> Undefined array key "member_fk_id"
in APPPATH\Controllers\Become_a_member.php on line 49.
 1 APPPATH\Controllers\Become_a_member.php(49): CodeIgniter\Debug\Exceptions->errorHandler(2, 'Undefined array key "member_fk_id"', 'C:\\xampp\\htdocs\\iaoi\\iaoi_full\\backend\\app\\Controllers\\Become_a_member.php', 49)
 2 SYSTEMPATH\CodeIgniter.php(932): Core\Controllers\Become_a_member->profile()
 3 SYSTEMPATH\CodeIgniter.php(497): CodeIgniter\CodeIgniter->runController(Object(Core\Controllers\Become_a_member))
 4 SYSTEMPATH\CodeIgniter.php(366): CodeIgniter\CodeIgniter->handleRequest(null, Object(Config\Cache), false)
 5 FCPATH\index.php(101): CodeIgniter\CodeIgniter->run()
INFO - 2024-06-18 07:29:21 --> Session: Class initialized using 'CodeIgniter\Session\Handlers\FileHandler' driver.
CRITICAL - 2024-06-18 07:29:21 --> Undefined array key "member_fk_id"
in APPPATH\Controllers\Become_a_member.php on line 49.
 1 APPPATH\Controllers\Become_a_member.php(49): CodeIgniter\Debug\Exceptions->errorHandler(2, 'Undefined array key "member_fk_id"', 'C:\\xampp\\htdocs\\iaoi\\iaoi_full\\backend\\app\\Controllers\\Become_a_member.php', 49)
 2 SYSTEMPATH\CodeIgniter.php(932): Core\Controllers\Become_a_member->profile()
 3 SYSTEMPATH\CodeIgniter.php(497): CodeIgniter\CodeIgniter->runController(Object(Core\Controllers\Become_a_member))
 4 SYSTEMPATH\CodeIgniter.php(366): CodeIgniter\CodeIgniter->handleRequest(null, Object(Config\Cache), false)
 5 FCPATH\index.php(101): CodeIgniter\CodeIgniter->run()
INFO - 2024-06-18 07:29:33 --> Session: Class initialized using 'CodeIgniter\Session\Handlers\FileHandler' driver.
INFO - 2024-06-18 07:43:08 --> Session: Class initialized using 'CodeIgniter\Session\Handlers\FileHandler' driver.
INFO - 2024-06-18 07:43:11 --> Session: Class initialized using 'CodeIgniter\Session\Handlers\FileHandler' driver.
ERROR - 2024-06-18 07:43:11 --> mysqli_sql_exception: Unknown column 'user_id' in 'where clause' in C:\xampp\htdocs\iaoi\iaoi_full\backend\system\Database\MySQLi\Connection.php:295
Stack trace:
#0 C:\xampp\htdocs\iaoi\iaoi_full\backend\system\Database\MySQLi\Connection.php(295): mysqli->query('SELECT *\nFROM `...', 0)
#1 C:\xampp\htdocs\iaoi\iaoi_full\backend\system\Database\BaseConnection.php(692): CodeIgniter\Database\MySQLi\Connection->execute('SELECT *\nFROM `...')
#2 C:\xampp\htdocs\iaoi\iaoi_full\backend\system\Database\BaseConnection.php(606): CodeIgniter\Database\BaseConnection->simpleQuery('SELECT *\nFROM `...')
#3 C:\xampp\htdocs\iaoi\iaoi_full\backend\system\Database\BaseBuilder.php(1616): CodeIgniter\Database\BaseConnection->query('SELECT *\nFROM `...', Array, false)
#4 C:\xampp\htdocs\iaoi\iaoi_full\backend\system\Model.php(241): CodeIgniter\Database\BaseBuilder->get()
#5 C:\xampp\htdocs\iaoi\iaoi_full\backend\system\BaseModel.php(618): CodeIgniter\Model->doFindAll(0, 0)
#6 C:\xampp\htdocs\iaoi\iaoi_full\backend\app\Infrastructure\Persistence\DMLPersistence.php(124): CodeIgniter\BaseModel->findAll(0)
#7 C:\xampp\htdocs\iaoi\iaoi_full\backend\app\Controllers\Become_a_member.php(50): App\Infrastructure\Persistence\Payment\SQLPayment_detailsRepository->findAllByWhere(Array)
#8 C:\xampp\htdocs\iaoi\iaoi_full\backend\system\CodeIgniter.php(932): Core\Controllers\Become_a_member->profile()
#9 C:\xampp\htdocs\iaoi\iaoi_full\backend\system\CodeIgniter.php(497): CodeIgniter\CodeIgniter->runController(Object(Core\Controllers\Become_a_member))
#10 C:\xampp\htdocs\iaoi\iaoi_full\backend\system\CodeIgniter.php(366): CodeIgniter\CodeIgniter->handleRequest(NULL, Object(Config\Cache), false)
#11 C:\xampp\htdocs\iaoi\iaoi_full\backend\index.php(101): CodeIgniter\CodeIgniter->run()
#12 {main}
CRITICAL - 2024-06-18 07:43:11 --> Unknown column 'user_id' in 'where clause'
in SYSTEMPATH\Database\MySQLi\Connection.php on line 295.
 1 SYSTEMPATH\Database\MySQLi\Connection.php(295): mysqli->query('SELECT *
FROM `payment_details`
WHERE `user_id` = \'1\'
AND `payment_details`.`deleted_at` IS NULL', 0)
 2 SYSTEMPATH\Database\BaseConnection.php(692): CodeIgniter\Database\MySQLi\Connection->execute('SELECT *
FROM `payment_details`
WHERE `user_id` = \'1\'
AND `payment_details`.`deleted_at` IS NULL')
 3 SYSTEMPATH\Database\BaseConnection.php(606): CodeIgniter\Database\BaseConnection->simpleQuery('SELECT *
FROM `payment_details`
WHERE `user_id` = \'1\'
AND `payment_details`.`deleted_at` IS NULL')
 4 SYSTEMPATH\Database\BaseBuilder.php(1616): CodeIgniter\Database\BaseConnection->query('SELECT *
FROM `payment_details`
WHERE `user_id` = :user_id:
AND `payment_details`.`deleted_at` IS NULL', [...], false)
 5 SYSTEMPATH\Model.php(241): CodeIgniter\Database\BaseBuilder->get()
 6 SYSTEMPATH\BaseModel.php(618): CodeIgniter\Model->doFindAll(0, 0)
 7 APPPATH\Infrastructure\Persistence\DMLPersistence.php(124): CodeIgniter\BaseModel->findAll(0)
 8 APPPATH\Controllers\Become_a_member.php(50): App\Infrastructure\Persistence\Payment\SQLPayment_detailsRepository->findAllByWhere([...])
 9 SYSTEMPATH\CodeIgniter.php(932): Core\Controllers\Become_a_member->profile()
10 SYSTEMPATH\CodeIgniter.php(497): CodeIgniter\CodeIgniter->runController(Object(Core\Controllers\Become_a_member))
11 SYSTEMPATH\CodeIgniter.php(366): CodeIgniter\CodeIgniter->handleRequest(null, Object(Config\Cache), false)
12 FCPATH\index.php(101): CodeIgniter\CodeIgniter->run()
INFO - 2024-06-18 07:44:01 --> Session: Class initialized using 'CodeIgniter\Session\Handlers\FileHandler' driver.
CRITICAL - 2024-06-18 07:44:01 --> Undefined array key "payment_mode"
in APPPATH\Views\pages\member-profile.php on line 74.
 1 APPPATH\Views\pages\member-profile.php(74): CodeIgniter\Debug\Exceptions->errorHandler(2, 'Undefined array key "payment_mode"', 'C:\\xampp\\htdocs\\iaoi\\iaoi_full\\backend\\app\\Views\\pages\\member-profile.php', 74)
 2 SYSTEMPATH\View\View.php(224): include('C:\\xampp\\htdocs\\iaoi\\iaoi_full\\backend\\app\\Views\\pages\\member-profile.php')
 3 SYSTEMPATH\View\View.php(227): CodeIgniter\View\View->CodeIgniter\View\{closure}()
 4 SYSTEMPATH\Common.php(1180): CodeIgniter\View\View->render('pages/member-profile', [], true)
 5 APPPATH\Controllers\Become_a_member.php(51): view('pages/member-profile', [...])
 6 SYSTEMPATH\CodeIgniter.php(932): Core\Controllers\Become_a_member->profile()
 7 SYSTEMPATH\CodeIgniter.php(497): CodeIgniter\CodeIgniter->runController(Object(Core\Controllers\Become_a_member))
 8 SYSTEMPATH\CodeIgniter.php(366): CodeIgniter\CodeIgniter->handleRequest(null, Object(Config\Cache), false)
 9 FCPATH\index.php(101): CodeIgniter\CodeIgniter->run()
INFO - 2024-06-18 07:44:19 --> Session: Class initialized using 'CodeIgniter\Session\Handlers\FileHandler' driver.
CRITICAL - 2024-06-18 07:44:19 --> Undefined array key "payment_mode"
in APPPATH\Views\pages\member-profile.php on line 74.
 1 APPPATH\Views\pages\member-profile.php(74): CodeIgniter\Debug\Exceptions->errorHandler(2, 'Undefined array key "payment_mode"', 'C:\\xampp\\htdocs\\iaoi\\iaoi_full\\backend\\app\\Views\\pages\\member-profile.php', 74)
 2 SYSTEMPATH\View\View.php(224): include('C:\\xampp\\htdocs\\iaoi\\iaoi_full\\backend\\app\\Views\\pages\\member-profile.php')
 3 SYSTEMPATH\View\View.php(227): CodeIgniter\View\View->CodeIgniter\View\{closure}()
 4 SYSTEMPATH\Common.php(1180): CodeIgniter\View\View->render('pages/member-profile', [], true)
 5 APPPATH\Controllers\Become_a_member.php(51): view('pages/member-profile', [...])
 6 SYSTEMPATH\CodeIgniter.php(932): Core\Controllers\Become_a_member->profile()
 7 SYSTEMPATH\CodeIgniter.php(497): CodeIgniter\CodeIgniter->runController(Object(Core\Controllers\Become_a_member))
 8 SYSTEMPATH\CodeIgniter.php(366): CodeIgniter\CodeIgniter->handleRequest(null, Object(Config\Cache), false)
 9 FCPATH\index.php(101): CodeIgniter\CodeIgniter->run()
INFO - 2024-06-18 07:44:27 --> Session: Class initialized using 'CodeIgniter\Session\Handlers\FileHandler' driver.
CRITICAL - 2024-06-18 07:44:27 --> Undefined array key "payment_mode"
in APPPATH\Views\pages\member-profile.php on line 74.
 1 APPPATH\Views\pages\member-profile.php(74): CodeIgniter\Debug\Exceptions->errorHandler(2, 'Undefined array key "payment_mode"', 'C:\\xampp\\htdocs\\iaoi\\iaoi_full\\backend\\app\\Views\\pages\\member-profile.php', 74)
 2 SYSTEMPATH\View\View.php(224): include('C:\\xampp\\htdocs\\iaoi\\iaoi_full\\backend\\app\\Views\\pages\\member-profile.php')
 3 SYSTEMPATH\View\View.php(227): CodeIgniter\View\View->CodeIgniter\View\{closure}()
 4 SYSTEMPATH\Common.php(1180): CodeIgniter\View\View->render('pages/member-profile', [], true)
 5 APPPATH\Controllers\Become_a_member.php(51): view('pages/member-profile', [...])
 6 SYSTEMPATH\CodeIgniter.php(932): Core\Controllers\Become_a_member->profile()
 7 SYSTEMPATH\CodeIgniter.php(497): CodeIgniter\CodeIgniter->runController(Object(Core\Controllers\Become_a_member))
 8 SYSTEMPATH\CodeIgniter.php(366): CodeIgniter\CodeIgniter->handleRequest(null, Object(Config\Cache), false)
 9 FCPATH\index.php(101): CodeIgniter\CodeIgniter->run()
INFO - 2024-06-18 07:45:28 --> Session: Class initialized using 'CodeIgniter\Session\Handlers\FileHandler' driver.
INFO - 2024-06-18 07:46:44 --> Session: Class initialized using 'CodeIgniter\Session\Handlers\FileHandler' driver.
INFO - 2024-06-18 07:57:01 --> Session: Class initialized using 'CodeIgniter\Session\Handlers\FileHandler' driver.
CRITICAL - 2024-06-18 07:57:01 --> Unclosed '{' on line 72
in APPPATH\Views\pages\member-profile.php on line 106.
 1 SYSTEMPATH\View\View.php(227): CodeIgniter\View\View->CodeIgniter\View\{closure}()
 2 SYSTEMPATH\Common.php(1180): CodeIgniter\View\View->render('pages/member-profile', [], true)
 3 APPPATH\Controllers\Become_a_member.php(51): view('pages/member-profile', [...])
 4 SYSTEMPATH\CodeIgniter.php(932): Core\Controllers\Become_a_member->profile()
 5 SYSTEMPATH\CodeIgniter.php(497): CodeIgniter\CodeIgniter->runController(Object(Core\Controllers\Become_a_member))
 6 SYSTEMPATH\CodeIgniter.php(366): CodeIgniter\CodeIgniter->handleRequest(null, Object(Config\Cache), false)
 7 FCPATH\index.php(101): CodeIgniter\CodeIgniter->run()
INFO - 2024-06-18 07:57:21 --> Session: Class initialized using 'CodeIgniter\Session\Handlers\FileHandler' driver.
CRITICAL - 2024-06-18 07:57:22 --> Undefined array key "transaction_id"
in APPPATH\Views\pages\member-profile.php on line 86.
 1 APPPATH\Views\pages\member-profile.php(86): CodeIgniter\Debug\Exceptions->errorHandler(2, 'Undefined array key "transaction_id"', 'C:\\xampp\\htdocs\\iaoi\\iaoi_full\\backend\\app\\Views\\pages\\member-profile.php', 86)
 2 SYSTEMPATH\View\View.php(224): include('C:\\xampp\\htdocs\\iaoi\\iaoi_full\\backend\\app\\Views\\pages\\member-profile.php')
 3 SYSTEMPATH\View\View.php(227): CodeIgniter\View\View->CodeIgniter\View\{closure}()
 4 SYSTEMPATH\Common.php(1180): CodeIgniter\View\View->render('pages/member-profile', [], true)
 5 APPPATH\Controllers\Become_a_member.php(51): view('pages/member-profile', [...])
 6 SYSTEMPATH\CodeIgniter.php(932): Core\Controllers\Become_a_member->profile()
 7 SYSTEMPATH\CodeIgniter.php(497): CodeIgniter\CodeIgniter->runController(Object(Core\Controllers\Become_a_member))
 8 SYSTEMPATH\CodeIgniter.php(366): CodeIgniter\CodeIgniter->handleRequest(null, Object(Config\Cache), false)
 9 FCPATH\index.php(101): CodeIgniter\CodeIgniter->run()
INFO - 2024-06-18 07:57:44 --> Session: Class initialized using 'CodeIgniter\Session\Handlers\FileHandler' driver.
CRITICAL - 2024-06-18 07:57:44 --> Undefined array key "amount"
in APPPATH\Views\pages\member-profile.php on line 86.
 1 APPPATH\Views\pages\member-profile.php(86): CodeIgniter\Debug\Exceptions->errorHandler(2, 'Undefined array key "amount"', 'C:\\xampp\\htdocs\\iaoi\\iaoi_full\\backend\\app\\Views\\pages\\member-profile.php', 86)
 2 SYSTEMPATH\View\View.php(224): include('C:\\xampp\\htdocs\\iaoi\\iaoi_full\\backend\\app\\Views\\pages\\member-profile.php')
 3 SYSTEMPATH\View\View.php(227): CodeIgniter\View\View->CodeIgniter\View\{closure}()
 4 SYSTEMPATH\Common.php(1180): CodeIgniter\View\View->render('pages/member-profile', [], true)
 5 APPPATH\Controllers\Become_a_member.php(51): view('pages/member-profile', [...])
 6 SYSTEMPATH\CodeIgniter.php(932): Core\Controllers\Become_a_member->profile()
 7 SYSTEMPATH\CodeIgniter.php(497): CodeIgniter\CodeIgniter->runController(Object(Core\Controllers\Become_a_member))
 8 SYSTEMPATH\CodeIgniter.php(366): CodeIgniter\CodeIgniter->handleRequest(null, Object(Config\Cache), false)
 9 FCPATH\index.php(101): CodeIgniter\CodeIgniter->run()
INFO - 2024-06-18 07:58:42 --> Session: Class initialized using 'CodeIgniter\Session\Handlers\FileHandler' driver.
CRITICAL - 2024-06-18 07:58:42 --> Undefined array key "amount"
in APPPATH\Views\pages\member-profile.php on line 86.
 1 APPPATH\Views\pages\member-profile.php(86): CodeIgniter\Debug\Exceptions->errorHandler(2, 'Undefined array key "amount"', 'C:\\xampp\\htdocs\\iaoi\\iaoi_full\\backend\\app\\Views\\pages\\member-profile.php', 86)
 2 SYSTEMPATH\View\View.php(224): include('C:\\xampp\\htdocs\\iaoi\\iaoi_full\\backend\\app\\Views\\pages\\member-profile.php')
 3 SYSTEMPATH\View\View.php(227): CodeIgniter\View\View->CodeIgniter\View\{closure}()
 4 SYSTEMPATH\Common.php(1180): CodeIgniter\View\View->render('pages/member-profile', [], true)
 5 APPPATH\Controllers\Become_a_member.php(51): view('pages/member-profile', [...])
 6 SYSTEMPATH\CodeIgniter.php(932): Core\Controllers\Become_a_member->profile()
 7 SYSTEMPATH\CodeIgniter.php(497): CodeIgniter\CodeIgniter->runController(Object(Core\Controllers\Become_a_member))
 8 SYSTEMPATH\CodeIgniter.php(366): CodeIgniter\CodeIgniter->handleRequest(null, Object(Config\Cache), false)
 9 FCPATH\index.php(101): CodeIgniter\CodeIgniter->run()
INFO - 2024-06-18 07:58:44 --> Session: Class initialized using 'CodeIgniter\Session\Handlers\FileHandler' driver.
CRITICAL - 2024-06-18 07:58:44 --> Undefined array key "amount"
in APPPATH\Views\pages\member-profile.php on line 86.
 1 APPPATH\Views\pages\member-profile.php(86): CodeIgniter\Debug\Exceptions->errorHandler(2, 'Undefined array key "amount"', 'C:\\xampp\\htdocs\\iaoi\\iaoi_full\\backend\\app\\Views\\pages\\member-profile.php', 86)
 2 SYSTEMPATH\View\View.php(224): include('C:\\xampp\\htdocs\\iaoi\\iaoi_full\\backend\\app\\Views\\pages\\member-profile.php')
 3 SYSTEMPATH\View\View.php(227): CodeIgniter\View\View->CodeIgniter\View\{closure}()
 4 SYSTEMPATH\Common.php(1180): CodeIgniter\View\View->render('pages/member-profile', [], true)
 5 APPPATH\Controllers\Become_a_member.php(51): view('pages/member-profile', [...])
 6 SYSTEMPATH\CodeIgniter.php(932): Core\Controllers\Become_a_member->profile()
 7 SYSTEMPATH\CodeIgniter.php(497): CodeIgniter\CodeIgniter->runController(Object(Core\Controllers\Become_a_member))
 8 SYSTEMPATH\CodeIgniter.php(366): CodeIgniter\CodeIgniter->handleRequest(null, Object(Config\Cache), false)
 9 FCPATH\index.php(101): CodeIgniter\CodeIgniter->run()
INFO - 2024-06-18 07:59:39 --> Session: Class initialized using 'CodeIgniter\Session\Handlers\FileHandler' driver.
INFO - 2024-06-18 08:01:51 --> Session: Class initialized using 'CodeIgniter\Session\Handlers\FileHandler' driver.
INFO - 2024-06-18 08:02:04 --> Session: Class initialized using 'CodeIgniter\Session\Handlers\FileHandler' driver.
INFO - 2024-06-18 08:02:13 --> Session: Class initialized using 'CodeIgniter\Session\Handlers\FileHandler' driver.
INFO - 2024-06-18 08:02:37 --> Session: Class initialized using 'CodeIgniter\Session\Handlers\FileHandler' driver.
INFO - 2024-06-18 08:02:54 --> Session: Class initialized using 'CodeIgniter\Session\Handlers\FileHandler' driver.
INFO - 2024-06-18 08:03:12 --> Session: Class initialized using 'CodeIgniter\Session\Handlers\FileHandler' driver.
INFO - 2024-06-18 08:03:15 --> Session: Class initialized using 'CodeIgniter\Session\Handlers\FileHandler' driver.
INFO - 2024-06-18 08:11:33 --> Session: Class initialized using 'CodeIgniter\Session\Handlers\FileHandler' driver.
CRITICAL - 2024-06-18 08:11:33 --> Undefined variable $payment_details
in APPPATH\Views\pages\member-profile.php on line 72.
 1 APPPATH\Views\pages\member-profile.php(72): CodeIgniter\Debug\Exceptions->errorHandler(2, 'Undefined variable $payment_details', 'C:\\xampp\\htdocs\\iaoi\\iaoi_full\\backend\\app\\Views\\pages\\member-profile.php', 72)
 2 SYSTEMPATH\View\View.php(224): include('C:\\xampp\\htdocs\\iaoi\\iaoi_full\\backend\\app\\Views\\pages\\member-profile.php')
 3 SYSTEMPATH\View\View.php(227): CodeIgniter\View\View->CodeIgniter\View\{closure}()
 4 SYSTEMPATH\Common.php(1180): CodeIgniter\View\View->render('pages/member-profile', [], true)
 5 APPPATH\Controllers\Become_a_member.php(51): view('pages/member-profile', [...])
 6 SYSTEMPATH\CodeIgniter.php(932): Core\Controllers\Become_a_member->profile()
 7 SYSTEMPATH\CodeIgniter.php(497): CodeIgniter\CodeIgniter->runController(Object(Core\Controllers\Become_a_member))
 8 SYSTEMPATH\CodeIgniter.php(366): CodeIgniter\CodeIgniter->handleRequest(null, Object(Config\Cache), false)
 9 FCPATH\index.php(101): CodeIgniter\CodeIgniter->run()
INFO - 2024-06-18 08:12:17 --> Session: Class initialized using 'CodeIgniter\Session\Handlers\FileHandler' driver.
CRITICAL - 2024-06-18 08:12:17 --> Undefined variable $payment_Data
in APPPATH\Views\pages\member-profile.php on line 72.
 1 APPPATH\Views\pages\member-profile.php(72): CodeIgniter\Debug\Exceptions->errorHandler(2, 'Undefined variable $payment_Data', 'C:\\xampp\\htdocs\\iaoi\\iaoi_full\\backend\\app\\Views\\pages\\member-profile.php', 72)
 2 SYSTEMPATH\View\View.php(224): include('C:\\xampp\\htdocs\\iaoi\\iaoi_full\\backend\\app\\Views\\pages\\member-profile.php')
 3 SYSTEMPATH\View\View.php(227): CodeIgniter\View\View->CodeIgniter\View\{closure}()
 4 SYSTEMPATH\Common.php(1180): CodeIgniter\View\View->render('pages/member-profile', [], true)
 5 APPPATH\Controllers\Become_a_member.php(51): view('pages/member-profile', [...])
 6 SYSTEMPATH\CodeIgniter.php(932): Core\Controllers\Become_a_member->profile()
 7 SYSTEMPATH\CodeIgniter.php(497): CodeIgniter\CodeIgniter->runController(Object(Core\Controllers\Become_a_member))
 8 SYSTEMPATH\CodeIgniter.php(366): CodeIgniter\CodeIgniter->handleRequest(null, Object(Config\Cache), false)
 9 FCPATH\index.php(101): CodeIgniter\CodeIgniter->run()
INFO - 2024-06-18 08:12:32 --> Session: Class initialized using 'CodeIgniter\Session\Handlers\FileHandler' driver.
CRITICAL - 2024-06-18 08:12:32 --> ucwords(): Argument #1 ($string) must be of type string, array given
in APPPATH\Views\pages\member-profile.php on line 91.
 1 APPPATH\Views\pages\member-profile.php(91): ucwords([...])
 2 SYSTEMPATH\View\View.php(224): include('C:\\xampp\\htdocs\\iaoi\\iaoi_full\\backend\\app\\Views\\pages\\member-profile.php')
 3 SYSTEMPATH\View\View.php(227): CodeIgniter\View\View->CodeIgniter\View\{closure}()
 4 SYSTEMPATH\Common.php(1180): CodeIgniter\View\View->render('pages/member-profile', [], true)
 5 APPPATH\Controllers\Become_a_member.php(51): view('pages/member-profile', [...])
 6 SYSTEMPATH\CodeIgniter.php(932): Core\Controllers\Become_a_member->profile()
 7 SYSTEMPATH\CodeIgniter.php(497): CodeIgniter\CodeIgniter->runController(Object(Core\Controllers\Become_a_member))
 8 SYSTEMPATH\CodeIgniter.php(366): CodeIgniter\CodeIgniter->handleRequest(null, Object(Config\Cache), false)
 9 FCPATH\index.php(101): CodeIgniter\CodeIgniter->run()
INFO - 2024-06-18 08:12:47 --> Session: Class initialized using 'CodeIgniter\Session\Handlers\FileHandler' driver.
CRITICAL - 2024-06-18 08:12:47 --> ucwords(): Argument #1 ($string) must be of type string, array given
in APPPATH\Views\pages\member-profile.php on line 91.
 1 APPPATH\Views\pages\member-profile.php(91): ucwords([...])
 2 SYSTEMPATH\View\View.php(224): include('C:\\xampp\\htdocs\\iaoi\\iaoi_full\\backend\\app\\Views\\pages\\member-profile.php')
 3 SYSTEMPATH\View\View.php(227): CodeIgniter\View\View->CodeIgniter\View\{closure}()
 4 SYSTEMPATH\Common.php(1180): CodeIgniter\View\View->render('pages/member-profile', [], true)
 5 APPPATH\Controllers\Become_a_member.php(51): view('pages/member-profile', [...])
 6 SYSTEMPATH\CodeIgniter.php(932): Core\Controllers\Become_a_member->profile()
 7 SYSTEMPATH\CodeIgniter.php(497): CodeIgniter\CodeIgniter->runController(Object(Core\Controllers\Become_a_member))
 8 SYSTEMPATH\CodeIgniter.php(366): CodeIgniter\CodeIgniter->handleRequest(null, Object(Config\Cache), false)
 9 FCPATH\index.php(101): CodeIgniter\CodeIgniter->run()
INFO - 2024-06-18 08:14:35 --> Session: Class initialized using 'CodeIgniter\Session\Handlers\FileHandler' driver.
INFO - 2024-06-18 08:15:16 --> Session: Class initialized using 'CodeIgniter\Session\Handlers\FileHandler' driver.
CRITICAL - 2024-06-18 08:15:16 --> Undefined variable $payment_details
in APPPATH\Views\pages\member-profile.php on line 72.
 1 APPPATH\Views\pages\member-profile.php(72): CodeIgniter\Debug\Exceptions->errorHandler(2, 'Undefined variable $payment_details', 'C:\\xampp\\htdocs\\iaoi\\iaoi_full\\backend\\app\\Views\\pages\\member-profile.php', 72)
 2 SYSTEMPATH\View\View.php(224): include('C:\\xampp\\htdocs\\iaoi\\iaoi_full\\backend\\app\\Views\\pages\\member-profile.php')
 3 SYSTEMPATH\View\View.php(227): CodeIgniter\View\View->CodeIgniter\View\{closure}()
 4 SYSTEMPATH\Common.php(1180): CodeIgniter\View\View->render('pages/member-profile', [], true)
 5 APPPATH\Controllers\Become_a_member.php(51): view('pages/member-profile', [...])
 6 SYSTEMPATH\CodeIgniter.php(932): Core\Controllers\Become_a_member->profile()
 7 SYSTEMPATH\CodeIgniter.php(497): CodeIgniter\CodeIgniter->runController(Object(Core\Controllers\Become_a_member))
 8 SYSTEMPATH\CodeIgniter.php(366): CodeIgniter\CodeIgniter->handleRequest(null, Object(Config\Cache), false)
 9 FCPATH\index.php(101): CodeIgniter\CodeIgniter->run()
INFO - 2024-06-18 08:19:00 --> Session: Class initialized using 'CodeIgniter\Session\Handlers\FileHandler' driver.
CRITICAL - 2024-06-18 08:19:00 --> Undefined array key "Transaction ID"
in APPPATH\Views\pages\member-profile.php on line 85.
 1 APPPATH\Views\pages\member-profile.php(85): CodeIgniter\Debug\Exceptions->errorHandler(2, 'Undefined array key "Transaction ID"', 'C:\\xampp\\htdocs\\iaoi\\iaoi_full\\backend\\app\\Views\\pages\\member-profile.php', 85)
 2 SYSTEMPATH\View\View.php(224): include('C:\\xampp\\htdocs\\iaoi\\iaoi_full\\backend\\app\\Views\\pages\\member-profile.php')
 3 SYSTEMPATH\View\View.php(227): CodeIgniter\View\View->CodeIgniter\View\{closure}()
 4 SYSTEMPATH\Common.php(1180): CodeIgniter\View\View->render('pages/member-profile', [], true)
 5 APPPATH\Controllers\Become_a_member.php(51): view('pages/member-profile', [...])
 6 SYSTEMPATH\CodeIgniter.php(932): Core\Controllers\Become_a_member->profile()
 7 SYSTEMPATH\CodeIgniter.php(497): CodeIgniter\CodeIgniter->runController(Object(Core\Controllers\Become_a_member))
 8 SYSTEMPATH\CodeIgniter.php(366): CodeIgniter\CodeIgniter->handleRequest(null, Object(Config\Cache), false)
 9 FCPATH\index.php(101): CodeIgniter\CodeIgniter->run()
INFO - 2024-06-18 08:19:44 --> Session: Class initialized using 'CodeIgniter\Session\Handlers\FileHandler' driver.
CRITICAL - 2024-06-18 08:19:44 --> Undefined array key "Amount"
in APPPATH\Views\pages\member-profile.php on line 85.
 1 APPPATH\Views\pages\member-profile.php(85): CodeIgniter\Debug\Exceptions->errorHandler(2, 'Undefined array key "Amount"', 'C:\\xampp\\htdocs\\iaoi\\iaoi_full\\backend\\app\\Views\\pages\\member-profile.php', 85)
 2 SYSTEMPATH\View\View.php(224): include('C:\\xampp\\htdocs\\iaoi\\iaoi_full\\backend\\app\\Views\\pages\\member-profile.php')
 3 SYSTEMPATH\View\View.php(227): CodeIgniter\View\View->CodeIgniter\View\{closure}()
 4 SYSTEMPATH\Common.php(1180): CodeIgniter\View\View->render('pages/member-profile', [], true)
 5 APPPATH\Controllers\Become_a_member.php(51): view('pages/member-profile', [...])
 6 SYSTEMPATH\CodeIgniter.php(932): Core\Controllers\Become_a_member->profile()
 7 SYSTEMPATH\CodeIgniter.php(497): CodeIgniter\CodeIgniter->runController(Object(Core\Controllers\Become_a_member))
 8 SYSTEMPATH\CodeIgniter.php(366): CodeIgniter\CodeIgniter->handleRequest(null, Object(Config\Cache), false)
 9 FCPATH\index.php(101): CodeIgniter\CodeIgniter->run()
INFO - 2024-06-18 08:19:53 --> Session: Class initialized using 'CodeIgniter\Session\Handlers\FileHandler' driver.
INFO - 2024-06-18 08:21:33 --> Session: Class initialized using 'CodeIgniter\Session\Handlers\FileHandler' driver.
INFO - 2024-06-18 08:21:42 --> Session: Class initialized using 'CodeIgniter\Session\Handlers\FileHandler' driver.
INFO - 2024-06-18 08:23:37 --> Session: Class initialized using 'CodeIgniter\Session\Handlers\FileHandler' driver.
INFO - 2024-06-18 08:26:01 --> Session: Class initialized using 'CodeIgniter\Session\Handlers\FileHandler' driver.
INFO - 2024-06-18 08:26:20 --> Session: Class initialized using 'CodeIgniter\Session\Handlers\FileHandler' driver.
INFO - 2024-06-18 08:26:50 --> Session: Class initialized using 'CodeIgniter\Session\Handlers\FileHandler' driver.
INFO - 2024-06-18 09:20:16 --> Session: Class initialized using 'CodeIgniter\Session\Handlers\FileHandler' driver.
INFO - 2024-06-18 09:27:23 --> Session: Class initialized using 'CodeIgniter\Session\Handlers\FileHandler' driver.
INFO - 2024-06-18 09:27:26 --> Session: Class initialized using 'CodeIgniter\Session\Handlers\FileHandler' driver.
INFO - 2024-06-18 09:28:14 --> Session: Class initialized using 'CodeIgniter\Session\Handlers\FileHandler' driver.
INFO - 2024-06-18 09:28:40 --> Session: Class initialized using 'CodeIgniter\Session\Handlers\FileHandler' driver.
INFO - 2024-06-18 09:30:21 --> Session: Class initialized using 'CodeIgniter\Session\Handlers\FileHandler' driver.
INFO - 2024-06-18 09:30:31 --> Session: Class initialized using 'CodeIgniter\Session\Handlers\FileHandler' driver.
INFO - 2024-06-18 09:30:45 --> Session: Class initialized using 'CodeIgniter\Session\Handlers\FileHandler' driver.
INFO - 2024-06-18 09:30:48 --> Session: Class initialized using 'CodeIgniter\Session\Handlers\FileHandler' driver.
INFO - 2024-06-18 09:30:58 --> Session: Class initialized using 'CodeIgniter\Session\Handlers\FileHandler' driver.
INFO - 2024-06-18 09:39:53 --> Session: Class initialized using 'CodeIgniter\Session\Handlers\FileHandler' driver.
INFO - 2024-06-18 09:40:04 --> Session: Class initialized using 'CodeIgniter\Session\Handlers\FileHandler' driver.
INFO - 2024-06-18 09:40:05 --> Session: Class initialized using 'CodeIgniter\Session\Handlers\FileHandler' driver.
INFO - 2024-06-18 09:41:35 --> Session: Class initialized using 'CodeIgniter\Session\Handlers\FileHandler' driver.
INFO - 2024-06-18 09:58:38 --> Session: Class initialized using 'CodeIgniter\Session\Handlers\FileHandler' driver.
INFO - 2024-06-18 09:58:47 --> Session: Class initialized using 'CodeIgniter\Session\Handlers\FileHandler' driver.
INFO - 2024-06-18 10:01:38 --> Session: Class initialized using 'CodeIgniter\Session\Handlers\FileHandler' driver.
INFO - 2024-06-18 10:02:54 --> Session: Class initialized using 'CodeIgniter\Session\Handlers\FileHandler' driver.
INFO - 2024-06-18 10:05:14 --> Session: Class initialized using 'CodeIgniter\Session\Handlers\FileHandler' driver.
INFO - 2024-06-18 10:06:18 --> Session: Class initialized using 'CodeIgniter\Session\Handlers\FileHandler' driver.
INFO - 2024-06-18 10:06:30 --> Session: Class initialized using 'CodeIgniter\Session\Handlers\FileHandler' driver.
INFO - 2024-06-18 10:07:32 --> Session: Class initialized using 'CodeIgniter\Session\Handlers\FileHandler' driver.
INFO - 2024-06-18 10:09:48 --> Session: Class initialized using 'CodeIgniter\Session\Handlers\FileHandler' driver.
INFO - 2024-06-18 10:09:53 --> Session: Class initialized using 'CodeIgniter\Session\Handlers\FileHandler' driver.
INFO - 2024-06-18 10:09:59 --> Session: Class initialized using 'CodeIgniter\Session\Handlers\FileHandler' driver.
INFO - 2024-06-18 10:10:34 --> Session: Class initialized using 'CodeIgniter\Session\Handlers\FileHandler' driver.
INFO - 2024-06-18 10:11:06 --> Session: Class initialized using 'CodeIgniter\Session\Handlers\FileHandler' driver.
INFO - 2024-06-18 10:11:09 --> Session: Class initialized using 'CodeIgniter\Session\Handlers\FileHandler' driver.
INFO - 2024-06-18 10:11:12 --> Session: Class initialized using 'CodeIgniter\Session\Handlers\FileHandler' driver.
INFO - 2024-06-18 10:11:30 --> Session: Class initialized using 'CodeIgniter\Session\Handlers\FileHandler' driver.
INFO - 2024-06-18 10:12:21 --> Session: Class initialized using 'CodeIgniter\Session\Handlers\FileHandler' driver.
INFO - 2024-06-18 10:14:02 --> Session: Class initialized using 'CodeIgniter\Session\Handlers\FileHandler' driver.
INFO - 2024-06-18 10:15:19 --> Session: Class initialized using 'CodeIgniter\Session\Handlers\FileHandler' driver.
INFO - 2024-06-18 10:15:58 --> Session: Class initialized using 'CodeIgniter\Session\Handlers\FileHandler' driver.
INFO - 2024-06-18 10:17:16 --> Session: Class initialized using 'CodeIgniter\Session\Handlers\FileHandler' driver.
INFO - 2024-06-18 10:17:29 --> Session: Class initialized using 'CodeIgniter\Session\Handlers\FileHandler' driver.
INFO - 2024-06-18 10:20:44 --> Session: Class initialized using 'CodeIgniter\Session\Handlers\FileHandler' driver.
INFO - 2024-06-18 10:21:18 --> Session: Class initialized using 'CodeIgniter\Session\Handlers\FileHandler' driver.
INFO - 2024-06-18 10:22:54 --> Session: Class initialized using 'CodeIgniter\Session\Handlers\FileHandler' driver.
INFO - 2024-06-18 10:24:08 --> Session: Class initialized using 'CodeIgniter\Session\Handlers\FileHandler' driver.
INFO - 2024-06-18 10:24:31 --> Session: Class initialized using 'CodeIgniter\Session\Handlers\FileHandler' driver.
INFO - 2024-06-18 10:26:39 --> Session: Class initialized using 'CodeIgniter\Session\Handlers\FileHandler' driver.
INFO - 2024-06-18 10:29:03 --> Session: Class initialized using 'CodeIgniter\Session\Handlers\FileHandler' driver.
INFO - 2024-06-18 10:29:33 --> Session: Class initialized using 'CodeIgniter\Session\Handlers\FileHandler' driver.
INFO - 2024-06-18 10:30:07 --> Session: Class initialized using 'CodeIgniter\Session\Handlers\FileHandler' driver.
INFO - 2024-06-18 10:30:49 --> Session: Class initialized using 'CodeIgniter\Session\Handlers\FileHandler' driver.
INFO - 2024-06-18 10:31:02 --> Session: Class initialized using 'CodeIgniter\Session\Handlers\FileHandler' driver.
INFO - 2024-06-18 10:31:54 --> Session: Class initialized using 'CodeIgniter\Session\Handlers\FileHandler' driver.
INFO - 2024-06-18 10:32:05 --> Session: Class initialized using 'CodeIgniter\Session\Handlers\FileHandler' driver.
INFO - 2024-06-18 10:35:09 --> Session: Class initialized using 'CodeIgniter\Session\Handlers\FileHandler' driver.
INFO - 2024-06-18 10:35:13 --> Session: Class initialized using 'CodeIgniter\Session\Handlers\FileHandler' driver.
INFO - 2024-06-18 10:36:09 --> Session: Class initialized using 'CodeIgniter\Session\Handlers\FileHandler' driver.
INFO - 2024-06-18 10:36:19 --> Session: Class initialized using 'CodeIgniter\Session\Handlers\FileHandler' driver.
INFO - 2024-06-18 10:36:21 --> Session: Class initialized using 'CodeIgniter\Session\Handlers\FileHandler' driver.
INFO - 2024-06-18 10:38:08 --> Session: Class initialized using 'CodeIgniter\Session\Handlers\FileHandler' driver.
INFO - 2024-06-18 10:38:10 --> Session: Class initialized using 'CodeIgniter\Session\Handlers\FileHandler' driver.
INFO - 2024-06-18 10:38:20 --> Session: Class initialized using 'CodeIgniter\Session\Handlers\FileHandler' driver.
INFO - 2024-06-18 10:38:39 --> Session: Class initialized using 'CodeIgniter\Session\Handlers\FileHandler' driver.
CRITICAL - 2024-06-18 10:38:39 --> Invalid file: "pages/payment.php"
in SYSTEMPATH\Exceptions\FrameworkException.php on line 33.
 1 SYSTEMPATH\View\View.php(212): CodeIgniter\Exceptions\FrameworkException::forInvalidFile('pages/payment.php')
 2 SYSTEMPATH\Common.php(1180): CodeIgniter\View\View->render('pages/payment', [], true)
 3 APPPATH\Controllers\Home.php(88): view('pages/payment')
 4 SYSTEMPATH\CodeIgniter.php(932): Core\Controllers\Home->payment()
 5 SYSTEMPATH\CodeIgniter.php(497): CodeIgniter\CodeIgniter->runController(Object(Core\Controllers\Home))
 6 SYSTEMPATH\CodeIgniter.php(366): CodeIgniter\CodeIgniter->handleRequest(null, Object(Config\Cache), false)
 7 FCPATH\index.php(101): CodeIgniter\CodeIgniter->run()
INFO - 2024-06-18 10:38:50 --> Session: Class initialized using 'CodeIgniter\Session\Handlers\FileHandler' driver.
INFO - 2024-06-18 10:38:53 --> Session: Class initialized using 'CodeIgniter\Session\Handlers\FileHandler' driver.
INFO - 2024-06-18 10:38:56 --> Session: Class initialized using 'CodeIgniter\Session\Handlers\FileHandler' driver.
CRITICAL - 2024-06-18 10:38:56 --> Invalid file: "pages/payment.php"
in SYSTEMPATH\Exceptions\FrameworkException.php on line 33.
 1 SYSTEMPATH\View\View.php(212): CodeIgniter\Exceptions\FrameworkException::forInvalidFile('pages/payment.php')
 2 SYSTEMPATH\Common.php(1180): CodeIgniter\View\View->render('pages/payment', [], true)
 3 APPPATH\Controllers\Home.php(88): view('pages/payment')
 4 SYSTEMPATH\CodeIgniter.php(932): Core\Controllers\Home->payment()
 5 SYSTEMPATH\CodeIgniter.php(497): CodeIgniter\CodeIgniter->runController(Object(Core\Controllers\Home))
 6 SYSTEMPATH\CodeIgniter.php(366): CodeIgniter\CodeIgniter->handleRequest(null, Object(Config\Cache), false)
 7 FCPATH\index.php(101): CodeIgniter\CodeIgniter->run()
INFO - 2024-06-18 10:40:13 --> Session: Class initialized using 'CodeIgniter\Session\Handlers\FileHandler' driver.
INFO - 2024-06-18 10:40:23 --> Session: Class initialized using 'CodeIgniter\Session\Handlers\FileHandler' driver.
CRITICAL - 2024-06-18 10:40:23 --> Class "App\Infrastructure\Persistence\Events\SQLEvent_locationRepository" not found
in APPPATH\Libraries\EmailConetentGenerator.php on line 24.
 1 APPPATH\Controllers\EmailController.php(21): Core\Libraries\EmailConetentGenerator->__construct()
 2 SYSTEMPATH\CodeIgniter.php(904): Core\Controllers\EmailController->__construct()
 3 SYSTEMPATH\CodeIgniter.php(488): CodeIgniter\CodeIgniter->createController()
 4 SYSTEMPATH\CodeIgniter.php(366): CodeIgniter\CodeIgniter->handleRequest(null, Object(Config\Cache), false)
 5 FCPATH\index.php(101): CodeIgniter\CodeIgniter->run()
INFO - 2024-06-18 10:43:57 --> Session: Class initialized using 'CodeIgniter\Session\Handlers\FileHandler' driver.
INFO - 2024-06-18 10:44:31 --> Session: Class initialized using 'CodeIgniter\Session\Handlers\FileHandler' driver.
INFO - 2024-06-18 10:44:41 --> Session: Class initialized using 'CodeIgniter\Session\Handlers\FileHandler' driver.
INFO - 2024-06-18 10:44:54 --> Session: Class initialized using 'CodeIgniter\Session\Handlers\FileHandler' driver.
INFO - 2024-06-18 10:45:36 --> Session: Class initialized using 'CodeIgniter\Session\Handlers\FileHandler' driver.
INFO - 2024-06-18 10:46:10 --> Session: Class initialized using 'CodeIgniter\Session\Handlers\FileHandler' driver.
INFO - 2024-06-18 10:48:29 --> Session: Class initialized using 'CodeIgniter\Session\Handlers\FileHandler' driver.
INFO - 2024-06-18 10:48:43 --> Session: Class initialized using 'CodeIgniter\Session\Handlers\FileHandler' driver.
INFO - 2024-06-18 10:49:40 --> Session: Class initialized using 'CodeIgniter\Session\Handlers\FileHandler' driver.
INFO - 2024-06-18 10:49:52 --> Session: Class initialized using 'CodeIgniter\Session\Handlers\FileHandler' driver.
INFO - 2024-06-18 10:50:24 --> Session: Class initialized using 'CodeIgniter\Session\Handlers\FileHandler' driver.
INFO - 2024-06-18 10:50:36 --> Session: Class initialized using 'CodeIgniter\Session\Handlers\FileHandler' driver.
INFO - 2024-06-18 10:52:42 --> Session: Class initialized using 'CodeIgniter\Session\Handlers\FileHandler' driver.
INFO - 2024-06-18 10:54:28 --> Session: Class initialized using 'CodeIgniter\Session\Handlers\FileHandler' driver.
INFO - 2024-06-18 10:55:01 --> Session: Class initialized using 'CodeIgniter\Session\Handlers\FileHandler' driver.
INFO - 2024-06-18 10:55:53 --> Session: Class initialized using 'CodeIgniter\Session\Handlers\FileHandler' driver.
INFO - 2024-06-18 10:56:12 --> Session: Class initialized using 'CodeIgniter\Session\Handlers\FileHandler' driver.
INFO - 2024-06-18 10:57:01 --> Session: Class initialized using 'CodeIgniter\Session\Handlers\FileHandler' driver.
INFO - 2024-06-18 10:57:03 --> Session: Class initialized using 'CodeIgniter\Session\Handlers\FileHandler' driver.
INFO - 2024-06-18 10:57:28 --> Session: Class initialized using 'CodeIgniter\Session\Handlers\FileHandler' driver.
INFO - 2024-06-18 10:57:44 --> Session: Class initialized using 'CodeIgniter\Session\Handlers\FileHandler' driver.
INFO - 2024-06-18 10:58:19 --> Session: Class initialized using 'CodeIgniter\Session\Handlers\FileHandler' driver.
INFO - 2024-06-18 10:58:24 --> Session: Class initialized using 'CodeIgniter\Session\Handlers\FileHandler' driver.
INFO - 2024-06-18 10:59:00 --> Session: Class initialized using 'CodeIgniter\Session\Handlers\FileHandler' driver.
INFO - 2024-06-18 11:03:22 --> Session: Class initialized using 'CodeIgniter\Session\Handlers\FileHandler' driver.
INFO - 2024-06-18 11:04:24 --> Session: Class initialized using 'CodeIgniter\Session\Handlers\FileHandler' driver.
INFO - 2024-06-18 11:05:34 --> Session: Class initialized using 'CodeIgniter\Session\Handlers\FileHandler' driver.
INFO - 2024-06-18 11:06:13 --> Session: Class initialized using 'CodeIgniter\Session\Handlers\FileHandler' driver.
INFO - 2024-06-18 11:06:34 --> Session: Class initialized using 'CodeIgniter\Session\Handlers\FileHandler' driver.
INFO - 2024-06-18 11:07:39 --> Session: Class initialized using 'CodeIgniter\Session\Handlers\FileHandler' driver.
INFO - 2024-06-18 11:07:59 --> Session: Class initialized using 'CodeIgniter\Session\Handlers\FileHandler' driver.
INFO - 2024-06-18 11:08:23 --> Session: Class initialized using 'CodeIgniter\Session\Handlers\FileHandler' driver.
INFO - 2024-06-18 11:10:53 --> Session: Class initialized using 'CodeIgniter\Session\Handlers\FileHandler' driver.
INFO - 2024-06-18 11:11:26 --> Session: Class initialized using 'CodeIgniter\Session\Handlers\FileHandler' driver.
INFO - 2024-06-18 11:12:02 --> Session: Class initialized using 'CodeIgniter\Session\Handlers\FileHandler' driver.
INFO - 2024-06-18 11:12:57 --> Session: Class initialized using 'CodeIgniter\Session\Handlers\FileHandler' driver.
INFO - 2024-06-18 11:13:06 --> Session: Class initialized using 'CodeIgniter\Session\Handlers\FileHandler' driver.
INFO - 2024-06-18 11:13:35 --> Session: Class initialized using 'CodeIgniter\Session\Handlers\FileHandler' driver.
INFO - 2024-06-18 11:13:43 --> Session: Class initialized using 'CodeIgniter\Session\Handlers\FileHandler' driver.
INFO - 2024-06-18 11:13:57 --> Session: Class initialized using 'CodeIgniter\Session\Handlers\FileHandler' driver.
INFO - 2024-06-18 11:16:46 --> Session: Class initialized using 'CodeIgniter\Session\Handlers\FileHandler' driver.
INFO - 2024-06-18 11:19:42 --> Session: Class initialized using 'CodeIgniter\Session\Handlers\FileHandler' driver.
INFO - 2024-06-18 11:20:40 --> Session: Class initialized using 'CodeIgniter\Session\Handlers\FileHandler' driver.
INFO - 2024-06-18 11:21:25 --> Session: Class initialized using 'CodeIgniter\Session\Handlers\FileHandler' driver.
INFO - 2024-06-18 11:21:53 --> Session: Class initialized using 'CodeIgniter\Session\Handlers\FileHandler' driver.
INFO - 2024-06-18 11:22:14 --> Session: Class initialized using 'CodeIgniter\Session\Handlers\FileHandler' driver.
INFO - 2024-06-18 11:23:15 --> Session: Class initialized using 'CodeIgniter\Session\Handlers\FileHandler' driver.
INFO - 2024-06-18 11:26:59 --> Session: Class initialized using 'CodeIgniter\Session\Handlers\FileHandler' driver.
INFO - 2024-06-18 11:29:56 --> Session: Class initialized using 'CodeIgniter\Session\Handlers\FileHandler' driver.
INFO - 2024-06-18 11:30:30 --> Session: Class initialized using 'CodeIgniter\Session\Handlers\FileHandler' driver.
INFO - 2024-06-18 11:30:36 --> Session: Class initialized using 'CodeIgniter\Session\Handlers\FileHandler' driver.
INFO - 2024-06-18 11:33:11 --> Session: Class initialized using 'CodeIgniter\Session\Handlers\FileHandler' driver.
INFO - 2024-06-18 11:33:37 --> Session: Class initialized using 'CodeIgniter\Session\Handlers\FileHandler' driver.
INFO - 2024-06-18 11:35:19 --> Session: Class initialized using 'CodeIgniter\Session\Handlers\FileHandler' driver.
INFO - 2024-06-18 11:36:32 --> Session: Class initialized using 'CodeIgniter\Session\Handlers\FileHandler' driver.
INFO - 2024-06-18 11:37:12 --> Session: Class initialized using 'CodeIgniter\Session\Handlers\FileHandler' driver.
INFO - 2024-06-18 11:38:06 --> Session: Class initialized using 'CodeIgniter\Session\Handlers\FileHandler' driver.
INFO - 2024-06-18 11:38:44 --> Session: Class initialized using 'CodeIgniter\Session\Handlers\FileHandler' driver.
INFO - 2024-06-18 11:39:23 --> Session: Class initialized using 'CodeIgniter\Session\Handlers\FileHandler' driver.
INFO - 2024-06-18 11:39:33 --> Session: Class initialized using 'CodeIgniter\Session\Handlers\FileHandler' driver.
INFO - 2024-06-18 11:41:58 --> Session: Class initialized using 'CodeIgniter\Session\Handlers\FileHandler' driver.
INFO - 2024-06-18 11:44:26 --> Session: Class initialized using 'CodeIgniter\Session\Handlers\FileHandler' driver.
INFO - 2024-06-18 11:45:07 --> Session: Class initialized using 'CodeIgniter\Session\Handlers\FileHandler' driver.
INFO - 2024-06-18 11:45:55 --> Session: Class initialized using 'CodeIgniter\Session\Handlers\FileHandler' driver.
INFO - 2024-06-18 11:46:33 --> Session: Class initialized using 'CodeIgniter\Session\Handlers\FileHandler' driver.
INFO - 2024-06-18 11:48:23 --> Session: Class initialized using 'CodeIgniter\Session\Handlers\FileHandler' driver.
INFO - 2024-06-18 11:48:37 --> Session: Class initialized using 'CodeIgniter\Session\Handlers\FileHandler' driver.
INFO - 2024-06-18 11:49:07 --> Session: Class initialized using 'CodeIgniter\Session\Handlers\FileHandler' driver.
INFO - 2024-06-18 11:49:18 --> Session: Class initialized using 'CodeIgniter\Session\Handlers\FileHandler' driver.
INFO - 2024-06-18 11:50:22 --> Session: Class initialized using 'CodeIgniter\Session\Handlers\FileHandler' driver.
INFO - 2024-06-18 11:50:27 --> Session: Class initialized using 'CodeIgniter\Session\Handlers\FileHandler' driver.
INFO - 2024-06-18 11:51:45 --> Session: Class initialized using 'CodeIgniter\Session\Handlers\FileHandler' driver.
INFO - 2024-06-18 11:52:52 --> Session: Class initialized using 'CodeIgniter\Session\Handlers\FileHandler' driver.
INFO - 2024-06-18 12:06:56 --> Session: Class initialized using 'CodeIgniter\Session\Handlers\FileHandler' driver.
INFO - 2024-06-18 12:08:47 --> Session: Class initialized using 'CodeIgniter\Session\Handlers\FileHandler' driver.
INFO - 2024-06-18 12:10:48 --> Session: Class initialized using 'CodeIgniter\Session\Handlers\FileHandler' driver.
INFO - 2024-06-18 12:10:55 --> Session: Class initialized using 'CodeIgniter\Session\Handlers\FileHandler' driver.
INFO - 2024-06-18 12:11:43 --> Session: Class initialized using 'CodeIgniter\Session\Handlers\FileHandler' driver.
INFO - 2024-06-18 12:13:16 --> Session: Class initialized using 'CodeIgniter\Session\Handlers\FileHandler' driver.
INFO - 2024-06-18 12:13:49 --> Session: Class initialized using 'CodeIgniter\Session\Handlers\FileHandler' driver.
INFO - 2024-06-18 12:15:24 --> Session: Class initialized using 'CodeIgniter\Session\Handlers\FileHandler' driver.
INFO - 2024-06-18 12:17:59 --> Session: Class initialized using 'CodeIgniter\Session\Handlers\FileHandler' driver.
INFO - 2024-06-18 12:17:59 --> Session: Class initialized using 'CodeIgniter\Session\Handlers\FileHandler' driver.
INFO - 2024-06-18 12:19:05 --> Session: Class initialized using 'CodeIgniter\Session\Handlers\FileHandler' driver.
INFO - 2024-06-18 12:19:14 --> Session: Class initialized using 'CodeIgniter\Session\Handlers\FileHandler' driver.
INFO - 2024-06-18 12:19:27 --> Session: Class initialized using 'CodeIgniter\Session\Handlers\FileHandler' driver.
INFO - 2024-06-18 12:19:34 --> Session: Class initialized using 'CodeIgniter\Session\Handlers\FileHandler' driver.
INFO - 2024-06-18 12:20:25 --> Session: Class initialized using 'CodeIgniter\Session\Handlers\FileHandler' driver.
INFO - 2024-06-18 12:21:11 --> Session: Class initialized using 'CodeIgniter\Session\Handlers\FileHandler' driver.
INFO - 2024-06-18 12:21:23 --> Session: Class initialized using 'CodeIgniter\Session\Handlers\FileHandler' driver.
INFO - 2024-06-18 12:22:47 --> Session: Class initialized using 'CodeIgniter\Session\Handlers\FileHandler' driver.
INFO - 2024-06-18 12:23:16 --> Session: Class initialized using 'CodeIgniter\Session\Handlers\FileHandler' driver.
INFO - 2024-06-18 12:24:54 --> Session: Class initialized using 'CodeIgniter\Session\Handlers\FileHandler' driver.
INFO - 2024-06-18 12:28:20 --> Session: Class initialized using 'CodeIgniter\Session\Handlers\FileHandler' driver.
INFO - 2024-06-18 12:28:47 --> Session: Class initialized using 'CodeIgniter\Session\Handlers\FileHandler' driver.
INFO - 2024-06-18 12:30:07 --> Session: Class initialized using 'CodeIgniter\Session\Handlers\FileHandler' driver.
INFO - 2024-06-18 12:30:10 --> Session: Class initialized using 'CodeIgniter\Session\Handlers\FileHandler' driver.
INFO - 2024-06-18 12:30:13 --> Session: Class initialized using 'CodeIgniter\Session\Handlers\FileHandler' driver.
INFO - 2024-06-18 12:30:22 --> Session: Class initialized using 'CodeIgniter\Session\Handlers\FileHandler' driver.
INFO - 2024-06-18 12:34:40 --> Session: Class initialized using 'CodeIgniter\Session\Handlers\FileHandler' driver.
INFO - 2024-06-18 12:36:43 --> Session: Class initialized using 'CodeIgniter\Session\Handlers\FileHandler' driver.
INFO - 2024-06-18 12:39:54 --> Session: Class initialized using 'CodeIgniter\Session\Handlers\FileHandler' driver.
INFO - 2024-06-18 12:40:58 --> Session: Class initialized using 'CodeIgniter\Session\Handlers\FileHandler' driver.
INFO - 2024-06-18 13:05:37 --> Session: Class initialized using 'CodeIgniter\Session\Handlers\FileHandler' driver.
INFO - 2024-06-18 13:07:15 --> Session: Class initialized using 'CodeIgniter\Session\Handlers\FileHandler' driver.
INFO - 2024-06-18 13:10:28 --> Session: Class initialized using 'CodeIgniter\Session\Handlers\FileHandler' driver.
