INFO - 2024-06-04 05:10:29 --> Session: Class initialized using 'CodeIgniter\Session\Handlers\FileHandler' driver.
INFO - 2024-06-04 05:10:39 --> Session: Class initialized using 'CodeIgniter\Session\Handlers\FileHandler' driver.
INFO - 2024-06-04 05:10:50 --> Session: Class initialized using 'CodeIgniter\Session\Handlers\FileHandler' driver.
INFO - 2024-06-04 05:10:59 --> Session: Class initialized using 'CodeIgniter\Session\Handlers\FileHandler' driver.
INFO - 2024-06-04 05:11:08 --> Session: Class initialized using 'CodeIgniter\Session\Handlers\FileHandler' driver.
INFO - 2024-06-04 05:11:20 --> Session: Class initialized using 'CodeIgniter\Session\Handlers\FileHandler' driver.
INFO - 2024-06-04 05:11:30 --> Session: Class initialized using 'CodeIgniter\Session\Handlers\FileHandler' driver.
INFO - 2024-06-04 05:12:31 --> Session: Class initialized using 'CodeIgniter\Session\Handlers\FileHandler' driver.
INFO - 2024-06-04 05:17:18 --> Session: Class initialized using 'CodeIgniter\Session\Handlers\FileHandler' driver.
INFO - 2024-06-04 05:17:28 --> Session: Class initialized using 'CodeIgniter\Session\Handlers\FileHandler' driver.
INFO - 2024-06-04 05:19:48 --> Session: Class initialized using 'CodeIgniter\Session\Handlers\FileHandler' driver.
INFO - 2024-06-04 05:19:52 --> Session: Class initialized using 'CodeIgniter\Session\Handlers\FileHandler' driver.
INFO - 2024-06-04 05:21:07 --> Session: Class initialized using 'CodeIgniter\Session\Handlers\FileHandler' driver.
INFO - 2024-06-04 05:21:10 --> Session: Class initialized using 'CodeIgniter\Session\Handlers\FileHandler' driver.
INFO - 2024-06-04 06:01:21 --> Session: Class initialized using 'CodeIgniter\Session\Handlers\FileHandler' driver.
INFO - 2024-06-04 06:01:37 --> Session: Class initialized using 'CodeIgniter\Session\Handlers\FileHandler' driver.
INFO - 2024-06-04 07:02:47 --> Session: Class initialized using 'CodeIgniter\Session\Handlers\FileHandler' driver.
CRITICAL - 2024-06-04 07:02:47 --> There is no data to update.
in SYSTEMPATH\BaseModel.php on line 924.
 1 SYSTEMPATH\BaseModel.php(924): CodeIgniter\Database\Exceptions\DataException::forEmptyDataset('update')
 2 SYSTEMPATH\Model.php(756): CodeIgniter\BaseModel->update([...], [])
 3 APPPATH\Infrastructure\Persistence\DMLPersistence.php(77): CodeIgniter\Model->update([...])
 4 APPPATH\Controllers\Events\EventsController.php(94): App\Infrastructure\Persistence\Events\SQLEventRepository->updateById([...], [...])
 5 SYSTEMPATH\CodeIgniter.php(932): Core\Controllers\Events\EventsController->delete('14')
 6 SYSTEMPATH\CodeIgniter.php(497): CodeIgniter\CodeIgniter->runController(Object(Core\Controllers\Events\EventsController))
 7 SYSTEMPATH\CodeIgniter.php(366): CodeIgniter\CodeIgniter->handleRequest(null, Object(Config\Cache), false)
 8 FCPATH\index.php(101): CodeIgniter\CodeIgniter->run()
INFO - 2024-06-04 07:07:35 --> Session: Class initialized using 'CodeIgniter\Session\Handlers\FileHandler' driver.
CRITICAL - 2024-06-04 07:07:35 --> There is no data to update.
in SYSTEMPATH\BaseModel.php on line 924.
 1 SYSTEMPATH\BaseModel.php(924): CodeIgniter\Database\Exceptions\DataException::forEmptyDataset('update')
 2 SYSTEMPATH\Model.php(756): CodeIgniter\BaseModel->update([...], [])
 3 APPPATH\Infrastructure\Persistence\DMLPersistence.php(77): CodeIgniter\Model->update([...])
 4 APPPATH\Controllers\Events\EventsController.php(93): App\Infrastructure\Persistence\Events\SQLEventRepository->updateById([...], [...])
 5 SYSTEMPATH\CodeIgniter.php(932): Core\Controllers\Events\EventsController->delete('14')
 6 SYSTEMPATH\CodeIgniter.php(497): CodeIgniter\CodeIgniter->runController(Object(Core\Controllers\Events\EventsController))
 7 SYSTEMPATH\CodeIgniter.php(366): CodeIgniter\CodeIgniter->handleRequest(null, Object(Config\Cache), false)
 8 FCPATH\index.php(101): CodeIgniter\CodeIgniter->run()
INFO - 2024-06-04 07:09:11 --> Session: Class initialized using 'CodeIgniter\Session\Handlers\FileHandler' driver.
CRITICAL - 2024-06-04 07:09:12 --> There is no data to update.
in SYSTEMPATH\BaseModel.php on line 924.
 1 SYSTEMPATH\BaseModel.php(924): CodeIgniter\Database\Exceptions\DataException::forEmptyDataset('update')
 2 SYSTEMPATH\Model.php(756): CodeIgniter\BaseModel->update([...], [])
 3 APPPATH\Infrastructure\Persistence\DMLPersistence.php(77): CodeIgniter\Model->update([...])
 4 APPPATH\Controllers\Events\EventsController.php(93): App\Infrastructure\Persistence\Events\SQLEventRepository->updateById([...], [...])
 5 SYSTEMPATH\CodeIgniter.php(932): Core\Controllers\Events\EventsController->delete('14')
 6 SYSTEMPATH\CodeIgniter.php(497): CodeIgniter\CodeIgniter->runController(Object(Core\Controllers\Events\EventsController))
 7 SYSTEMPATH\CodeIgniter.php(366): CodeIgniter\CodeIgniter->handleRequest(null, Object(Config\Cache), false)
 8 FCPATH\index.php(101): CodeIgniter\CodeIgniter->run()
INFO - 2024-06-04 07:09:43 --> Session: Class initialized using 'CodeIgniter\Session\Handlers\FileHandler' driver.
CRITICAL - 2024-06-04 07:09:43 --> There is no data to update.
in SYSTEMPATH\BaseModel.php on line 924.
 1 SYSTEMPATH\BaseModel.php(924): CodeIgniter\Database\Exceptions\DataException::forEmptyDataset('update')
 2 SYSTEMPATH\Model.php(756): CodeIgniter\BaseModel->update([...], [])
 3 APPPATH\Infrastructure\Persistence\DMLPersistence.php(77): CodeIgniter\Model->update([...])
 4 APPPATH\Controllers\Events\EventsController.php(93): App\Infrastructure\Persistence\Events\SQLEventRepository->updateById([...], [...])
 5 SYSTEMPATH\CodeIgniter.php(932): Core\Controllers\Events\EventsController->delete('14')
 6 SYSTEMPATH\CodeIgniter.php(497): CodeIgniter\CodeIgniter->runController(Object(Core\Controllers\Events\EventsController))
 7 SYSTEMPATH\CodeIgniter.php(366): CodeIgniter\CodeIgniter->handleRequest(null, Object(Config\Cache), false)
 8 FCPATH\index.php(101): CodeIgniter\CodeIgniter->run()
INFO - 2024-06-04 07:12:24 --> Session: Class initialized using 'CodeIgniter\Session\Handlers\FileHandler' driver.
INFO - 2024-06-04 07:12:32 --> Session: Class initialized using 'CodeIgniter\Session\Handlers\FileHandler' driver.
INFO - 2024-06-04 07:13:46 --> Session: Class initialized using 'CodeIgniter\Session\Handlers\FileHandler' driver.
INFO - 2024-06-04 07:14:02 --> Session: Class initialized using 'CodeIgniter\Session\Handlers\FileHandler' driver.
INFO - 2024-06-04 07:15:20 --> Session: Class initialized using 'CodeIgniter\Session\Handlers\FileHandler' driver.
INFO - 2024-06-04 07:33:52 --> Session: Class initialized using 'CodeIgniter\Session\Handlers\FileHandler' driver.
INFO - 2024-06-04 07:35:06 --> Session: Class initialized using 'CodeIgniter\Session\Handlers\FileHandler' driver.
CRITICAL - 2024-06-04 07:35:06 --> Too few arguments to function Core\Controllers\Events\EventsController::delete(), 0 passed in C:\xampp\htdocs\iaoi\iaoi_full\backend\system\CodeIgniter.php on line 932 and exactly 1 expected
in APPPATH\Controllers\Events\EventsController.php on line 87.
 1 SYSTEMPATH\CodeIgniter.php(932): Core\Controllers\Events\EventsController->delete()
 2 SYSTEMPATH\CodeIgniter.php(497): CodeIgniter\CodeIgniter->runController(Object(Core\Controllers\Events\EventsController))
 3 SYSTEMPATH\CodeIgniter.php(366): CodeIgniter\CodeIgniter->handleRequest(null, Object(Config\Cache), false)
 4 FCPATH\index.php(101): CodeIgniter\CodeIgniter->run()
CRITICAL - 2024-06-04 07:36:03 --> syntax error, unexpected token ")"
in APPPATH\Controllers\Events\EventsController.php on line 94.
 1 SYSTEMPATH\Autoloader\Autoloader.php(289): CodeIgniter\Autoloader\Autoloader->includeFile('C:\\xampp\\htdocs\\iaoi\\iaoi_full\\backend\\app\\Controllers\\Events\\EventsController.php')
 2 SYSTEMPATH\Autoloader\Autoloader.php(267): CodeIgniter\Autoloader\Autoloader->loadInNamespace('Core\\Controllers\\Events\\EventsController')
 3 [internal function]: CodeIgniter\Autoloader\Autoloader->loadClass('Core\\Controllers\\Events\\EventsController')
 4 SYSTEMPATH\CodeIgniter.php(890): class_exists('\\Core\\Controllers\\Events\\EventsController', true)
 5 SYSTEMPATH\CodeIgniter.php(484): CodeIgniter\CodeIgniter->startController()
 6 SYSTEMPATH\CodeIgniter.php(366): CodeIgniter\CodeIgniter->handleRequest(null, Object(Config\Cache), false)
 7 FCPATH\index.php(101): CodeIgniter\CodeIgniter->run()
INFO - 2024-06-04 07:36:27 --> Session: Class initialized using 'CodeIgniter\Session\Handlers\FileHandler' driver.
CRITICAL - 2024-06-04 07:36:27 --> Too few arguments to function Core\Controllers\Events\EventsController::delete(), 0 passed in C:\xampp\htdocs\iaoi\iaoi_full\backend\system\CodeIgniter.php on line 932 and exactly 1 expected
in APPPATH\Controllers\Events\EventsController.php on line 87.
 1 SYSTEMPATH\CodeIgniter.php(932): Core\Controllers\Events\EventsController->delete()
 2 SYSTEMPATH\CodeIgniter.php(497): CodeIgniter\CodeIgniter->runController(Object(Core\Controllers\Events\EventsController))
 3 SYSTEMPATH\CodeIgniter.php(366): CodeIgniter\CodeIgniter->handleRequest(null, Object(Config\Cache), false)
 4 FCPATH\index.php(101): CodeIgniter\CodeIgniter->run()
INFO - 2024-06-04 07:37:43 --> Session: Class initialized using 'CodeIgniter\Session\Handlers\FileHandler' driver.
CRITICAL - 2024-06-04 07:37:43 --> Too few arguments to function Core\Controllers\Events\EventsController::delete(), 0 passed in C:\xampp\htdocs\iaoi\iaoi_full\backend\system\CodeIgniter.php on line 932 and exactly 1 expected
in APPPATH\Controllers\Events\EventsController.php on line 87.
 1 SYSTEMPATH\CodeIgniter.php(932): Core\Controllers\Events\EventsController->delete()
 2 SYSTEMPATH\CodeIgniter.php(497): CodeIgniter\CodeIgniter->runController(Object(Core\Controllers\Events\EventsController))
 3 SYSTEMPATH\CodeIgniter.php(366): CodeIgniter\CodeIgniter->handleRequest(null, Object(Config\Cache), false)
 4 FCPATH\index.php(101): CodeIgniter\CodeIgniter->run()
INFO - 2024-06-04 07:38:12 --> Session: Class initialized using 'CodeIgniter\Session\Handlers\FileHandler' driver.
CRITICAL - 2024-06-04 07:38:12 --> Too few arguments to function Core\Controllers\Events\EventsController::delete(), 0 passed in C:\xampp\htdocs\iaoi\iaoi_full\backend\system\CodeIgniter.php on line 932 and exactly 1 expected
in APPPATH\Controllers\Events\EventsController.php on line 87.
 1 SYSTEMPATH\CodeIgniter.php(932): Core\Controllers\Events\EventsController->delete()
 2 SYSTEMPATH\CodeIgniter.php(497): CodeIgniter\CodeIgniter->runController(Object(Core\Controllers\Events\EventsController))
 3 SYSTEMPATH\CodeIgniter.php(366): CodeIgniter\CodeIgniter->handleRequest(null, Object(Config\Cache), false)
 4 FCPATH\index.php(101): CodeIgniter\CodeIgniter->run()
INFO - 2024-06-04 07:38:29 --> Session: Class initialized using 'CodeIgniter\Session\Handlers\FileHandler' driver.
CRITICAL - 2024-06-04 07:38:29 --> Too few arguments to function Core\Controllers\Events\EventsController::delete(), 0 passed in C:\xampp\htdocs\iaoi\iaoi_full\backend\system\CodeIgniter.php on line 932 and exactly 1 expected
in APPPATH\Controllers\DMLController.php on line 51.
 1 SYSTEMPATH\CodeIgniter.php(932): Core\Controllers\Events\EventsController->delete()
 2 SYSTEMPATH\CodeIgniter.php(497): CodeIgniter\CodeIgniter->runController(Object(Core\Controllers\Events\EventsController))
 3 SYSTEMPATH\CodeIgniter.php(366): CodeIgniter\CodeIgniter->handleRequest(null, Object(Config\Cache), false)
 4 FCPATH\index.php(101): CodeIgniter\CodeIgniter->run()
INFO - 2024-06-04 07:39:40 --> Session: Class initialized using 'CodeIgniter\Session\Handlers\FileHandler' driver.
INFO - 2024-06-04 07:39:48 --> Session: Class initialized using 'CodeIgniter\Session\Handlers\FileHandler' driver.
CRITICAL - 2024-06-04 07:39:49 --> There is no data to update.
in SYSTEMPATH\BaseModel.php on line 924.
 1 SYSTEMPATH\BaseModel.php(924): CodeIgniter\Database\Exceptions\DataException::forEmptyDataset('update')
 2 SYSTEMPATH\Model.php(756): CodeIgniter\BaseModel->update([...], [])
 3 APPPATH\Infrastructure\Persistence\DMLPersistence.php(77): CodeIgniter\Model->update([...])
 4 APPPATH\Controllers\Events\EventsController.php(93): App\Infrastructure\Persistence\Events\SQLEventRepository->updateById([...], [...])
 5 SYSTEMPATH\CodeIgniter.php(932): Core\Controllers\Events\EventsController->update('14')
 6 SYSTEMPATH\CodeIgniter.php(497): CodeIgniter\CodeIgniter->runController(Object(Core\Controllers\Events\EventsController))
 7 SYSTEMPATH\CodeIgniter.php(366): CodeIgniter\CodeIgniter->handleRequest(null, Object(Config\Cache), false)
 8 FCPATH\index.php(101): CodeIgniter\CodeIgniter->run()
INFO - 2024-06-04 07:47:46 --> Session: Class initialized using 'CodeIgniter\Session\Handlers\FileHandler' driver.
INFO - 2024-06-04 09:22:13 --> Session: Class initialized using 'CodeIgniter\Session\Handlers\FileHandler' driver.
INFO - 2024-06-04 09:24:39 --> Session: Class initialized using 'CodeIgniter\Session\Handlers\FileHandler' driver.
INFO - 2024-06-04 09:24:47 --> Session: Class initialized using 'CodeIgniter\Session\Handlers\FileHandler' driver.
INFO - 2024-06-04 09:25:17 --> Session: Class initialized using 'CodeIgniter\Session\Handlers\FileHandler' driver.
INFO - 2024-06-04 09:25:27 --> Session: Class initialized using 'CodeIgniter\Session\Handlers\FileHandler' driver.
CRITICAL - 2024-06-04 09:25:27 --> There is no data to update.
in SYSTEMPATH\BaseModel.php on line 924.
 1 SYSTEMPATH\BaseModel.php(924): CodeIgniter\Database\Exceptions\DataException::forEmptyDataset('update')
 2 SYSTEMPATH\Model.php(756): CodeIgniter\BaseModel->update([...], [])
 3 APPPATH\Infrastructure\Persistence\DMLPersistence.php(77): CodeIgniter\Model->update([...])
 4 APPPATH\Controllers\Events\EventsController.php(93): App\Infrastructure\Persistence\Events\SQLEventRepository->updateById([...], [...])
 5 SYSTEMPATH\CodeIgniter.php(932): Core\Controllers\Events\EventsController->update('14')
 6 SYSTEMPATH\CodeIgniter.php(497): CodeIgniter\CodeIgniter->runController(Object(Core\Controllers\Events\EventsController))
 7 SYSTEMPATH\CodeIgniter.php(366): CodeIgniter\CodeIgniter->handleRequest(null, Object(Config\Cache), false)
 8 FCPATH\index.php(101): CodeIgniter\CodeIgniter->run()
INFO - 2024-06-04 09:25:46 --> Session: Class initialized using 'CodeIgniter\Session\Handlers\FileHandler' driver.
CRITICAL - 2024-06-04 09:25:46 --> There is no data to update.
in SYSTEMPATH\BaseModel.php on line 924.
 1 SYSTEMPATH\BaseModel.php(924): CodeIgniter\Database\Exceptions\DataException::forEmptyDataset('update')
 2 SYSTEMPATH\Model.php(756): CodeIgniter\BaseModel->update([...], [])
 3 APPPATH\Infrastructure\Persistence\DMLPersistence.php(77): CodeIgniter\Model->update([...])
 4 APPPATH\Controllers\Events\EventsController.php(93): App\Infrastructure\Persistence\Events\SQLEventRepository->updateById([...], [...])
 5 SYSTEMPATH\CodeIgniter.php(932): Core\Controllers\Events\EventsController->update('14')
 6 SYSTEMPATH\CodeIgniter.php(497): CodeIgniter\CodeIgniter->runController(Object(Core\Controllers\Events\EventsController))
 7 SYSTEMPATH\CodeIgniter.php(366): CodeIgniter\CodeIgniter->handleRequest(null, Object(Config\Cache), false)
 8 FCPATH\index.php(101): CodeIgniter\CodeIgniter->run()
INFO - 2024-06-04 09:41:59 --> Session: Class initialized using 'CodeIgniter\Session\Handlers\FileHandler' driver.
CRITICAL - 2024-06-04 09:41:59 --> There is no data to update.
in SYSTEMPATH\BaseModel.php on line 924.
 1 SYSTEMPATH\BaseModel.php(924): CodeIgniter\Database\Exceptions\DataException::forEmptyDataset('update')
 2 SYSTEMPATH\Model.php(756): CodeIgniter\BaseModel->update([...], [])
 3 APPPATH\Infrastructure\Persistence\DMLPersistence.php(77): CodeIgniter\Model->update([...])
 4 APPPATH\Controllers\Events\EventsController.php(94): App\Infrastructure\Persistence\Events\SQLEventRepository->updateById([...], [...])
 5 SYSTEMPATH\CodeIgniter.php(932): Core\Controllers\Events\EventsController->updatestatus('14')
 6 SYSTEMPATH\CodeIgniter.php(497): CodeIgniter\CodeIgniter->runController(Object(Core\Controllers\Events\EventsController))
 7 SYSTEMPATH\CodeIgniter.php(366): CodeIgniter\CodeIgniter->handleRequest(null, Object(Config\Cache), false)
 8 FCPATH\index.php(101): CodeIgniter\CodeIgniter->run()
INFO - 2024-06-04 09:42:28 --> Session: Class initialized using 'CodeIgniter\Session\Handlers\FileHandler' driver.
CRITICAL - 2024-06-04 09:42:28 --> There is no data to update.
in SYSTEMPATH\BaseModel.php on line 924.
 1 SYSTEMPATH\BaseModel.php(924): CodeIgniter\Database\Exceptions\DataException::forEmptyDataset('update')
 2 SYSTEMPATH\Model.php(756): CodeIgniter\BaseModel->update([...], [])
 3 APPPATH\Infrastructure\Persistence\DMLPersistence.php(77): CodeIgniter\Model->update([...])
 4 APPPATH\Controllers\Events\EventsController.php(94): App\Infrastructure\Persistence\Events\SQLEventRepository->updateById([...], [...])
 5 SYSTEMPATH\CodeIgniter.php(932): Core\Controllers\Events\EventsController->updatestatus('14')
 6 SYSTEMPATH\CodeIgniter.php(497): CodeIgniter\CodeIgniter->runController(Object(Core\Controllers\Events\EventsController))
 7 SYSTEMPATH\CodeIgniter.php(366): CodeIgniter\CodeIgniter->handleRequest(null, Object(Config\Cache), false)
 8 FCPATH\index.php(101): CodeIgniter\CodeIgniter->run()
INFO - 2024-06-04 10:12:59 --> Session: Class initialized using 'CodeIgniter\Session\Handlers\FileHandler' driver.
INFO - 2024-06-04 10:13:49 --> Session: Class initialized using 'CodeIgniter\Session\Handlers\FileHandler' driver.
INFO - 2024-06-04 10:13:54 --> Session: Class initialized using 'CodeIgniter\Session\Handlers\FileHandler' driver.
CRITICAL - 2024-06-04 10:13:54 --> Call to a member function setStatus() on array
in APPPATH\Controllers\Events\EventsController.php on line 94.
 1 SYSTEMPATH\CodeIgniter.php(932): Core\Controllers\Events\EventsController->updateStatus('14')
 2 SYSTEMPATH\CodeIgniter.php(497): CodeIgniter\CodeIgniter->runController(Object(Core\Controllers\Events\EventsController))
 3 SYSTEMPATH\CodeIgniter.php(366): CodeIgniter\CodeIgniter->handleRequest(null, Object(Config\Cache), false)
 4 FCPATH\index.php(101): CodeIgniter\CodeIgniter->run()
INFO - 2024-06-04 10:14:05 --> Session: Class initialized using 'CodeIgniter\Session\Handlers\FileHandler' driver.
INFO - 2024-06-04 10:14:12 --> Session: Class initialized using 'CodeIgniter\Session\Handlers\FileHandler' driver.
INFO - 2024-06-04 10:15:10 --> Session: Class initialized using 'CodeIgniter\Session\Handlers\FileHandler' driver.
INFO - 2024-06-04 10:15:42 --> Session: Class initialized using 'CodeIgniter\Session\Handlers\FileHandler' driver.
INFO - 2024-06-04 10:15:50 --> Session: Class initialized using 'CodeIgniter\Session\Handlers\FileHandler' driver.
INFO - 2024-06-04 10:15:55 --> Session: Class initialized using 'CodeIgniter\Session\Handlers\FileHandler' driver.
INFO - 2024-06-04 10:16:16 --> Session: Class initialized using 'CodeIgniter\Session\Handlers\FileHandler' driver.
INFO - 2024-06-04 10:16:39 --> Session: Class initialized using 'CodeIgniter\Session\Handlers\FileHandler' driver.
INFO - 2024-06-04 11:00:59 --> Session: Class initialized using 'CodeIgniter\Session\Handlers\FileHandler' driver.
INFO - 2024-06-04 11:37:18 --> Session: Class initialized using 'CodeIgniter\Session\Handlers\FileHandler' driver.
CRITICAL - 2024-06-04 11:37:18 --> Too few arguments to function App\Infrastructure\Persistence\Events\SQLEventRepository::findById(), 0 passed in C:\xampp\htdocs\iaoi\iaoi_full\backend\app\Controllers\Events\EventsController.php on line 89 and at least 1 expected
in APPPATH\Infrastructure\Persistence\DMLPersistence.php on line 101.
 1 APPPATH\Controllers\Events\EventsController.php(89): App\Infrastructure\Persistence\Events\SQLEventRepository->findById()
 2 SYSTEMPATH\CodeIgniter.php(932): Core\Controllers\Events\EventsController->UpdateStatus()
 3 SYSTEMPATH\CodeIgniter.php(497): CodeIgniter\CodeIgniter->runController(Object(Core\Controllers\Events\EventsController))
 4 SYSTEMPATH\CodeIgniter.php(366): CodeIgniter\CodeIgniter->handleRequest(null, Object(Config\Cache), false)
 5 FCPATH\index.php(101): CodeIgniter\CodeIgniter->run()
INFO - 2024-06-04 11:39:06 --> Session: Class initialized using 'CodeIgniter\Session\Handlers\FileHandler' driver.
INFO - 2024-06-04 11:39:11 --> Session: Class initialized using 'CodeIgniter\Session\Handlers\FileHandler' driver.
INFO - 2024-06-04 11:39:11 --> Session: Class initialized using 'CodeIgniter\Session\Handlers\FileHandler' driver.
INFO - 2024-06-04 11:39:12 --> Session: Class initialized using 'CodeIgniter\Session\Handlers\FileHandler' driver.
INFO - 2024-06-04 11:39:12 --> Session: Class initialized using 'CodeIgniter\Session\Handlers\FileHandler' driver.
INFO - 2024-06-04 11:39:13 --> Session: Class initialized using 'CodeIgniter\Session\Handlers\FileHandler' driver.
INFO - 2024-06-04 11:39:36 --> Session: Class initialized using 'CodeIgniter\Session\Handlers\FileHandler' driver.
INFO - 2024-06-04 12:04:22 --> Session: Class initialized using 'CodeIgniter\Session\Handlers\FileHandler' driver.
INFO - 2024-06-04 12:34:39 --> Session: Class initialized using 'CodeIgniter\Session\Handlers\FileHandler' driver.
